2025-11-10 22:26:51.965 +01:00 [INF] No migrations were applied. The database is already up to date.
2025-11-10 22:26:52.213 +01:00 [INF] No migrations were applied. The database is already up to date.
2025-11-10 22:26:53.351 +01:00 [INF] User profile is available. Using 'C:\Users\katar\AppData\Local\ASP.NET\DataProtection-Keys' as key repository and Windows DPAPI to encrypt keys at rest.
2025-11-10 22:26:53.537 +01:00 [INF] Now listening on: http://localhost:5090
2025-11-10 22:26:53.546 +01:00 [INF] Application started. Press Ctrl+C to shut down.
2025-11-10 22:26:53.547 +01:00 [INF] Hosting environment: Development
2025-11-10 22:26:53.548 +01:00 [INF] Content root path: C:\ReactEksamen\React-Homecare\api
2025-11-10 22:27:05.883 +01:00 [INF] Request starting HTTP/1.1 OPTIONS http://localhost:5090/api/Auth/login - null null
2025-11-10 22:27:05.971 +01:00 [INF] CORS policy execution successful.
2025-11-10 22:27:05.986 +01:00 [INF] Request finished HTTP/1.1 OPTIONS http://localhost:5090/api/Auth/login - 204 null null 115.7138ms
2025-11-10 22:27:05.992 +01:00 [INF] Request starting HTTP/1.1 POST http://localhost:5090/api/Auth/login - application/json 46
2025-11-10 22:27:05.999 +01:00 [INF] CORS policy execution successful.
2025-11-10 22:27:06.137 +01:00 [INF] Executing endpoint 'HomeCareApp.Controllers.AuthController.Login (api)'
2025-11-10 22:27:06.176 +01:00 [INF] Route matched with {action = "Login", controller = "Auth"}. Executing controller action with signature System.Threading.Tasks.Task`1[Microsoft.AspNetCore.Mvc.IActionResult] Login(HomeCareApp.DTOs.LoginDto) on controller HomeCareApp.Controllers.AuthController (api).
2025-11-10 22:27:06.722 +01:00 [INF] [AuthAPIController] user authorised for Mariam
2025-11-10 22:27:06.811 +01:00 [INF] [AuthAPIController] JWT token created for Mariam with roles Employee
2025-11-10 22:27:06.913 +01:00 [INF] Executing OkObjectResult, writing value of type '<>f__AnonymousType3`1[[System.String, System.Private.CoreLib, Version=8.0.0.0, Culture=neutral, PublicKeyToken=7cec85d7bea7798e]]'.
2025-11-10 22:27:06.970 +01:00 [INF] Executed action HomeCareApp.Controllers.AuthController.Login (api) in 786.6411ms
2025-11-10 22:27:06.971 +01:00 [INF] Executed endpoint 'HomeCareApp.Controllers.AuthController.Login (api)'
2025-11-10 22:27:06.979 +01:00 [INF] Request finished HTTP/1.1 POST http://localhost:5090/api/Auth/login - 200 561 application/json; charset=utf-8 986.8031ms
2025-11-10 22:27:10.719 +01:00 [INF] Request starting HTTP/1.1 GET http://localhost:5090/api/Appointment - null null
2025-11-10 22:27:10.736 +01:00 [INF] CORS policy execution successful.
2025-11-10 22:27:10.742 +01:00 [INF] Executing endpoint 'HomeCareApp.Controllers.AppointmentController.GetAppointments (api)'
2025-11-10 22:27:10.755 +01:00 [INF] Route matched with {action = "GetAppointments", controller = "Appointment"}. Executing controller action with signature System.Threading.Tasks.Task`1[Microsoft.AspNetCore.Mvc.IActionResult] GetAppointments() on controller HomeCareApp.Controllers.AppointmentController (api).
2025-11-10 22:27:10.936 +01:00 [INF] Executing OkObjectResult, writing value of type 'System.Linq.Enumerable+SelectListIterator`2[[HomeCareApp.Models.Appointment, api, Version=1.0.0.0, Culture=neutral, PublicKeyToken=null],[HomeCareApp.DTOs.AppointmentDto, api, Version=1.0.0.0, Culture=neutral, PublicKeyToken=null]]'.
2025-11-10 22:27:10.967 +01:00 [INF] Executed action HomeCareApp.Controllers.AppointmentController.GetAppointments (api) in 211.6717ms
2025-11-10 22:27:10.967 +01:00 [INF] Executed endpoint 'HomeCareApp.Controllers.AppointmentController.GetAppointments (api)'
2025-11-10 22:27:10.968 +01:00 [INF] Request finished HTTP/1.1 GET http://localhost:5090/api/Appointment - 200 656 application/json; charset=utf-8 248.6227ms
2025-11-10 22:27:10.970 +01:00 [INF] Request starting HTTP/1.1 GET http://localhost:5090/api/Appointment - null null
2025-11-10 22:27:10.971 +01:00 [INF] CORS policy execution successful.
2025-11-10 22:27:10.978 +01:00 [INF] Executing endpoint 'HomeCareApp.Controllers.AppointmentController.GetAppointments (api)'
2025-11-10 22:27:10.978 +01:00 [INF] Route matched with {action = "GetAppointments", controller = "Appointment"}. Executing controller action with signature System.Threading.Tasks.Task`1[Microsoft.AspNetCore.Mvc.IActionResult] GetAppointments() on controller HomeCareApp.Controllers.AppointmentController (api).
2025-11-10 22:27:10.990 +01:00 [INF] Executing OkObjectResult, writing value of type 'System.Linq.Enumerable+SelectListIterator`2[[HomeCareApp.Models.Appointment, api, Version=1.0.0.0, Culture=neutral, PublicKeyToken=null],[HomeCareApp.DTOs.AppointmentDto, api, Version=1.0.0.0, Culture=neutral, PublicKeyToken=null]]'.
2025-11-10 22:27:10.992 +01:00 [INF] Executed action HomeCareApp.Controllers.AppointmentController.GetAppointments (api) in 13.3415ms
2025-11-10 22:27:10.993 +01:00 [INF] Executed endpoint 'HomeCareApp.Controllers.AppointmentController.GetAppointments (api)'
2025-11-10 22:27:10.993 +01:00 [INF] Request finished HTTP/1.1 GET http://localhost:5090/api/Appointment - 200 656 application/json; charset=utf-8 23.6373ms
