2025-11-10 22:59:20.777 +01:00 [INF] No migrations were applied. The database is already up to date.
2025-11-10 22:59:20.834 +01:00 [INF] No migrations were applied. The database is already up to date.
2025-11-10 22:59:21.155 +01:00 [INF] User profile is available. Using 'C:\Users\nahid\AppData\Local\ASP.NET\DataProtection-Keys' as key repository and Windows DPAPI to encrypt keys at rest.
2025-11-10 22:59:21.194 +01:00 [INF] Now listening on: http://localhost:5090
2025-11-10 22:59:21.196 +01:00 [INF] Application started. Press Ctrl+C to shut down.
2025-11-10 22:59:21.196 +01:00 [INF] Hosting environment: Development
2025-11-10 22:59:21.206 +01:00 [INF] Content root path: C:\Users\nahid\OneDrive\Dokumenter\GitHub\React-Homecare\api
2025-11-10 22:59:23.950 +01:00 [INF] Request starting HTTP/1.1 OPTIONS http://localhost:5090/api/medication - null null
2025-11-10 22:59:23.950 +01:00 [INF] Request starting HTTP/1.1 OPTIONS http://localhost:5090/api/medication - null null
2025-11-10 22:59:23.979 +01:00 [INF] CORS policy execution successful.
2025-11-10 22:59:23.979 +01:00 [INF] CORS policy execution successful.
2025-11-10 22:59:23.981 +01:00 [INF] Request finished HTTP/1.1 OPTIONS http://localhost:5090/api/medication - 204 null null 33.0321ms
2025-11-10 22:59:23.981 +01:00 [INF] Request finished HTTP/1.1 OPTIONS http://localhost:5090/api/medication - 204 null null 33.0331ms
2025-11-10 22:59:23.983 +01:00 [INF] Request starting HTTP/1.1 GET http://localhost:5090/api/medication - application/json null
2025-11-10 22:59:23.987 +01:00 [INF] CORS policy execution successful.
2025-11-10 22:59:24.040 +01:00 [INF] Authorization failed. These requirements were not met:
RolesAuthorizationRequirement:User.IsInRole must be true for one of the following roles: (Employee)
2025-11-10 22:59:24.042 +01:00 [INF] AuthenticationScheme: Bearer was forbidden.
2025-11-10 22:59:24.042 +01:00 [INF] Request finished HTTP/1.1 GET http://localhost:5090/api/medication - 403 0 null 59.4086ms
2025-11-10 22:59:24.044 +01:00 [INF] Request starting HTTP/1.1 GET http://localhost:5090/api/medication - application/json null
2025-11-10 22:59:24.044 +01:00 [INF] CORS policy execution successful.
2025-11-10 22:59:24.047 +01:00 [INF] Authorization failed. These requirements were not met:
RolesAuthorizationRequirement:User.IsInRole must be true for one of the following roles: (Employee)
2025-11-10 22:59:24.047 +01:00 [INF] AuthenticationScheme: Bearer was forbidden.
2025-11-10 22:59:24.047 +01:00 [INF] Request finished HTTP/1.1 GET http://localhost:5090/api/medication - 403 0 null 3.6867ms
2025-11-10 22:59:25.593 +01:00 [INF] Request starting HTTP/1.1 GET http://localhost:5090/api/medication - application/json null
2025-11-10 22:59:25.594 +01:00 [INF] CORS policy execution successful.
2025-11-10 22:59:25.595 +01:00 [INF] Authorization failed. These requirements were not met:
RolesAuthorizationRequirement:User.IsInRole must be true for one of the following roles: (Employee)
2025-11-10 22:59:25.595 +01:00 [INF] AuthenticationScheme: Bearer was forbidden.
2025-11-10 22:59:25.595 +01:00 [INF] Request finished HTTP/1.1 GET http://localhost:5090/api/medication - 403 0 null 2.0515ms
2025-11-10 22:59:25.596 +01:00 [INF] Request starting HTTP/1.1 GET http://localhost:5090/api/medication - application/json null
2025-11-10 22:59:25.596 +01:00 [INF] CORS policy execution successful.
2025-11-10 22:59:25.597 +01:00 [INF] Authorization failed. These requirements were not met:
RolesAuthorizationRequirement:User.IsInRole must be true for one of the following roles: (Employee)
2025-11-10 22:59:25.597 +01:00 [INF] AuthenticationScheme: Bearer was forbidden.
2025-11-10 22:59:25.597 +01:00 [INF] Request finished HTTP/1.1 GET http://localhost:5090/api/medication - 403 0 null 0.7155ms
2025-11-10 22:59:47.256 +01:00 [INF] Application is shutting down...
