2025-11-27 13:48:58.434 +01:00 [INF] No migrations were applied. The database is already up to date.
2025-11-27 13:48:58.492 +01:00 [INF] No migrations were applied. The database is already up to date.
2025-11-27 13:48:58.560 +01:00 [INF] User profile is available. Using 'C:\Users\vilde\AppData\Local\ASP.NET\DataProtection-Keys' as key repository and Windows DPAPI to encrypt keys at rest.
2025-11-27 13:48:58.594 +01:00 [INF] Now listening on: http://localhost:5090
2025-11-27 13:48:58.596 +01:00 [INF] Application started. Press Ctrl+C to shut down.
2025-11-27 13:48:58.596 +01:00 [INF] Hosting environment: Development
2025-11-27 13:48:58.597 +01:00 [INF] Content root path: C:\Users\vilde\OneDrive\Documents\Homecare React\React-Homecare\api
2025-11-27 13:49:01.117 +01:00 [INF] Request starting HTTP/1.1 OPTIONS http://localhost:5090/api/Notification/unread-count - null null
2025-11-27 13:49:01.117 +01:00 [INF] Request starting HTTP/1.1 OPTIONS http://localhost:5090/api/Notification/unread-count - null null
2025-11-27 13:49:01.146 +01:00 [INF] CORS policy execution successful.
2025-11-27 13:49:01.146 +01:00 [INF] CORS policy execution successful.
2025-11-27 13:49:01.151 +01:00 [INF] Request finished HTTP/1.1 OPTIONS http://localhost:5090/api/Notification/unread-count - 204 null null 34.7829ms
2025-11-27 13:49:01.153 +01:00 [INF] Request finished HTTP/1.1 OPTIONS http://localhost:5090/api/Notification/unread-count - 204 null null 34.6953ms
2025-11-27 13:49:01.157 +01:00 [INF] Request starting HTTP/1.1 GET http://localhost:5090/api/Notification/unread-count - application/json null
2025-11-27 13:49:01.168 +01:00 [INF] CORS policy execution successful.
2025-11-27 13:49:01.291 +01:00 [INF] Executing endpoint 'HomeCareApp.Controllers.NotificationController.GetUnreadCount (api)'
2025-11-27 13:49:01.313 +01:00 [INF] Route matched with {action = "GetUnreadCount", controller = "Notification"}. Executing controller action with signature System.Threading.Tasks.Task`1[Microsoft.AspNetCore.Mvc.ActionResult`1[System.Int32]] GetUnreadCount() on controller HomeCareApp.Controllers.NotificationController (api).
2025-11-27 13:49:01.320 +01:00 [INF] [NotificationController] Getting unread count for UserId: 3e910976-dd6e-460f-8989-036062624ad9
2025-11-27 13:49:01.326 +01:00 [INF] [NotificationRepository] GetUnreadCountAsync(3e910976-dd6e-460f-8989-036062624ad9) - Getting unread count for user
2025-11-27 13:49:01.696 +01:00 [INF] [NotificationRepository] GetUnreadCountAsync(3e910976-dd6e-460f-8989-036062624ad9) - User has 1 unread notifications
2025-11-27 13:49:01.696 +01:00 [INF] [NotificationController] Found 1 unread notifications for UserId: 3e910976-dd6e-460f-8989-036062624ad9
2025-11-27 13:49:01.706 +01:00 [INF] Executing OkObjectResult, writing value of type 'System.Int32'.
2025-11-27 13:49:01.776 +01:00 [INF] Request starting HTTP/1.1 GET http://localhost:5090/api/Notification/unread-count - application/json null
2025-11-27 13:49:01.777 +01:00 [INF] CORS policy execution successful.
2025-11-27 13:49:01.779 +01:00 [INF] Executed action HomeCareApp.Controllers.NotificationController.GetUnreadCount (api) in 461.2616ms
2025-11-27 13:49:01.779 +01:00 [INF] Executed endpoint 'HomeCareApp.Controllers.NotificationController.GetUnreadCount (api)'
2025-11-27 13:49:01.780 +01:00 [INF] Executing endpoint 'HomeCareApp.Controllers.NotificationController.GetUnreadCount (api)'
2025-11-27 13:49:01.780 +01:00 [INF] Route matched with {action = "GetUnreadCount", controller = "Notification"}. Executing controller action with signature System.Threading.Tasks.Task`1[Microsoft.AspNetCore.Mvc.ActionResult`1[System.Int32]] GetUnreadCount() on controller HomeCareApp.Controllers.NotificationController (api).
2025-11-27 13:49:01.782 +01:00 [INF] [NotificationController] Getting unread count for UserId: 3e910976-dd6e-460f-8989-036062624ad9
2025-11-27 13:49:01.782 +01:00 [INF] Request finished HTTP/1.1 GET http://localhost:5090/api/Notification/unread-count - 200 1 application/json; charset=utf-8 625.8266ms
2025-11-27 13:49:01.783 +01:00 [INF] [NotificationRepository] GetUnreadCountAsync(3e910976-dd6e-460f-8989-036062624ad9) - Getting unread count for user
2025-11-27 13:49:01.791 +01:00 [INF] [NotificationRepository] GetUnreadCountAsync(3e910976-dd6e-460f-8989-036062624ad9) - User has 1 unread notifications
2025-11-27 13:49:01.791 +01:00 [INF] [NotificationController] Found 1 unread notifications for UserId: 3e910976-dd6e-460f-8989-036062624ad9
2025-11-27 13:49:01.792 +01:00 [INF] Executing OkObjectResult, writing value of type 'System.Int32'.
2025-11-27 13:49:01.792 +01:00 [INF] Executed action HomeCareApp.Controllers.NotificationController.GetUnreadCount (api) in 11.805ms
2025-11-27 13:49:01.792 +01:00 [INF] Executed endpoint 'HomeCareApp.Controllers.NotificationController.GetUnreadCount (api)'
2025-11-27 13:49:01.792 +01:00 [INF] Request finished HTTP/1.1 GET http://localhost:5090/api/Notification/unread-count - 200 1 application/json; charset=utf-8 16.1734ms
2025-11-27 13:49:15.633 +01:00 [INF] Request starting HTTP/1.1 OPTIONS http://localhost:5090/api/Patient/user/3e910976-dd6e-460f-8989-036062624ad9 - null null
2025-11-27 13:49:15.633 +01:00 [INF] CORS policy execution successful.
2025-11-27 13:49:15.634 +01:00 [INF] Request starting HTTP/1.1 OPTIONS http://localhost:5090/api/Patient/user/3e910976-dd6e-460f-8989-036062624ad9 - null null
2025-11-27 13:49:15.634 +01:00 [INF] Request finished HTTP/1.1 OPTIONS http://localhost:5090/api/Patient/user/3e910976-dd6e-460f-8989-036062624ad9 - 204 null null 0.8393ms
2025-11-27 13:49:15.634 +01:00 [INF] CORS policy execution successful.
2025-11-27 13:49:15.635 +01:00 [INF] Request finished HTTP/1.1 OPTIONS http://localhost:5090/api/Patient/user/3e910976-dd6e-460f-8989-036062624ad9 - 204 null null 1.0321ms
2025-11-27 13:49:15.637 +01:00 [INF] Request starting HTTP/1.1 GET http://localhost:5090/api/Patient/user/3e910976-dd6e-460f-8989-036062624ad9 - application/json null
2025-11-27 13:49:15.638 +01:00 [INF] CORS policy execution successful.
2025-11-27 13:49:15.644 +01:00 [INF] Executing endpoint 'HomeCareApp.Controllers.PatientController.GetPatientByUserId (api)'
2025-11-27 13:49:15.658 +01:00 [INF] Route matched with {action = "GetPatientByUserId", controller = "Patient"}. Executing controller action with signature System.Threading.Tasks.Task`1[Microsoft.AspNetCore.Mvc.ActionResult`1[HomeCareApp.DTOs.PatientDto]] GetPatientByUserId(System.String) on controller HomeCareApp.Controllers.PatientController (api).
2025-11-27 13:49:15.669 +01:00 [INF] [PatientController] Getting patient by UserId: 3e910976-dd6e-460f-8989-036062624ad9
2025-11-27 13:49:15.670 +01:00 [INF] [PatientRepository] GetAll() - Retrieving all patients
2025-11-27 13:49:15.729 +01:00 [INF] [PatientRepository] GetAll() - Successfully retrieved 2 patients
2025-11-27 13:49:15.729 +01:00 [INF] [PatientController] Total patients in database: 2
2025-11-27 13:49:15.731 +01:00 [INF] [PatientController] Successfully retrieved patient 2 for UserId: 3e910976-dd6e-460f-8989-036062624ad9
2025-11-27 13:49:15.732 +01:00 [INF] Executing OkObjectResult, writing value of type 'HomeCareApp.DTOs.PatientDto'.
2025-11-27 13:49:15.786 +01:00 [INF] Executed action HomeCareApp.Controllers.PatientController.GetPatientByUserId (api) in 127.7931ms
2025-11-27 13:49:15.787 +01:00 [INF] Executed endpoint 'HomeCareApp.Controllers.PatientController.GetPatientByUserId (api)'
2025-11-27 13:49:15.787 +01:00 [INF] Request finished HTTP/1.1 GET http://localhost:5090/api/Patient/user/3e910976-dd6e-460f-8989-036062624ad9 - 200 218 application/json; charset=utf-8 149.3834ms
2025-11-27 13:49:15.788 +01:00 [INF] Request starting HTTP/1.1 GET http://localhost:5090/api/Patient/user/3e910976-dd6e-460f-8989-036062624ad9 - application/json null
2025-11-27 13:49:15.788 +01:00 [INF] CORS policy execution successful.
2025-11-27 13:49:15.788 +01:00 [INF] Executing endpoint 'HomeCareApp.Controllers.PatientController.GetPatientByUserId (api)'
2025-11-27 13:49:15.789 +01:00 [INF] Route matched with {action = "GetPatientByUserId", controller = "Patient"}. Executing controller action with signature System.Threading.Tasks.Task`1[Microsoft.AspNetCore.Mvc.ActionResult`1[HomeCareApp.DTOs.PatientDto]] GetPatientByUserId(System.String) on controller HomeCareApp.Controllers.PatientController (api).
2025-11-27 13:49:15.790 +01:00 [INF] [PatientController] Getting patient by UserId: 3e910976-dd6e-460f-8989-036062624ad9
2025-11-27 13:49:15.790 +01:00 [INF] [PatientRepository] GetAll() - Retrieving all patients
2025-11-27 13:49:15.790 +01:00 [INF] Request starting HTTP/1.1 OPTIONS http://localhost:5090/api/Appointment/patient/2 - null null
2025-11-27 13:49:15.791 +01:00 [INF] CORS policy execution successful.
2025-11-27 13:49:15.791 +01:00 [INF] Request finished HTTP/1.1 OPTIONS http://localhost:5090/api/Appointment/patient/2 - 204 null null 0.3256ms
2025-11-27 13:49:15.792 +01:00 [INF] [PatientRepository] GetAll() - Successfully retrieved 2 patients
2025-11-27 13:49:15.792 +01:00 [INF] [PatientController] Total patients in database: 2
2025-11-27 13:49:15.792 +01:00 [INF] [PatientController] Successfully retrieved patient 2 for UserId: 3e910976-dd6e-460f-8989-036062624ad9
2025-11-27 13:49:15.792 +01:00 [INF] Executing OkObjectResult, writing value of type 'HomeCareApp.DTOs.PatientDto'.
2025-11-27 13:49:15.792 +01:00 [INF] Request starting HTTP/1.1 GET http://localhost:5090/api/Appointment/patient/2 - application/json null
2025-11-27 13:49:15.793 +01:00 [INF] CORS policy execution successful.
2025-11-27 13:49:15.793 +01:00 [INF] Executed action HomeCareApp.Controllers.PatientController.GetPatientByUserId (api) in 4.1173ms
2025-11-27 13:49:15.793 +01:00 [INF] Executed endpoint 'HomeCareApp.Controllers.PatientController.GetPatientByUserId (api)'
2025-11-27 13:49:15.793 +01:00 [INF] Request finished HTTP/1.1 GET http://localhost:5090/api/Patient/user/3e910976-dd6e-460f-8989-036062624ad9 - 200 218 application/json; charset=utf-8 5.3892ms
2025-11-27 13:49:15.793 +01:00 [INF] Executing endpoint 'HomeCareApp.Controllers.AppointmentController.GetAppointmentsByPatientId (api)'
2025-11-27 13:49:15.798 +01:00 [INF] Route matched with {action = "GetAppointmentsByPatientId", controller = "Appointment"}. Executing controller action with signature System.Threading.Tasks.Task`1[Microsoft.AspNetCore.Mvc.IActionResult] GetAppointmentsByPatientId(Int32) on controller HomeCareApp.Controllers.AppointmentController (api).
2025-11-27 13:49:15.802 +01:00 [INF] [AppointmentRepository] GetAll() - Retrieving all appointments
2025-11-27 13:49:15.994 +01:00 [INF] [AppointmentRepository] GetAll() - Successfully retrieved 1 appointments
2025-11-27 13:49:15.995 +01:00 [INF] [AppointmentController] Found 1 appointments for PatientId: 2
2025-11-27 13:49:15.995 +01:00 [INF] Executing OkObjectResult, writing value of type 'System.Linq.Enumerable+WhereSelectListIterator`2[[HomeCareApp.Models.Appointment, api, Version=1.0.0.0, Culture=neutral, PublicKeyToken=null],[HomeCareApp.DTOs.AppointmentDto, api, Version=1.0.0.0, Culture=neutral, PublicKeyToken=null]]'.
2025-11-27 13:49:16.008 +01:00 [INF] Executed action HomeCareApp.Controllers.AppointmentController.GetAppointmentsByPatientId (api) in 210.2748ms
2025-11-27 13:49:16.009 +01:00 [INF] Executed endpoint 'HomeCareApp.Controllers.AppointmentController.GetAppointmentsByPatientId (api)'
2025-11-27 13:49:16.009 +01:00 [INF] Request finished HTTP/1.1 GET http://localhost:5090/api/Appointment/patient/2 - 200 182 application/json; charset=utf-8 216.4844ms
2025-11-27 13:49:16.011 +01:00 [INF] Request starting HTTP/1.1 GET http://localhost:5090/api/Appointment/patient/2 - application/json null
2025-11-27 13:49:16.011 +01:00 [INF] CORS policy execution successful.
2025-11-27 13:49:16.011 +01:00 [INF] Executing endpoint 'HomeCareApp.Controllers.AppointmentController.GetAppointmentsByPatientId (api)'
2025-11-27 13:49:16.012 +01:00 [INF] Route matched with {action = "GetAppointmentsByPatientId", controller = "Appointment"}. Executing controller action with signature System.Threading.Tasks.Task`1[Microsoft.AspNetCore.Mvc.IActionResult] GetAppointmentsByPatientId(Int32) on controller HomeCareApp.Controllers.AppointmentController (api).
2025-11-27 13:49:16.014 +01:00 [INF] [AppointmentRepository] GetAll() - Retrieving all appointments
2025-11-27 13:49:16.016 +01:00 [INF] [AppointmentRepository] GetAll() - Successfully retrieved 1 appointments
2025-11-27 13:49:16.017 +01:00 [INF] [AppointmentController] Found 1 appointments for PatientId: 2
2025-11-27 13:49:16.017 +01:00 [INF] Executing OkObjectResult, writing value of type 'System.Linq.Enumerable+WhereSelectListIterator`2[[HomeCareApp.Models.Appointment, api, Version=1.0.0.0, Culture=neutral, PublicKeyToken=null],[HomeCareApp.DTOs.AppointmentDto, api, Version=1.0.0.0, Culture=neutral, PublicKeyToken=null]]'.
2025-11-27 13:49:16.018 +01:00 [INF] Executed action HomeCareApp.Controllers.AppointmentController.GetAppointmentsByPatientId (api) in 5.7142ms
2025-11-27 13:49:16.018 +01:00 [INF] Executed endpoint 'HomeCareApp.Controllers.AppointmentController.GetAppointmentsByPatientId (api)'
2025-11-27 13:49:16.018 +01:00 [INF] Request finished HTTP/1.1 GET http://localhost:5090/api/Appointment/patient/2 - 200 182 application/json; charset=utf-8 7.4652ms
2025-11-27 13:49:18.256 +01:00 [INF] Request starting HTTP/1.1 GET http://localhost:5090/api/Appointment/2 - null null
2025-11-27 13:49:18.256 +01:00 [INF] CORS policy execution successful.
2025-11-27 13:49:18.257 +01:00 [INF] Executing endpoint 'HomeCareApp.Controllers.AppointmentController.GetAppointmentById (api)'
2025-11-27 13:49:18.260 +01:00 [INF] Route matched with {action = "GetAppointmentById", controller = "Appointment"}. Executing controller action with signature System.Threading.Tasks.Task`1[Microsoft.AspNetCore.Mvc.ActionResult`1[HomeCareApp.DTOs.AppointmentDto]] GetAppointmentById(Int32) on controller HomeCareApp.Controllers.AppointmentController (api).
2025-11-27 13:49:18.263 +01:00 [INF] [AppointmentRepository] GetAppointmentById(2) - Retrieving appointment
2025-11-27 13:49:18.277 +01:00 [INF] [AppointmentRepository] GetAppointmentById(2) - Appointment found for patient: Vilde Nerem
2025-11-27 13:49:18.277 +01:00 [INF] [AppointmentController] Retrieved appointment with ID 2
2025-11-27 13:49:18.277 +01:00 [INF] Executing OkObjectResult, writing value of type 'HomeCareApp.DTOs.AppointmentDto'.
2025-11-27 13:49:18.278 +01:00 [INF] Executed action HomeCareApp.Controllers.AppointmentController.GetAppointmentById (api) in 17.5772ms
2025-11-27 13:49:18.278 +01:00 [INF] Executed endpoint 'HomeCareApp.Controllers.AppointmentController.GetAppointmentById (api)'
2025-11-27 13:49:18.278 +01:00 [INF] Request finished HTTP/1.1 GET http://localhost:5090/api/Appointment/2 - 200 180 application/json; charset=utf-8 21.7306ms
2025-11-27 13:49:18.279 +01:00 [INF] Request starting HTTP/1.1 GET http://localhost:5090/api/Appointment/2 - null null
2025-11-27 13:49:18.279 +01:00 [INF] CORS policy execution successful.
2025-11-27 13:49:18.280 +01:00 [INF] Executing endpoint 'HomeCareApp.Controllers.AppointmentController.GetAppointmentById (api)'
2025-11-27 13:49:18.280 +01:00 [INF] Route matched with {action = "GetAppointmentById", controller = "Appointment"}. Executing controller action with signature System.Threading.Tasks.Task`1[Microsoft.AspNetCore.Mvc.ActionResult`1[HomeCareApp.DTOs.AppointmentDto]] GetAppointmentById(Int32) on controller HomeCareApp.Controllers.AppointmentController (api).
2025-11-27 13:49:18.281 +01:00 [INF] [AppointmentRepository] GetAppointmentById(2) - Retrieving appointment
2025-11-27 13:49:18.282 +01:00 [INF] [AppointmentRepository] GetAppointmentById(2) - Appointment found for patient: Vilde Nerem
2025-11-27 13:49:18.283 +01:00 [INF] [AppointmentController] Retrieved appointment with ID 2
2025-11-27 13:49:18.283 +01:00 [INF] Executing OkObjectResult, writing value of type 'HomeCareApp.DTOs.AppointmentDto'.
2025-11-27 13:49:18.284 +01:00 [INF] Executed action HomeCareApp.Controllers.AppointmentController.GetAppointmentById (api) in 3.9175ms
2025-11-27 13:49:18.284 +01:00 [INF] Executed endpoint 'HomeCareApp.Controllers.AppointmentController.GetAppointmentById (api)'
2025-11-27 13:49:18.285 +01:00 [INF] Request finished HTTP/1.1 GET http://localhost:5090/api/Appointment/2 - 200 180 application/json; charset=utf-8 5.4277ms
2025-11-27 13:49:18.289 +01:00 [INF] Request starting HTTP/1.1 OPTIONS http://localhost:5090/api/Employee - null null
2025-11-27 13:49:18.289 +01:00 [INF] Request starting HTTP/1.1 OPTIONS http://localhost:5090/api/Employee - null null
2025-11-27 13:49:18.290 +01:00 [INF] CORS policy execution successful.
2025-11-27 13:49:18.290 +01:00 [INF] CORS policy execution successful.
2025-11-27 13:49:18.290 +01:00 [INF] Request finished HTTP/1.1 OPTIONS http://localhost:5090/api/Employee - 204 null null 0.2124ms
2025-11-27 13:49:18.290 +01:00 [INF] Request finished HTTP/1.1 OPTIONS http://localhost:5090/api/Employee - 204 null null 0.3242ms
2025-11-27 13:49:18.292 +01:00 [INF] Request starting HTTP/1.1 GET http://localhost:5090/api/Employee - application/json null
2025-11-27 13:49:18.292 +01:00 [INF] CORS policy execution successful.
2025-11-27 13:49:18.292 +01:00 [INF] Executing endpoint 'HomeCareApp.Controllers.EmployeeController.GetEmployees (api)'
2025-11-27 13:49:18.296 +01:00 [INF] Route matched with {action = "GetEmployees", controller = "Employee"}. Executing controller action with signature System.Threading.Tasks.Task`1[Microsoft.AspNetCore.Mvc.ActionResult`1[System.Collections.Generic.IEnumerable`1[HomeCareApp.DTOs.EmployeeDto]]] GetEmployees() on controller HomeCareApp.Controllers.EmployeeController (api).
2025-11-27 13:49:18.301 +01:00 [INF] [EmployeeRepository] GetAll() - Retrieving all employees
2025-11-27 13:49:18.374 +01:00 [INF] [EmployeeRepository] GetAll() - Successfully retrieved 1 employees
2025-11-27 13:49:18.374 +01:00 [INF] [EmployeeController] Retrieved 1 employees
2025-11-27 13:49:18.375 +01:00 [INF] Executing OkObjectResult, writing value of type 'System.Linq.Enumerable+SelectListIterator`2[[HomeCareApp.Models.Employee, api, Version=1.0.0.0, Culture=neutral, PublicKeyToken=null],[HomeCareApp.DTOs.EmployeeDto, api, Version=1.0.0.0, Culture=neutral, PublicKeyToken=null]]'.
2025-11-27 13:49:18.384 +01:00 [INF] Executed action HomeCareApp.Controllers.EmployeeController.GetEmployees (api) in 87.7257ms
2025-11-27 13:49:18.384 +01:00 [INF] Executed endpoint 'HomeCareApp.Controllers.EmployeeController.GetEmployees (api)'
2025-11-27 13:49:18.384 +01:00 [INF] Request finished HTTP/1.1 GET http://localhost:5090/api/Employee - 200 716 application/json; charset=utf-8 92.6489ms
2025-11-27 13:49:18.385 +01:00 [INF] Request starting HTTP/1.1 GET http://localhost:5090/api/Employee - application/json null
2025-11-27 13:49:18.386 +01:00 [INF] CORS policy execution successful.
2025-11-27 13:49:18.386 +01:00 [INF] Executing endpoint 'HomeCareApp.Controllers.EmployeeController.GetEmployees (api)'
2025-11-27 13:49:18.386 +01:00 [INF] Route matched with {action = "GetEmployees", controller = "Employee"}. Executing controller action with signature System.Threading.Tasks.Task`1[Microsoft.AspNetCore.Mvc.ActionResult`1[System.Collections.Generic.IEnumerable`1[HomeCareApp.DTOs.EmployeeDto]]] GetEmployees() on controller HomeCareApp.Controllers.EmployeeController (api).
2025-11-27 13:49:18.387 +01:00 [INF] [EmployeeRepository] GetAll() - Retrieving all employees
2025-11-27 13:49:18.387 +01:00 [INF] Request starting HTTP/1.1 GET http://localhost:5090/api/Patient/user/3e910976-dd6e-460f-8989-036062624ad9 - application/json null
2025-11-27 13:49:18.388 +01:00 [INF] CORS policy execution successful.
2025-11-27 13:49:18.388 +01:00 [INF] Executing endpoint 'HomeCareApp.Controllers.PatientController.GetPatientByUserId (api)'
2025-11-27 13:49:18.388 +01:00 [INF] Route matched with {action = "GetPatientByUserId", controller = "Patient"}. Executing controller action with signature System.Threading.Tasks.Task`1[Microsoft.AspNetCore.Mvc.ActionResult`1[HomeCareApp.DTOs.PatientDto]] GetPatientByUserId(System.String) on controller HomeCareApp.Controllers.PatientController (api).
2025-11-27 13:49:18.388 +01:00 [INF] [PatientController] Getting patient by UserId: 3e910976-dd6e-460f-8989-036062624ad9
2025-11-27 13:49:18.389 +01:00 [INF] [PatientRepository] GetAll() - Retrieving all patients
2025-11-27 13:49:18.389 +01:00 [INF] [EmployeeRepository] GetAll() - Successfully retrieved 1 employees
2025-11-27 13:49:18.389 +01:00 [INF] [EmployeeController] Retrieved 1 employees
2025-11-27 13:49:18.389 +01:00 [INF] Executing OkObjectResult, writing value of type 'System.Linq.Enumerable+SelectListIterator`2[[HomeCareApp.Models.Employee, api, Version=1.0.0.0, Culture=neutral, PublicKeyToken=null],[HomeCareApp.DTOs.EmployeeDto, api, Version=1.0.0.0, Culture=neutral, PublicKeyToken=null]]'.
2025-11-27 13:49:18.389 +01:00 [INF] Executed action HomeCareApp.Controllers.EmployeeController.GetEmployees (api) in 2.6714ms
2025-11-27 13:49:18.389 +01:00 [INF] Executed endpoint 'HomeCareApp.Controllers.EmployeeController.GetEmployees (api)'
2025-11-27 13:49:18.389 +01:00 [INF] Request finished HTTP/1.1 GET http://localhost:5090/api/Employee - 200 716 application/json; charset=utf-8 3.7737ms
2025-11-27 13:49:18.390 +01:00 [INF] [PatientRepository] GetAll() - Successfully retrieved 2 patients
2025-11-27 13:49:18.390 +01:00 [INF] [PatientController] Total patients in database: 2
2025-11-27 13:49:18.390 +01:00 [INF] [PatientController] Successfully retrieved patient 2 for UserId: 3e910976-dd6e-460f-8989-036062624ad9
2025-11-27 13:49:18.390 +01:00 [INF] Executing OkObjectResult, writing value of type 'HomeCareApp.DTOs.PatientDto'.
2025-11-27 13:49:18.391 +01:00 [INF] Executed action HomeCareApp.Controllers.PatientController.GetPatientByUserId (api) in 2.5923ms
2025-11-27 13:49:18.391 +01:00 [INF] Executed endpoint 'HomeCareApp.Controllers.PatientController.GetPatientByUserId (api)'
2025-11-27 13:49:18.391 +01:00 [INF] Request finished HTTP/1.1 GET http://localhost:5090/api/Patient/user/3e910976-dd6e-460f-8989-036062624ad9 - 200 218 application/json; charset=utf-8 3.4433ms
2025-11-27 13:49:18.393 +01:00 [INF] Request starting HTTP/1.1 GET http://localhost:5090/api/Patient/user/3e910976-dd6e-460f-8989-036062624ad9 - application/json null
2025-11-27 13:49:18.393 +01:00 [INF] CORS policy execution successful.
2025-11-27 13:49:18.394 +01:00 [INF] Executing endpoint 'HomeCareApp.Controllers.PatientController.GetPatientByUserId (api)'
2025-11-27 13:49:18.394 +01:00 [INF] Route matched with {action = "GetPatientByUserId", controller = "Patient"}. Executing controller action with signature System.Threading.Tasks.Task`1[Microsoft.AspNetCore.Mvc.ActionResult`1[HomeCareApp.DTOs.PatientDto]] GetPatientByUserId(System.String) on controller HomeCareApp.Controllers.PatientController (api).
2025-11-27 13:49:18.394 +01:00 [INF] [PatientController] Getting patient by UserId: 3e910976-dd6e-460f-8989-036062624ad9
2025-11-27 13:49:18.394 +01:00 [INF] [PatientRepository] GetAll() - Retrieving all patients
2025-11-27 13:49:18.396 +01:00 [INF] [PatientRepository] GetAll() - Successfully retrieved 2 patients
2025-11-27 13:49:18.396 +01:00 [INF] [PatientController] Total patients in database: 2
2025-11-27 13:49:18.396 +01:00 [INF] [PatientController] Successfully retrieved patient 2 for UserId: 3e910976-dd6e-460f-8989-036062624ad9
2025-11-27 13:49:18.396 +01:00 [INF] Executing OkObjectResult, writing value of type 'HomeCareApp.DTOs.PatientDto'.
2025-11-27 13:49:18.396 +01:00 [INF] Executed action HomeCareApp.Controllers.PatientController.GetPatientByUserId (api) in 2.6423ms
2025-11-27 13:49:18.396 +01:00 [INF] Executed endpoint 'HomeCareApp.Controllers.PatientController.GetPatientByUserId (api)'
2025-11-27 13:49:18.397 +01:00 [INF] Request finished HTTP/1.1 GET http://localhost:5090/api/Patient/user/3e910976-dd6e-460f-8989-036062624ad9 - 200 218 application/json; charset=utf-8 3.548ms
2025-11-27 13:49:21.952 +01:00 [INF] Request starting HTTP/1.1 OPTIONS http://localhost:5090/api/Appointment/2 - null null
2025-11-27 13:49:21.952 +01:00 [INF] CORS policy execution successful.
2025-11-27 13:49:21.953 +01:00 [INF] Request finished HTTP/1.1 OPTIONS http://localhost:5090/api/Appointment/2 - 204 null null 0.7399ms
2025-11-27 13:49:21.955 +01:00 [INF] Request starting HTTP/1.1 PUT http://localhost:5090/api/Appointment/2 - application/json 124
2025-11-27 13:49:21.955 +01:00 [INF] CORS policy execution successful.
2025-11-27 13:49:21.955 +01:00 [INF] Executing endpoint 'HomeCareApp.Controllers.AppointmentController.Update (api)'
2025-11-27 13:49:21.962 +01:00 [INF] Route matched with {action = "Update", controller = "Appointment"}. Executing controller action with signature System.Threading.Tasks.Task`1[Microsoft.AspNetCore.Mvc.IActionResult] Update(Int32, HomeCareApp.DTOs.AppointmentDto) on controller HomeCareApp.Controllers.AppointmentController (api).
2025-11-27 13:49:22.002 +01:00 [INF] [AppointmentRepository] GetAppointmentById(2) - Retrieving appointment
2025-11-27 13:49:22.004 +01:00 [INF] [AppointmentRepository] GetAppointmentById(2) - Appointment found for patient: Vilde Nerem
2025-11-27 13:49:22.005 +01:00 [INF] [AppointmentRepository] Update() - Updating appointment: 2
2025-11-27 13:49:22.028 +01:00 [ERR] [AppointmentRepository] Update() failed: The instance of entity type 'Appointment' cannot be tracked because another instance with the same key value for {'AppointmentId'} is already being tracked. When attaching existing entities, ensure that only one entity instance with a given key value is attached. Consider using 'DbContextOptionsBuilder.EnableSensitiveDataLogging' to see the conflicting key values.
System.InvalidOperationException: The instance of entity type 'Appointment' cannot be tracked because another instance with the same key value for {'AppointmentId'} is already being tracked. When attaching existing entities, ensure that only one entity instance with a given key value is attached. Consider using 'DbContextOptionsBuilder.EnableSensitiveDataLogging' to see the conflicting key values.
   at Microsoft.EntityFrameworkCore.ChangeTracking.Internal.IdentityMap`1.ThrowIdentityConflict(InternalEntityEntry entry)
   at Microsoft.EntityFrameworkCore.ChangeTracking.Internal.IdentityMap`1.Add(TKey key, InternalEntityEntry entry, Boolean updateDuplicate)
   at Microsoft.EntityFrameworkCore.ChangeTracking.Internal.IdentityMap`1.Add(TKey key, InternalEntityEntry entry)
   at Microsoft.EntityFrameworkCore.ChangeTracking.Internal.IdentityMap`1.Add(InternalEntityEntry entry)
   at Microsoft.EntityFrameworkCore.ChangeTracking.Internal.StateManager.StartTracking(InternalEntityEntry entry)
   at Microsoft.EntityFrameworkCore.ChangeTracking.Internal.InternalEntityEntry.SetEntityState(EntityState oldState, EntityState newState, Boolean acceptChanges, Boolean modifyProperties)
   at Microsoft.EntityFrameworkCore.ChangeTracking.Internal.InternalEntityEntry.SetEntityState(EntityState entityState, Boolean acceptChanges, Boolean modifyProperties, Nullable`1 forceStateWhenUnknownKey, Nullable`1 fallbackState)
   at Microsoft.EntityFrameworkCore.ChangeTracking.Internal.EntityGraphAttacher.PaintAction(EntityEntryGraphNode`1 node)
   at Microsoft.EntityFrameworkCore.ChangeTracking.Internal.EntityEntryGraphIterator.TraverseGraph[TState](EntityEntryGraphNode`1 node, Func`2 handleNode)
   at Microsoft.EntityFrameworkCore.ChangeTracking.Internal.EntityGraphAttacher.AttachGraph(InternalEntityEntry rootEntry, EntityState targetState, EntityState storeGeneratedWithKeySetTargetState, Boolean forceStateWhenUnknownKey)
   at Microsoft.EntityFrameworkCore.Internal.InternalDbSet`1.SetEntityState(InternalEntityEntry entry, EntityState entityState)
   at Microsoft.EntityFrameworkCore.Internal.InternalDbSet`1.Update(TEntity entity)
   at HomeCareApp.Repositories.Implementations.AppointmentRepository.Update(Appointment appointment) in C:\Users\vilde\OneDrive\Documents\Homecare React\React-Homecare\api\Repositories\Implementations\AppointmentRepository.cs:line 90
2025-11-27 13:49:22.033 +01:00 [WRN] [AppointmentController] Appointment update failed {"AppointmentId":2,"Subject":"Shopping","Description":"gjk","Date":"2025-11-27T16:44:00.0000000","PatientId":2,"EmployeeId":1,"Patient":{"PatientId":2,"FullName":"Vilde Nerem","Address":"Vetlandsveien 22","DateOfBirth":"2025-03-12T00:00:00.0000000","phonenumber":"12121212","HealthRelated_info":"None","UserId":"3e910976-dd6e-460f-8989-036062624ad9","User":null,"Appointments":[{"AppointmentId":2,"Subject":"Shopping","Description":"gjk","Date":"2025-11-27T16:44:00.0000000","PatientId":2,"EmployeeId":1,"Patient":{"PatientId":2,"FullName":"Vilde Nerem","Address":"Vetlandsveien 22","DateOfBirth":"2025-03-12T00:00:00.0000000","phonenumber":"12121212","HealthRelated_info":"None","UserId":"3e910976-dd6e-460f-8989-036062624ad9","User":null,"Appointments":[{"AppointmentId":2,"Subject":"Shopping","Description":"gjk","Date":"2025-11-27T16:44:00.0000000","PatientId":2,"EmployeeId":1,"Patient":{"PatientId":2,"FullName":"Vilde Nerem","Address":"Vetlandsveien 22","DateOfBirth":"2025-03-12T00:00:00.0000000","phonenumber":"12121212","HealthRelated_info":"None","UserId":"3e910976-dd6e-460f-8989-036062624ad9","User":null,"Appointments":[{"AppointmentId":null,"Subject":null,"Description":null,"Date":null,"PatientId":null,"EmployeeId":null,"Patient":null,"Employee":null,"$type":"Appointment"}],"$type":"Patient"},"Employee":{"EmployeeId":1,"FullName":"Susanne Employee","Address":"Brattåsveien 5, 1415 Oppegård","Department":"Administration","UserId":"adeabe0e-97f2-4088-b409-5ac4aeade8d2","User":null,"Appointments":[{"AppointmentId":null,"Subject":null,"Description":null,"Date":null,"PatientId":null,"EmployeeId":null,"Patient":null,"Employee":null,"$type":"Appointment"}],"$type":"Employee"},"$type":"Appointment"}],"$type":"Patient"},"Employee":{"EmployeeId":1,"FullName":"Susanne Employee","Address":"Brattåsveien 5, 1415 Oppegård","Department":"Administration","UserId":"adeabe0e-97f2-4088-b409-5ac4aeade8d2","User":null,"Appointments":[{"AppointmentId":2,"Subject":"Shopping","Description":"gjk","Date":"2025-11-27T16:44:00.0000000","PatientId":2,"EmployeeId":1,"Patient":{"PatientId":2,"FullName":"Vilde Nerem","Address":"Vetlandsveien 22","DateOfBirth":"2025-03-12T00:00:00.0000000","phonenumber":"12121212","HealthRelated_info":"None","UserId":"3e910976-dd6e-460f-8989-036062624ad9","User":null,"Appointments":[{"AppointmentId":null,"Subject":null,"Description":null,"Date":null,"PatientId":null,"EmployeeId":null,"Patient":null,"Employee":null,"$type":"Appointment"}],"$type":"Patient"},"Employee":{"EmployeeId":1,"FullName":"Susanne Employee","Address":"Brattåsveien 5, 1415 Oppegård","Department":"Administration","UserId":"adeabe0e-97f2-4088-b409-5ac4aeade8d2","User":null,"Appointments":[{"AppointmentId":null,"Subject":null,"Description":null,"Date":null,"PatientId":null,"EmployeeId":null,"Patient":null,"Employee":null,"$type":"Appointment"}],"$type":"Employee"},"$type":"Appointment"}],"$type":"Employee"},"$type":"Appointment"}],"$type":"Patient"},"Employee":{"EmployeeId":1,"FullName":"Susanne Employee","Address":"Brattåsveien 5, 1415 Oppegård","Department":"Administration","UserId":"adeabe0e-97f2-4088-b409-5ac4aeade8d2","User":null,"Appointments":[{"AppointmentId":2,"Subject":"Shopping","Description":"gjk","Date":"2025-11-27T16:44:00.0000000","PatientId":2,"EmployeeId":1,"Patient":{"PatientId":2,"FullName":"Vilde Nerem","Address":"Vetlandsveien 22","DateOfBirth":"2025-03-12T00:00:00.0000000","phonenumber":"12121212","HealthRelated_info":"None","UserId":"3e910976-dd6e-460f-8989-036062624ad9","User":null,"Appointments":[{"AppointmentId":2,"Subject":"Shopping","Description":"gjk","Date":"2025-11-27T16:44:00.0000000","PatientId":2,"EmployeeId":1,"Patient":{"PatientId":2,"FullName":"Vilde Nerem","Address":"Vetlandsveien 22","DateOfBirth":"2025-03-12T00:00:00.0000000","phonenumber":"12121212","HealthRelated_info":"None","UserId":"3e910976-dd6e-460f-8989-036062624ad9","User":null,"Appointments":[{"AppointmentId":null,"Subject":null,"Description":null,"Date":null,"PatientId":null,"EmployeeId":null,"Patient":null,"Employee":null,"$type":"Appointment"}],"$type":"Patient"},"Employee":{"EmployeeId":1,"FullName":"Susanne Employee","Address":"Brattåsveien 5, 1415 Oppegård","Department":"Administration","UserId":"adeabe0e-97f2-4088-b409-5ac4aeade8d2","User":null,"Appointments":[{"AppointmentId":null,"Subject":null,"Description":null,"Date":null,"PatientId":null,"EmployeeId":null,"Patient":null,"Employee":null,"$type":"Appointment"}],"$type":"Employee"},"$type":"Appointment"}],"$type":"Patient"},"Employee":{"EmployeeId":1,"FullName":"Susanne Employee","Address":"Brattåsveien 5, 1415 Oppegård","Department":"Administration","UserId":"adeabe0e-97f2-4088-b409-5ac4aeade8d2","User":null,"Appointments":[{"AppointmentId":2,"Subject":"Shopping","Description":"gjk","Date":"2025-11-27T16:44:00.0000000","PatientId":2,"EmployeeId":1,"Patient":{"PatientId":2,"FullName":"Vilde Nerem","Address":"Vetlandsveien 22","DateOfBirth":"2025-03-12T00:00:00.0000000","phonenumber":"12121212","HealthRelated_info":"None","UserId":"3e910976-dd6e-460f-8989-036062624ad9","User":null,"Appointments":[{"AppointmentId":null,"Subject":null,"Description":null,"Date":null,"PatientId":null,"EmployeeId":null,"Patient":null,"Employee":null,"$type":"Appointment"}],"$type":"Patient"},"Employee":{"EmployeeId":1,"FullName":"Susanne Employee","Address":"Brattåsveien 5, 1415 Oppegård","Department":"Administration","UserId":"adeabe0e-97f2-4088-b409-5ac4aeade8d2","User":null,"Appointments":[{"AppointmentId":null,"Subject":null,"Description":null,"Date":null,"PatientId":null,"EmployeeId":null,"Patient":null,"Employee":null,"$type":"Appointment"}],"$type":"Employee"},"$type":"Appointment"}],"$type":"Employee"},"$type":"Appointment"}],"$type":"Employee"},"$type":"Appointment"}
2025-11-27 13:49:22.035 +01:00 [INF] Executing ObjectResult, writing value of type 'System.String'.
2025-11-27 13:49:22.035 +01:00 [INF] Executed action HomeCareApp.Controllers.AppointmentController.Update (api) in 73.0388ms
2025-11-27 13:49:22.035 +01:00 [INF] Executed endpoint 'HomeCareApp.Controllers.AppointmentController.Update (api)'
2025-11-27 13:49:22.035 +01:00 [INF] Request finished HTTP/1.1 PUT http://localhost:5090/api/Appointment/2 - 500 null text/plain; charset=utf-8 80.6292ms
2025-11-27 13:49:31.688 +01:00 [INF] Request starting HTTP/1.1 OPTIONS http://localhost:5090/api/Notification/unread-count - null null
2025-11-27 13:49:31.689 +01:00 [INF] CORS policy execution successful.
2025-11-27 13:49:31.689 +01:00 [INF] Request finished HTTP/1.1 OPTIONS http://localhost:5090/api/Notification/unread-count - 204 null null 0.6779ms
2025-11-27 13:49:31.691 +01:00 [INF] Request starting HTTP/1.1 GET http://localhost:5090/api/Notification/unread-count - application/json null
2025-11-27 13:49:31.691 +01:00 [INF] CORS policy execution successful.
2025-11-27 13:49:31.691 +01:00 [INF] Executing endpoint 'HomeCareApp.Controllers.NotificationController.GetUnreadCount (api)'
2025-11-27 13:49:31.691 +01:00 [INF] Route matched with {action = "GetUnreadCount", controller = "Notification"}. Executing controller action with signature System.Threading.Tasks.Task`1[Microsoft.AspNetCore.Mvc.ActionResult`1[System.Int32]] GetUnreadCount() on controller HomeCareApp.Controllers.NotificationController (api).
2025-11-27 13:49:31.692 +01:00 [INF] [NotificationController] Getting unread count for UserId: 3e910976-dd6e-460f-8989-036062624ad9
2025-11-27 13:49:31.692 +01:00 [INF] [NotificationRepository] GetUnreadCountAsync(3e910976-dd6e-460f-8989-036062624ad9) - Getting unread count for user
2025-11-27 13:49:31.692 +01:00 [INF] [NotificationRepository] GetUnreadCountAsync(3e910976-dd6e-460f-8989-036062624ad9) - User has 1 unread notifications
2025-11-27 13:49:31.692 +01:00 [INF] [NotificationController] Found 1 unread notifications for UserId: 3e910976-dd6e-460f-8989-036062624ad9
2025-11-27 13:49:31.693 +01:00 [INF] Executing OkObjectResult, writing value of type 'System.Int32'.
2025-11-27 13:49:31.693 +01:00 [INF] Executed action HomeCareApp.Controllers.NotificationController.GetUnreadCount (api) in 1.5388ms
2025-11-27 13:49:31.693 +01:00 [INF] Executed endpoint 'HomeCareApp.Controllers.NotificationController.GetUnreadCount (api)'
2025-11-27 13:49:31.693 +01:00 [INF] Request finished HTTP/1.1 GET http://localhost:5090/api/Notification/unread-count - 200 1 application/json; charset=utf-8 2.2238ms
2025-11-27 13:49:32.682 +01:00 [INF] Request starting HTTP/1.1 GET http://localhost:5090/api/Notification/unread-count - application/json null
2025-11-27 13:49:32.683 +01:00 [INF] CORS policy execution successful.
2025-11-27 13:49:32.683 +01:00 [INF] Executing endpoint 'HomeCareApp.Controllers.NotificationController.GetUnreadCount (api)'
2025-11-27 13:49:32.683 +01:00 [INF] Route matched with {action = "GetUnreadCount", controller = "Notification"}. Executing controller action with signature System.Threading.Tasks.Task`1[Microsoft.AspNetCore.Mvc.ActionResult`1[System.Int32]] GetUnreadCount() on controller HomeCareApp.Controllers.NotificationController (api).
2025-11-27 13:49:32.683 +01:00 [INF] [NotificationController] Getting unread count for UserId: 3e910976-dd6e-460f-8989-036062624ad9
2025-11-27 13:49:32.683 +01:00 [INF] [NotificationRepository] GetUnreadCountAsync(3e910976-dd6e-460f-8989-036062624ad9) - Getting unread count for user
2025-11-27 13:49:32.684 +01:00 [INF] [NotificationRepository] GetUnreadCountAsync(3e910976-dd6e-460f-8989-036062624ad9) - User has 1 unread notifications
2025-11-27 13:49:32.685 +01:00 [INF] [NotificationController] Found 1 unread notifications for UserId: 3e910976-dd6e-460f-8989-036062624ad9
2025-11-27 13:49:32.685 +01:00 [INF] Executing OkObjectResult, writing value of type 'System.Int32'.
2025-11-27 13:49:32.685 +01:00 [INF] Executed action HomeCareApp.Controllers.NotificationController.GetUnreadCount (api) in 1.7713ms
2025-11-27 13:49:32.685 +01:00 [INF] Executed endpoint 'HomeCareApp.Controllers.NotificationController.GetUnreadCount (api)'
2025-11-27 13:49:32.685 +01:00 [INF] Request finished HTTP/1.1 GET http://localhost:5090/api/Notification/unread-count - 200 1 application/json; charset=utf-8 2.7336ms
2025-11-27 13:50:01.691 +01:00 [INF] Request starting HTTP/1.1 OPTIONS http://localhost:5090/api/Notification/unread-count - null null
2025-11-27 13:50:01.691 +01:00 [INF] CORS policy execution successful.
2025-11-27 13:50:01.692 +01:00 [INF] Request finished HTTP/1.1 OPTIONS http://localhost:5090/api/Notification/unread-count - 204 null null 0.8255ms
2025-11-27 13:50:01.694 +01:00 [INF] Request starting HTTP/1.1 GET http://localhost:5090/api/Notification/unread-count - application/json null
2025-11-27 13:50:01.694 +01:00 [INF] CORS policy execution successful.
2025-11-27 13:50:01.695 +01:00 [INF] Executing endpoint 'HomeCareApp.Controllers.NotificationController.GetUnreadCount (api)'
2025-11-27 13:50:01.695 +01:00 [INF] Route matched with {action = "GetUnreadCount", controller = "Notification"}. Executing controller action with signature System.Threading.Tasks.Task`1[Microsoft.AspNetCore.Mvc.ActionResult`1[System.Int32]] GetUnreadCount() on controller HomeCareApp.Controllers.NotificationController (api).
2025-11-27 13:50:01.695 +01:00 [INF] [NotificationController] Getting unread count for UserId: 3e910976-dd6e-460f-8989-036062624ad9
2025-11-27 13:50:01.695 +01:00 [INF] [NotificationRepository] GetUnreadCountAsync(3e910976-dd6e-460f-8989-036062624ad9) - Getting unread count for user
2025-11-27 13:50:01.697 +01:00 [INF] [NotificationRepository] GetUnreadCountAsync(3e910976-dd6e-460f-8989-036062624ad9) - User has 1 unread notifications
2025-11-27 13:50:01.697 +01:00 [INF] [NotificationController] Found 1 unread notifications for UserId: 3e910976-dd6e-460f-8989-036062624ad9
2025-11-27 13:50:01.697 +01:00 [INF] Executing OkObjectResult, writing value of type 'System.Int32'.
2025-11-27 13:50:01.697 +01:00 [INF] Executed action HomeCareApp.Controllers.NotificationController.GetUnreadCount (api) in 1.9846ms
2025-11-27 13:50:01.697 +01:00 [INF] Executed endpoint 'HomeCareApp.Controllers.NotificationController.GetUnreadCount (api)'
2025-11-27 13:50:01.697 +01:00 [INF] Request finished HTTP/1.1 GET http://localhost:5090/api/Notification/unread-count - 200 1 application/json; charset=utf-8 3.0481ms
2025-11-27 13:50:31.690 +01:00 [INF] Request starting HTTP/1.1 OPTIONS http://localhost:5090/api/Notification/unread-count - null null
2025-11-27 13:50:31.690 +01:00 [INF] CORS policy execution successful.
2025-11-27 13:50:31.690 +01:00 [INF] Request finished HTTP/1.1 OPTIONS http://localhost:5090/api/Notification/unread-count - 204 null null 0.5436ms
2025-11-27 13:50:31.693 +01:00 [INF] Request starting HTTP/1.1 GET http://localhost:5090/api/Notification/unread-count - application/json null
2025-11-27 13:50:31.693 +01:00 [INF] CORS policy execution successful.
2025-11-27 13:50:31.694 +01:00 [INF] Executing endpoint 'HomeCareApp.Controllers.NotificationController.GetUnreadCount (api)'
2025-11-27 13:50:31.695 +01:00 [INF] Route matched with {action = "GetUnreadCount", controller = "Notification"}. Executing controller action with signature System.Threading.Tasks.Task`1[Microsoft.AspNetCore.Mvc.ActionResult`1[System.Int32]] GetUnreadCount() on controller HomeCareApp.Controllers.NotificationController (api).
2025-11-27 13:50:31.695 +01:00 [INF] [NotificationController] Getting unread count for UserId: 3e910976-dd6e-460f-8989-036062624ad9
2025-11-27 13:50:31.695 +01:00 [INF] [NotificationRepository] GetUnreadCountAsync(3e910976-dd6e-460f-8989-036062624ad9) - Getting unread count for user
2025-11-27 13:50:31.697 +01:00 [INF] [NotificationRepository] GetUnreadCountAsync(3e910976-dd6e-460f-8989-036062624ad9) - User has 1 unread notifications
2025-11-27 13:50:31.697 +01:00 [INF] [NotificationController] Found 1 unread notifications for UserId: 3e910976-dd6e-460f-8989-036062624ad9
2025-11-27 13:50:31.697 +01:00 [INF] Executing OkObjectResult, writing value of type 'System.Int32'.
2025-11-27 13:50:31.698 +01:00 [INF] Executed action HomeCareApp.Controllers.NotificationController.GetUnreadCount (api) in 3.242ms
2025-11-27 13:50:31.698 +01:00 [INF] Executed endpoint 'HomeCareApp.Controllers.NotificationController.GetUnreadCount (api)'
2025-11-27 13:50:31.698 +01:00 [INF] Request finished HTTP/1.1 GET http://localhost:5090/api/Notification/unread-count - 200 1 application/json; charset=utf-8 5.2378ms
2025-11-27 13:50:33.677 +01:00 [INF] Request starting HTTP/1.1 GET http://localhost:5090/api/Notification/unread-count - application/json null
2025-11-27 13:50:33.677 +01:00 [INF] CORS policy execution successful.
2025-11-27 13:50:33.677 +01:00 [INF] Executing endpoint 'HomeCareApp.Controllers.NotificationController.GetUnreadCount (api)'
2025-11-27 13:50:33.678 +01:00 [INF] Route matched with {action = "GetUnreadCount", controller = "Notification"}. Executing controller action with signature System.Threading.Tasks.Task`1[Microsoft.AspNetCore.Mvc.ActionResult`1[System.Int32]] GetUnreadCount() on controller HomeCareApp.Controllers.NotificationController (api).
2025-11-27 13:50:33.678 +01:00 [INF] [NotificationController] Getting unread count for UserId: 3e910976-dd6e-460f-8989-036062624ad9
2025-11-27 13:50:33.678 +01:00 [INF] [NotificationRepository] GetUnreadCountAsync(3e910976-dd6e-460f-8989-036062624ad9) - Getting unread count for user
2025-11-27 13:50:33.679 +01:00 [INF] [NotificationRepository] GetUnreadCountAsync(3e910976-dd6e-460f-8989-036062624ad9) - User has 1 unread notifications
2025-11-27 13:50:33.679 +01:00 [INF] [NotificationController] Found 1 unread notifications for UserId: 3e910976-dd6e-460f-8989-036062624ad9
2025-11-27 13:50:33.680 +01:00 [INF] Executing OkObjectResult, writing value of type 'System.Int32'.
2025-11-27 13:50:33.680 +01:00 [INF] Executed action HomeCareApp.Controllers.NotificationController.GetUnreadCount (api) in 2.2167ms
2025-11-27 13:50:33.680 +01:00 [INF] Executed endpoint 'HomeCareApp.Controllers.NotificationController.GetUnreadCount (api)'
2025-11-27 13:50:33.680 +01:00 [INF] Request finished HTTP/1.1 GET http://localhost:5090/api/Notification/unread-count - 200 1 application/json; charset=utf-8 3.5355ms
2025-11-27 13:51:01.681 +01:00 [INF] Request starting HTTP/1.1 OPTIONS http://localhost:5090/api/Notification/unread-count - null null
2025-11-27 13:51:01.681 +01:00 [INF] CORS policy execution successful.
2025-11-27 13:51:01.681 +01:00 [INF] Request finished HTTP/1.1 OPTIONS http://localhost:5090/api/Notification/unread-count - 204 null null 0.3963ms
2025-11-27 13:51:01.684 +01:00 [INF] Request starting HTTP/1.1 GET http://localhost:5090/api/Notification/unread-count - application/json null
2025-11-27 13:51:01.684 +01:00 [INF] CORS policy execution successful.
2025-11-27 13:51:01.684 +01:00 [INF] Executing endpoint 'HomeCareApp.Controllers.NotificationController.GetUnreadCount (api)'
2025-11-27 13:51:01.684 +01:00 [INF] Route matched with {action = "GetUnreadCount", controller = "Notification"}. Executing controller action with signature System.Threading.Tasks.Task`1[Microsoft.AspNetCore.Mvc.ActionResult`1[System.Int32]] GetUnreadCount() on controller HomeCareApp.Controllers.NotificationController (api).
2025-11-27 13:51:01.685 +01:00 [INF] [NotificationController] Getting unread count for UserId: 3e910976-dd6e-460f-8989-036062624ad9
2025-11-27 13:51:01.685 +01:00 [INF] [NotificationRepository] GetUnreadCountAsync(3e910976-dd6e-460f-8989-036062624ad9) - Getting unread count for user
2025-11-27 13:51:01.685 +01:00 [INF] [NotificationRepository] GetUnreadCountAsync(3e910976-dd6e-460f-8989-036062624ad9) - User has 1 unread notifications
2025-11-27 13:51:01.685 +01:00 [INF] [NotificationController] Found 1 unread notifications for UserId: 3e910976-dd6e-460f-8989-036062624ad9
2025-11-27 13:51:01.685 +01:00 [INF] Executing OkObjectResult, writing value of type 'System.Int32'.
2025-11-27 13:51:01.685 +01:00 [INF] Executed action HomeCareApp.Controllers.NotificationController.GetUnreadCount (api) in 1.0711ms
2025-11-27 13:51:01.685 +01:00 [INF] Executed endpoint 'HomeCareApp.Controllers.NotificationController.GetUnreadCount (api)'
2025-11-27 13:51:01.685 +01:00 [INF] Request finished HTTP/1.1 GET http://localhost:5090/api/Notification/unread-count - 200 1 application/json; charset=utf-8 1.7744ms
2025-11-27 13:51:31.682 +01:00 [INF] Request starting HTTP/1.1 OPTIONS http://localhost:5090/api/Notification/unread-count - null null
2025-11-27 13:51:31.682 +01:00 [INF] CORS policy execution successful.
2025-11-27 13:51:31.682 +01:00 [INF] Request finished HTTP/1.1 OPTIONS http://localhost:5090/api/Notification/unread-count - 204 null null 0.3705ms
2025-11-27 13:51:31.684 +01:00 [INF] Request starting HTTP/1.1 GET http://localhost:5090/api/Notification/unread-count - application/json null
2025-11-27 13:51:31.684 +01:00 [INF] CORS policy execution successful.
2025-11-27 13:51:31.684 +01:00 [INF] Executing endpoint 'HomeCareApp.Controllers.NotificationController.GetUnreadCount (api)'
2025-11-27 13:51:31.684 +01:00 [INF] Route matched with {action = "GetUnreadCount", controller = "Notification"}. Executing controller action with signature System.Threading.Tasks.Task`1[Microsoft.AspNetCore.Mvc.ActionResult`1[System.Int32]] GetUnreadCount() on controller HomeCareApp.Controllers.NotificationController (api).
2025-11-27 13:51:31.685 +01:00 [INF] [NotificationController] Getting unread count for UserId: 3e910976-dd6e-460f-8989-036062624ad9
2025-11-27 13:51:31.685 +01:00 [INF] [NotificationRepository] GetUnreadCountAsync(3e910976-dd6e-460f-8989-036062624ad9) - Getting unread count for user
2025-11-27 13:51:31.686 +01:00 [INF] [NotificationRepository] GetUnreadCountAsync(3e910976-dd6e-460f-8989-036062624ad9) - User has 1 unread notifications
2025-11-27 13:51:31.686 +01:00 [INF] [NotificationController] Found 1 unread notifications for UserId: 3e910976-dd6e-460f-8989-036062624ad9
2025-11-27 13:51:31.686 +01:00 [INF] Executing OkObjectResult, writing value of type 'System.Int32'.
2025-11-27 13:51:31.686 +01:00 [INF] Executed action HomeCareApp.Controllers.NotificationController.GetUnreadCount (api) in 1.5029ms
2025-11-27 13:51:31.686 +01:00 [INF] Executed endpoint 'HomeCareApp.Controllers.NotificationController.GetUnreadCount (api)'
2025-11-27 13:51:31.686 +01:00 [INF] Request finished HTTP/1.1 GET http://localhost:5090/api/Notification/unread-count - 200 1 application/json; charset=utf-8 2.1377ms
2025-11-27 13:51:34.686 +01:00 [INF] Request starting HTTP/1.1 GET http://localhost:5090/api/Notification/unread-count - application/json null
2025-11-27 13:51:34.686 +01:00 [INF] CORS policy execution successful.
2025-11-27 13:51:34.686 +01:00 [INF] Executing endpoint 'HomeCareApp.Controllers.NotificationController.GetUnreadCount (api)'
2025-11-27 13:51:34.686 +01:00 [INF] Route matched with {action = "GetUnreadCount", controller = "Notification"}. Executing controller action with signature System.Threading.Tasks.Task`1[Microsoft.AspNetCore.Mvc.ActionResult`1[System.Int32]] GetUnreadCount() on controller HomeCareApp.Controllers.NotificationController (api).
2025-11-27 13:51:34.687 +01:00 [INF] [NotificationController] Getting unread count for UserId: 3e910976-dd6e-460f-8989-036062624ad9
2025-11-27 13:51:34.687 +01:00 [INF] [NotificationRepository] GetUnreadCountAsync(3e910976-dd6e-460f-8989-036062624ad9) - Getting unread count for user
2025-11-27 13:51:34.688 +01:00 [INF] [NotificationRepository] GetUnreadCountAsync(3e910976-dd6e-460f-8989-036062624ad9) - User has 1 unread notifications
2025-11-27 13:51:34.688 +01:00 [INF] [NotificationController] Found 1 unread notifications for UserId: 3e910976-dd6e-460f-8989-036062624ad9
2025-11-27 13:51:34.688 +01:00 [INF] Executing OkObjectResult, writing value of type 'System.Int32'.
2025-11-27 13:51:34.688 +01:00 [INF] Executed action HomeCareApp.Controllers.NotificationController.GetUnreadCount (api) in 1.4955ms
2025-11-27 13:51:34.688 +01:00 [INF] Executed endpoint 'HomeCareApp.Controllers.NotificationController.GetUnreadCount (api)'
2025-11-27 13:51:34.688 +01:00 [INF] Request finished HTTP/1.1 GET http://localhost:5090/api/Notification/unread-count - 200 1 application/json; charset=utf-8 2.3713ms
2025-11-27 13:52:01.687 +01:00 [INF] Request starting HTTP/1.1 OPTIONS http://localhost:5090/api/Notification/unread-count - null null
2025-11-27 13:52:01.687 +01:00 [INF] CORS policy execution successful.
2025-11-27 13:52:01.687 +01:00 [INF] Request finished HTTP/1.1 OPTIONS http://localhost:5090/api/Notification/unread-count - 204 null null 0.389ms
2025-11-27 13:52:01.689 +01:00 [INF] Request starting HTTP/1.1 GET http://localhost:5090/api/Notification/unread-count - application/json null
2025-11-27 13:52:01.689 +01:00 [INF] CORS policy execution successful.
2025-11-27 13:52:01.690 +01:00 [INF] Executing endpoint 'HomeCareApp.Controllers.NotificationController.GetUnreadCount (api)'
2025-11-27 13:52:01.690 +01:00 [INF] Route matched with {action = "GetUnreadCount", controller = "Notification"}. Executing controller action with signature System.Threading.Tasks.Task`1[Microsoft.AspNetCore.Mvc.ActionResult`1[System.Int32]] GetUnreadCount() on controller HomeCareApp.Controllers.NotificationController (api).
2025-11-27 13:52:01.690 +01:00 [INF] [NotificationController] Getting unread count for UserId: 3e910976-dd6e-460f-8989-036062624ad9
2025-11-27 13:52:01.690 +01:00 [INF] [NotificationRepository] GetUnreadCountAsync(3e910976-dd6e-460f-8989-036062624ad9) - Getting unread count for user
2025-11-27 13:52:01.691 +01:00 [INF] [NotificationRepository] GetUnreadCountAsync(3e910976-dd6e-460f-8989-036062624ad9) - User has 1 unread notifications
2025-11-27 13:52:01.691 +01:00 [INF] [NotificationController] Found 1 unread notifications for UserId: 3e910976-dd6e-460f-8989-036062624ad9
2025-11-27 13:52:01.691 +01:00 [INF] Executing OkObjectResult, writing value of type 'System.Int32'.
2025-11-27 13:52:01.691 +01:00 [INF] Executed action HomeCareApp.Controllers.NotificationController.GetUnreadCount (api) in 1.1683ms
2025-11-27 13:52:01.691 +01:00 [INF] Executed endpoint 'HomeCareApp.Controllers.NotificationController.GetUnreadCount (api)'
2025-11-27 13:52:01.691 +01:00 [INF] Request finished HTTP/1.1 GET http://localhost:5090/api/Notification/unread-count - 200 1 application/json; charset=utf-8 1.7724ms
2025-11-27 13:52:31.687 +01:00 [INF] Request starting HTTP/1.1 OPTIONS http://localhost:5090/api/Notification/unread-count - null null
2025-11-27 13:52:31.687 +01:00 [INF] CORS policy execution successful.
2025-11-27 13:52:31.687 +01:00 [INF] Request finished HTTP/1.1 OPTIONS http://localhost:5090/api/Notification/unread-count - 204 null null 0.3245ms
2025-11-27 13:52:31.689 +01:00 [INF] Request starting HTTP/1.1 GET http://localhost:5090/api/Notification/unread-count - application/json null
2025-11-27 13:52:31.689 +01:00 [INF] CORS policy execution successful.
2025-11-27 13:52:31.689 +01:00 [INF] Executing endpoint 'HomeCareApp.Controllers.NotificationController.GetUnreadCount (api)'
2025-11-27 13:52:31.690 +01:00 [INF] Route matched with {action = "GetUnreadCount", controller = "Notification"}. Executing controller action with signature System.Threading.Tasks.Task`1[Microsoft.AspNetCore.Mvc.ActionResult`1[System.Int32]] GetUnreadCount() on controller HomeCareApp.Controllers.NotificationController (api).
2025-11-27 13:52:31.690 +01:00 [INF] [NotificationController] Getting unread count for UserId: 3e910976-dd6e-460f-8989-036062624ad9
2025-11-27 13:52:31.690 +01:00 [INF] [NotificationRepository] GetUnreadCountAsync(3e910976-dd6e-460f-8989-036062624ad9) - Getting unread count for user
2025-11-27 13:52:31.691 +01:00 [INF] [NotificationRepository] GetUnreadCountAsync(3e910976-dd6e-460f-8989-036062624ad9) - User has 1 unread notifications
2025-11-27 13:52:31.691 +01:00 [INF] [NotificationController] Found 1 unread notifications for UserId: 3e910976-dd6e-460f-8989-036062624ad9
2025-11-27 13:52:31.691 +01:00 [INF] Executing OkObjectResult, writing value of type 'System.Int32'.
2025-11-27 13:52:31.691 +01:00 [INF] Executed action HomeCareApp.Controllers.NotificationController.GetUnreadCount (api) in 1.2514ms
2025-11-27 13:52:31.691 +01:00 [INF] Executed endpoint 'HomeCareApp.Controllers.NotificationController.GetUnreadCount (api)'
2025-11-27 13:52:31.691 +01:00 [INF] Request finished HTTP/1.1 GET http://localhost:5090/api/Notification/unread-count - 200 1 application/json; charset=utf-8 2.1187ms
2025-11-27 13:52:35.684 +01:00 [INF] Request starting HTTP/1.1 GET http://localhost:5090/api/Notification/unread-count - application/json null
2025-11-27 13:52:35.684 +01:00 [INF] CORS policy execution successful.
2025-11-27 13:52:35.685 +01:00 [INF] Executing endpoint 'HomeCareApp.Controllers.NotificationController.GetUnreadCount (api)'
2025-11-27 13:52:35.685 +01:00 [INF] Route matched with {action = "GetUnreadCount", controller = "Notification"}. Executing controller action with signature System.Threading.Tasks.Task`1[Microsoft.AspNetCore.Mvc.ActionResult`1[System.Int32]] GetUnreadCount() on controller HomeCareApp.Controllers.NotificationController (api).
2025-11-27 13:52:35.686 +01:00 [INF] [NotificationController] Getting unread count for UserId: 3e910976-dd6e-460f-8989-036062624ad9
2025-11-27 13:52:35.686 +01:00 [INF] [NotificationRepository] GetUnreadCountAsync(3e910976-dd6e-460f-8989-036062624ad9) - Getting unread count for user
2025-11-27 13:52:35.687 +01:00 [INF] [NotificationRepository] GetUnreadCountAsync(3e910976-dd6e-460f-8989-036062624ad9) - User has 1 unread notifications
2025-11-27 13:52:35.688 +01:00 [INF] [NotificationController] Found 1 unread notifications for UserId: 3e910976-dd6e-460f-8989-036062624ad9
2025-11-27 13:52:35.688 +01:00 [INF] Executing OkObjectResult, writing value of type 'System.Int32'.
2025-11-27 13:52:35.688 +01:00 [INF] Executed action HomeCareApp.Controllers.NotificationController.GetUnreadCount (api) in 2.6569ms
2025-11-27 13:52:35.688 +01:00 [INF] Executed endpoint 'HomeCareApp.Controllers.NotificationController.GetUnreadCount (api)'
2025-11-27 13:52:35.688 +01:00 [INF] Request finished HTTP/1.1 GET http://localhost:5090/api/Notification/unread-count - 200 1 application/json; charset=utf-8 4.0633ms
2025-11-27 13:53:32.691 +01:00 [INF] Request starting HTTP/1.1 OPTIONS http://localhost:5090/api/Notification/unread-count - null null
2025-11-27 13:53:32.691 +01:00 [INF] CORS policy execution successful.
2025-11-27 13:53:32.691 +01:00 [INF] Request finished HTTP/1.1 OPTIONS http://localhost:5090/api/Notification/unread-count - 204 null null 0.2892ms
2025-11-27 13:53:32.692 +01:00 [INF] Request starting HTTP/1.1 GET http://localhost:5090/api/Notification/unread-count - application/json null
2025-11-27 13:53:32.692 +01:00 [INF] CORS policy execution successful.
2025-11-27 13:53:32.693 +01:00 [INF] Executing endpoint 'HomeCareApp.Controllers.NotificationController.GetUnreadCount (api)'
2025-11-27 13:53:32.693 +01:00 [INF] Route matched with {action = "GetUnreadCount", controller = "Notification"}. Executing controller action with signature System.Threading.Tasks.Task`1[Microsoft.AspNetCore.Mvc.ActionResult`1[System.Int32]] GetUnreadCount() on controller HomeCareApp.Controllers.NotificationController (api).
2025-11-27 13:53:32.694 +01:00 [INF] [NotificationController] Getting unread count for UserId: 3e910976-dd6e-460f-8989-036062624ad9
2025-11-27 13:53:32.694 +01:00 [INF] [NotificationRepository] GetUnreadCountAsync(3e910976-dd6e-460f-8989-036062624ad9) - Getting unread count for user
2025-11-27 13:53:32.696 +01:00 [INF] [NotificationRepository] GetUnreadCountAsync(3e910976-dd6e-460f-8989-036062624ad9) - User has 1 unread notifications
2025-11-27 13:53:32.696 +01:00 [INF] [NotificationController] Found 1 unread notifications for UserId: 3e910976-dd6e-460f-8989-036062624ad9
2025-11-27 13:53:32.696 +01:00 [INF] Executing OkObjectResult, writing value of type 'System.Int32'.
2025-11-27 13:53:32.696 +01:00 [INF] Executed action HomeCareApp.Controllers.NotificationController.GetUnreadCount (api) in 2.8127ms
2025-11-27 13:53:32.696 +01:00 [INF] Executed endpoint 'HomeCareApp.Controllers.NotificationController.GetUnreadCount (api)'
2025-11-27 13:53:32.696 +01:00 [INF] Request finished HTTP/1.1 GET http://localhost:5090/api/Notification/unread-count - 200 1 application/json; charset=utf-8 4.1307ms
2025-11-27 13:53:36.686 +01:00 [INF] Request starting HTTP/1.1 GET http://localhost:5090/api/Notification/unread-count - application/json null
2025-11-27 13:53:36.686 +01:00 [INF] CORS policy execution successful.
2025-11-27 13:53:36.687 +01:00 [INF] Executing endpoint 'HomeCareApp.Controllers.NotificationController.GetUnreadCount (api)'
2025-11-27 13:53:36.687 +01:00 [INF] Route matched with {action = "GetUnreadCount", controller = "Notification"}. Executing controller action with signature System.Threading.Tasks.Task`1[Microsoft.AspNetCore.Mvc.ActionResult`1[System.Int32]] GetUnreadCount() on controller HomeCareApp.Controllers.NotificationController (api).
2025-11-27 13:53:36.687 +01:00 [INF] [NotificationController] Getting unread count for UserId: 3e910976-dd6e-460f-8989-036062624ad9
2025-11-27 13:53:36.687 +01:00 [INF] [NotificationRepository] GetUnreadCountAsync(3e910976-dd6e-460f-8989-036062624ad9) - Getting unread count for user
2025-11-27 13:53:36.689 +01:00 [INF] [NotificationRepository] GetUnreadCountAsync(3e910976-dd6e-460f-8989-036062624ad9) - User has 1 unread notifications
2025-11-27 13:53:36.689 +01:00 [INF] [NotificationController] Found 1 unread notifications for UserId: 3e910976-dd6e-460f-8989-036062624ad9
2025-11-27 13:53:36.689 +01:00 [INF] Executing OkObjectResult, writing value of type 'System.Int32'.
2025-11-27 13:53:36.689 +01:00 [INF] Executed action HomeCareApp.Controllers.NotificationController.GetUnreadCount (api) in 2.7239ms
2025-11-27 13:53:36.690 +01:00 [INF] Executed endpoint 'HomeCareApp.Controllers.NotificationController.GetUnreadCount (api)'
2025-11-27 13:53:36.690 +01:00 [INF] Request finished HTTP/1.1 GET http://localhost:5090/api/Notification/unread-count - 200 1 application/json; charset=utf-8 3.7322ms
2025-11-27 13:53:41.227 +01:00 [INF] Request starting HTTP/1.1 OPTIONS http://localhost:5090/api/Auth/login - null null
2025-11-27 13:53:41.228 +01:00 [INF] CORS policy execution failed.
2025-11-27 13:53:41.228 +01:00 [INF] Request origin http://localhost:5174 does not have permission to access the resource.
2025-11-27 13:53:41.228 +01:00 [INF] Request finished HTTP/1.1 OPTIONS http://localhost:5090/api/Auth/login - 204 null null 0.8173ms
2025-11-27 13:54:03.927 +01:00 [INF] Request starting HTTP/1.1 OPTIONS http://localhost:5090/api/Auth/login - null null
2025-11-27 13:54:03.929 +01:00 [INF] CORS policy execution failed.
2025-11-27 13:54:03.929 +01:00 [INF] Request origin http://localhost:5174 does not have permission to access the resource.
2025-11-27 13:54:03.929 +01:00 [INF] Request finished HTTP/1.1 OPTIONS http://localhost:5090/api/Auth/login - 204 null null 2.6673ms
2025-11-27 13:54:11.498 +01:00 [INF] Request starting HTTP/1.1 OPTIONS http://localhost:5090/api/Auth/login - null null
2025-11-27 13:54:11.498 +01:00 [INF] CORS policy execution failed.
2025-11-27 13:54:11.498 +01:00 [INF] Request origin http://localhost:5174 does not have permission to access the resource.
2025-11-27 13:54:11.498 +01:00 [INF] Request finished HTTP/1.1 OPTIONS http://localhost:5090/api/Auth/login - 204 null null 0.4398ms
2025-11-27 13:54:33.690 +01:00 [INF] Request starting HTTP/1.1 OPTIONS http://localhost:5090/api/Notification/unread-count - null null
2025-11-27 13:54:33.691 +01:00 [INF] CORS policy execution successful.
2025-11-27 13:54:33.691 +01:00 [INF] Request finished HTTP/1.1 OPTIONS http://localhost:5090/api/Notification/unread-count - 204 null null 0.4224ms
2025-11-27 13:54:33.693 +01:00 [INF] Request starting HTTP/1.1 GET http://localhost:5090/api/Notification/unread-count - application/json null
2025-11-27 13:54:33.693 +01:00 [INF] CORS policy execution successful.
2025-11-27 13:54:33.694 +01:00 [INF] Executing endpoint 'HomeCareApp.Controllers.NotificationController.GetUnreadCount (api)'
2025-11-27 13:54:33.694 +01:00 [INF] Route matched with {action = "GetUnreadCount", controller = "Notification"}. Executing controller action with signature System.Threading.Tasks.Task`1[Microsoft.AspNetCore.Mvc.ActionResult`1[System.Int32]] GetUnreadCount() on controller HomeCareApp.Controllers.NotificationController (api).
2025-11-27 13:54:33.694 +01:00 [INF] [NotificationController] Getting unread count for UserId: 3e910976-dd6e-460f-8989-036062624ad9
2025-11-27 13:54:33.694 +01:00 [INF] [NotificationRepository] GetUnreadCountAsync(3e910976-dd6e-460f-8989-036062624ad9) - Getting unread count for user
2025-11-27 13:54:33.695 +01:00 [INF] [NotificationRepository] GetUnreadCountAsync(3e910976-dd6e-460f-8989-036062624ad9) - User has 1 unread notifications
2025-11-27 13:54:33.695 +01:00 [INF] [NotificationController] Found 1 unread notifications for UserId: 3e910976-dd6e-460f-8989-036062624ad9
2025-11-27 13:54:33.695 +01:00 [INF] Executing OkObjectResult, writing value of type 'System.Int32'.
2025-11-27 13:54:33.695 +01:00 [INF] Executed action HomeCareApp.Controllers.NotificationController.GetUnreadCount (api) in 1.2953ms
2025-11-27 13:54:33.695 +01:00 [INF] Executed endpoint 'HomeCareApp.Controllers.NotificationController.GetUnreadCount (api)'
2025-11-27 13:54:33.695 +01:00 [INF] Request finished HTTP/1.1 GET http://localhost:5090/api/Notification/unread-count - 200 1 application/json; charset=utf-8 2.3498ms
2025-11-27 13:54:37.680 +01:00 [INF] Request starting HTTP/1.1 GET http://localhost:5090/api/Notification/unread-count - application/json null
2025-11-27 13:54:37.680 +01:00 [INF] CORS policy execution successful.
2025-11-27 13:54:37.680 +01:00 [INF] Executing endpoint 'HomeCareApp.Controllers.NotificationController.GetUnreadCount (api)'
2025-11-27 13:54:37.680 +01:00 [INF] Route matched with {action = "GetUnreadCount", controller = "Notification"}. Executing controller action with signature System.Threading.Tasks.Task`1[Microsoft.AspNetCore.Mvc.ActionResult`1[System.Int32]] GetUnreadCount() on controller HomeCareApp.Controllers.NotificationController (api).
2025-11-27 13:54:37.681 +01:00 [INF] [NotificationController] Getting unread count for UserId: 3e910976-dd6e-460f-8989-036062624ad9
2025-11-27 13:54:37.681 +01:00 [INF] [NotificationRepository] GetUnreadCountAsync(3e910976-dd6e-460f-8989-036062624ad9) - Getting unread count for user
2025-11-27 13:54:37.682 +01:00 [INF] [NotificationRepository] GetUnreadCountAsync(3e910976-dd6e-460f-8989-036062624ad9) - User has 1 unread notifications
2025-11-27 13:54:37.683 +01:00 [INF] [NotificationController] Found 1 unread notifications for UserId: 3e910976-dd6e-460f-8989-036062624ad9
2025-11-27 13:54:37.683 +01:00 [INF] Executing OkObjectResult, writing value of type 'System.Int32'.
2025-11-27 13:54:37.683 +01:00 [INF] Executed action HomeCareApp.Controllers.NotificationController.GetUnreadCount (api) in 2.6498ms
2025-11-27 13:54:37.683 +01:00 [INF] Executed endpoint 'HomeCareApp.Controllers.NotificationController.GetUnreadCount (api)'
2025-11-27 13:54:37.683 +01:00 [INF] Request finished HTTP/1.1 GET http://localhost:5090/api/Notification/unread-count - 200 1 application/json; charset=utf-8 3.6518ms
2025-11-27 13:54:50.054 +01:00 [INF] Request starting HTTP/1.1 OPTIONS http://localhost:5090/api/Auth/login - null null
2025-11-27 13:54:50.054 +01:00 [INF] CORS policy execution failed.
2025-11-27 13:54:50.054 +01:00 [INF] Request origin http://localhost:5174 does not have permission to access the resource.
2025-11-27 13:54:50.054 +01:00 [INF] Request finished HTTP/1.1 OPTIONS http://localhost:5090/api/Auth/login - 204 null null 0.2073ms
2025-11-27 13:54:57.793 +01:00 [INF] Request starting HTTP/1.1 OPTIONS http://localhost:5090/api/Auth/login - null null
2025-11-27 13:54:57.793 +01:00 [INF] CORS policy execution failed.
2025-11-27 13:54:57.793 +01:00 [INF] Request origin http://localhost:5174 does not have permission to access the resource.
2025-11-27 13:54:57.793 +01:00 [INF] Request finished HTTP/1.1 OPTIONS http://localhost:5090/api/Auth/login - 204 null null 0.3948ms
2025-11-27 13:55:34.678 +01:00 [INF] Request starting HTTP/1.1 OPTIONS http://localhost:5090/api/Notification/unread-count - null null
2025-11-27 13:55:34.678 +01:00 [INF] CORS policy execution successful.
2025-11-27 13:55:34.679 +01:00 [INF] Request finished HTTP/1.1 OPTIONS http://localhost:5090/api/Notification/unread-count - 204 null null 0.624ms
2025-11-27 13:55:34.682 +01:00 [INF] Request starting HTTP/1.1 GET http://localhost:5090/api/Notification/unread-count - application/json null
2025-11-27 13:55:34.683 +01:00 [INF] CORS policy execution successful.
2025-11-27 13:55:34.683 +01:00 [INF] Executing endpoint 'HomeCareApp.Controllers.NotificationController.GetUnreadCount (api)'
2025-11-27 13:55:34.684 +01:00 [INF] Route matched with {action = "GetUnreadCount", controller = "Notification"}. Executing controller action with signature System.Threading.Tasks.Task`1[Microsoft.AspNetCore.Mvc.ActionResult`1[System.Int32]] GetUnreadCount() on controller HomeCareApp.Controllers.NotificationController (api).
2025-11-27 13:55:34.684 +01:00 [INF] [NotificationController] Getting unread count for UserId: 3e910976-dd6e-460f-8989-036062624ad9
2025-11-27 13:55:34.684 +01:00 [INF] [NotificationRepository] GetUnreadCountAsync(3e910976-dd6e-460f-8989-036062624ad9) - Getting unread count for user
2025-11-27 13:55:34.686 +01:00 [INF] [NotificationRepository] GetUnreadCountAsync(3e910976-dd6e-460f-8989-036062624ad9) - User has 1 unread notifications
2025-11-27 13:55:34.686 +01:00 [INF] [NotificationController] Found 1 unread notifications for UserId: 3e910976-dd6e-460f-8989-036062624ad9
2025-11-27 13:55:34.687 +01:00 [INF] Executing OkObjectResult, writing value of type 'System.Int32'.
2025-11-27 13:55:34.687 +01:00 [INF] Executed action HomeCareApp.Controllers.NotificationController.GetUnreadCount (api) in 3.3166ms
2025-11-27 13:55:34.687 +01:00 [INF] Executed endpoint 'HomeCareApp.Controllers.NotificationController.GetUnreadCount (api)'
2025-11-27 13:55:34.687 +01:00 [INF] Request finished HTTP/1.1 GET http://localhost:5090/api/Notification/unread-count - 200 1 application/json; charset=utf-8 5.016ms
2025-11-27 13:55:37.897 +01:00 [INF] Request starting HTTP/1.1 OPTIONS http://localhost:5090/api/Auth/login - null null
2025-11-27 13:55:37.897 +01:00 [INF] CORS policy execution failed.
2025-11-27 13:55:37.897 +01:00 [INF] Request origin http://localhost:5174 does not have permission to access the resource.
2025-11-27 13:55:37.897 +01:00 [INF] Request finished HTTP/1.1 OPTIONS http://localhost:5090/api/Auth/login - 204 null null 0.2242ms
2025-11-27 13:55:38.683 +01:00 [INF] Request starting HTTP/1.1 GET http://localhost:5090/api/Notification/unread-count - application/json null
2025-11-27 13:55:38.683 +01:00 [INF] CORS policy execution successful.
2025-11-27 13:55:38.683 +01:00 [INF] Executing endpoint 'HomeCareApp.Controllers.NotificationController.GetUnreadCount (api)'
2025-11-27 13:55:38.684 +01:00 [INF] Route matched with {action = "GetUnreadCount", controller = "Notification"}. Executing controller action with signature System.Threading.Tasks.Task`1[Microsoft.AspNetCore.Mvc.ActionResult`1[System.Int32]] GetUnreadCount() on controller HomeCareApp.Controllers.NotificationController (api).
2025-11-27 13:55:38.684 +01:00 [INF] [NotificationController] Getting unread count for UserId: 3e910976-dd6e-460f-8989-036062624ad9
2025-11-27 13:55:38.684 +01:00 [INF] [NotificationRepository] GetUnreadCountAsync(3e910976-dd6e-460f-8989-036062624ad9) - Getting unread count for user
2025-11-27 13:55:38.687 +01:00 [INF] [NotificationRepository] GetUnreadCountAsync(3e910976-dd6e-460f-8989-036062624ad9) - User has 1 unread notifications
2025-11-27 13:55:38.687 +01:00 [INF] [NotificationController] Found 1 unread notifications for UserId: 3e910976-dd6e-460f-8989-036062624ad9
2025-11-27 13:55:38.688 +01:00 [INF] Executing OkObjectResult, writing value of type 'System.Int32'.
2025-11-27 13:55:38.688 +01:00 [INF] Executed action HomeCareApp.Controllers.NotificationController.GetUnreadCount (api) in 4.0807ms
2025-11-27 13:55:38.688 +01:00 [INF] Executed endpoint 'HomeCareApp.Controllers.NotificationController.GetUnreadCount (api)'
2025-11-27 13:55:38.688 +01:00 [INF] Request finished HTTP/1.1 GET http://localhost:5090/api/Notification/unread-count - 200 1 application/json; charset=utf-8 5.3965ms
2025-11-27 13:55:43.448 +01:00 [INF] Request starting HTTP/1.1 OPTIONS http://localhost:5090/api/Auth/login - null null
2025-11-27 13:55:43.448 +01:00 [INF] CORS policy execution failed.
2025-11-27 13:55:43.448 +01:00 [INF] Request origin http://localhost:5174 does not have permission to access the resource.
2025-11-27 13:55:43.448 +01:00 [INF] Request finished HTTP/1.1 OPTIONS http://localhost:5090/api/Auth/login - 204 null null 0.3056ms
2025-11-27 13:55:55.482 +01:00 [INF] Request starting HTTP/1.1 OPTIONS http://localhost:5090/api/Auth/register - null null
2025-11-27 13:55:55.483 +01:00 [INF] CORS policy execution failed.
2025-11-27 13:55:55.483 +01:00 [INF] Request origin http://localhost:5174 does not have permission to access the resource.
2025-11-27 13:55:55.483 +01:00 [INF] Request finished HTTP/1.1 OPTIONS http://localhost:5090/api/Auth/register - 204 null null 0.4593ms
2025-11-27 13:56:30.938 +01:00 [INF] Request starting HTTP/1.1 OPTIONS http://localhost:5090/api/Auth/login - null null
2025-11-27 13:56:30.938 +01:00 [INF] CORS policy execution failed.
2025-11-27 13:56:30.938 +01:00 [INF] Request origin http://localhost:5174 does not have permission to access the resource.
2025-11-27 13:56:30.938 +01:00 [INF] Request finished HTTP/1.1 OPTIONS http://localhost:5090/api/Auth/login - 204 null null 0.373ms
2025-11-27 13:56:35.678 +01:00 [INF] Request starting HTTP/1.1 OPTIONS http://localhost:5090/api/Notification/unread-count - null null
2025-11-27 13:56:35.678 +01:00 [INF] CORS policy execution successful.
2025-11-27 13:56:35.678 +01:00 [INF] Request finished HTTP/1.1 OPTIONS http://localhost:5090/api/Notification/unread-count - 204 null null 0.4259ms
2025-11-27 13:56:35.681 +01:00 [INF] Request starting HTTP/1.1 GET http://localhost:5090/api/Notification/unread-count - application/json null
2025-11-27 13:56:35.681 +01:00 [INF] CORS policy execution successful.
2025-11-27 13:56:35.682 +01:00 [INF] Executing endpoint 'HomeCareApp.Controllers.NotificationController.GetUnreadCount (api)'
2025-11-27 13:56:35.682 +01:00 [INF] Route matched with {action = "GetUnreadCount", controller = "Notification"}. Executing controller action with signature System.Threading.Tasks.Task`1[Microsoft.AspNetCore.Mvc.ActionResult`1[System.Int32]] GetUnreadCount() on controller HomeCareApp.Controllers.NotificationController (api).
2025-11-27 13:56:35.683 +01:00 [INF] [NotificationController] Getting unread count for UserId: 3e910976-dd6e-460f-8989-036062624ad9
2025-11-27 13:56:35.683 +01:00 [INF] [NotificationRepository] GetUnreadCountAsync(3e910976-dd6e-460f-8989-036062624ad9) - Getting unread count for user
2025-11-27 13:56:35.685 +01:00 [INF] [NotificationRepository] GetUnreadCountAsync(3e910976-dd6e-460f-8989-036062624ad9) - User has 1 unread notifications
2025-11-27 13:56:35.685 +01:00 [INF] [NotificationController] Found 1 unread notifications for UserId: 3e910976-dd6e-460f-8989-036062624ad9
2025-11-27 13:56:35.685 +01:00 [INF] Executing OkObjectResult, writing value of type 'System.Int32'.
2025-11-27 13:56:35.685 +01:00 [INF] Executed action HomeCareApp.Controllers.NotificationController.GetUnreadCount (api) in 3.158ms
2025-11-27 13:56:35.685 +01:00 [INF] Executed endpoint 'HomeCareApp.Controllers.NotificationController.GetUnreadCount (api)'
2025-11-27 13:56:35.686 +01:00 [INF] Request finished HTTP/1.1 GET http://localhost:5090/api/Notification/unread-count - 200 1 application/json; charset=utf-8 4.3667ms
2025-11-27 13:56:36.550 +01:00 [INF] Request starting HTTP/1.1 GET http://localhost:5090/api/Notification/unread-count - application/json null
2025-11-27 13:56:36.550 +01:00 [INF] CORS policy execution successful.
2025-11-27 13:56:36.551 +01:00 [INF] Executing endpoint 'HomeCareApp.Controllers.NotificationController.GetUnreadCount (api)'
2025-11-27 13:56:36.551 +01:00 [INF] Route matched with {action = "GetUnreadCount", controller = "Notification"}. Executing controller action with signature System.Threading.Tasks.Task`1[Microsoft.AspNetCore.Mvc.ActionResult`1[System.Int32]] GetUnreadCount() on controller HomeCareApp.Controllers.NotificationController (api).
2025-11-27 13:56:36.551 +01:00 [INF] [NotificationController] Getting unread count for UserId: 3e910976-dd6e-460f-8989-036062624ad9
2025-11-27 13:56:36.551 +01:00 [INF] [NotificationRepository] GetUnreadCountAsync(3e910976-dd6e-460f-8989-036062624ad9) - Getting unread count for user
2025-11-27 13:56:36.552 +01:00 [INF] [NotificationRepository] GetUnreadCountAsync(3e910976-dd6e-460f-8989-036062624ad9) - User has 1 unread notifications
2025-11-27 13:56:36.552 +01:00 [INF] [NotificationController] Found 1 unread notifications for UserId: 3e910976-dd6e-460f-8989-036062624ad9
2025-11-27 13:56:36.552 +01:00 [INF] Executing OkObjectResult, writing value of type 'System.Int32'.
2025-11-27 13:56:36.553 +01:00 [INF] Executed action HomeCareApp.Controllers.NotificationController.GetUnreadCount (api) in 1.7397ms
2025-11-27 13:56:36.553 +01:00 [INF] Executed endpoint 'HomeCareApp.Controllers.NotificationController.GetUnreadCount (api)'
2025-11-27 13:56:36.553 +01:00 [INF] Request finished HTTP/1.1 GET http://localhost:5090/api/Notification/unread-count - 200 1 application/json; charset=utf-8 2.639ms
