2025-11-27 12:13:27.201 +01:00 [INF] No migrations were applied. The database is already up to date.
2025-11-27 12:13:27.248 +01:00 [INF] No migrations were applied. The database is already up to date.
2025-11-27 12:13:27.306 +01:00 [INF] User profile is available. Using 'C:\Users\B\AppData\Local\ASP.NET\DataProtection-Keys' as key repository and Windows DPAPI to encrypt keys at rest.
2025-11-27 12:13:27.339 +01:00 [INF] Now listening on: http://localhost:5090
2025-11-27 12:13:27.341 +01:00 [INF] Application started. Press Ctrl+C to shut down.
2025-11-27 12:13:27.341 +01:00 [INF] Hosting environment: Development
2025-11-27 12:13:27.343 +01:00 [INF] Content root path: C:\Users\B\Documents\ITPE3200\React-Homecare\api
2025-11-27 12:13:29.119 +01:00 [INF] Request starting HTTP/1.1 OPTIONS http://localhost:5090/api/Notification/unread-count - null null
2025-11-27 12:13:29.119 +01:00 [INF] Request starting HTTP/1.1 OPTIONS http://localhost:5090/api/Notification/unread-count - null null
2025-11-27 12:13:29.147 +01:00 [INF] CORS policy execution successful.
2025-11-27 12:13:29.147 +01:00 [INF] CORS policy execution successful.
2025-11-27 12:13:29.151 +01:00 [INF] Request finished HTTP/1.1 OPTIONS http://localhost:5090/api/Notification/unread-count - 204 null null 32.157ms
2025-11-27 12:13:29.151 +01:00 [INF] Request finished HTTP/1.1 OPTIONS http://localhost:5090/api/Notification/unread-count - 204 null null 32.1567ms
2025-11-27 12:13:29.153 +01:00 [INF] Request starting HTTP/1.1 GET http://localhost:5090/api/Notification/unread-count - application/json null
2025-11-27 12:13:29.161 +01:00 [INF] CORS policy execution successful.
2025-11-27 12:13:29.239 +01:00 [INF] Executing endpoint 'HomeCareApp.Controllers.NotificationController.GetUnreadCount (api)'
2025-11-27 12:13:29.253 +01:00 [INF] Route matched with {action = "GetUnreadCount", controller = "Notification"}. Executing controller action with signature System.Threading.Tasks.Task`1[Microsoft.AspNetCore.Mvc.ActionResult`1[System.Int32]] GetUnreadCount() on controller HomeCareApp.Controllers.NotificationController (api).
2025-11-27 12:13:29.501 +01:00 [INF] Executing OkObjectResult, writing value of type 'System.Int32'.
2025-11-27 12:13:29.534 +01:00 [INF] Executed action HomeCareApp.Controllers.NotificationController.GetUnreadCount (api) in 277.9257ms
2025-11-27 12:13:29.535 +01:00 [INF] Executed endpoint 'HomeCareApp.Controllers.NotificationController.GetUnreadCount (api)'
2025-11-27 12:13:29.537 +01:00 [INF] Request finished HTTP/1.1 GET http://localhost:5090/api/Notification/unread-count - 200 1 application/json; charset=utf-8 383.6431ms
2025-11-27 12:13:29.539 +01:00 [INF] Request starting HTTP/1.1 GET http://localhost:5090/api/Notification/unread-count - application/json null
2025-11-27 12:13:29.540 +01:00 [INF] CORS policy execution successful.
2025-11-27 12:13:29.546 +01:00 [INF] Executing endpoint 'HomeCareApp.Controllers.NotificationController.GetUnreadCount (api)'
2025-11-27 12:13:29.546 +01:00 [INF] Route matched with {action = "GetUnreadCount", controller = "Notification"}. Executing controller action with signature System.Threading.Tasks.Task`1[Microsoft.AspNetCore.Mvc.ActionResult`1[System.Int32]] GetUnreadCount() on controller HomeCareApp.Controllers.NotificationController (api).
2025-11-27 12:13:29.553 +01:00 [INF] Executing OkObjectResult, writing value of type 'System.Int32'.
2025-11-27 12:13:29.553 +01:00 [INF] Executed action HomeCareApp.Controllers.NotificationController.GetUnreadCount (api) in 7.0431ms
2025-11-27 12:13:29.553 +01:00 [INF] Executed endpoint 'HomeCareApp.Controllers.NotificationController.GetUnreadCount (api)'
2025-11-27 12:13:29.554 +01:00 [INF] Request finished HTTP/1.1 GET http://localhost:5090/api/Notification/unread-count - 200 1 application/json; charset=utf-8 14.88ms
2025-11-27 12:13:34.042 +01:00 [INF] Request starting HTTP/1.1 GET http://localhost:5090/api/Notification/unread-count - application/json null
2025-11-27 12:13:34.043 +01:00 [INF] CORS policy execution successful.
2025-11-27 12:13:34.049 +01:00 [INF] Executing endpoint 'HomeCareApp.Controllers.NotificationController.GetUnreadCount (api)'
2025-11-27 12:13:34.049 +01:00 [INF] Route matched with {action = "GetUnreadCount", controller = "Notification"}. Executing controller action with signature System.Threading.Tasks.Task`1[Microsoft.AspNetCore.Mvc.ActionResult`1[System.Int32]] GetUnreadCount() on controller HomeCareApp.Controllers.NotificationController (api).
2025-11-27 12:13:34.058 +01:00 [INF] Executing OkObjectResult, writing value of type 'System.Int32'.
2025-11-27 12:13:34.058 +01:00 [INF] Executed action HomeCareApp.Controllers.NotificationController.GetUnreadCount (api) in 8.6978ms
2025-11-27 12:13:34.058 +01:00 [INF] Executed endpoint 'HomeCareApp.Controllers.NotificationController.GetUnreadCount (api)'
2025-11-27 12:13:34.059 +01:00 [INF] Request finished HTTP/1.1 GET http://localhost:5090/api/Notification/unread-count - 200 1 application/json; charset=utf-8 16.5972ms
2025-11-27 12:13:50.258 +01:00 [INF] Request starting HTTP/1.1 OPTIONS http://localhost:5090/api/Auth/login - null null
2025-11-27 12:13:50.259 +01:00 [INF] CORS policy execution successful.
2025-11-27 12:13:50.259 +01:00 [INF] Request finished HTTP/1.1 OPTIONS http://localhost:5090/api/Auth/login - 204 null null 0.5207ms
2025-11-27 12:13:50.260 +01:00 [INF] Request starting HTTP/1.1 POST http://localhost:5090/api/Auth/login - application/json 54
2025-11-27 12:13:50.261 +01:00 [INF] CORS policy execution successful.
2025-11-27 12:13:50.261 +01:00 [INF] Executing endpoint 'HomeCareApp.Controllers.AuthController.Login (api)'
2025-11-27 12:13:50.267 +01:00 [INF] Route matched with {action = "Login", controller = "Auth"}. Executing controller action with signature System.Threading.Tasks.Task`1[Microsoft.AspNetCore.Mvc.IActionResult] Login(HomeCareApp.DTOs.LoginDto) on controller HomeCareApp.Controllers.AuthController (api).
2025-11-27 12:13:50.452 +01:00 [INF] [AuthAPIController] user authorised for SusannePatient
2025-11-27 12:13:50.506 +01:00 [INF] [AuthAPIController] JWT token created for SusannePatient with roles Patient
2025-11-27 12:13:50.507 +01:00 [INF] [AuthAPIController] JWT token claims: sub=c1f2f090-f2e3-47ca-9113-d905d27c42f4, email=susanne@patient.com, http://schemas.xmlsoap.org/ws/2005/05/identity/claims/nameidentifier=c1f2f090-f2e3-47ca-9113-d905d27c42f4, http://schemas.xmlsoap.org/ws/2005/05/identity/claims/name=SusannePatient, username=SusannePatient, userid=c1f2f090-f2e3-47ca-9113-d905d27c42f4, nameid=c1f2f090-f2e3-47ca-9113-d905d27c42f4, jti=6fa0b4c8-7d70-4c0c-93c9-973985799da0, iat=1764242030, http://schemas.microsoft.com/ws/2008/06/identity/claims/role=Patient, role=Patient
2025-11-27 12:13:50.515 +01:00 [INF] Executing OkObjectResult, writing value of type '<>f__AnonymousType3`1[[System.String, System.Private.CoreLib, Version=8.0.0.0, Culture=neutral, PublicKeyToken=7cec85d7bea7798e]]'.
2025-11-27 12:13:50.531 +01:00 [INF] Executed action HomeCareApp.Controllers.AuthController.Login (api) in 264.7217ms
2025-11-27 12:13:50.532 +01:00 [INF] Executed endpoint 'HomeCareApp.Controllers.AuthController.Login (api)'
2025-11-27 12:13:50.532 +01:00 [INF] Request finished HTTP/1.1 POST http://localhost:5090/api/Auth/login - 200 892 application/json; charset=utf-8 271.9831ms
2025-11-27 12:13:50.536 +01:00 [INF] Request starting HTTP/1.1 OPTIONS http://localhost:5090/api/patient/user/c1f2f090-f2e3-47ca-9113-d905d27c42f4 - null null
2025-11-27 12:13:50.536 +01:00 [INF] CORS policy execution successful.
2025-11-27 12:13:50.536 +01:00 [INF] Request finished HTTP/1.1 OPTIONS http://localhost:5090/api/patient/user/c1f2f090-f2e3-47ca-9113-d905d27c42f4 - 204 null null 0.6139ms
2025-11-27 12:13:50.538 +01:00 [INF] Request starting HTTP/1.1 GET http://localhost:5090/api/patient/user/c1f2f090-f2e3-47ca-9113-d905d27c42f4 - application/json null
2025-11-27 12:13:50.538 +01:00 [INF] CORS policy execution successful.
2025-11-27 12:13:50.539 +01:00 [INF] Executing endpoint 'HomeCareApp.Controllers.PatientController.GetPatientByUserId (api)'
2025-11-27 12:13:50.542 +01:00 [INF] Request starting HTTP/1.1 OPTIONS http://localhost:5090/api/Notification/unread-count - null null
2025-11-27 12:13:50.543 +01:00 [INF] CORS policy execution successful.
2025-11-27 12:13:50.543 +01:00 [INF] Route matched with {action = "GetPatientByUserId", controller = "Patient"}. Executing controller action with signature System.Threading.Tasks.Task`1[Microsoft.AspNetCore.Mvc.ActionResult`1[HomeCareApp.DTOs.PatientDto]] GetPatientByUserId(System.String) on controller HomeCareApp.Controllers.PatientController (api).
2025-11-27 12:13:50.543 +01:00 [INF] Request finished HTTP/1.1 OPTIONS http://localhost:5090/api/Notification/unread-count - 204 null null 0.3482ms
2025-11-27 12:13:50.544 +01:00 [INF] Request starting HTTP/1.1 GET http://localhost:5090/api/Notification/unread-count - application/json null
2025-11-27 12:13:50.544 +01:00 [INF] CORS policy execution successful.
2025-11-27 12:13:50.544 +01:00 [INF] Executing endpoint 'HomeCareApp.Controllers.NotificationController.GetUnreadCount (api)'
2025-11-27 12:13:50.545 +01:00 [INF] Route matched with {action = "GetUnreadCount", controller = "Notification"}. Executing controller action with signature System.Threading.Tasks.Task`1[Microsoft.AspNetCore.Mvc.ActionResult`1[System.Int32]] GetUnreadCount() on controller HomeCareApp.Controllers.NotificationController (api).
2025-11-27 12:13:50.545 +01:00 [INF] [PatientController] Getting patient by UserId: c1f2f090-f2e3-47ca-9113-d905d27c42f4
2025-11-27 12:13:50.546 +01:00 [INF] Executing OkObjectResult, writing value of type 'System.Int32'.
2025-11-27 12:13:50.547 +01:00 [INF] Executed action HomeCareApp.Controllers.NotificationController.GetUnreadCount (api) in 2.0543ms
2025-11-27 12:13:50.547 +01:00 [INF] Executed endpoint 'HomeCareApp.Controllers.NotificationController.GetUnreadCount (api)'
2025-11-27 12:13:50.547 +01:00 [INF] Request finished HTTP/1.1 GET http://localhost:5090/api/Notification/unread-count - 200 1 application/json; charset=utf-8 2.9847ms
2025-11-27 12:13:50.549 +01:00 [INF] Request starting HTTP/1.1 GET http://localhost:5090/api/Notification/unread-count - application/json null
2025-11-27 12:13:50.549 +01:00 [INF] CORS policy execution successful.
2025-11-27 12:13:50.549 +01:00 [INF] Executing endpoint 'HomeCareApp.Controllers.NotificationController.GetUnreadCount (api)'
2025-11-27 12:13:50.549 +01:00 [INF] Route matched with {action = "GetUnreadCount", controller = "Notification"}. Executing controller action with signature System.Threading.Tasks.Task`1[Microsoft.AspNetCore.Mvc.ActionResult`1[System.Int32]] GetUnreadCount() on controller HomeCareApp.Controllers.NotificationController (api).
2025-11-27 12:13:50.551 +01:00 [INF] Executing OkObjectResult, writing value of type 'System.Int32'.
2025-11-27 12:13:50.551 +01:00 [INF] Executed action HomeCareApp.Controllers.NotificationController.GetUnreadCount (api) in 1.9444ms
2025-11-27 12:13:50.552 +01:00 [INF] Executed endpoint 'HomeCareApp.Controllers.NotificationController.GetUnreadCount (api)'
2025-11-27 12:13:50.552 +01:00 [INF] Request finished HTTP/1.1 GET http://localhost:5090/api/Notification/unread-count - 200 1 application/json; charset=utf-8 2.8385ms
2025-11-27 12:13:50.555 +01:00 [INF] [PatientController] Total patients in database: 0
2025-11-27 12:13:50.559 +01:00 [WRN] [PatientController] Patient with UserId c1f2f090-f2e3-47ca-9113-d905d27c42f4 not found
2025-11-27 12:13:50.559 +01:00 [INF] Executing NotFoundObjectResult, writing value of type 'System.String'.
2025-11-27 12:13:50.559 +01:00 [INF] Executed action HomeCareApp.Controllers.PatientController.GetPatientByUserId (api) in 16.4463ms
2025-11-27 12:13:50.559 +01:00 [INF] Executed endpoint 'HomeCareApp.Controllers.PatientController.GetPatientByUserId (api)'
2025-11-27 12:13:50.559 +01:00 [INF] Request finished HTTP/1.1 GET http://localhost:5090/api/patient/user/c1f2f090-f2e3-47ca-9113-d905d27c42f4 - 404 null text/plain; charset=utf-8 21.8119ms
2025-11-27 12:14:04.041 +01:00 [INF] Request starting HTTP/1.1 OPTIONS http://localhost:5090/api/Notification/unread-count - null null
2025-11-27 12:14:04.042 +01:00 [INF] CORS policy execution successful.
2025-11-27 12:14:04.042 +01:00 [INF] Request finished HTTP/1.1 OPTIONS http://localhost:5090/api/Notification/unread-count - 204 null null 1.0335ms
2025-11-27 12:14:04.044 +01:00 [INF] Request starting HTTP/1.1 GET http://localhost:5090/api/Notification/unread-count - application/json null
2025-11-27 12:14:04.044 +01:00 [INF] CORS policy execution successful.
2025-11-27 12:14:04.045 +01:00 [INF] Executing endpoint 'HomeCareApp.Controllers.NotificationController.GetUnreadCount (api)'
2025-11-27 12:14:04.045 +01:00 [INF] Route matched with {action = "GetUnreadCount", controller = "Notification"}. Executing controller action with signature System.Threading.Tasks.Task`1[Microsoft.AspNetCore.Mvc.ActionResult`1[System.Int32]] GetUnreadCount() on controller HomeCareApp.Controllers.NotificationController (api).
2025-11-27 12:14:04.048 +01:00 [INF] Executing OkObjectResult, writing value of type 'System.Int32'.
2025-11-27 12:14:04.049 +01:00 [INF] Executed action HomeCareApp.Controllers.NotificationController.GetUnreadCount (api) in 2.9529ms
2025-11-27 12:14:04.049 +01:00 [INF] Executed endpoint 'HomeCareApp.Controllers.NotificationController.GetUnreadCount (api)'
2025-11-27 12:14:04.049 +01:00 [INF] Request finished HTTP/1.1 GET http://localhost:5090/api/Notification/unread-count - 200 1 application/json; charset=utf-8 4.8732ms
2025-11-27 12:14:05.628 +01:00 [INF] Request starting HTTP/1.1 OPTIONS http://localhost:5090/api/Auth/complete-patient-profile - null null
2025-11-27 12:14:05.629 +01:00 [INF] CORS policy execution successful.
2025-11-27 12:14:05.629 +01:00 [INF] Request finished HTTP/1.1 OPTIONS http://localhost:5090/api/Auth/complete-patient-profile - 204 null null 0.4327ms
2025-11-27 12:14:05.630 +01:00 [INF] Request starting HTTP/1.1 POST http://localhost:5090/api/Auth/complete-patient-profile - application/json 140
2025-11-27 12:14:05.630 +01:00 [INF] CORS policy execution successful.
2025-11-27 12:14:05.631 +01:00 [INF] Executing endpoint 'HomeCareApp.Controllers.AuthController.CompletePatientProfile (api)'
2025-11-27 12:14:05.634 +01:00 [INF] Route matched with {action = "CompletePatientProfile", controller = "Auth"}. Executing controller action with signature System.Threading.Tasks.Task`1[Microsoft.AspNetCore.Mvc.IActionResult] CompletePatientProfile(HomeCareApp.DTOs.PatientDto) on controller HomeCareApp.Controllers.AuthController (api).
2025-11-27 12:14:05.799 +01:00 [INF] [AuthAPIController] Patient profile created for SusannePatient
2025-11-27 12:14:05.799 +01:00 [INF] Executing OkObjectResult, writing value of type '<>f__AnonymousType2`1[[System.String, System.Private.CoreLib, Version=8.0.0.0, Culture=neutral, PublicKeyToken=7cec85d7bea7798e]]'.
2025-11-27 12:14:05.800 +01:00 [INF] Executed action HomeCareApp.Controllers.AuthController.CompletePatientProfile (api) in 166.3674ms
2025-11-27 12:14:05.800 +01:00 [INF] Executed endpoint 'HomeCareApp.Controllers.AuthController.CompletePatientProfile (api)'
2025-11-27 12:14:05.800 +01:00 [INF] Request finished HTTP/1.1 POST http://localhost:5090/api/Auth/complete-patient-profile - 200 50 application/json; charset=utf-8 170.3259ms
2025-11-27 12:14:06.035 +01:00 [INF] Request starting HTTP/1.1 GET http://localhost:5090/api/Notification/unread-count - application/json null
2025-11-27 12:14:06.035 +01:00 [INF] CORS policy execution successful.
2025-11-27 12:14:06.036 +01:00 [INF] Executing endpoint 'HomeCareApp.Controllers.NotificationController.GetUnreadCount (api)'
2025-11-27 12:14:06.036 +01:00 [INF] Route matched with {action = "GetUnreadCount", controller = "Notification"}. Executing controller action with signature System.Threading.Tasks.Task`1[Microsoft.AspNetCore.Mvc.ActionResult`1[System.Int32]] GetUnreadCount() on controller HomeCareApp.Controllers.NotificationController (api).
2025-11-27 12:14:06.038 +01:00 [INF] Executing OkObjectResult, writing value of type 'System.Int32'.
2025-11-27 12:14:06.038 +01:00 [INF] Executed action HomeCareApp.Controllers.NotificationController.GetUnreadCount (api) in 1.9886ms
2025-11-27 12:14:06.038 +01:00 [INF] Executed endpoint 'HomeCareApp.Controllers.NotificationController.GetUnreadCount (api)'
2025-11-27 12:14:06.038 +01:00 [INF] Request finished HTTP/1.1 GET http://localhost:5090/api/Notification/unread-count - 200 1 application/json; charset=utf-8 3.261ms
2025-11-27 12:14:06.039 +01:00 [INF] Request starting HTTP/1.1 GET http://localhost:5090/api/Notification/unread-count - application/json null
2025-11-27 12:14:06.039 +01:00 [INF] CORS policy execution successful.
2025-11-27 12:14:06.040 +01:00 [INF] Executing endpoint 'HomeCareApp.Controllers.NotificationController.GetUnreadCount (api)'
2025-11-27 12:14:06.040 +01:00 [INF] Route matched with {action = "GetUnreadCount", controller = "Notification"}. Executing controller action with signature System.Threading.Tasks.Task`1[Microsoft.AspNetCore.Mvc.ActionResult`1[System.Int32]] GetUnreadCount() on controller HomeCareApp.Controllers.NotificationController (api).
2025-11-27 12:14:06.041 +01:00 [INF] Executing OkObjectResult, writing value of type 'System.Int32'.
2025-11-27 12:14:06.041 +01:00 [INF] Executed action HomeCareApp.Controllers.NotificationController.GetUnreadCount (api) in 0.8831ms
2025-11-27 12:14:06.041 +01:00 [INF] Executed endpoint 'HomeCareApp.Controllers.NotificationController.GetUnreadCount (api)'
2025-11-27 12:14:06.041 +01:00 [INF] Request finished HTTP/1.1 GET http://localhost:5090/api/Notification/unread-count - 200 1 application/json; charset=utf-8 1.5375ms
2025-11-27 12:14:06.042 +01:00 [INF] Request starting HTTP/1.1 GET http://localhost:5090/api/Notification/unread-count - application/json null
2025-11-27 12:14:06.042 +01:00 [INF] CORS policy execution successful.
2025-11-27 12:14:06.042 +01:00 [INF] Executing endpoint 'HomeCareApp.Controllers.NotificationController.GetUnreadCount (api)'
2025-11-27 12:14:06.042 +01:00 [INF] Route matched with {action = "GetUnreadCount", controller = "Notification"}. Executing controller action with signature System.Threading.Tasks.Task`1[Microsoft.AspNetCore.Mvc.ActionResult`1[System.Int32]] GetUnreadCount() on controller HomeCareApp.Controllers.NotificationController (api).
2025-11-27 12:14:06.043 +01:00 [INF] Executing OkObjectResult, writing value of type 'System.Int32'.
2025-11-27 12:14:06.043 +01:00 [INF] Executed action HomeCareApp.Controllers.NotificationController.GetUnreadCount (api) in 0.674ms
2025-11-27 12:14:06.043 +01:00 [INF] Executed endpoint 'HomeCareApp.Controllers.NotificationController.GetUnreadCount (api)'
2025-11-27 12:14:06.043 +01:00 [INF] Request finished HTTP/1.1 GET http://localhost:5090/api/Notification/unread-count - 200 1 application/json; charset=utf-8 1.1793ms
2025-11-27 12:14:07.815 +01:00 [INF] Request starting HTTP/1.1 OPTIONS http://localhost:5090/api/Patient/user/c1f2f090-f2e3-47ca-9113-d905d27c42f4 - null null
2025-11-27 12:14:07.816 +01:00 [INF] CORS policy execution successful.
2025-11-27 12:14:07.816 +01:00 [INF] Request starting HTTP/1.1 OPTIONS http://localhost:5090/api/Patient/user/c1f2f090-f2e3-47ca-9113-d905d27c42f4 - null null
2025-11-27 12:14:07.816 +01:00 [INF] Request finished HTTP/1.1 OPTIONS http://localhost:5090/api/Patient/user/c1f2f090-f2e3-47ca-9113-d905d27c42f4 - 204 null null 0.4687ms
2025-11-27 12:14:07.816 +01:00 [INF] CORS policy execution successful.
2025-11-27 12:14:07.816 +01:00 [INF] Request finished HTTP/1.1 OPTIONS http://localhost:5090/api/Patient/user/c1f2f090-f2e3-47ca-9113-d905d27c42f4 - 204 null null 0.3163ms
2025-11-27 12:14:07.817 +01:00 [INF] Request starting HTTP/1.1 GET http://localhost:5090/api/Patient/user/c1f2f090-f2e3-47ca-9113-d905d27c42f4 - application/json null
2025-11-27 12:14:07.817 +01:00 [INF] CORS policy execution successful.
2025-11-27 12:14:07.818 +01:00 [INF] Executing endpoint 'HomeCareApp.Controllers.PatientController.GetPatientByUserId (api)'
2025-11-27 12:14:07.818 +01:00 [INF] Route matched with {action = "GetPatientByUserId", controller = "Patient"}. Executing controller action with signature System.Threading.Tasks.Task`1[Microsoft.AspNetCore.Mvc.ActionResult`1[HomeCareApp.DTOs.PatientDto]] GetPatientByUserId(System.String) on controller HomeCareApp.Controllers.PatientController (api).
2025-11-27 12:14:07.819 +01:00 [INF] [PatientController] Getting patient by UserId: c1f2f090-f2e3-47ca-9113-d905d27c42f4
2025-11-27 12:14:07.820 +01:00 [INF] [PatientController] Total patients in database: 1
2025-11-27 12:14:07.820 +01:00 [INF] [PatientController] Successfully retrieved patient 1 for UserId: c1f2f090-f2e3-47ca-9113-d905d27c42f4
2025-11-27 12:14:07.821 +01:00 [INF] Executing OkObjectResult, writing value of type 'HomeCareApp.DTOs.PatientDto'.
2025-11-27 12:14:07.825 +01:00 [INF] Executed action HomeCareApp.Controllers.PatientController.GetPatientByUserId (api) in 6.4535ms
2025-11-27 12:14:07.825 +01:00 [INF] Executed endpoint 'HomeCareApp.Controllers.PatientController.GetPatientByUserId (api)'
2025-11-27 12:14:07.825 +01:00 [INF] Request finished HTTP/1.1 GET http://localhost:5090/api/Patient/user/c1f2f090-f2e3-47ca-9113-d905d27c42f4 - 200 223 application/json; charset=utf-8 7.6007ms
2025-11-27 12:14:07.827 +01:00 [INF] Request starting HTTP/1.1 GET http://localhost:5090/api/Patient/user/c1f2f090-f2e3-47ca-9113-d905d27c42f4 - application/json null
2025-11-27 12:14:07.827 +01:00 [INF] CORS policy execution successful.
2025-11-27 12:14:07.827 +01:00 [INF] Executing endpoint 'HomeCareApp.Controllers.PatientController.GetPatientByUserId (api)'
2025-11-27 12:14:07.828 +01:00 [INF] Route matched with {action = "GetPatientByUserId", controller = "Patient"}. Executing controller action with signature System.Threading.Tasks.Task`1[Microsoft.AspNetCore.Mvc.ActionResult`1[HomeCareApp.DTOs.PatientDto]] GetPatientByUserId(System.String) on controller HomeCareApp.Controllers.PatientController (api).
2025-11-27 12:14:07.828 +01:00 [INF] [PatientController] Getting patient by UserId: c1f2f090-f2e3-47ca-9113-d905d27c42f4
2025-11-27 12:14:07.829 +01:00 [INF] [PatientController] Total patients in database: 1
2025-11-27 12:14:07.829 +01:00 [INF] [PatientController] Successfully retrieved patient 1 for UserId: c1f2f090-f2e3-47ca-9113-d905d27c42f4
2025-11-27 12:14:07.829 +01:00 [INF] Executing OkObjectResult, writing value of type 'HomeCareApp.DTOs.PatientDto'.
2025-11-27 12:14:07.829 +01:00 [INF] Executed action HomeCareApp.Controllers.PatientController.GetPatientByUserId (api) in 1.6833ms
2025-11-27 12:14:07.829 +01:00 [INF] Executed endpoint 'HomeCareApp.Controllers.PatientController.GetPatientByUserId (api)'
2025-11-27 12:14:07.829 +01:00 [INF] Request finished HTTP/1.1 GET http://localhost:5090/api/Patient/user/c1f2f090-f2e3-47ca-9113-d905d27c42f4 - 200 223 application/json; charset=utf-8 2.5039ms
2025-11-27 12:14:07.830 +01:00 [INF] Request starting HTTP/1.1 OPTIONS http://localhost:5090/api/Appointment/patient/1 - null null
2025-11-27 12:14:07.830 +01:00 [INF] CORS policy execution successful.
2025-11-27 12:14:07.830 +01:00 [INF] Request finished HTTP/1.1 OPTIONS http://localhost:5090/api/Appointment/patient/1 - 204 null null 0.5305ms
2025-11-27 12:14:07.831 +01:00 [INF] Request starting HTTP/1.1 GET http://localhost:5090/api/Appointment/patient/1 - application/json null
2025-11-27 12:14:07.831 +01:00 [INF] CORS policy execution successful.
2025-11-27 12:14:07.832 +01:00 [INF] Executing endpoint 'HomeCareApp.Controllers.AppointmentController.GetAppointmentsByPatientId (api)'
2025-11-27 12:14:07.835 +01:00 [INF] Route matched with {action = "GetAppointmentsByPatientId", controller = "Appointment"}. Executing controller action with signature System.Threading.Tasks.Task`1[Microsoft.AspNetCore.Mvc.IActionResult] GetAppointmentsByPatientId(Int32) on controller HomeCareApp.Controllers.AppointmentController (api).
2025-11-27 12:14:07.874 +01:00 [INF] [AppointmentController] Found 0 appointments for PatientId: 1
2025-11-27 12:14:07.874 +01:00 [INF] Executing OkObjectResult, writing value of type 'System.Linq.Enumerable+WhereSelectListIterator`2[[HomeCareApp.Models.Appointment, api, Version=1.0.0.0, Culture=neutral, PublicKeyToken=null],[HomeCareApp.DTOs.AppointmentDto, api, Version=1.0.0.0, Culture=neutral, PublicKeyToken=null]]'.
2025-11-27 12:14:07.878 +01:00 [INF] Executed action HomeCareApp.Controllers.AppointmentController.GetAppointmentsByPatientId (api) in 43.3076ms
2025-11-27 12:14:07.879 +01:00 [INF] Executed endpoint 'HomeCareApp.Controllers.AppointmentController.GetAppointmentsByPatientId (api)'
2025-11-27 12:14:07.879 +01:00 [INF] Request finished HTTP/1.1 GET http://localhost:5090/api/Appointment/patient/1 - 200 2 application/json; charset=utf-8 47.5921ms
2025-11-27 12:14:07.880 +01:00 [INF] Request starting HTTP/1.1 GET http://localhost:5090/api/Appointment/patient/1 - application/json null
2025-11-27 12:14:07.880 +01:00 [INF] CORS policy execution successful.
2025-11-27 12:14:07.880 +01:00 [INF] Executing endpoint 'HomeCareApp.Controllers.AppointmentController.GetAppointmentsByPatientId (api)'
2025-11-27 12:14:07.881 +01:00 [INF] Route matched with {action = "GetAppointmentsByPatientId", controller = "Appointment"}. Executing controller action with signature System.Threading.Tasks.Task`1[Microsoft.AspNetCore.Mvc.IActionResult] GetAppointmentsByPatientId(Int32) on controller HomeCareApp.Controllers.AppointmentController (api).
2025-11-27 12:14:07.882 +01:00 [INF] [AppointmentController] Found 0 appointments for PatientId: 1
2025-11-27 12:14:07.882 +01:00 [INF] Executing OkObjectResult, writing value of type 'System.Linq.Enumerable+WhereSelectListIterator`2[[HomeCareApp.Models.Appointment, api, Version=1.0.0.0, Culture=neutral, PublicKeyToken=null],[HomeCareApp.DTOs.AppointmentDto, api, Version=1.0.0.0, Culture=neutral, PublicKeyToken=null]]'.
2025-11-27 12:14:07.882 +01:00 [INF] Executed action HomeCareApp.Controllers.AppointmentController.GetAppointmentsByPatientId (api) in 1.4581ms
2025-11-27 12:14:07.882 +01:00 [INF] Executed endpoint 'HomeCareApp.Controllers.AppointmentController.GetAppointmentsByPatientId (api)'
2025-11-27 12:14:07.882 +01:00 [INF] Request finished HTTP/1.1 GET http://localhost:5090/api/Appointment/patient/1 - 200 2 application/json; charset=utf-8 2.1334ms
2025-11-27 12:14:21.038 +01:00 [INF] Request starting HTTP/1.1 OPTIONS http://localhost:5090/api/Notification/unread-count - null null
2025-11-27 12:14:21.039 +01:00 [INF] CORS policy execution successful.
2025-11-27 12:14:21.039 +01:00 [INF] Request finished HTTP/1.1 OPTIONS http://localhost:5090/api/Notification/unread-count - 204 null null 0.6065ms
2025-11-27 12:14:21.041 +01:00 [INF] Request starting HTTP/1.1 GET http://localhost:5090/api/Notification/unread-count - application/json null
2025-11-27 12:14:21.041 +01:00 [INF] CORS policy execution successful.
2025-11-27 12:14:21.041 +01:00 [INF] Executing endpoint 'HomeCareApp.Controllers.NotificationController.GetUnreadCount (api)'
2025-11-27 12:14:21.042 +01:00 [INF] Route matched with {action = "GetUnreadCount", controller = "Notification"}. Executing controller action with signature System.Threading.Tasks.Task`1[Microsoft.AspNetCore.Mvc.ActionResult`1[System.Int32]] GetUnreadCount() on controller HomeCareApp.Controllers.NotificationController (api).
2025-11-27 12:14:21.042 +01:00 [INF] Executing OkObjectResult, writing value of type 'System.Int32'.
2025-11-27 12:14:21.043 +01:00 [INF] Executed action HomeCareApp.Controllers.NotificationController.GetUnreadCount (api) in 0.985ms
2025-11-27 12:14:21.043 +01:00 [INF] Executed endpoint 'HomeCareApp.Controllers.NotificationController.GetUnreadCount (api)'
2025-11-27 12:14:21.043 +01:00 [INF] Request finished HTTP/1.1 GET http://localhost:5090/api/Notification/unread-count - 200 1 application/json; charset=utf-8 1.5582ms
2025-11-27 12:14:34.040 +01:00 [INF] Request starting HTTP/1.1 OPTIONS http://localhost:5090/api/Notification/unread-count - null null
2025-11-27 12:14:34.040 +01:00 [INF] CORS policy execution successful.
2025-11-27 12:14:34.040 +01:00 [INF] Request finished HTTP/1.1 OPTIONS http://localhost:5090/api/Notification/unread-count - 204 null null 0.5354ms
2025-11-27 12:14:34.043 +01:00 [INF] Request starting HTTP/1.1 GET http://localhost:5090/api/Notification/unread-count - application/json null
2025-11-27 12:14:34.043 +01:00 [INF] CORS policy execution successful.
2025-11-27 12:14:34.044 +01:00 [INF] Executing endpoint 'HomeCareApp.Controllers.NotificationController.GetUnreadCount (api)'
2025-11-27 12:14:34.044 +01:00 [INF] Route matched with {action = "GetUnreadCount", controller = "Notification"}. Executing controller action with signature System.Threading.Tasks.Task`1[Microsoft.AspNetCore.Mvc.ActionResult`1[System.Int32]] GetUnreadCount() on controller HomeCareApp.Controllers.NotificationController (api).
2025-11-27 12:14:34.046 +01:00 [INF] Executing OkObjectResult, writing value of type 'System.Int32'.
2025-11-27 12:14:34.047 +01:00 [INF] Executed action HomeCareApp.Controllers.NotificationController.GetUnreadCount (api) in 2.3582ms
2025-11-27 12:14:34.047 +01:00 [INF] Executed endpoint 'HomeCareApp.Controllers.NotificationController.GetUnreadCount (api)'
2025-11-27 12:14:34.047 +01:00 [INF] Request finished HTTP/1.1 GET http://localhost:5090/api/Notification/unread-count - 200 1 application/json; charset=utf-8 3.9092ms
2025-11-27 12:14:51.037 +01:00 [INF] Request starting HTTP/1.1 OPTIONS http://localhost:5090/api/Notification/unread-count - null null
2025-11-27 12:14:51.037 +01:00 [INF] CORS policy execution successful.
2025-11-27 12:14:51.037 +01:00 [INF] Request finished HTTP/1.1 OPTIONS http://localhost:5090/api/Notification/unread-count - 204 null null 0.269ms
2025-11-27 12:14:51.039 +01:00 [INF] Request starting HTTP/1.1 GET http://localhost:5090/api/Notification/unread-count - application/json null
2025-11-27 12:14:51.039 +01:00 [INF] CORS policy execution successful.
2025-11-27 12:14:51.039 +01:00 [INF] Executing endpoint 'HomeCareApp.Controllers.NotificationController.GetUnreadCount (api)'
2025-11-27 12:14:51.040 +01:00 [INF] Route matched with {action = "GetUnreadCount", controller = "Notification"}. Executing controller action with signature System.Threading.Tasks.Task`1[Microsoft.AspNetCore.Mvc.ActionResult`1[System.Int32]] GetUnreadCount() on controller HomeCareApp.Controllers.NotificationController (api).
2025-11-27 12:14:51.040 +01:00 [INF] Executing OkObjectResult, writing value of type 'System.Int32'.
2025-11-27 12:14:51.040 +01:00 [INF] Executed action HomeCareApp.Controllers.NotificationController.GetUnreadCount (api) in 0.9001ms
2025-11-27 12:14:51.040 +01:00 [INF] Executed endpoint 'HomeCareApp.Controllers.NotificationController.GetUnreadCount (api)'
2025-11-27 12:14:51.040 +01:00 [INF] Request finished HTTP/1.1 GET http://localhost:5090/api/Notification/unread-count - 200 1 application/json; charset=utf-8 1.4036ms
2025-11-27 12:15:04.037 +01:00 [INF] Request starting HTTP/1.1 OPTIONS http://localhost:5090/api/Notification/unread-count - null null
2025-11-27 12:15:04.038 +01:00 [INF] CORS policy execution successful.
2025-11-27 12:15:04.038 +01:00 [INF] Request finished HTTP/1.1 OPTIONS http://localhost:5090/api/Notification/unread-count - 204 null null 0.3009ms
2025-11-27 12:15:04.040 +01:00 [INF] Request starting HTTP/1.1 GET http://localhost:5090/api/Notification/unread-count - application/json null
2025-11-27 12:15:04.040 +01:00 [INF] CORS policy execution successful.
2025-11-27 12:15:04.040 +01:00 [INF] Executing endpoint 'HomeCareApp.Controllers.NotificationController.GetUnreadCount (api)'
2025-11-27 12:15:04.040 +01:00 [INF] Route matched with {action = "GetUnreadCount", controller = "Notification"}. Executing controller action with signature System.Threading.Tasks.Task`1[Microsoft.AspNetCore.Mvc.ActionResult`1[System.Int32]] GetUnreadCount() on controller HomeCareApp.Controllers.NotificationController (api).
2025-11-27 12:15:04.041 +01:00 [INF] Executing OkObjectResult, writing value of type 'System.Int32'.
2025-11-27 12:15:04.041 +01:00 [INF] Executed action HomeCareApp.Controllers.NotificationController.GetUnreadCount (api) in 0.9624ms
2025-11-27 12:15:04.041 +01:00 [INF] Executed endpoint 'HomeCareApp.Controllers.NotificationController.GetUnreadCount (api)'
2025-11-27 12:15:04.041 +01:00 [INF] Request finished HTTP/1.1 GET http://localhost:5090/api/Notification/unread-count - 200 1 application/json; charset=utf-8 1.5534ms
2025-11-27 12:15:06.037 +01:00 [INF] Request starting HTTP/1.1 GET http://localhost:5090/api/Notification/unread-count - application/json null
2025-11-27 12:15:06.037 +01:00 [INF] CORS policy execution successful.
2025-11-27 12:15:06.037 +01:00 [INF] Executing endpoint 'HomeCareApp.Controllers.NotificationController.GetUnreadCount (api)'
2025-11-27 12:15:06.037 +01:00 [INF] Route matched with {action = "GetUnreadCount", controller = "Notification"}. Executing controller action with signature System.Threading.Tasks.Task`1[Microsoft.AspNetCore.Mvc.ActionResult`1[System.Int32]] GetUnreadCount() on controller HomeCareApp.Controllers.NotificationController (api).
2025-11-27 12:15:06.038 +01:00 [INF] Executing OkObjectResult, writing value of type 'System.Int32'.
2025-11-27 12:15:06.038 +01:00 [INF] Executed action HomeCareApp.Controllers.NotificationController.GetUnreadCount (api) in 1.0959ms
2025-11-27 12:15:06.038 +01:00 [INF] Executed endpoint 'HomeCareApp.Controllers.NotificationController.GetUnreadCount (api)'
2025-11-27 12:15:06.038 +01:00 [INF] Request finished HTTP/1.1 GET http://localhost:5090/api/Notification/unread-count - 200 1 application/json; charset=utf-8 1.8182ms
2025-11-27 12:15:06.041 +01:00 [INF] Request starting HTTP/1.1 GET http://localhost:5090/api/Notification/unread-count - application/json null
2025-11-27 12:15:06.041 +01:00 [INF] CORS policy execution successful.
2025-11-27 12:15:06.041 +01:00 [INF] Executing endpoint 'HomeCareApp.Controllers.NotificationController.GetUnreadCount (api)'
2025-11-27 12:15:06.041 +01:00 [INF] Route matched with {action = "GetUnreadCount", controller = "Notification"}. Executing controller action with signature System.Threading.Tasks.Task`1[Microsoft.AspNetCore.Mvc.ActionResult`1[System.Int32]] GetUnreadCount() on controller HomeCareApp.Controllers.NotificationController (api).
2025-11-27 12:15:06.042 +01:00 [INF] Executing OkObjectResult, writing value of type 'System.Int32'.
2025-11-27 12:15:06.042 +01:00 [INF] Executed action HomeCareApp.Controllers.NotificationController.GetUnreadCount (api) in 0.6611ms
2025-11-27 12:15:06.042 +01:00 [INF] Executed endpoint 'HomeCareApp.Controllers.NotificationController.GetUnreadCount (api)'
2025-11-27 12:15:06.042 +01:00 [INF] Request finished HTTP/1.1 GET http://localhost:5090/api/Notification/unread-count - 200 1 application/json; charset=utf-8 1.099ms
2025-11-27 12:15:06.044 +01:00 [INF] Request starting HTTP/1.1 GET http://localhost:5090/api/Notification/unread-count - application/json null
2025-11-27 12:15:06.044 +01:00 [INF] CORS policy execution successful.
2025-11-27 12:15:06.044 +01:00 [INF] Executing endpoint 'HomeCareApp.Controllers.NotificationController.GetUnreadCount (api)'
2025-11-27 12:15:06.044 +01:00 [INF] Route matched with {action = "GetUnreadCount", controller = "Notification"}. Executing controller action with signature System.Threading.Tasks.Task`1[Microsoft.AspNetCore.Mvc.ActionResult`1[System.Int32]] GetUnreadCount() on controller HomeCareApp.Controllers.NotificationController (api).
2025-11-27 12:15:06.044 +01:00 [INF] Executing OkObjectResult, writing value of type 'System.Int32'.
2025-11-27 12:15:06.044 +01:00 [INF] Executed action HomeCareApp.Controllers.NotificationController.GetUnreadCount (api) in 0.5927ms
2025-11-27 12:15:06.045 +01:00 [INF] Executed endpoint 'HomeCareApp.Controllers.NotificationController.GetUnreadCount (api)'
2025-11-27 12:15:06.045 +01:00 [INF] Request finished HTTP/1.1 GET http://localhost:5090/api/Notification/unread-count - 200 1 application/json; charset=utf-8 0.9284ms
2025-11-27 12:15:20.553 +01:00 [INF] Request starting HTTP/1.1 OPTIONS http://localhost:5090/api/Notification/unread-count - null null
2025-11-27 12:15:20.553 +01:00 [INF] CORS policy execution successful.
2025-11-27 12:15:20.554 +01:00 [INF] Request finished HTTP/1.1 OPTIONS http://localhost:5090/api/Notification/unread-count - 204 null null 0.6692ms
2025-11-27 12:15:20.555 +01:00 [INF] Request starting HTTP/1.1 GET http://localhost:5090/api/Notification/unread-count - application/json null
2025-11-27 12:15:20.555 +01:00 [INF] CORS policy execution successful.
2025-11-27 12:15:20.556 +01:00 [INF] Executing endpoint 'HomeCareApp.Controllers.NotificationController.GetUnreadCount (api)'
2025-11-27 12:15:20.556 +01:00 [INF] Route matched with {action = "GetUnreadCount", controller = "Notification"}. Executing controller action with signature System.Threading.Tasks.Task`1[Microsoft.AspNetCore.Mvc.ActionResult`1[System.Int32]] GetUnreadCount() on controller HomeCareApp.Controllers.NotificationController (api).
2025-11-27 12:15:20.559 +01:00 [INF] Executing OkObjectResult, writing value of type 'System.Int32'.
2025-11-27 12:15:20.559 +01:00 [INF] Executed action HomeCareApp.Controllers.NotificationController.GetUnreadCount (api) in 2.7863ms
2025-11-27 12:15:20.559 +01:00 [INF] Executed endpoint 'HomeCareApp.Controllers.NotificationController.GetUnreadCount (api)'
2025-11-27 12:15:20.559 +01:00 [INF] Request finished HTTP/1.1 GET http://localhost:5090/api/Notification/unread-count - 200 1 application/json; charset=utf-8 4.2686ms
2025-11-27 12:15:32.581 +01:00 [INF] Request starting HTTP/1.1 OPTIONS http://localhost:5090/api/Patient/user/c1f2f090-f2e3-47ca-9113-d905d27c42f4 - null null
2025-11-27 12:15:32.581 +01:00 [INF] Request starting HTTP/1.1 OPTIONS http://localhost:5090/api/Patient/user/c1f2f090-f2e3-47ca-9113-d905d27c42f4 - null null
2025-11-27 12:15:32.581 +01:00 [INF] CORS policy execution successful.
2025-11-27 12:15:32.581 +01:00 [INF] CORS policy execution successful.
2025-11-27 12:15:32.581 +01:00 [INF] Request finished HTTP/1.1 OPTIONS http://localhost:5090/api/Patient/user/c1f2f090-f2e3-47ca-9113-d905d27c42f4 - 204 null null 0.312ms
2025-11-27 12:15:32.581 +01:00 [INF] Request finished HTTP/1.1 OPTIONS http://localhost:5090/api/Patient/user/c1f2f090-f2e3-47ca-9113-d905d27c42f4 - 204 null null 0.3146ms
2025-11-27 12:15:32.582 +01:00 [INF] Request starting HTTP/1.1 GET http://localhost:5090/api/Patient/user/c1f2f090-f2e3-47ca-9113-d905d27c42f4 - application/json null
2025-11-27 12:15:32.582 +01:00 [INF] CORS policy execution successful.
2025-11-27 12:15:32.583 +01:00 [INF] Executing endpoint 'HomeCareApp.Controllers.PatientController.GetPatientByUserId (api)'
2025-11-27 12:15:32.583 +01:00 [INF] Route matched with {action = "GetPatientByUserId", controller = "Patient"}. Executing controller action with signature System.Threading.Tasks.Task`1[Microsoft.AspNetCore.Mvc.ActionResult`1[HomeCareApp.DTOs.PatientDto]] GetPatientByUserId(System.String) on controller HomeCareApp.Controllers.PatientController (api).
2025-11-27 12:15:32.583 +01:00 [INF] [PatientController] Getting patient by UserId: c1f2f090-f2e3-47ca-9113-d905d27c42f4
2025-11-27 12:15:32.584 +01:00 [INF] [PatientController] Total patients in database: 1
2025-11-27 12:15:32.584 +01:00 [INF] [PatientController] Successfully retrieved patient 1 for UserId: c1f2f090-f2e3-47ca-9113-d905d27c42f4
2025-11-27 12:15:32.584 +01:00 [INF] Executing OkObjectResult, writing value of type 'HomeCareApp.DTOs.PatientDto'.
2025-11-27 12:15:32.585 +01:00 [INF] Executed action HomeCareApp.Controllers.PatientController.GetPatientByUserId (api) in 1.851ms
2025-11-27 12:15:32.585 +01:00 [INF] Executed endpoint 'HomeCareApp.Controllers.PatientController.GetPatientByUserId (api)'
2025-11-27 12:15:32.585 +01:00 [INF] Request finished HTTP/1.1 GET http://localhost:5090/api/Patient/user/c1f2f090-f2e3-47ca-9113-d905d27c42f4 - 200 223 application/json; charset=utf-8 2.4148ms
2025-11-27 12:15:32.586 +01:00 [INF] Request starting HTTP/1.1 GET http://localhost:5090/api/Patient/user/c1f2f090-f2e3-47ca-9113-d905d27c42f4 - application/json null
2025-11-27 12:15:32.586 +01:00 [INF] CORS policy execution successful.
2025-11-27 12:15:32.586 +01:00 [INF] Executing endpoint 'HomeCareApp.Controllers.PatientController.GetPatientByUserId (api)'
2025-11-27 12:15:32.587 +01:00 [INF] Route matched with {action = "GetPatientByUserId", controller = "Patient"}. Executing controller action with signature System.Threading.Tasks.Task`1[Microsoft.AspNetCore.Mvc.ActionResult`1[HomeCareApp.DTOs.PatientDto]] GetPatientByUserId(System.String) on controller HomeCareApp.Controllers.PatientController (api).
2025-11-27 12:15:32.587 +01:00 [INF] [PatientController] Getting patient by UserId: c1f2f090-f2e3-47ca-9113-d905d27c42f4
2025-11-27 12:15:32.588 +01:00 [INF] Request starting HTTP/1.1 OPTIONS http://localhost:5090/api/medication/patient/1 - null null
2025-11-27 12:15:32.588 +01:00 [INF] CORS policy execution successful.
2025-11-27 12:15:32.588 +01:00 [INF] Request finished HTTP/1.1 OPTIONS http://localhost:5090/api/medication/patient/1 - 204 null null 0.1409ms
2025-11-27 12:15:32.588 +01:00 [INF] [PatientController] Total patients in database: 1
2025-11-27 12:15:32.588 +01:00 [INF] [PatientController] Successfully retrieved patient 1 for UserId: c1f2f090-f2e3-47ca-9113-d905d27c42f4
2025-11-27 12:15:32.588 +01:00 [INF] Executing OkObjectResult, writing value of type 'HomeCareApp.DTOs.PatientDto'.
2025-11-27 12:15:32.588 +01:00 [INF] Executed action HomeCareApp.Controllers.PatientController.GetPatientByUserId (api) in 1.8081ms
2025-11-27 12:15:32.588 +01:00 [INF] Executed endpoint 'HomeCareApp.Controllers.PatientController.GetPatientByUserId (api)'
2025-11-27 12:15:32.589 +01:00 [INF] Request finished HTTP/1.1 GET http://localhost:5090/api/Patient/user/c1f2f090-f2e3-47ca-9113-d905d27c42f4 - 200 223 application/json; charset=utf-8 2.686ms
2025-11-27 12:15:32.589 +01:00 [INF] Request starting HTTP/1.1 GET http://localhost:5090/api/medication/patient/1 - application/json null
2025-11-27 12:15:32.589 +01:00 [INF] CORS policy execution successful.
2025-11-27 12:15:32.589 +01:00 [INF] Executing endpoint 'HomeCareApp.Controllers.MedicationController.GetByPatientId (api)'
2025-11-27 12:15:32.593 +01:00 [INF] Route matched with {action = "GetByPatientId", controller = "Medication"}. Executing controller action with signature System.Threading.Tasks.Task`1[Microsoft.AspNetCore.Mvc.ActionResult`1[System.Collections.Generic.IEnumerable`1[HomeCareApp.DTOs.MedicationDto]]] GetByPatientId(Int32) on controller HomeCareApp.Controllers.MedicationController (api).
2025-11-27 12:15:32.595 +01:00 [INF] [MedicationController] Getting medications for PatientId: 1
2025-11-27 12:15:32.607 +01:00 [INF] [MedicationController] Found 0 medications for PatientId: 1
2025-11-27 12:15:32.607 +01:00 [INF] Executing OkObjectResult, writing value of type 'System.Linq.Enumerable+SelectListIterator`2[[HomeCareApp.Models.Medication, api, Version=1.0.0.0, Culture=neutral, PublicKeyToken=null],[HomeCareApp.DTOs.MedicationDto, api, Version=1.0.0.0, Culture=neutral, PublicKeyToken=null]]'.
2025-11-27 12:15:32.608 +01:00 [INF] Executed action HomeCareApp.Controllers.MedicationController.GetByPatientId (api) in 15.113ms
2025-11-27 12:15:32.608 +01:00 [INF] Executed endpoint 'HomeCareApp.Controllers.MedicationController.GetByPatientId (api)'
2025-11-27 12:15:32.608 +01:00 [INF] Request finished HTTP/1.1 GET http://localhost:5090/api/medication/patient/1 - 200 2 application/json; charset=utf-8 19.3524ms
2025-11-27 12:15:32.609 +01:00 [INF] Request starting HTTP/1.1 GET http://localhost:5090/api/medication/patient/1 - application/json null
2025-11-27 12:15:32.609 +01:00 [INF] CORS policy execution successful.
2025-11-27 12:15:32.610 +01:00 [INF] Executing endpoint 'HomeCareApp.Controllers.MedicationController.GetByPatientId (api)'
2025-11-27 12:15:32.610 +01:00 [INF] Route matched with {action = "GetByPatientId", controller = "Medication"}. Executing controller action with signature System.Threading.Tasks.Task`1[Microsoft.AspNetCore.Mvc.ActionResult`1[System.Collections.Generic.IEnumerable`1[HomeCareApp.DTOs.MedicationDto]]] GetByPatientId(Int32) on controller HomeCareApp.Controllers.MedicationController (api).
2025-11-27 12:15:32.611 +01:00 [INF] [MedicationController] Getting medications for PatientId: 1
2025-11-27 12:15:32.613 +01:00 [INF] [MedicationController] Found 0 medications for PatientId: 1
2025-11-27 12:15:32.613 +01:00 [INF] Executing OkObjectResult, writing value of type 'System.Linq.Enumerable+SelectListIterator`2[[HomeCareApp.Models.Medication, api, Version=1.0.0.0, Culture=neutral, PublicKeyToken=null],[HomeCareApp.DTOs.MedicationDto, api, Version=1.0.0.0, Culture=neutral, PublicKeyToken=null]]'.
2025-11-27 12:15:32.614 +01:00 [INF] Executed action HomeCareApp.Controllers.MedicationController.GetByPatientId (api) in 3.6716ms
2025-11-27 12:15:32.614 +01:00 [INF] Executed endpoint 'HomeCareApp.Controllers.MedicationController.GetByPatientId (api)'
2025-11-27 12:15:32.614 +01:00 [INF] Request finished HTTP/1.1 GET http://localhost:5090/api/medication/patient/1 - 200 2 application/json; charset=utf-8 4.7598ms
2025-11-27 12:15:34.037 +01:00 [INF] Request starting HTTP/1.1 OPTIONS http://localhost:5090/api/Notification/unread-count - null null
2025-11-27 12:15:34.037 +01:00 [INF] CORS policy execution successful.
2025-11-27 12:15:34.037 +01:00 [INF] Request finished HTTP/1.1 OPTIONS http://localhost:5090/api/Notification/unread-count - 204 null null 0.2761ms
2025-11-27 12:15:34.038 +01:00 [INF] Request starting HTTP/1.1 GET http://localhost:5090/api/Notification/unread-count - application/json null
2025-11-27 12:15:34.039 +01:00 [INF] CORS policy execution successful.
2025-11-27 12:15:34.039 +01:00 [INF] Executing endpoint 'HomeCareApp.Controllers.NotificationController.GetUnreadCount (api)'
2025-11-27 12:15:34.039 +01:00 [INF] Route matched with {action = "GetUnreadCount", controller = "Notification"}. Executing controller action with signature System.Threading.Tasks.Task`1[Microsoft.AspNetCore.Mvc.ActionResult`1[System.Int32]] GetUnreadCount() on controller HomeCareApp.Controllers.NotificationController (api).
2025-11-27 12:15:34.040 +01:00 [INF] Executing OkObjectResult, writing value of type 'System.Int32'.
2025-11-27 12:15:34.040 +01:00 [INF] Executed action HomeCareApp.Controllers.NotificationController.GetUnreadCount (api) in 1.4135ms
2025-11-27 12:15:34.040 +01:00 [INF] Executed endpoint 'HomeCareApp.Controllers.NotificationController.GetUnreadCount (api)'
2025-11-27 12:15:34.040 +01:00 [INF] Request finished HTTP/1.1 GET http://localhost:5090/api/Notification/unread-count - 200 1 application/json; charset=utf-8 2.0235ms
2025-11-27 12:15:39.031 +01:00 [INF] Request starting HTTP/1.1 OPTIONS http://localhost:5090/api/Patient/user/c1f2f090-f2e3-47ca-9113-d905d27c42f4 - null null
2025-11-27 12:15:39.031 +01:00 [INF] CORS policy execution successful.
2025-11-27 12:15:39.031 +01:00 [INF] Request finished HTTP/1.1 OPTIONS http://localhost:5090/api/Patient/user/c1f2f090-f2e3-47ca-9113-d905d27c42f4 - 204 null null 0.2962ms
2025-11-27 12:15:39.031 +01:00 [INF] Request starting HTTP/1.1 OPTIONS http://localhost:5090/api/Patient/user/c1f2f090-f2e3-47ca-9113-d905d27c42f4 - null null
2025-11-27 12:15:39.031 +01:00 [INF] CORS policy execution successful.
2025-11-27 12:15:39.032 +01:00 [INF] Request finished HTTP/1.1 OPTIONS http://localhost:5090/api/Patient/user/c1f2f090-f2e3-47ca-9113-d905d27c42f4 - 204 null null 0.4092ms
2025-11-27 12:15:39.032 +01:00 [INF] Request starting HTTP/1.1 GET http://localhost:5090/api/Patient/user/c1f2f090-f2e3-47ca-9113-d905d27c42f4 - application/json null
2025-11-27 12:15:39.033 +01:00 [INF] CORS policy execution successful.
2025-11-27 12:15:39.033 +01:00 [INF] Executing endpoint 'HomeCareApp.Controllers.PatientController.GetPatientByUserId (api)'
2025-11-27 12:15:39.033 +01:00 [INF] Route matched with {action = "GetPatientByUserId", controller = "Patient"}. Executing controller action with signature System.Threading.Tasks.Task`1[Microsoft.AspNetCore.Mvc.ActionResult`1[HomeCareApp.DTOs.PatientDto]] GetPatientByUserId(System.String) on controller HomeCareApp.Controllers.PatientController (api).
2025-11-27 12:15:39.033 +01:00 [INF] [PatientController] Getting patient by UserId: c1f2f090-f2e3-47ca-9113-d905d27c42f4
2025-11-27 12:15:39.035 +01:00 [INF] [PatientController] Total patients in database: 1
2025-11-27 12:15:39.036 +01:00 [INF] [PatientController] Successfully retrieved patient 1 for UserId: c1f2f090-f2e3-47ca-9113-d905d27c42f4
2025-11-27 12:15:39.036 +01:00 [INF] Executing OkObjectResult, writing value of type 'HomeCareApp.DTOs.PatientDto'.
2025-11-27 12:15:39.036 +01:00 [INF] Executed action HomeCareApp.Controllers.PatientController.GetPatientByUserId (api) in 3.263ms
2025-11-27 12:15:39.036 +01:00 [INF] Executed endpoint 'HomeCareApp.Controllers.PatientController.GetPatientByUserId (api)'
2025-11-27 12:15:39.037 +01:00 [INF] Request finished HTTP/1.1 GET http://localhost:5090/api/Patient/user/c1f2f090-f2e3-47ca-9113-d905d27c42f4 - 200 223 application/json; charset=utf-8 4.0684ms
2025-11-27 12:15:39.037 +01:00 [INF] Request starting HTTP/1.1 GET http://localhost:5090/api/Patient/user/c1f2f090-f2e3-47ca-9113-d905d27c42f4 - application/json null
2025-11-27 12:15:39.037 +01:00 [INF] CORS policy execution successful.
2025-11-27 12:15:39.038 +01:00 [INF] Executing endpoint 'HomeCareApp.Controllers.PatientController.GetPatientByUserId (api)'
2025-11-27 12:15:39.038 +01:00 [INF] Request starting HTTP/1.1 OPTIONS http://localhost:5090/api/Appointment/patient/1 - null null
2025-11-27 12:15:39.038 +01:00 [INF] Route matched with {action = "GetPatientByUserId", controller = "Patient"}. Executing controller action with signature System.Threading.Tasks.Task`1[Microsoft.AspNetCore.Mvc.ActionResult`1[HomeCareApp.DTOs.PatientDto]] GetPatientByUserId(System.String) on controller HomeCareApp.Controllers.PatientController (api).
2025-11-27 12:15:39.038 +01:00 [INF] CORS policy execution successful.
2025-11-27 12:15:39.038 +01:00 [INF] Request finished HTTP/1.1 OPTIONS http://localhost:5090/api/Appointment/patient/1 - 204 null null 0.1386ms
2025-11-27 12:15:39.039 +01:00 [INF] [PatientController] Getting patient by UserId: c1f2f090-f2e3-47ca-9113-d905d27c42f4
2025-11-27 12:15:39.039 +01:00 [INF] Request starting HTTP/1.1 GET http://localhost:5090/api/Appointment/patient/1 - application/json null
2025-11-27 12:15:39.039 +01:00 [INF] CORS policy execution successful.
2025-11-27 12:15:39.040 +01:00 [INF] Executing endpoint 'HomeCareApp.Controllers.AppointmentController.GetAppointmentsByPatientId (api)'
2025-11-27 12:15:39.040 +01:00 [INF] Route matched with {action = "GetAppointmentsByPatientId", controller = "Appointment"}. Executing controller action with signature System.Threading.Tasks.Task`1[Microsoft.AspNetCore.Mvc.IActionResult] GetAppointmentsByPatientId(Int32) on controller HomeCareApp.Controllers.AppointmentController (api).
2025-11-27 12:15:39.042 +01:00 [INF] [PatientController] Total patients in database: 1
2025-11-27 12:15:39.042 +01:00 [INF] [PatientController] Successfully retrieved patient 1 for UserId: c1f2f090-f2e3-47ca-9113-d905d27c42f4
2025-11-27 12:15:39.042 +01:00 [INF] Executing OkObjectResult, writing value of type 'HomeCareApp.DTOs.PatientDto'.
2025-11-27 12:15:39.042 +01:00 [INF] [AppointmentController] Found 0 appointments for PatientId: 1
2025-11-27 12:15:39.042 +01:00 [INF] Executed action HomeCareApp.Controllers.PatientController.GetPatientByUserId (api) in 3.6253ms
2025-11-27 12:15:39.042 +01:00 [INF] Executed endpoint 'HomeCareApp.Controllers.PatientController.GetPatientByUserId (api)'
2025-11-27 12:15:39.042 +01:00 [INF] Executing OkObjectResult, writing value of type 'System.Linq.Enumerable+WhereSelectListIterator`2[[HomeCareApp.Models.Appointment, api, Version=1.0.0.0, Culture=neutral, PublicKeyToken=null],[HomeCareApp.DTOs.AppointmentDto, api, Version=1.0.0.0, Culture=neutral, PublicKeyToken=null]]'.
2025-11-27 12:15:39.042 +01:00 [INF] Request finished HTTP/1.1 GET http://localhost:5090/api/Patient/user/c1f2f090-f2e3-47ca-9113-d905d27c42f4 - 200 223 application/json; charset=utf-8 4.9603ms
2025-11-27 12:15:39.042 +01:00 [INF] Executed action HomeCareApp.Controllers.AppointmentController.GetAppointmentsByPatientId (api) in 2.5735ms
2025-11-27 12:15:39.042 +01:00 [INF] Executed endpoint 'HomeCareApp.Controllers.AppointmentController.GetAppointmentsByPatientId (api)'
2025-11-27 12:15:39.042 +01:00 [INF] Request finished HTTP/1.1 GET http://localhost:5090/api/Appointment/patient/1 - 200 2 application/json; charset=utf-8 3.2197ms
2025-11-27 12:15:39.046 +01:00 [INF] Request starting HTTP/1.1 GET http://localhost:5090/api/Appointment/patient/1 - application/json null
2025-11-27 12:15:39.046 +01:00 [INF] CORS policy execution successful.
2025-11-27 12:15:39.047 +01:00 [INF] Executing endpoint 'HomeCareApp.Controllers.AppointmentController.GetAppointmentsByPatientId (api)'
2025-11-27 12:15:39.047 +01:00 [INF] Route matched with {action = "GetAppointmentsByPatientId", controller = "Appointment"}. Executing controller action with signature System.Threading.Tasks.Task`1[Microsoft.AspNetCore.Mvc.IActionResult] GetAppointmentsByPatientId(Int32) on controller HomeCareApp.Controllers.AppointmentController (api).
2025-11-27 12:15:39.049 +01:00 [INF] [AppointmentController] Found 0 appointments for PatientId: 1
2025-11-27 12:15:39.049 +01:00 [INF] Executing OkObjectResult, writing value of type 'System.Linq.Enumerable+WhereSelectListIterator`2[[HomeCareApp.Models.Appointment, api, Version=1.0.0.0, Culture=neutral, PublicKeyToken=null],[HomeCareApp.DTOs.AppointmentDto, api, Version=1.0.0.0, Culture=neutral, PublicKeyToken=null]]'.
2025-11-27 12:15:39.049 +01:00 [INF] Executed action HomeCareApp.Controllers.AppointmentController.GetAppointmentsByPatientId (api) in 1.8175ms
2025-11-27 12:15:39.049 +01:00 [INF] Executed endpoint 'HomeCareApp.Controllers.AppointmentController.GetAppointmentsByPatientId (api)'
2025-11-27 12:15:39.049 +01:00 [INF] Request finished HTTP/1.1 GET http://localhost:5090/api/Appointment/patient/1 - 200 2 application/json; charset=utf-8 3.5192ms
2025-11-27 12:15:39.892 +01:00 [INF] Request starting HTTP/1.1 GET http://localhost:5090/api/Patient/user/c1f2f090-f2e3-47ca-9113-d905d27c42f4 - application/json null
2025-11-27 12:15:39.892 +01:00 [INF] CORS policy execution successful.
2025-11-27 12:15:39.893 +01:00 [INF] Executing endpoint 'HomeCareApp.Controllers.PatientController.GetPatientByUserId (api)'
2025-11-27 12:15:39.893 +01:00 [INF] Route matched with {action = "GetPatientByUserId", controller = "Patient"}. Executing controller action with signature System.Threading.Tasks.Task`1[Microsoft.AspNetCore.Mvc.ActionResult`1[HomeCareApp.DTOs.PatientDto]] GetPatientByUserId(System.String) on controller HomeCareApp.Controllers.PatientController (api).
2025-11-27 12:15:39.893 +01:00 [INF] [PatientController] Getting patient by UserId: c1f2f090-f2e3-47ca-9113-d905d27c42f4
2025-11-27 12:15:39.894 +01:00 [INF] [PatientController] Total patients in database: 1
2025-11-27 12:15:39.894 +01:00 [INF] [PatientController] Successfully retrieved patient 1 for UserId: c1f2f090-f2e3-47ca-9113-d905d27c42f4
2025-11-27 12:15:39.894 +01:00 [INF] Executing OkObjectResult, writing value of type 'HomeCareApp.DTOs.PatientDto'.
2025-11-27 12:15:39.894 +01:00 [INF] Executed action HomeCareApp.Controllers.PatientController.GetPatientByUserId (api) in 1.3632ms
2025-11-27 12:15:39.895 +01:00 [INF] Executed endpoint 'HomeCareApp.Controllers.PatientController.GetPatientByUserId (api)'
2025-11-27 12:15:39.895 +01:00 [INF] Request finished HTTP/1.1 GET http://localhost:5090/api/Patient/user/c1f2f090-f2e3-47ca-9113-d905d27c42f4 - 200 223 application/json; charset=utf-8 2.3304ms
2025-11-27 12:15:39.896 +01:00 [INF] Request starting HTTP/1.1 GET http://localhost:5090/api/Patient/user/c1f2f090-f2e3-47ca-9113-d905d27c42f4 - application/json null
2025-11-27 12:15:39.896 +01:00 [INF] CORS policy execution successful.
2025-11-27 12:15:39.896 +01:00 [INF] Executing endpoint 'HomeCareApp.Controllers.PatientController.GetPatientByUserId (api)'
2025-11-27 12:15:39.896 +01:00 [INF] Route matched with {action = "GetPatientByUserId", controller = "Patient"}. Executing controller action with signature System.Threading.Tasks.Task`1[Microsoft.AspNetCore.Mvc.ActionResult`1[HomeCareApp.DTOs.PatientDto]] GetPatientByUserId(System.String) on controller HomeCareApp.Controllers.PatientController (api).
2025-11-27 12:15:39.897 +01:00 [INF] Request starting HTTP/1.1 OPTIONS http://localhost:5090/api/medication/patient/1 - null null
2025-11-27 12:15:39.897 +01:00 [INF] [PatientController] Getting patient by UserId: c1f2f090-f2e3-47ca-9113-d905d27c42f4
2025-11-27 12:15:39.897 +01:00 [INF] CORS policy execution successful.
2025-11-27 12:15:39.897 +01:00 [INF] Request finished HTTP/1.1 OPTIONS http://localhost:5090/api/medication/patient/1 - 204 null null 0.2881ms
2025-11-27 12:15:39.898 +01:00 [INF] Request starting HTTP/1.1 GET http://localhost:5090/api/medication/patient/1 - application/json null
2025-11-27 12:15:39.898 +01:00 [INF] CORS policy execution successful.
2025-11-27 12:15:39.898 +01:00 [INF] Executing endpoint 'HomeCareApp.Controllers.MedicationController.GetByPatientId (api)'
2025-11-27 12:15:39.898 +01:00 [INF] Route matched with {action = "GetByPatientId", controller = "Medication"}. Executing controller action with signature System.Threading.Tasks.Task`1[Microsoft.AspNetCore.Mvc.ActionResult`1[System.Collections.Generic.IEnumerable`1[HomeCareApp.DTOs.MedicationDto]]] GetByPatientId(Int32) on controller HomeCareApp.Controllers.MedicationController (api).
2025-11-27 12:15:39.898 +01:00 [INF] [PatientController] Total patients in database: 1
2025-11-27 12:15:39.898 +01:00 [INF] [PatientController] Successfully retrieved patient 1 for UserId: c1f2f090-f2e3-47ca-9113-d905d27c42f4
2025-11-27 12:15:39.898 +01:00 [INF] Executing OkObjectResult, writing value of type 'HomeCareApp.DTOs.PatientDto'.
2025-11-27 12:15:39.898 +01:00 [INF] Executed action HomeCareApp.Controllers.PatientController.GetPatientByUserId (api) in 2.3012ms
2025-11-27 12:15:39.898 +01:00 [INF] Executed endpoint 'HomeCareApp.Controllers.PatientController.GetPatientByUserId (api)'
2025-11-27 12:15:39.898 +01:00 [INF] [MedicationController] Getting medications for PatientId: 1
2025-11-27 12:15:39.899 +01:00 [INF] Request finished HTTP/1.1 GET http://localhost:5090/api/Patient/user/c1f2f090-f2e3-47ca-9113-d905d27c42f4 - 200 223 application/json; charset=utf-8 2.9756ms
2025-11-27 12:15:39.899 +01:00 [INF] [MedicationController] Found 0 medications for PatientId: 1
2025-11-27 12:15:39.899 +01:00 [INF] Executing OkObjectResult, writing value of type 'System.Linq.Enumerable+SelectListIterator`2[[HomeCareApp.Models.Medication, api, Version=1.0.0.0, Culture=neutral, PublicKeyToken=null],[HomeCareApp.DTOs.MedicationDto, api, Version=1.0.0.0, Culture=neutral, PublicKeyToken=null]]'.
2025-11-27 12:15:39.899 +01:00 [INF] Executed action HomeCareApp.Controllers.MedicationController.GetByPatientId (api) in 1.5762ms
2025-11-27 12:15:39.899 +01:00 [INF] Executed endpoint 'HomeCareApp.Controllers.MedicationController.GetByPatientId (api)'
2025-11-27 12:15:39.899 +01:00 [INF] Request finished HTTP/1.1 GET http://localhost:5090/api/medication/patient/1 - 200 2 application/json; charset=utf-8 1.9257ms
2025-11-27 12:15:39.900 +01:00 [INF] Request starting HTTP/1.1 GET http://localhost:5090/api/medication/patient/1 - application/json null
2025-11-27 12:15:39.900 +01:00 [INF] CORS policy execution successful.
2025-11-27 12:15:39.900 +01:00 [INF] Executing endpoint 'HomeCareApp.Controllers.MedicationController.GetByPatientId (api)'
2025-11-27 12:15:39.900 +01:00 [INF] Route matched with {action = "GetByPatientId", controller = "Medication"}. Executing controller action with signature System.Threading.Tasks.Task`1[Microsoft.AspNetCore.Mvc.ActionResult`1[System.Collections.Generic.IEnumerable`1[HomeCareApp.DTOs.MedicationDto]]] GetByPatientId(Int32) on controller HomeCareApp.Controllers.MedicationController (api).
2025-11-27 12:15:39.900 +01:00 [INF] [MedicationController] Getting medications for PatientId: 1
2025-11-27 12:15:39.901 +01:00 [INF] [MedicationController] Found 0 medications for PatientId: 1
2025-11-27 12:15:39.901 +01:00 [INF] Executing OkObjectResult, writing value of type 'System.Linq.Enumerable+SelectListIterator`2[[HomeCareApp.Models.Medication, api, Version=1.0.0.0, Culture=neutral, PublicKeyToken=null],[HomeCareApp.DTOs.MedicationDto, api, Version=1.0.0.0, Culture=neutral, PublicKeyToken=null]]'.
2025-11-27 12:15:39.901 +01:00 [INF] Executed action HomeCareApp.Controllers.MedicationController.GetByPatientId (api) in 1.0052ms
2025-11-27 12:15:39.901 +01:00 [INF] Executed endpoint 'HomeCareApp.Controllers.MedicationController.GetByPatientId (api)'
2025-11-27 12:15:39.901 +01:00 [INF] Request finished HTTP/1.1 GET http://localhost:5090/api/medication/patient/1 - 200 2 application/json; charset=utf-8 1.378ms
2025-11-27 12:15:40.691 +01:00 [INF] Request starting HTTP/1.1 GET http://localhost:5090/api/Patient/user/c1f2f090-f2e3-47ca-9113-d905d27c42f4 - application/json null
2025-11-27 12:15:40.691 +01:00 [INF] CORS policy execution successful.
2025-11-27 12:15:40.692 +01:00 [INF] Executing endpoint 'HomeCareApp.Controllers.PatientController.GetPatientByUserId (api)'
2025-11-27 12:15:40.692 +01:00 [INF] Route matched with {action = "GetPatientByUserId", controller = "Patient"}. Executing controller action with signature System.Threading.Tasks.Task`1[Microsoft.AspNetCore.Mvc.ActionResult`1[HomeCareApp.DTOs.PatientDto]] GetPatientByUserId(System.String) on controller HomeCareApp.Controllers.PatientController (api).
2025-11-27 12:15:40.692 +01:00 [INF] [PatientController] Getting patient by UserId: c1f2f090-f2e3-47ca-9113-d905d27c42f4
2025-11-27 12:15:40.693 +01:00 [INF] [PatientController] Total patients in database: 1
2025-11-27 12:15:40.693 +01:00 [INF] [PatientController] Successfully retrieved patient 1 for UserId: c1f2f090-f2e3-47ca-9113-d905d27c42f4
2025-11-27 12:15:40.693 +01:00 [INF] Executing OkObjectResult, writing value of type 'HomeCareApp.DTOs.PatientDto'.
2025-11-27 12:15:40.693 +01:00 [INF] Executed action HomeCareApp.Controllers.PatientController.GetPatientByUserId (api) in 1.4796ms
2025-11-27 12:15:40.693 +01:00 [INF] Executed endpoint 'HomeCareApp.Controllers.PatientController.GetPatientByUserId (api)'
2025-11-27 12:15:40.693 +01:00 [INF] Request finished HTTP/1.1 GET http://localhost:5090/api/Patient/user/c1f2f090-f2e3-47ca-9113-d905d27c42f4 - 200 223 application/json; charset=utf-8 2.2526ms
2025-11-27 12:15:40.694 +01:00 [INF] Request starting HTTP/1.1 GET http://localhost:5090/api/Patient/user/c1f2f090-f2e3-47ca-9113-d905d27c42f4 - application/json null
2025-11-27 12:15:40.695 +01:00 [INF] CORS policy execution successful.
2025-11-27 12:15:40.695 +01:00 [INF] Executing endpoint 'HomeCareApp.Controllers.PatientController.GetPatientByUserId (api)'
2025-11-27 12:15:40.695 +01:00 [INF] Route matched with {action = "GetPatientByUserId", controller = "Patient"}. Executing controller action with signature System.Threading.Tasks.Task`1[Microsoft.AspNetCore.Mvc.ActionResult`1[HomeCareApp.DTOs.PatientDto]] GetPatientByUserId(System.String) on controller HomeCareApp.Controllers.PatientController (api).
2025-11-27 12:15:40.695 +01:00 [INF] [PatientController] Getting patient by UserId: c1f2f090-f2e3-47ca-9113-d905d27c42f4
2025-11-27 12:15:40.695 +01:00 [INF] Request starting HTTP/1.1 GET http://localhost:5090/api/Appointment/patient/1 - application/json null
2025-11-27 12:15:40.695 +01:00 [INF] CORS policy execution successful.
2025-11-27 12:15:40.696 +01:00 [INF] Executing endpoint 'HomeCareApp.Controllers.AppointmentController.GetAppointmentsByPatientId (api)'
2025-11-27 12:15:40.696 +01:00 [INF] Route matched with {action = "GetAppointmentsByPatientId", controller = "Appointment"}. Executing controller action with signature System.Threading.Tasks.Task`1[Microsoft.AspNetCore.Mvc.IActionResult] GetAppointmentsByPatientId(Int32) on controller HomeCareApp.Controllers.AppointmentController (api).
2025-11-27 12:15:40.696 +01:00 [INF] [PatientController] Total patients in database: 1
2025-11-27 12:15:40.696 +01:00 [INF] [PatientController] Successfully retrieved patient 1 for UserId: c1f2f090-f2e3-47ca-9113-d905d27c42f4
2025-11-27 12:15:40.696 +01:00 [INF] Executing OkObjectResult, writing value of type 'HomeCareApp.DTOs.PatientDto'.
2025-11-27 12:15:40.696 +01:00 [INF] Executed action HomeCareApp.Controllers.PatientController.GetPatientByUserId (api) in 1.0886ms
2025-11-27 12:15:40.696 +01:00 [INF] Executed endpoint 'HomeCareApp.Controllers.PatientController.GetPatientByUserId (api)'
2025-11-27 12:15:40.696 +01:00 [INF] Request finished HTTP/1.1 GET http://localhost:5090/api/Patient/user/c1f2f090-f2e3-47ca-9113-d905d27c42f4 - 200 223 application/json; charset=utf-8 1.7892ms
2025-11-27 12:15:40.696 +01:00 [INF] [AppointmentController] Found 0 appointments for PatientId: 1
2025-11-27 12:15:40.696 +01:00 [INF] Executing OkObjectResult, writing value of type 'System.Linq.Enumerable+WhereSelectListIterator`2[[HomeCareApp.Models.Appointment, api, Version=1.0.0.0, Culture=neutral, PublicKeyToken=null],[HomeCareApp.DTOs.AppointmentDto, api, Version=1.0.0.0, Culture=neutral, PublicKeyToken=null]]'.
2025-11-27 12:15:40.697 +01:00 [INF] Executed action HomeCareApp.Controllers.AppointmentController.GetAppointmentsByPatientId (api) in 0.866ms
2025-11-27 12:15:40.697 +01:00 [INF] Executed endpoint 'HomeCareApp.Controllers.AppointmentController.GetAppointmentsByPatientId (api)'
2025-11-27 12:15:40.697 +01:00 [INF] Request finished HTTP/1.1 GET http://localhost:5090/api/Appointment/patient/1 - 200 2 application/json; charset=utf-8 1.2819ms
2025-11-27 12:15:40.698 +01:00 [INF] Request starting HTTP/1.1 GET http://localhost:5090/api/Appointment/patient/1 - application/json null
2025-11-27 12:15:40.698 +01:00 [INF] CORS policy execution successful.
2025-11-27 12:15:40.698 +01:00 [INF] Executing endpoint 'HomeCareApp.Controllers.AppointmentController.GetAppointmentsByPatientId (api)'
2025-11-27 12:15:40.698 +01:00 [INF] Route matched with {action = "GetAppointmentsByPatientId", controller = "Appointment"}. Executing controller action with signature System.Threading.Tasks.Task`1[Microsoft.AspNetCore.Mvc.IActionResult] GetAppointmentsByPatientId(Int32) on controller HomeCareApp.Controllers.AppointmentController (api).
2025-11-27 12:15:40.699 +01:00 [INF] [AppointmentController] Found 0 appointments for PatientId: 1
2025-11-27 12:15:40.699 +01:00 [INF] Executing OkObjectResult, writing value of type 'System.Linq.Enumerable+WhereSelectListIterator`2[[HomeCareApp.Models.Appointment, api, Version=1.0.0.0, Culture=neutral, PublicKeyToken=null],[HomeCareApp.DTOs.AppointmentDto, api, Version=1.0.0.0, Culture=neutral, PublicKeyToken=null]]'.
2025-11-27 12:15:40.699 +01:00 [INF] Executed action HomeCareApp.Controllers.AppointmentController.GetAppointmentsByPatientId (api) in 0.7585ms
2025-11-27 12:15:40.699 +01:00 [INF] Executed endpoint 'HomeCareApp.Controllers.AppointmentController.GetAppointmentsByPatientId (api)'
2025-11-27 12:15:40.699 +01:00 [INF] Request finished HTTP/1.1 GET http://localhost:5090/api/Appointment/patient/1 - 200 2 application/json; charset=utf-8 1.1984ms
2025-11-27 12:15:41.863 +01:00 [INF] Request starting HTTP/1.1 GET http://localhost:5090/api/Patient/user/c1f2f090-f2e3-47ca-9113-d905d27c42f4 - application/json null
2025-11-27 12:15:41.863 +01:00 [INF] CORS policy execution successful.
2025-11-27 12:15:41.864 +01:00 [INF] Executing endpoint 'HomeCareApp.Controllers.PatientController.GetPatientByUserId (api)'
2025-11-27 12:15:41.864 +01:00 [INF] Route matched with {action = "GetPatientByUserId", controller = "Patient"}. Executing controller action with signature System.Threading.Tasks.Task`1[Microsoft.AspNetCore.Mvc.ActionResult`1[HomeCareApp.DTOs.PatientDto]] GetPatientByUserId(System.String) on controller HomeCareApp.Controllers.PatientController (api).
2025-11-27 12:15:41.864 +01:00 [INF] [PatientController] Getting patient by UserId: c1f2f090-f2e3-47ca-9113-d905d27c42f4
2025-11-27 12:15:41.865 +01:00 [INF] [PatientController] Total patients in database: 1
2025-11-27 12:15:41.865 +01:00 [INF] [PatientController] Successfully retrieved patient 1 for UserId: c1f2f090-f2e3-47ca-9113-d905d27c42f4
2025-11-27 12:15:41.865 +01:00 [INF] Executing OkObjectResult, writing value of type 'HomeCareApp.DTOs.PatientDto'.
2025-11-27 12:15:41.865 +01:00 [INF] Executed action HomeCareApp.Controllers.PatientController.GetPatientByUserId (api) in 1.7309ms
2025-11-27 12:15:41.865 +01:00 [INF] Executed endpoint 'HomeCareApp.Controllers.PatientController.GetPatientByUserId (api)'
2025-11-27 12:15:41.866 +01:00 [INF] Request finished HTTP/1.1 GET http://localhost:5090/api/Patient/user/c1f2f090-f2e3-47ca-9113-d905d27c42f4 - 200 223 application/json; charset=utf-8 2.4137ms
2025-11-27 12:15:41.867 +01:00 [INF] Request starting HTTP/1.1 GET http://localhost:5090/api/Patient/user/c1f2f090-f2e3-47ca-9113-d905d27c42f4 - application/json null
2025-11-27 12:15:41.867 +01:00 [INF] CORS policy execution successful.
2025-11-27 12:15:41.867 +01:00 [INF] Executing endpoint 'HomeCareApp.Controllers.PatientController.GetPatientByUserId (api)'
2025-11-27 12:15:41.867 +01:00 [INF] Route matched with {action = "GetPatientByUserId", controller = "Patient"}. Executing controller action with signature System.Threading.Tasks.Task`1[Microsoft.AspNetCore.Mvc.ActionResult`1[HomeCareApp.DTOs.PatientDto]] GetPatientByUserId(System.String) on controller HomeCareApp.Controllers.PatientController (api).
2025-11-27 12:15:41.868 +01:00 [INF] [PatientController] Getting patient by UserId: c1f2f090-f2e3-47ca-9113-d905d27c42f4
2025-11-27 12:15:41.868 +01:00 [INF] Request starting HTTP/1.1 GET http://localhost:5090/api/medication/patient/1 - application/json null
2025-11-27 12:15:41.868 +01:00 [INF] CORS policy execution successful.
2025-11-27 12:15:41.868 +01:00 [INF] Executing endpoint 'HomeCareApp.Controllers.MedicationController.GetByPatientId (api)'
2025-11-27 12:15:41.868 +01:00 [INF] Route matched with {action = "GetByPatientId", controller = "Medication"}. Executing controller action with signature System.Threading.Tasks.Task`1[Microsoft.AspNetCore.Mvc.ActionResult`1[System.Collections.Generic.IEnumerable`1[HomeCareApp.DTOs.MedicationDto]]] GetByPatientId(Int32) on controller HomeCareApp.Controllers.MedicationController (api).
2025-11-27 12:15:41.868 +01:00 [INF] [MedicationController] Getting medications for PatientId: 1
2025-11-27 12:15:41.869 +01:00 [INF] [PatientController] Total patients in database: 1
2025-11-27 12:15:41.869 +01:00 [INF] [PatientController] Successfully retrieved patient 1 for UserId: c1f2f090-f2e3-47ca-9113-d905d27c42f4
2025-11-27 12:15:41.869 +01:00 [INF] Executing OkObjectResult, writing value of type 'HomeCareApp.DTOs.PatientDto'.
2025-11-27 12:15:41.869 +01:00 [INF] [MedicationController] Found 0 medications for PatientId: 1
2025-11-27 12:15:41.869 +01:00 [INF] Executing OkObjectResult, writing value of type 'System.Linq.Enumerable+SelectListIterator`2[[HomeCareApp.Models.Medication, api, Version=1.0.0.0, Culture=neutral, PublicKeyToken=null],[HomeCareApp.DTOs.MedicationDto, api, Version=1.0.0.0, Culture=neutral, PublicKeyToken=null]]'.
2025-11-27 12:15:41.869 +01:00 [INF] Executed action HomeCareApp.Controllers.PatientController.GetPatientByUserId (api) in 2.1543ms
2025-11-27 12:15:41.869 +01:00 [INF] Executed endpoint 'HomeCareApp.Controllers.PatientController.GetPatientByUserId (api)'
2025-11-27 12:15:41.869 +01:00 [INF] Executed action HomeCareApp.Controllers.MedicationController.GetByPatientId (api) in 1.3356ms
2025-11-27 12:15:41.869 +01:00 [INF] Executed endpoint 'HomeCareApp.Controllers.MedicationController.GetByPatientId (api)'
2025-11-27 12:15:41.870 +01:00 [INF] Request finished HTTP/1.1 GET http://localhost:5090/api/medication/patient/1 - 200 2 application/json; charset=utf-8 1.7917ms
2025-11-27 12:15:41.870 +01:00 [INF] Request finished HTTP/1.1 GET http://localhost:5090/api/Patient/user/c1f2f090-f2e3-47ca-9113-d905d27c42f4 - 200 223 application/json; charset=utf-8 2.9079ms
2025-11-27 12:15:41.872 +01:00 [INF] Request starting HTTP/1.1 GET http://localhost:5090/api/medication/patient/1 - application/json null
2025-11-27 12:15:41.872 +01:00 [INF] CORS policy execution successful.
2025-11-27 12:15:41.872 +01:00 [INF] Executing endpoint 'HomeCareApp.Controllers.MedicationController.GetByPatientId (api)'
2025-11-27 12:15:41.872 +01:00 [INF] Route matched with {action = "GetByPatientId", controller = "Medication"}. Executing controller action with signature System.Threading.Tasks.Task`1[Microsoft.AspNetCore.Mvc.ActionResult`1[System.Collections.Generic.IEnumerable`1[HomeCareApp.DTOs.MedicationDto]]] GetByPatientId(Int32) on controller HomeCareApp.Controllers.MedicationController (api).
2025-11-27 12:15:41.873 +01:00 [INF] [MedicationController] Getting medications for PatientId: 1
2025-11-27 12:15:41.874 +01:00 [INF] [MedicationController] Found 0 medications for PatientId: 1
2025-11-27 12:15:41.874 +01:00 [INF] Executing OkObjectResult, writing value of type 'System.Linq.Enumerable+SelectListIterator`2[[HomeCareApp.Models.Medication, api, Version=1.0.0.0, Culture=neutral, PublicKeyToken=null],[HomeCareApp.DTOs.MedicationDto, api, Version=1.0.0.0, Culture=neutral, PublicKeyToken=null]]'.
2025-11-27 12:15:41.874 +01:00 [INF] Executed action HomeCareApp.Controllers.MedicationController.GetByPatientId (api) in 1.6304ms
2025-11-27 12:15:41.874 +01:00 [INF] Executed endpoint 'HomeCareApp.Controllers.MedicationController.GetByPatientId (api)'
2025-11-27 12:15:41.874 +01:00 [INF] Request finished HTTP/1.1 GET http://localhost:5090/api/medication/patient/1 - 200 2 application/json; charset=utf-8 2.3043ms
2025-11-27 12:15:43.494 +01:00 [INF] Request starting HTTP/1.1 GET http://localhost:5090/api/Patient/user/c1f2f090-f2e3-47ca-9113-d905d27c42f4 - application/json null
2025-11-27 12:15:43.494 +01:00 [INF] CORS policy execution successful.
2025-11-27 12:15:43.494 +01:00 [INF] Executing endpoint 'HomeCareApp.Controllers.PatientController.GetPatientByUserId (api)'
2025-11-27 12:15:43.494 +01:00 [INF] Route matched with {action = "GetPatientByUserId", controller = "Patient"}. Executing controller action with signature System.Threading.Tasks.Task`1[Microsoft.AspNetCore.Mvc.ActionResult`1[HomeCareApp.DTOs.PatientDto]] GetPatientByUserId(System.String) on controller HomeCareApp.Controllers.PatientController (api).
2025-11-27 12:15:43.495 +01:00 [INF] [PatientController] Getting patient by UserId: c1f2f090-f2e3-47ca-9113-d905d27c42f4
2025-11-27 12:15:43.496 +01:00 [INF] [PatientController] Total patients in database: 1
2025-11-27 12:15:43.496 +01:00 [INF] [PatientController] Successfully retrieved patient 1 for UserId: c1f2f090-f2e3-47ca-9113-d905d27c42f4
2025-11-27 12:15:43.496 +01:00 [INF] Executing OkObjectResult, writing value of type 'HomeCareApp.DTOs.PatientDto'.
2025-11-27 12:15:43.496 +01:00 [INF] Executed action HomeCareApp.Controllers.PatientController.GetPatientByUserId (api) in 1.5181ms
2025-11-27 12:15:43.496 +01:00 [INF] Executed endpoint 'HomeCareApp.Controllers.PatientController.GetPatientByUserId (api)'
2025-11-27 12:15:43.496 +01:00 [INF] Request finished HTTP/1.1 GET http://localhost:5090/api/Patient/user/c1f2f090-f2e3-47ca-9113-d905d27c42f4 - 200 223 application/json; charset=utf-8 2.2035ms
2025-11-27 12:15:43.497 +01:00 [INF] Request starting HTTP/1.1 GET http://localhost:5090/api/Patient/user/c1f2f090-f2e3-47ca-9113-d905d27c42f4 - application/json null
2025-11-27 12:15:43.497 +01:00 [INF] CORS policy execution successful.
2025-11-27 12:15:43.497 +01:00 [INF] Executing endpoint 'HomeCareApp.Controllers.PatientController.GetPatientByUserId (api)'
2025-11-27 12:15:43.497 +01:00 [INF] Route matched with {action = "GetPatientByUserId", controller = "Patient"}. Executing controller action with signature System.Threading.Tasks.Task`1[Microsoft.AspNetCore.Mvc.ActionResult`1[HomeCareApp.DTOs.PatientDto]] GetPatientByUserId(System.String) on controller HomeCareApp.Controllers.PatientController (api).
2025-11-27 12:15:43.498 +01:00 [INF] [PatientController] Getting patient by UserId: c1f2f090-f2e3-47ca-9113-d905d27c42f4
2025-11-27 12:15:43.498 +01:00 [INF] [PatientController] Total patients in database: 1
2025-11-27 12:15:43.498 +01:00 [INF] [PatientController] Successfully retrieved patient 1 for UserId: c1f2f090-f2e3-47ca-9113-d905d27c42f4
2025-11-27 12:15:43.498 +01:00 [INF] Request starting HTTP/1.1 GET http://localhost:5090/api/Appointment/patient/1 - application/json null
2025-11-27 12:15:43.498 +01:00 [INF] Executing OkObjectResult, writing value of type 'HomeCareApp.DTOs.PatientDto'.
2025-11-27 12:15:43.498 +01:00 [INF] CORS policy execution successful.
2025-11-27 12:15:43.499 +01:00 [INF] Executed action HomeCareApp.Controllers.PatientController.GetPatientByUserId (api) in 1.0375ms
2025-11-27 12:15:43.499 +01:00 [INF] Executed endpoint 'HomeCareApp.Controllers.PatientController.GetPatientByUserId (api)'
2025-11-27 12:15:43.499 +01:00 [INF] Executing endpoint 'HomeCareApp.Controllers.AppointmentController.GetAppointmentsByPatientId (api)'
2025-11-27 12:15:43.499 +01:00 [INF] Request finished HTTP/1.1 GET http://localhost:5090/api/Patient/user/c1f2f090-f2e3-47ca-9113-d905d27c42f4 - 200 223 application/json; charset=utf-8 1.5263ms
2025-11-27 12:15:43.499 +01:00 [INF] Route matched with {action = "GetAppointmentsByPatientId", controller = "Appointment"}. Executing controller action with signature System.Threading.Tasks.Task`1[Microsoft.AspNetCore.Mvc.IActionResult] GetAppointmentsByPatientId(Int32) on controller HomeCareApp.Controllers.AppointmentController (api).
2025-11-27 12:15:43.499 +01:00 [INF] [AppointmentController] Found 0 appointments for PatientId: 1
2025-11-27 12:15:43.500 +01:00 [INF] Executing OkObjectResult, writing value of type 'System.Linq.Enumerable+WhereSelectListIterator`2[[HomeCareApp.Models.Appointment, api, Version=1.0.0.0, Culture=neutral, PublicKeyToken=null],[HomeCareApp.DTOs.AppointmentDto, api, Version=1.0.0.0, Culture=neutral, PublicKeyToken=null]]'.
2025-11-27 12:15:43.500 +01:00 [INF] Executed action HomeCareApp.Controllers.AppointmentController.GetAppointmentsByPatientId (api) in 0.9494ms
2025-11-27 12:15:43.500 +01:00 [INF] Executed endpoint 'HomeCareApp.Controllers.AppointmentController.GetAppointmentsByPatientId (api)'
2025-11-27 12:15:43.500 +01:00 [INF] Request finished HTTP/1.1 GET http://localhost:5090/api/Appointment/patient/1 - 200 2 application/json; charset=utf-8 1.3842ms
2025-11-27 12:15:43.500 +01:00 [INF] Request starting HTTP/1.1 GET http://localhost:5090/api/Appointment/patient/1 - application/json null
2025-11-27 12:15:43.501 +01:00 [INF] CORS policy execution successful.
2025-11-27 12:15:43.501 +01:00 [INF] Executing endpoint 'HomeCareApp.Controllers.AppointmentController.GetAppointmentsByPatientId (api)'
2025-11-27 12:15:43.501 +01:00 [INF] Route matched with {action = "GetAppointmentsByPatientId", controller = "Appointment"}. Executing controller action with signature System.Threading.Tasks.Task`1[Microsoft.AspNetCore.Mvc.IActionResult] GetAppointmentsByPatientId(Int32) on controller HomeCareApp.Controllers.AppointmentController (api).
2025-11-27 12:15:43.502 +01:00 [INF] [AppointmentController] Found 0 appointments for PatientId: 1
2025-11-27 12:15:43.502 +01:00 [INF] Executing OkObjectResult, writing value of type 'System.Linq.Enumerable+WhereSelectListIterator`2[[HomeCareApp.Models.Appointment, api, Version=1.0.0.0, Culture=neutral, PublicKeyToken=null],[HomeCareApp.DTOs.AppointmentDto, api, Version=1.0.0.0, Culture=neutral, PublicKeyToken=null]]'.
2025-11-27 12:15:43.502 +01:00 [INF] Executed action HomeCareApp.Controllers.AppointmentController.GetAppointmentsByPatientId (api) in 1.0252ms
2025-11-27 12:15:43.502 +01:00 [INF] Executed endpoint 'HomeCareApp.Controllers.AppointmentController.GetAppointmentsByPatientId (api)'
2025-11-27 12:15:43.502 +01:00 [INF] Request finished HTTP/1.1 GET http://localhost:5090/api/Appointment/patient/1 - 200 2 application/json; charset=utf-8 1.4454ms
2025-11-27 12:15:45.529 +01:00 [INF] Request starting HTTP/1.1 OPTIONS http://localhost:5090/api/Patient/user/c1f2f090-f2e3-47ca-9113-d905d27c42f4 - null null
2025-11-27 12:15:45.529 +01:00 [INF] Request starting HTTP/1.1 OPTIONS http://localhost:5090/api/Patient/user/c1f2f090-f2e3-47ca-9113-d905d27c42f4 - null null
2025-11-27 12:15:45.529 +01:00 [INF] CORS policy execution successful.
2025-11-27 12:15:45.529 +01:00 [INF] CORS policy execution successful.
2025-11-27 12:15:45.529 +01:00 [INF] Request finished HTTP/1.1 OPTIONS http://localhost:5090/api/Patient/user/c1f2f090-f2e3-47ca-9113-d905d27c42f4 - 204 null null 0.4538ms
2025-11-27 12:15:45.529 +01:00 [INF] Request finished HTTP/1.1 OPTIONS http://localhost:5090/api/Patient/user/c1f2f090-f2e3-47ca-9113-d905d27c42f4 - 204 null null 0.1912ms
2025-11-27 12:15:45.530 +01:00 [INF] Request starting HTTP/1.1 GET http://localhost:5090/api/Patient/user/c1f2f090-f2e3-47ca-9113-d905d27c42f4 - application/json null
2025-11-27 12:15:45.531 +01:00 [INF] CORS policy execution successful.
2025-11-27 12:15:45.531 +01:00 [INF] Executing endpoint 'HomeCareApp.Controllers.PatientController.GetPatientByUserId (api)'
2025-11-27 12:15:45.531 +01:00 [INF] Route matched with {action = "GetPatientByUserId", controller = "Patient"}. Executing controller action with signature System.Threading.Tasks.Task`1[Microsoft.AspNetCore.Mvc.ActionResult`1[HomeCareApp.DTOs.PatientDto]] GetPatientByUserId(System.String) on controller HomeCareApp.Controllers.PatientController (api).
2025-11-27 12:15:45.532 +01:00 [INF] [PatientController] Getting patient by UserId: c1f2f090-f2e3-47ca-9113-d905d27c42f4
2025-11-27 12:15:45.533 +01:00 [INF] [PatientController] Total patients in database: 1
2025-11-27 12:15:45.533 +01:00 [INF] [PatientController] Successfully retrieved patient 1 for UserId: c1f2f090-f2e3-47ca-9113-d905d27c42f4
2025-11-27 12:15:45.533 +01:00 [INF] Executing OkObjectResult, writing value of type 'HomeCareApp.DTOs.PatientDto'.
2025-11-27 12:15:45.533 +01:00 [INF] Executed action HomeCareApp.Controllers.PatientController.GetPatientByUserId (api) in 1.7609ms
2025-11-27 12:15:45.533 +01:00 [INF] Executed endpoint 'HomeCareApp.Controllers.PatientController.GetPatientByUserId (api)'
2025-11-27 12:15:45.533 +01:00 [INF] Request finished HTTP/1.1 GET http://localhost:5090/api/Patient/user/c1f2f090-f2e3-47ca-9113-d905d27c42f4 - 200 223 application/json; charset=utf-8 2.6006ms
2025-11-27 12:15:45.534 +01:00 [INF] Request starting HTTP/1.1 GET http://localhost:5090/api/Patient/user/c1f2f090-f2e3-47ca-9113-d905d27c42f4 - application/json null
2025-11-27 12:15:45.534 +01:00 [INF] CORS policy execution successful.
2025-11-27 12:15:45.535 +01:00 [INF] Executing endpoint 'HomeCareApp.Controllers.PatientController.GetPatientByUserId (api)'
2025-11-27 12:15:45.535 +01:00 [INF] Route matched with {action = "GetPatientByUserId", controller = "Patient"}. Executing controller action with signature System.Threading.Tasks.Task`1[Microsoft.AspNetCore.Mvc.ActionResult`1[HomeCareApp.DTOs.PatientDto]] GetPatientByUserId(System.String) on controller HomeCareApp.Controllers.PatientController (api).
2025-11-27 12:15:45.535 +01:00 [INF] [PatientController] Getting patient by UserId: c1f2f090-f2e3-47ca-9113-d905d27c42f4
2025-11-27 12:15:45.536 +01:00 [INF] [PatientController] Total patients in database: 1
2025-11-27 12:15:45.536 +01:00 [INF] [PatientController] Successfully retrieved patient 1 for UserId: c1f2f090-f2e3-47ca-9113-d905d27c42f4
2025-11-27 12:15:45.536 +01:00 [INF] Executing OkObjectResult, writing value of type 'HomeCareApp.DTOs.PatientDto'.
2025-11-27 12:15:45.536 +01:00 [INF] Executed action HomeCareApp.Controllers.PatientController.GetPatientByUserId (api) in 1.5127ms
2025-11-27 12:15:45.536 +01:00 [INF] Executed endpoint 'HomeCareApp.Controllers.PatientController.GetPatientByUserId (api)'
2025-11-27 12:15:45.536 +01:00 [INF] Request finished HTTP/1.1 GET http://localhost:5090/api/Patient/user/c1f2f090-f2e3-47ca-9113-d905d27c42f4 - 200 223 application/json; charset=utf-8 2.0915ms
2025-11-27 12:15:45.540 +01:00 [INF] Request starting HTTP/1.1 OPTIONS http://localhost:5090/api/medication/patient/1 - null null
2025-11-27 12:15:45.540 +01:00 [INF] CORS policy execution successful.
2025-11-27 12:15:45.540 +01:00 [INF] Request finished HTTP/1.1 OPTIONS http://localhost:5090/api/medication/patient/1 - 204 null null 0.1747ms
2025-11-27 12:15:45.541 +01:00 [INF] Request starting HTTP/1.1 GET http://localhost:5090/api/medication/patient/1 - application/json null
2025-11-27 12:15:45.541 +01:00 [INF] CORS policy execution successful.
2025-11-27 12:15:45.542 +01:00 [INF] Executing endpoint 'HomeCareApp.Controllers.MedicationController.GetByPatientId (api)'
2025-11-27 12:15:45.542 +01:00 [INF] Route matched with {action = "GetByPatientId", controller = "Medication"}. Executing controller action with signature System.Threading.Tasks.Task`1[Microsoft.AspNetCore.Mvc.ActionResult`1[System.Collections.Generic.IEnumerable`1[HomeCareApp.DTOs.MedicationDto]]] GetByPatientId(Int32) on controller HomeCareApp.Controllers.MedicationController (api).
2025-11-27 12:15:45.542 +01:00 [INF] [MedicationController] Getting medications for PatientId: 1
2025-11-27 12:15:45.544 +01:00 [INF] [MedicationController] Found 0 medications for PatientId: 1
2025-11-27 12:15:45.545 +01:00 [INF] Executing OkObjectResult, writing value of type 'System.Linq.Enumerable+SelectListIterator`2[[HomeCareApp.Models.Medication, api, Version=1.0.0.0, Culture=neutral, PublicKeyToken=null],[HomeCareApp.DTOs.MedicationDto, api, Version=1.0.0.0, Culture=neutral, PublicKeyToken=null]]'.
2025-11-27 12:15:45.545 +01:00 [INF] Executed action HomeCareApp.Controllers.MedicationController.GetByPatientId (api) in 2.8735ms
2025-11-27 12:15:45.545 +01:00 [INF] Executed endpoint 'HomeCareApp.Controllers.MedicationController.GetByPatientId (api)'
2025-11-27 12:15:45.545 +01:00 [INF] Request finished HTTP/1.1 GET http://localhost:5090/api/medication/patient/1 - 200 2 application/json; charset=utf-8 3.8018ms
2025-11-27 12:15:45.546 +01:00 [INF] Request starting HTTP/1.1 GET http://localhost:5090/api/medication/patient/1 - application/json null
2025-11-27 12:15:45.546 +01:00 [INF] CORS policy execution successful.
2025-11-27 12:15:45.546 +01:00 [INF] Executing endpoint 'HomeCareApp.Controllers.MedicationController.GetByPatientId (api)'
2025-11-27 12:15:45.547 +01:00 [INF] Route matched with {action = "GetByPatientId", controller = "Medication"}. Executing controller action with signature System.Threading.Tasks.Task`1[Microsoft.AspNetCore.Mvc.ActionResult`1[System.Collections.Generic.IEnumerable`1[HomeCareApp.DTOs.MedicationDto]]] GetByPatientId(Int32) on controller HomeCareApp.Controllers.MedicationController (api).
2025-11-27 12:15:45.547 +01:00 [INF] [MedicationController] Getting medications for PatientId: 1
2025-11-27 12:15:45.548 +01:00 [INF] [MedicationController] Found 0 medications for PatientId: 1
2025-11-27 12:15:45.548 +01:00 [INF] Executing OkObjectResult, writing value of type 'System.Linq.Enumerable+SelectListIterator`2[[HomeCareApp.Models.Medication, api, Version=1.0.0.0, Culture=neutral, PublicKeyToken=null],[HomeCareApp.DTOs.MedicationDto, api, Version=1.0.0.0, Culture=neutral, PublicKeyToken=null]]'.
2025-11-27 12:15:45.548 +01:00 [INF] Executed action HomeCareApp.Controllers.MedicationController.GetByPatientId (api) in 1.8757ms
2025-11-27 12:15:45.548 +01:00 [INF] Executed endpoint 'HomeCareApp.Controllers.MedicationController.GetByPatientId (api)'
2025-11-27 12:15:45.549 +01:00 [INF] Request finished HTTP/1.1 GET http://localhost:5090/api/medication/patient/1 - 200 2 application/json; charset=utf-8 2.5515ms
2025-11-27 12:15:46.827 +01:00 [INF] Request starting HTTP/1.1 GET http://localhost:5090/api/Patient/user/c1f2f090-f2e3-47ca-9113-d905d27c42f4 - application/json null
2025-11-27 12:15:46.828 +01:00 [INF] CORS policy execution successful.
2025-11-27 12:15:46.828 +01:00 [INF] Executing endpoint 'HomeCareApp.Controllers.PatientController.GetPatientByUserId (api)'
2025-11-27 12:15:46.828 +01:00 [INF] Route matched with {action = "GetPatientByUserId", controller = "Patient"}. Executing controller action with signature System.Threading.Tasks.Task`1[Microsoft.AspNetCore.Mvc.ActionResult`1[HomeCareApp.DTOs.PatientDto]] GetPatientByUserId(System.String) on controller HomeCareApp.Controllers.PatientController (api).
2025-11-27 12:15:46.828 +01:00 [INF] [PatientController] Getting patient by UserId: c1f2f090-f2e3-47ca-9113-d905d27c42f4
2025-11-27 12:15:46.829 +01:00 [INF] [PatientController] Total patients in database: 1
2025-11-27 12:15:46.829 +01:00 [INF] [PatientController] Successfully retrieved patient 1 for UserId: c1f2f090-f2e3-47ca-9113-d905d27c42f4
2025-11-27 12:15:46.829 +01:00 [INF] Executing OkObjectResult, writing value of type 'HomeCareApp.DTOs.PatientDto'.
2025-11-27 12:15:46.829 +01:00 [INF] Executed action HomeCareApp.Controllers.PatientController.GetPatientByUserId (api) in 1.1849ms
2025-11-27 12:15:46.829 +01:00 [INF] Executed endpoint 'HomeCareApp.Controllers.PatientController.GetPatientByUserId (api)'
2025-11-27 12:15:46.829 +01:00 [INF] Request finished HTTP/1.1 GET http://localhost:5090/api/Patient/user/c1f2f090-f2e3-47ca-9113-d905d27c42f4 - 200 223 application/json; charset=utf-8 1.7046ms
2025-11-27 12:15:46.830 +01:00 [INF] Request starting HTTP/1.1 GET http://localhost:5090/api/Patient/user/c1f2f090-f2e3-47ca-9113-d905d27c42f4 - application/json null
2025-11-27 12:15:46.831 +01:00 [INF] CORS policy execution successful.
2025-11-27 12:15:46.831 +01:00 [INF] Executing endpoint 'HomeCareApp.Controllers.PatientController.GetPatientByUserId (api)'
2025-11-27 12:15:46.831 +01:00 [INF] Route matched with {action = "GetPatientByUserId", controller = "Patient"}. Executing controller action with signature System.Threading.Tasks.Task`1[Microsoft.AspNetCore.Mvc.ActionResult`1[HomeCareApp.DTOs.PatientDto]] GetPatientByUserId(System.String) on controller HomeCareApp.Controllers.PatientController (api).
2025-11-27 12:15:46.831 +01:00 [INF] Request starting HTTP/1.1 OPTIONS http://localhost:5090/api/Appointment/patient/1 - null null
2025-11-27 12:15:46.831 +01:00 [INF] CORS policy execution successful.
2025-11-27 12:15:46.831 +01:00 [INF] Request finished HTTP/1.1 OPTIONS http://localhost:5090/api/Appointment/patient/1 - 204 null null 0.1006ms
2025-11-27 12:15:46.832 +01:00 [INF] [PatientController] Getting patient by UserId: c1f2f090-f2e3-47ca-9113-d905d27c42f4
2025-11-27 12:15:46.832 +01:00 [INF] Request starting HTTP/1.1 GET http://localhost:5090/api/Appointment/patient/1 - application/json null
2025-11-27 12:15:46.832 +01:00 [INF] CORS policy execution successful.
2025-11-27 12:15:46.832 +01:00 [INF] Executing endpoint 'HomeCareApp.Controllers.AppointmentController.GetAppointmentsByPatientId (api)'
2025-11-27 12:15:46.832 +01:00 [INF] Route matched with {action = "GetAppointmentsByPatientId", controller = "Appointment"}. Executing controller action with signature System.Threading.Tasks.Task`1[Microsoft.AspNetCore.Mvc.IActionResult] GetAppointmentsByPatientId(Int32) on controller HomeCareApp.Controllers.AppointmentController (api).
2025-11-27 12:15:46.833 +01:00 [INF] [PatientController] Total patients in database: 1
2025-11-27 12:15:46.833 +01:00 [INF] [PatientController] Successfully retrieved patient 1 for UserId: c1f2f090-f2e3-47ca-9113-d905d27c42f4
2025-11-27 12:15:46.833 +01:00 [INF] Executing OkObjectResult, writing value of type 'HomeCareApp.DTOs.PatientDto'.
2025-11-27 12:15:46.833 +01:00 [INF] Executed action HomeCareApp.Controllers.PatientController.GetPatientByUserId (api) in 1.6517ms
2025-11-27 12:15:46.833 +01:00 [INF] Executed endpoint 'HomeCareApp.Controllers.PatientController.GetPatientByUserId (api)'
2025-11-27 12:15:46.833 +01:00 [INF] Request finished HTTP/1.1 GET http://localhost:5090/api/Patient/user/c1f2f090-f2e3-47ca-9113-d905d27c42f4 - 200 223 application/json; charset=utf-8 2.4857ms
2025-11-27 12:15:46.844 +01:00 [INF] [AppointmentController] Found 0 appointments for PatientId: 1
2025-11-27 12:15:46.844 +01:00 [INF] Executing OkObjectResult, writing value of type 'System.Linq.Enumerable+WhereSelectListIterator`2[[HomeCareApp.Models.Appointment, api, Version=1.0.0.0, Culture=neutral, PublicKeyToken=null],[HomeCareApp.DTOs.AppointmentDto, api, Version=1.0.0.0, Culture=neutral, PublicKeyToken=null]]'.
2025-11-27 12:15:46.844 +01:00 [INF] Executed action HomeCareApp.Controllers.AppointmentController.GetAppointmentsByPatientId (api) in 11.9592ms
2025-11-27 12:15:46.844 +01:00 [INF] Executed endpoint 'HomeCareApp.Controllers.AppointmentController.GetAppointmentsByPatientId (api)'
2025-11-27 12:15:46.844 +01:00 [INF] Request finished HTTP/1.1 GET http://localhost:5090/api/Appointment/patient/1 - 200 2 application/json; charset=utf-8 12.2451ms
2025-11-27 12:15:46.845 +01:00 [INF] Request starting HTTP/1.1 GET http://localhost:5090/api/Appointment/patient/1 - application/json null
2025-11-27 12:15:46.846 +01:00 [INF] CORS policy execution successful.
2025-11-27 12:15:46.846 +01:00 [INF] Executing endpoint 'HomeCareApp.Controllers.AppointmentController.GetAppointmentsByPatientId (api)'
2025-11-27 12:15:46.846 +01:00 [INF] Route matched with {action = "GetAppointmentsByPatientId", controller = "Appointment"}. Executing controller action with signature System.Threading.Tasks.Task`1[Microsoft.AspNetCore.Mvc.IActionResult] GetAppointmentsByPatientId(Int32) on controller HomeCareApp.Controllers.AppointmentController (api).
2025-11-27 12:15:46.847 +01:00 [INF] [AppointmentController] Found 0 appointments for PatientId: 1
2025-11-27 12:15:46.847 +01:00 [INF] Executing OkObjectResult, writing value of type 'System.Linq.Enumerable+WhereSelectListIterator`2[[HomeCareApp.Models.Appointment, api, Version=1.0.0.0, Culture=neutral, PublicKeyToken=null],[HomeCareApp.DTOs.AppointmentDto, api, Version=1.0.0.0, Culture=neutral, PublicKeyToken=null]]'.
2025-11-27 12:15:46.847 +01:00 [INF] Executed action HomeCareApp.Controllers.AppointmentController.GetAppointmentsByPatientId (api) in 0.845ms
2025-11-27 12:15:46.847 +01:00 [INF] Executed endpoint 'HomeCareApp.Controllers.AppointmentController.GetAppointmentsByPatientId (api)'
2025-11-27 12:15:46.847 +01:00 [INF] Request finished HTTP/1.1 GET http://localhost:5090/api/Appointment/patient/1 - 200 2 application/json; charset=utf-8 1.4892ms
2025-11-27 12:15:51.040 +01:00 [INF] Request starting HTTP/1.1 OPTIONS http://localhost:5090/api/Notification/unread-count - null null
2025-11-27 12:15:51.040 +01:00 [INF] CORS policy execution successful.
2025-11-27 12:15:51.040 +01:00 [INF] Request finished HTTP/1.1 OPTIONS http://localhost:5090/api/Notification/unread-count - 204 null null 0.2885ms
2025-11-27 12:15:51.042 +01:00 [INF] Request starting HTTP/1.1 GET http://localhost:5090/api/Notification/unread-count - application/json null
2025-11-27 12:15:51.042 +01:00 [INF] CORS policy execution successful.
2025-11-27 12:15:51.042 +01:00 [INF] Executing endpoint 'HomeCareApp.Controllers.NotificationController.GetUnreadCount (api)'
2025-11-27 12:15:51.042 +01:00 [INF] Route matched with {action = "GetUnreadCount", controller = "Notification"}. Executing controller action with signature System.Threading.Tasks.Task`1[Microsoft.AspNetCore.Mvc.ActionResult`1[System.Int32]] GetUnreadCount() on controller HomeCareApp.Controllers.NotificationController (api).
2025-11-27 12:15:51.044 +01:00 [INF] Executing OkObjectResult, writing value of type 'System.Int32'.
2025-11-27 12:15:51.044 +01:00 [INF] Executed action HomeCareApp.Controllers.NotificationController.GetUnreadCount (api) in 1.2213ms
2025-11-27 12:15:51.044 +01:00 [INF] Executed endpoint 'HomeCareApp.Controllers.NotificationController.GetUnreadCount (api)'
2025-11-27 12:15:51.044 +01:00 [INF] Request finished HTTP/1.1 GET http://localhost:5090/api/Notification/unread-count - 200 1 application/json; charset=utf-8 1.6594ms
