2025-11-27 15:36:44.011 +01:00 [INF] No migrations were applied. The database is already up to date.
2025-11-27 15:36:44.079 +01:00 [INF] No migrations were applied. The database is already up to date.
2025-11-27 15:36:44.149 +01:00 [INF] User profile is available. Using 'C:\Users\vilde\AppData\Local\ASP.NET\DataProtection-Keys' as key repository and Windows DPAPI to encrypt keys at rest.
2025-11-27 15:36:44.199 +01:00 [INF] Now listening on: http://localhost:5090
2025-11-27 15:36:44.202 +01:00 [INF] Application started. Press Ctrl+C to shut down.
2025-11-27 15:36:44.202 +01:00 [INF] Hosting environment: Development
2025-11-27 15:36:44.202 +01:00 [INF] Content root path: C:\Users\vilde\OneDrive\Documents\Homecare React\React-Homecare\api
2025-11-27 15:36:48.710 +01:00 [INF] Request starting HTTP/1.1 OPTIONS http://localhost:5090/api/Notification/unread-count - null null
2025-11-27 15:36:48.710 +01:00 [INF] Request starting HTTP/1.1 OPTIONS http://localhost:5090/api/Notification/unread-count - null null
2025-11-27 15:36:48.710 +01:00 [INF] Request starting HTTP/1.1 OPTIONS http://localhost:5090/api/Notification/unread-count - null null
2025-11-27 15:36:48.710 +01:00 [INF] Request starting HTTP/1.1 OPTIONS http://localhost:5090/api/Notification/unread-count - null null
2025-11-27 15:36:48.710 +01:00 [INF] Request starting HTTP/1.1 OPTIONS http://localhost:5090/api/Notification/unread-count - null null
2025-11-27 15:36:48.745 +01:00 [INF] CORS policy execution successful.
2025-11-27 15:36:48.745 +01:00 [INF] CORS policy execution successful.
2025-11-27 15:36:48.745 +01:00 [INF] CORS policy execution successful.
2025-11-27 15:36:48.745 +01:00 [INF] CORS policy execution successful.
2025-11-27 15:36:48.745 +01:00 [INF] CORS policy execution successful.
2025-11-27 15:36:48.749 +01:00 [INF] Request finished HTTP/1.1 OPTIONS http://localhost:5090/api/Notification/unread-count - 204 null null 39.5667ms
2025-11-27 15:36:48.749 +01:00 [INF] Request finished HTTP/1.1 OPTIONS http://localhost:5090/api/Notification/unread-count - 204 null null 39.595ms
2025-11-27 15:36:48.749 +01:00 [INF] Request finished HTTP/1.1 OPTIONS http://localhost:5090/api/Notification/unread-count - 204 null null 39.5725ms
2025-11-27 15:36:48.749 +01:00 [INF] Request finished HTTP/1.1 OPTIONS http://localhost:5090/api/Notification/unread-count - 204 null null 39.5704ms
2025-11-27 15:36:48.749 +01:00 [INF] Request finished HTTP/1.1 OPTIONS http://localhost:5090/api/Notification/unread-count - 204 null null 39.624ms
2025-11-27 15:36:48.781 +01:00 [INF] Request starting HTTP/1.1 GET http://localhost:5090/ - null null
2025-11-27 15:36:48.793 +01:00 [INF] Request starting HTTP/1.1 GET http://localhost:5090/api/Notification/unread-count - application/json null
2025-11-27 15:36:48.797 +01:00 [INF] CORS policy execution successful.
2025-11-27 15:36:48.815 +01:00 [INF] Request finished HTTP/1.1 GET http://localhost:5090/ - 404 0 null 34.2644ms
2025-11-27 15:36:48.817 +01:00 [INF] Request reached the end of the middleware pipeline without being handled by application code. Request path: GET http://localhost:5090/, Response status code: 404
2025-11-27 15:36:48.905 +01:00 [INF] Executing endpoint 'HomeCareApp.Controllers.NotificationController.GetUnreadCount (api)'
2025-11-27 15:36:48.920 +01:00 [INF] Route matched with {action = "GetUnreadCount", controller = "Notification"}. Executing controller action with signature System.Threading.Tasks.Task`1[Microsoft.AspNetCore.Mvc.ActionResult`1[System.Int32]] GetUnreadCount() on controller HomeCareApp.Controllers.NotificationController (api).
2025-11-27 15:36:48.925 +01:00 [INF] [NotificationController] Getting unread count for UserId: 3e07cffa-0932-44eb-a818-3c42976e81f7
2025-11-27 15:36:48.927 +01:00 [INF] [NotificationRepository] GetUnreadCountAsync(3e07cffa-0932-44eb-a818-3c42976e81f7) - Getting unread count for user
2025-11-27 15:36:49.358 +01:00 [INF] [NotificationRepository] GetUnreadCountAsync(3e07cffa-0932-44eb-a818-3c42976e81f7) - User has 2 unread notifications
2025-11-27 15:36:49.359 +01:00 [INF] [NotificationController] Found 2 unread notifications for UserId: 3e07cffa-0932-44eb-a818-3c42976e81f7
2025-11-27 15:36:49.370 +01:00 [INF] Executing OkObjectResult, writing value of type 'System.Int32'.
2025-11-27 15:36:49.439 +01:00 [INF] Request starting HTTP/1.1 GET http://localhost:5090/api/Notification/unread-count - application/json null
2025-11-27 15:36:49.440 +01:00 [INF] CORS policy execution successful.
2025-11-27 15:36:49.445 +01:00 [INF] Executed action HomeCareApp.Controllers.NotificationController.GetUnreadCount (api) in 517.6959ms
2025-11-27 15:36:49.445 +01:00 [INF] Executed endpoint 'HomeCareApp.Controllers.NotificationController.GetUnreadCount (api)'
2025-11-27 15:36:49.447 +01:00 [INF] Executing endpoint 'HomeCareApp.Controllers.NotificationController.GetUnreadCount (api)'
2025-11-27 15:36:49.447 +01:00 [INF] Route matched with {action = "GetUnreadCount", controller = "Notification"}. Executing controller action with signature System.Threading.Tasks.Task`1[Microsoft.AspNetCore.Mvc.ActionResult`1[System.Int32]] GetUnreadCount() on controller HomeCareApp.Controllers.NotificationController (api).
2025-11-27 15:36:49.449 +01:00 [INF] [NotificationController] Getting unread count for UserId: 3e07cffa-0932-44eb-a818-3c42976e81f7
2025-11-27 15:36:49.449 +01:00 [INF] [NotificationRepository] GetUnreadCountAsync(3e07cffa-0932-44eb-a818-3c42976e81f7) - Getting unread count for user
2025-11-27 15:36:49.452 +01:00 [INF] Request finished HTTP/1.1 GET http://localhost:5090/api/Notification/unread-count - 200 1 application/json; charset=utf-8 658.2558ms
2025-11-27 15:36:49.454 +01:00 [INF] [NotificationRepository] GetUnreadCountAsync(3e07cffa-0932-44eb-a818-3c42976e81f7) - User has 2 unread notifications
2025-11-27 15:36:49.454 +01:00 [INF] [NotificationController] Found 2 unread notifications for UserId: 3e07cffa-0932-44eb-a818-3c42976e81f7
2025-11-27 15:36:49.455 +01:00 [INF] Executing OkObjectResult, writing value of type 'System.Int32'.
2025-11-27 15:36:49.456 +01:00 [INF] Executed action HomeCareApp.Controllers.NotificationController.GetUnreadCount (api) in 8.3611ms
2025-11-27 15:36:49.456 +01:00 [INF] Executed endpoint 'HomeCareApp.Controllers.NotificationController.GetUnreadCount (api)'
2025-11-27 15:36:49.456 +01:00 [INF] Request finished HTTP/1.1 GET http://localhost:5090/api/Notification/unread-count - 200 1 application/json; charset=utf-8 16.6829ms
2025-11-27 15:36:49.457 +01:00 [INF] Request starting HTTP/1.1 GET http://localhost:5090/api/Notification/unread-count - application/json null
2025-11-27 15:36:49.457 +01:00 [INF] CORS policy execution successful.
2025-11-27 15:36:49.459 +01:00 [INF] Executing endpoint 'HomeCareApp.Controllers.NotificationController.GetUnreadCount (api)'
2025-11-27 15:36:49.459 +01:00 [INF] Route matched with {action = "GetUnreadCount", controller = "Notification"}. Executing controller action with signature System.Threading.Tasks.Task`1[Microsoft.AspNetCore.Mvc.ActionResult`1[System.Int32]] GetUnreadCount() on controller HomeCareApp.Controllers.NotificationController (api).
2025-11-27 15:36:49.461 +01:00 [INF] [NotificationController] Getting unread count for UserId: 3e07cffa-0932-44eb-a818-3c42976e81f7
2025-11-27 15:36:49.461 +01:00 [INF] [NotificationRepository] GetUnreadCountAsync(3e07cffa-0932-44eb-a818-3c42976e81f7) - Getting unread count for user
2025-11-27 15:36:49.464 +01:00 [INF] [NotificationRepository] GetUnreadCountAsync(3e07cffa-0932-44eb-a818-3c42976e81f7) - User has 2 unread notifications
2025-11-27 15:36:49.465 +01:00 [INF] [NotificationController] Found 2 unread notifications for UserId: 3e07cffa-0932-44eb-a818-3c42976e81f7
2025-11-27 15:36:49.465 +01:00 [INF] Executing OkObjectResult, writing value of type 'System.Int32'.
2025-11-27 15:36:49.465 +01:00 [INF] Executed action HomeCareApp.Controllers.NotificationController.GetUnreadCount (api) in 5.9009ms
2025-11-27 15:36:49.465 +01:00 [INF] Executed endpoint 'HomeCareApp.Controllers.NotificationController.GetUnreadCount (api)'
2025-11-27 15:36:49.465 +01:00 [INF] Request finished HTTP/1.1 GET http://localhost:5090/api/Notification/unread-count - 200 1 application/json; charset=utf-8 8.0727ms
2025-11-27 15:36:49.466 +01:00 [INF] Request starting HTTP/1.1 GET http://localhost:5090/api/Notification/unread-count - application/json null
2025-11-27 15:36:49.466 +01:00 [INF] CORS policy execution successful.
2025-11-27 15:36:49.467 +01:00 [INF] Executing endpoint 'HomeCareApp.Controllers.NotificationController.GetUnreadCount (api)'
2025-11-27 15:36:49.467 +01:00 [INF] Route matched with {action = "GetUnreadCount", controller = "Notification"}. Executing controller action with signature System.Threading.Tasks.Task`1[Microsoft.AspNetCore.Mvc.ActionResult`1[System.Int32]] GetUnreadCount() on controller HomeCareApp.Controllers.NotificationController (api).
2025-11-27 15:36:49.467 +01:00 [INF] [NotificationController] Getting unread count for UserId: 3e07cffa-0932-44eb-a818-3c42976e81f7
2025-11-27 15:36:49.467 +01:00 [INF] [NotificationRepository] GetUnreadCountAsync(3e07cffa-0932-44eb-a818-3c42976e81f7) - Getting unread count for user
2025-11-27 15:36:49.468 +01:00 [INF] [NotificationRepository] GetUnreadCountAsync(3e07cffa-0932-44eb-a818-3c42976e81f7) - User has 2 unread notifications
2025-11-27 15:36:49.468 +01:00 [INF] [NotificationController] Found 2 unread notifications for UserId: 3e07cffa-0932-44eb-a818-3c42976e81f7
2025-11-27 15:36:49.468 +01:00 [INF] Executing OkObjectResult, writing value of type 'System.Int32'.
2025-11-27 15:36:49.469 +01:00 [INF] Executed action HomeCareApp.Controllers.NotificationController.GetUnreadCount (api) in 1.6876ms
2025-11-27 15:36:49.469 +01:00 [INF] Executed endpoint 'HomeCareApp.Controllers.NotificationController.GetUnreadCount (api)'
2025-11-27 15:36:49.469 +01:00 [INF] Request finished HTTP/1.1 GET http://localhost:5090/api/Notification/unread-count - 200 1 application/json; charset=utf-8 2.453ms
2025-11-27 15:36:49.469 +01:00 [INF] Request starting HTTP/1.1 GET http://localhost:5090/api/Notification/unread-count - application/json null
2025-11-27 15:36:49.470 +01:00 [INF] CORS policy execution successful.
2025-11-27 15:36:49.470 +01:00 [INF] Executing endpoint 'HomeCareApp.Controllers.NotificationController.GetUnreadCount (api)'
2025-11-27 15:36:49.470 +01:00 [INF] Route matched with {action = "GetUnreadCount", controller = "Notification"}. Executing controller action with signature System.Threading.Tasks.Task`1[Microsoft.AspNetCore.Mvc.ActionResult`1[System.Int32]] GetUnreadCount() on controller HomeCareApp.Controllers.NotificationController (api).
2025-11-27 15:36:49.471 +01:00 [INF] [NotificationController] Getting unread count for UserId: 3e07cffa-0932-44eb-a818-3c42976e81f7
2025-11-27 15:36:49.471 +01:00 [INF] [NotificationRepository] GetUnreadCountAsync(3e07cffa-0932-44eb-a818-3c42976e81f7) - Getting unread count for user
2025-11-27 15:36:49.472 +01:00 [INF] [NotificationRepository] GetUnreadCountAsync(3e07cffa-0932-44eb-a818-3c42976e81f7) - User has 2 unread notifications
2025-11-27 15:36:49.472 +01:00 [INF] [NotificationController] Found 2 unread notifications for UserId: 3e07cffa-0932-44eb-a818-3c42976e81f7
2025-11-27 15:36:49.473 +01:00 [INF] Executing OkObjectResult, writing value of type 'System.Int32'.
2025-11-27 15:36:49.473 +01:00 [INF] Executed action HomeCareApp.Controllers.NotificationController.GetUnreadCount (api) in 2.4991ms
2025-11-27 15:36:49.473 +01:00 [INF] Executed endpoint 'HomeCareApp.Controllers.NotificationController.GetUnreadCount (api)'
2025-11-27 15:36:49.473 +01:00 [INF] Request finished HTTP/1.1 GET http://localhost:5090/api/Notification/unread-count - 200 1 application/json; charset=utf-8 3.565ms
2025-11-27 15:37:42.680 +01:00 [INF] Request starting HTTP/1.1 OPTIONS http://localhost:5090/api/Notification/unread-count - null null
2025-11-27 15:37:42.680 +01:00 [INF] CORS policy execution successful.
2025-11-27 15:37:42.681 +01:00 [INF] Request finished HTTP/1.1 OPTIONS http://localhost:5090/api/Notification/unread-count - 204 null null 1.2966ms
2025-11-27 15:37:42.683 +01:00 [INF] Request starting HTTP/1.1 GET http://localhost:5090/api/Notification/unread-count - application/json null
2025-11-27 15:37:42.684 +01:00 [INF] CORS policy execution successful.
2025-11-27 15:37:42.684 +01:00 [INF] Executing endpoint 'HomeCareApp.Controllers.NotificationController.GetUnreadCount (api)'
2025-11-27 15:37:42.684 +01:00 [INF] Route matched with {action = "GetUnreadCount", controller = "Notification"}. Executing controller action with signature System.Threading.Tasks.Task`1[Microsoft.AspNetCore.Mvc.ActionResult`1[System.Int32]] GetUnreadCount() on controller HomeCareApp.Controllers.NotificationController (api).
2025-11-27 15:37:42.685 +01:00 [INF] [NotificationController] Getting unread count for UserId: 3e07cffa-0932-44eb-a818-3c42976e81f7
2025-11-27 15:37:42.685 +01:00 [INF] [NotificationRepository] GetUnreadCountAsync(3e07cffa-0932-44eb-a818-3c42976e81f7) - Getting unread count for user
2025-11-27 15:37:42.689 +01:00 [INF] [NotificationRepository] GetUnreadCountAsync(3e07cffa-0932-44eb-a818-3c42976e81f7) - User has 2 unread notifications
2025-11-27 15:37:42.689 +01:00 [INF] [NotificationController] Found 2 unread notifications for UserId: 3e07cffa-0932-44eb-a818-3c42976e81f7
2025-11-27 15:37:42.689 +01:00 [INF] Executing OkObjectResult, writing value of type 'System.Int32'.
2025-11-27 15:37:42.690 +01:00 [INF] Executed action HomeCareApp.Controllers.NotificationController.GetUnreadCount (api) in 5.4613ms
2025-11-27 15:37:42.690 +01:00 [INF] Executed endpoint 'HomeCareApp.Controllers.NotificationController.GetUnreadCount (api)'
2025-11-27 15:37:42.690 +01:00 [INF] Request finished HTTP/1.1 GET http://localhost:5090/api/Notification/unread-count - 200 1 application/json; charset=utf-8 7.1599ms
2025-11-27 15:37:48.678 +01:00 [INF] Request starting HTTP/1.1 OPTIONS http://localhost:5090/api/Notification/unread-count - null null
2025-11-27 15:37:48.678 +01:00 [INF] Request starting HTTP/1.1 OPTIONS http://localhost:5090/api/Notification/unread-count - null null
2025-11-27 15:37:48.678 +01:00 [INF] Request starting HTTP/1.1 OPTIONS http://localhost:5090/api/Notification/unread-count - null null
2025-11-27 15:37:48.678 +01:00 [INF] CORS policy execution successful.
2025-11-27 15:37:48.678 +01:00 [INF] CORS policy execution successful.
2025-11-27 15:37:48.678 +01:00 [INF] Request starting HTTP/1.1 OPTIONS http://localhost:5090/api/Notification/unread-count - null null
2025-11-27 15:37:48.678 +01:00 [INF] CORS policy execution successful.
2025-11-27 15:37:48.678 +01:00 [INF] Request finished HTTP/1.1 OPTIONS http://localhost:5090/api/Notification/unread-count - 204 null null 0.5778ms
2025-11-27 15:37:48.678 +01:00 [INF] Request finished HTTP/1.1 OPTIONS http://localhost:5090/api/Notification/unread-count - 204 null null 0.5857ms
2025-11-27 15:37:48.678 +01:00 [INF] Request finished HTTP/1.1 OPTIONS http://localhost:5090/api/Notification/unread-count - 204 null null 0.566ms
2025-11-27 15:37:48.678 +01:00 [INF] CORS policy execution successful.
2025-11-27 15:37:48.678 +01:00 [INF] Request starting HTTP/1.1 OPTIONS http://localhost:5090/api/Notification/unread-count - null null
2025-11-27 15:37:48.678 +01:00 [INF] Request finished HTTP/1.1 OPTIONS http://localhost:5090/api/Notification/unread-count - 204 null null 0.4422ms
2025-11-27 15:37:48.678 +01:00 [INF] CORS policy execution successful.
2025-11-27 15:37:48.679 +01:00 [INF] Request finished HTTP/1.1 OPTIONS http://localhost:5090/api/Notification/unread-count - 204 null null 0.2075ms
2025-11-27 15:37:48.680 +01:00 [INF] Request starting HTTP/1.1 GET http://localhost:5090/api/Notification/unread-count - application/json null
2025-11-27 15:37:48.680 +01:00 [INF] CORS policy execution successful.
2025-11-27 15:37:48.681 +01:00 [INF] Executing endpoint 'HomeCareApp.Controllers.NotificationController.GetUnreadCount (api)'
2025-11-27 15:37:48.681 +01:00 [INF] Route matched with {action = "GetUnreadCount", controller = "Notification"}. Executing controller action with signature System.Threading.Tasks.Task`1[Microsoft.AspNetCore.Mvc.ActionResult`1[System.Int32]] GetUnreadCount() on controller HomeCareApp.Controllers.NotificationController (api).
2025-11-27 15:37:48.682 +01:00 [INF] [NotificationController] Getting unread count for UserId: 3e07cffa-0932-44eb-a818-3c42976e81f7
2025-11-27 15:37:48.682 +01:00 [INF] [NotificationRepository] GetUnreadCountAsync(3e07cffa-0932-44eb-a818-3c42976e81f7) - Getting unread count for user
2025-11-27 15:37:48.684 +01:00 [INF] [NotificationRepository] GetUnreadCountAsync(3e07cffa-0932-44eb-a818-3c42976e81f7) - User has 2 unread notifications
2025-11-27 15:37:48.684 +01:00 [INF] [NotificationController] Found 2 unread notifications for UserId: 3e07cffa-0932-44eb-a818-3c42976e81f7
2025-11-27 15:37:48.684 +01:00 [INF] Executing OkObjectResult, writing value of type 'System.Int32'.
2025-11-27 15:37:48.685 +01:00 [INF] Executed action HomeCareApp.Controllers.NotificationController.GetUnreadCount (api) in 3.5477ms
2025-11-27 15:37:48.685 +01:00 [INF] Executed endpoint 'HomeCareApp.Controllers.NotificationController.GetUnreadCount (api)'
2025-11-27 15:37:48.685 +01:00 [INF] Request finished HTTP/1.1 GET http://localhost:5090/api/Notification/unread-count - 200 1 application/json; charset=utf-8 4.8711ms
2025-11-27 15:37:48.686 +01:00 [INF] Request starting HTTP/1.1 GET http://localhost:5090/api/Notification/unread-count - application/json null
2025-11-27 15:37:48.686 +01:00 [INF] CORS policy execution successful.
2025-11-27 15:37:48.687 +01:00 [INF] Executing endpoint 'HomeCareApp.Controllers.NotificationController.GetUnreadCount (api)'
2025-11-27 15:37:48.687 +01:00 [INF] Route matched with {action = "GetUnreadCount", controller = "Notification"}. Executing controller action with signature System.Threading.Tasks.Task`1[Microsoft.AspNetCore.Mvc.ActionResult`1[System.Int32]] GetUnreadCount() on controller HomeCareApp.Controllers.NotificationController (api).
2025-11-27 15:37:48.688 +01:00 [INF] [NotificationController] Getting unread count for UserId: 3e07cffa-0932-44eb-a818-3c42976e81f7
2025-11-27 15:37:48.688 +01:00 [INF] [NotificationRepository] GetUnreadCountAsync(3e07cffa-0932-44eb-a818-3c42976e81f7) - Getting unread count for user
2025-11-27 15:37:48.689 +01:00 [INF] [NotificationRepository] GetUnreadCountAsync(3e07cffa-0932-44eb-a818-3c42976e81f7) - User has 2 unread notifications
2025-11-27 15:37:48.689 +01:00 [INF] [NotificationController] Found 2 unread notifications for UserId: 3e07cffa-0932-44eb-a818-3c42976e81f7
2025-11-27 15:37:48.690 +01:00 [INF] Executing OkObjectResult, writing value of type 'System.Int32'.
2025-11-27 15:37:48.690 +01:00 [INF] Executed action HomeCareApp.Controllers.NotificationController.GetUnreadCount (api) in 2.2999ms
2025-11-27 15:37:48.690 +01:00 [INF] Executed endpoint 'HomeCareApp.Controllers.NotificationController.GetUnreadCount (api)'
2025-11-27 15:37:48.690 +01:00 [INF] Request finished HTTP/1.1 GET http://localhost:5090/api/Notification/unread-count - 200 1 application/json; charset=utf-8 3.7023ms
2025-11-27 15:37:48.691 +01:00 [INF] Request starting HTTP/1.1 GET http://localhost:5090/api/Notification/unread-count - application/json null
2025-11-27 15:37:48.691 +01:00 [INF] CORS policy execution successful.
2025-11-27 15:37:48.693 +01:00 [INF] Executing endpoint 'HomeCareApp.Controllers.NotificationController.GetUnreadCount (api)'
2025-11-27 15:37:48.693 +01:00 [INF] Route matched with {action = "GetUnreadCount", controller = "Notification"}. Executing controller action with signature System.Threading.Tasks.Task`1[Microsoft.AspNetCore.Mvc.ActionResult`1[System.Int32]] GetUnreadCount() on controller HomeCareApp.Controllers.NotificationController (api).
2025-11-27 15:37:48.693 +01:00 [INF] [NotificationController] Getting unread count for UserId: 3e07cffa-0932-44eb-a818-3c42976e81f7
2025-11-27 15:37:48.693 +01:00 [INF] [NotificationRepository] GetUnreadCountAsync(3e07cffa-0932-44eb-a818-3c42976e81f7) - Getting unread count for user
2025-11-27 15:37:48.695 +01:00 [INF] [NotificationRepository] GetUnreadCountAsync(3e07cffa-0932-44eb-a818-3c42976e81f7) - User has 2 unread notifications
2025-11-27 15:37:48.695 +01:00 [INF] [NotificationController] Found 2 unread notifications for UserId: 3e07cffa-0932-44eb-a818-3c42976e81f7
2025-11-27 15:37:48.695 +01:00 [INF] Executing OkObjectResult, writing value of type 'System.Int32'.
2025-11-27 15:37:48.696 +01:00 [INF] Executed action HomeCareApp.Controllers.NotificationController.GetUnreadCount (api) in 2.53ms
2025-11-27 15:37:48.696 +01:00 [INF] Executed endpoint 'HomeCareApp.Controllers.NotificationController.GetUnreadCount (api)'
2025-11-27 15:37:48.696 +01:00 [INF] Request finished HTTP/1.1 GET http://localhost:5090/api/Notification/unread-count - 200 1 application/json; charset=utf-8 4.7472ms
2025-11-27 15:37:48.697 +01:00 [INF] Request starting HTTP/1.1 GET http://localhost:5090/api/Notification/unread-count - application/json null
2025-11-27 15:37:48.697 +01:00 [INF] CORS policy execution successful.
2025-11-27 15:37:48.697 +01:00 [INF] Executing endpoint 'HomeCareApp.Controllers.NotificationController.GetUnreadCount (api)'
2025-11-27 15:37:48.698 +01:00 [INF] Route matched with {action = "GetUnreadCount", controller = "Notification"}. Executing controller action with signature System.Threading.Tasks.Task`1[Microsoft.AspNetCore.Mvc.ActionResult`1[System.Int32]] GetUnreadCount() on controller HomeCareApp.Controllers.NotificationController (api).
2025-11-27 15:37:48.698 +01:00 [INF] [NotificationController] Getting unread count for UserId: 3e07cffa-0932-44eb-a818-3c42976e81f7
2025-11-27 15:37:48.698 +01:00 [INF] [NotificationRepository] GetUnreadCountAsync(3e07cffa-0932-44eb-a818-3c42976e81f7) - Getting unread count for user
2025-11-27 15:37:48.701 +01:00 [INF] [NotificationRepository] GetUnreadCountAsync(3e07cffa-0932-44eb-a818-3c42976e81f7) - User has 2 unread notifications
2025-11-27 15:37:48.701 +01:00 [INF] [NotificationController] Found 2 unread notifications for UserId: 3e07cffa-0932-44eb-a818-3c42976e81f7
2025-11-27 15:37:48.701 +01:00 [INF] Executing OkObjectResult, writing value of type 'System.Int32'.
2025-11-27 15:37:48.702 +01:00 [INF] Executed action HomeCareApp.Controllers.NotificationController.GetUnreadCount (api) in 3.9252ms
2025-11-27 15:37:48.702 +01:00 [INF] Executed endpoint 'HomeCareApp.Controllers.NotificationController.GetUnreadCount (api)'
2025-11-27 15:37:48.702 +01:00 [INF] Request finished HTTP/1.1 GET http://localhost:5090/api/Notification/unread-count - 200 1 application/json; charset=utf-8 5.0389ms
2025-11-27 15:37:48.703 +01:00 [INF] Request starting HTTP/1.1 GET http://localhost:5090/api/Notification/unread-count - application/json null
2025-11-27 15:37:48.703 +01:00 [INF] CORS policy execution successful.
2025-11-27 15:37:48.703 +01:00 [INF] Executing endpoint 'HomeCareApp.Controllers.NotificationController.GetUnreadCount (api)'
2025-11-27 15:37:48.703 +01:00 [INF] Route matched with {action = "GetUnreadCount", controller = "Notification"}. Executing controller action with signature System.Threading.Tasks.Task`1[Microsoft.AspNetCore.Mvc.ActionResult`1[System.Int32]] GetUnreadCount() on controller HomeCareApp.Controllers.NotificationController (api).
2025-11-27 15:37:48.704 +01:00 [INF] [NotificationController] Getting unread count for UserId: 3e07cffa-0932-44eb-a818-3c42976e81f7
2025-11-27 15:37:48.704 +01:00 [INF] [NotificationRepository] GetUnreadCountAsync(3e07cffa-0932-44eb-a818-3c42976e81f7) - Getting unread count for user
2025-11-27 15:37:48.705 +01:00 [INF] [NotificationRepository] GetUnreadCountAsync(3e07cffa-0932-44eb-a818-3c42976e81f7) - User has 2 unread notifications
2025-11-27 15:37:48.705 +01:00 [INF] [NotificationController] Found 2 unread notifications for UserId: 3e07cffa-0932-44eb-a818-3c42976e81f7
2025-11-27 15:37:48.706 +01:00 [INF] Executing OkObjectResult, writing value of type 'System.Int32'.
2025-11-27 15:37:48.706 +01:00 [INF] Executed action HomeCareApp.Controllers.NotificationController.GetUnreadCount (api) in 2.3625ms
2025-11-27 15:37:48.706 +01:00 [INF] Executed endpoint 'HomeCareApp.Controllers.NotificationController.GetUnreadCount (api)'
2025-11-27 15:37:48.706 +01:00 [INF] Request finished HTTP/1.1 GET http://localhost:5090/api/Notification/unread-count - 200 1 application/json; charset=utf-8 3.451ms
2025-11-27 15:38:43.678 +01:00 [INF] Request starting HTTP/1.1 OPTIONS http://localhost:5090/api/Notification/unread-count - null null
2025-11-27 15:38:43.679 +01:00 [INF] CORS policy execution successful.
2025-11-27 15:38:43.679 +01:00 [INF] Request finished HTTP/1.1 OPTIONS http://localhost:5090/api/Notification/unread-count - 204 null null 0.742ms
2025-11-27 15:38:43.682 +01:00 [INF] Request starting HTTP/1.1 GET http://localhost:5090/api/Notification/unread-count - application/json null
2025-11-27 15:38:43.682 +01:00 [INF] CORS policy execution successful.
2025-11-27 15:38:43.683 +01:00 [INF] Executing endpoint 'HomeCareApp.Controllers.NotificationController.GetUnreadCount (api)'
2025-11-27 15:38:43.683 +01:00 [INF] Route matched with {action = "GetUnreadCount", controller = "Notification"}. Executing controller action with signature System.Threading.Tasks.Task`1[Microsoft.AspNetCore.Mvc.ActionResult`1[System.Int32]] GetUnreadCount() on controller HomeCareApp.Controllers.NotificationController (api).
2025-11-27 15:38:43.684 +01:00 [INF] [NotificationController] Getting unread count for UserId: 3e07cffa-0932-44eb-a818-3c42976e81f7
2025-11-27 15:38:43.684 +01:00 [INF] [NotificationRepository] GetUnreadCountAsync(3e07cffa-0932-44eb-a818-3c42976e81f7) - Getting unread count for user
2025-11-27 15:38:43.687 +01:00 [INF] [NotificationRepository] GetUnreadCountAsync(3e07cffa-0932-44eb-a818-3c42976e81f7) - User has 2 unread notifications
2025-11-27 15:38:43.687 +01:00 [INF] [NotificationController] Found 2 unread notifications for UserId: 3e07cffa-0932-44eb-a818-3c42976e81f7
2025-11-27 15:38:43.687 +01:00 [INF] Executing OkObjectResult, writing value of type 'System.Int32'.
2025-11-27 15:38:43.688 +01:00 [INF] Executed action HomeCareApp.Controllers.NotificationController.GetUnreadCount (api) in 4.7897ms
2025-11-27 15:38:43.688 +01:00 [INF] Executed endpoint 'HomeCareApp.Controllers.NotificationController.GetUnreadCount (api)'
2025-11-27 15:38:43.688 +01:00 [INF] Request finished HTTP/1.1 GET http://localhost:5090/api/Notification/unread-count - 200 1 application/json; charset=utf-8 6.6462ms
2025-11-27 15:38:46.521 +01:00 [INF] Application is shutting down...
