2025-11-10 20:55:18.946 +01:00 [INF] No migrations were applied. The database is already up to date.
2025-11-10 20:55:19.008 +01:00 [INF] No migrations were applied. The database is already up to date.
2025-11-10 20:55:19.336 +01:00 [INF] User profile is available. Using 'C:\Users\nahid\AppData\Local\ASP.NET\DataProtection-Keys' as key repository and Windows DPAPI to encrypt keys at rest.
2025-11-10 20:55:19.376 +01:00 [INF] Now listening on: http://localhost:5090
2025-11-10 20:55:19.378 +01:00 [INF] Application started. Press Ctrl+C to shut down.
2025-11-10 20:55:19.378 +01:00 [INF] Hosting environment: Development
2025-11-10 20:55:19.386 +01:00 [INF] Content root path: C:\Users\nahid\OneDrive\Dokumenter\GitHub\React-Homecare\api
2025-11-10 20:55:34.261 +01:00 [INF] Request starting HTTP/1.1 OPTIONS http://localhost:5090/api/Auth/login - null null
2025-11-10 20:55:34.282 +01:00 [INF] CORS policy execution successful.
2025-11-10 20:55:34.284 +01:00 [INF] Request finished HTTP/1.1 OPTIONS http://localhost:5090/api/Auth/login - 204 null null 24.2611ms
2025-11-10 20:55:34.286 +01:00 [INF] Request starting HTTP/1.1 POST http://localhost:5090/api/Auth/login - application/json 45
2025-11-10 20:55:34.287 +01:00 [INF] CORS policy execution successful.
2025-11-10 20:55:34.298 +01:00 [INF] Executing endpoint 'HomeCareApp.Controllers.AuthController.Login (api)'
2025-11-10 20:55:34.307 +01:00 [INF] Route matched with {action = "Login", controller = "Auth"}. Executing controller action with signature System.Threading.Tasks.Task`1[Microsoft.AspNetCore.Mvc.IActionResult] Login(HomeCareApp.DTOs.LoginDto) on controller HomeCareApp.Controllers.AuthController (api).
2025-11-10 20:55:34.388 +01:00 [WRN] [AuthAPIController] user not authorised for Nahid
2025-11-10 20:55:34.391 +01:00 [INF] Executing ObjectResult, writing value of type 'Microsoft.AspNetCore.Mvc.ProblemDetails'.
2025-11-10 20:55:34.414 +01:00 [INF] Executed action HomeCareApp.Controllers.AuthController.Login (api) in 104.6034ms
2025-11-10 20:55:34.414 +01:00 [INF] Executed endpoint 'HomeCareApp.Controllers.AuthController.Login (api)'
2025-11-10 20:55:34.416 +01:00 [INF] Request finished HTTP/1.1 POST http://localhost:5090/api/Auth/login - 401 165 application/problem+json; charset=utf-8 130.2983ms
2025-11-10 20:55:36.055 +01:00 [INF] Request starting HTTP/1.1 POST http://localhost:5090/api/Auth/login - application/json 45
2025-11-10 20:55:36.057 +01:00 [INF] CORS policy execution successful.
2025-11-10 20:55:36.058 +01:00 [INF] Executing endpoint 'HomeCareApp.Controllers.AuthController.Login (api)'
2025-11-10 20:55:36.058 +01:00 [INF] Route matched with {action = "Login", controller = "Auth"}. Executing controller action with signature System.Threading.Tasks.Task`1[Microsoft.AspNetCore.Mvc.IActionResult] Login(HomeCareApp.DTOs.LoginDto) on controller HomeCareApp.Controllers.AuthController (api).
2025-11-10 20:55:36.066 +01:00 [WRN] [AuthAPIController] user not authorised for Nahid
2025-11-10 20:55:36.067 +01:00 [INF] Executing ObjectResult, writing value of type 'Microsoft.AspNetCore.Mvc.ProblemDetails'.
2025-11-10 20:55:36.067 +01:00 [INF] Executed action HomeCareApp.Controllers.AuthController.Login (api) in 8.5948ms
2025-11-10 20:55:36.067 +01:00 [INF] Executed endpoint 'HomeCareApp.Controllers.AuthController.Login (api)'
2025-11-10 20:55:36.067 +01:00 [INF] Request finished HTTP/1.1 POST http://localhost:5090/api/Auth/login - 401 165 application/problem+json; charset=utf-8 12.8949ms
2025-11-10 20:55:36.611 +01:00 [INF] Request starting HTTP/1.1 POST http://localhost:5090/api/Auth/login - application/json 45
2025-11-10 20:55:36.612 +01:00 [INF] CORS policy execution successful.
2025-11-10 20:55:36.613 +01:00 [INF] Executing endpoint 'HomeCareApp.Controllers.AuthController.Login (api)'
2025-11-10 20:55:36.614 +01:00 [INF] Route matched with {action = "Login", controller = "Auth"}. Executing controller action with signature System.Threading.Tasks.Task`1[Microsoft.AspNetCore.Mvc.IActionResult] Login(HomeCareApp.DTOs.LoginDto) on controller HomeCareApp.Controllers.AuthController (api).
2025-11-10 20:55:36.624 +01:00 [WRN] [AuthAPIController] user not authorised for Nahid
2025-11-10 20:55:36.625 +01:00 [INF] Executing ObjectResult, writing value of type 'Microsoft.AspNetCore.Mvc.ProblemDetails'.
2025-11-10 20:55:36.625 +01:00 [INF] Executed action HomeCareApp.Controllers.AuthController.Login (api) in 11.3051ms
2025-11-10 20:55:36.625 +01:00 [INF] Executed endpoint 'HomeCareApp.Controllers.AuthController.Login (api)'
2025-11-10 20:55:36.625 +01:00 [INF] Request finished HTTP/1.1 POST http://localhost:5090/api/Auth/login - 401 165 application/problem+json; charset=utf-8 14.6069ms
2025-11-10 20:55:36.794 +01:00 [INF] Request starting HTTP/1.1 POST http://localhost:5090/api/Auth/login - application/json 45
2025-11-10 20:55:36.794 +01:00 [INF] CORS policy execution successful.
2025-11-10 20:55:36.794 +01:00 [INF] Executing endpoint 'HomeCareApp.Controllers.AuthController.Login (api)'
2025-11-10 20:55:36.795 +01:00 [INF] Route matched with {action = "Login", controller = "Auth"}. Executing controller action with signature System.Threading.Tasks.Task`1[Microsoft.AspNetCore.Mvc.IActionResult] Login(HomeCareApp.DTOs.LoginDto) on controller HomeCareApp.Controllers.AuthController (api).
2025-11-10 20:55:36.798 +01:00 [WRN] [AuthAPIController] user not authorised for Nahid
2025-11-10 20:55:36.798 +01:00 [INF] Executing ObjectResult, writing value of type 'Microsoft.AspNetCore.Mvc.ProblemDetails'.
2025-11-10 20:55:36.798 +01:00 [INF] Executed action HomeCareApp.Controllers.AuthController.Login (api) in 3.7707ms
2025-11-10 20:55:36.798 +01:00 [INF] Executed endpoint 'HomeCareApp.Controllers.AuthController.Login (api)'
2025-11-10 20:55:36.799 +01:00 [INF] Request finished HTTP/1.1 POST http://localhost:5090/api/Auth/login - 401 165 application/problem+json; charset=utf-8 4.8497ms
2025-11-10 20:55:37.137 +01:00 [INF] Request starting HTTP/1.1 POST http://localhost:5090/api/Auth/login - application/json 45
2025-11-10 20:55:37.138 +01:00 [INF] CORS policy execution successful.
2025-11-10 20:55:37.138 +01:00 [INF] Executing endpoint 'HomeCareApp.Controllers.AuthController.Login (api)'
2025-11-10 20:55:37.138 +01:00 [INF] Route matched with {action = "Login", controller = "Auth"}. Executing controller action with signature System.Threading.Tasks.Task`1[Microsoft.AspNetCore.Mvc.IActionResult] Login(HomeCareApp.DTOs.LoginDto) on controller HomeCareApp.Controllers.AuthController (api).
2025-11-10 20:55:37.140 +01:00 [WRN] [AuthAPIController] user not authorised for Nahid
2025-11-10 20:55:37.140 +01:00 [INF] Executing ObjectResult, writing value of type 'Microsoft.AspNetCore.Mvc.ProblemDetails'.
2025-11-10 20:55:37.140 +01:00 [INF] Executed action HomeCareApp.Controllers.AuthController.Login (api) in 2.0878ms
2025-11-10 20:55:37.140 +01:00 [INF] Executed endpoint 'HomeCareApp.Controllers.AuthController.Login (api)'
2025-11-10 20:55:37.140 +01:00 [INF] Request finished HTTP/1.1 POST http://localhost:5090/api/Auth/login - 401 165 application/problem+json; charset=utf-8 2.7812ms
2025-11-10 20:55:37.332 +01:00 [INF] Request starting HTTP/1.1 POST http://localhost:5090/api/Auth/login - application/json 45
2025-11-10 20:55:37.332 +01:00 [INF] CORS policy execution successful.
2025-11-10 20:55:37.333 +01:00 [INF] Executing endpoint 'HomeCareApp.Controllers.AuthController.Login (api)'
2025-11-10 20:55:37.333 +01:00 [INF] Route matched with {action = "Login", controller = "Auth"}. Executing controller action with signature System.Threading.Tasks.Task`1[Microsoft.AspNetCore.Mvc.IActionResult] Login(HomeCareApp.DTOs.LoginDto) on controller HomeCareApp.Controllers.AuthController (api).
2025-11-10 20:55:37.335 +01:00 [WRN] [AuthAPIController] user not authorised for Nahid
2025-11-10 20:55:37.335 +01:00 [INF] Executing ObjectResult, writing value of type 'Microsoft.AspNetCore.Mvc.ProblemDetails'.
2025-11-10 20:55:37.335 +01:00 [INF] Executed action HomeCareApp.Controllers.AuthController.Login (api) in 2.2087ms
2025-11-10 20:55:37.335 +01:00 [INF] Executed endpoint 'HomeCareApp.Controllers.AuthController.Login (api)'
2025-11-10 20:55:37.335 +01:00 [INF] Request finished HTTP/1.1 POST http://localhost:5090/api/Auth/login - 401 165 application/problem+json; charset=utf-8 3.2808ms
2025-11-10 20:55:50.223 +01:00 [INF] Request starting HTTP/1.1 OPTIONS http://localhost:5090/api/Auth/register - null null
2025-11-10 20:55:50.224 +01:00 [INF] CORS policy execution successful.
2025-11-10 20:55:50.224 +01:00 [INF] Request finished HTTP/1.1 OPTIONS http://localhost:5090/api/Auth/register - 204 null null 0.5623ms
2025-11-10 20:55:50.225 +01:00 [INF] Request starting HTTP/1.1 POST http://localhost:5090/api/Auth/register - application/json 91
2025-11-10 20:55:50.225 +01:00 [INF] CORS policy execution successful.
2025-11-10 20:55:50.225 +01:00 [INF] Executing endpoint 'HomeCareApp.Controllers.AuthController.Register (api)'
2025-11-10 20:55:50.229 +01:00 [INF] Route matched with {action = "Register", controller = "Auth"}. Executing controller action with signature System.Threading.Tasks.Task`1[Microsoft.AspNetCore.Mvc.IActionResult] Register(HomeCareApp.DTOs.RegisterDto) on controller HomeCareApp.Controllers.AuthController (api).
2025-11-10 20:55:50.398 +01:00 [INF] [AuthAPIController] user registered for Nahid with role Patient
2025-11-10 20:55:50.398 +01:00 [INF] Executing OkObjectResult, writing value of type '<>f__AnonymousType2`1[[System.String, System.Private.CoreLib, Version=8.0.0.0, Culture=neutral, PublicKeyToken=7cec85d7bea7798e]]'.
2025-11-10 20:55:50.400 +01:00 [INF] Executed action HomeCareApp.Controllers.AuthController.Register (api) in 171.5767ms
2025-11-10 20:55:50.400 +01:00 [INF] Executed endpoint 'HomeCareApp.Controllers.AuthController.Register (api)'
2025-11-10 20:55:50.401 +01:00 [INF] Request finished HTTP/1.1 POST http://localhost:5090/api/Auth/register - 200 73 application/json; charset=utf-8 175.6785ms
2025-11-10 20:55:57.222 +01:00 [INF] Request starting HTTP/1.1 OPTIONS http://localhost:5090/api/Auth/login - null null
2025-11-10 20:55:57.222 +01:00 [INF] CORS policy execution successful.
2025-11-10 20:55:57.222 +01:00 [INF] Request finished HTTP/1.1 OPTIONS http://localhost:5090/api/Auth/login - 204 null null 0.4171ms
2025-11-10 20:55:57.223 +01:00 [INF] Request starting HTTP/1.1 POST http://localhost:5090/api/Auth/login - application/json 45
2025-11-10 20:55:57.223 +01:00 [INF] CORS policy execution successful.
2025-11-10 20:55:57.223 +01:00 [INF] Executing endpoint 'HomeCareApp.Controllers.AuthController.Login (api)'
2025-11-10 20:55:57.223 +01:00 [INF] Route matched with {action = "Login", controller = "Auth"}. Executing controller action with signature System.Threading.Tasks.Task`1[Microsoft.AspNetCore.Mvc.IActionResult] Login(HomeCareApp.DTOs.LoginDto) on controller HomeCareApp.Controllers.AuthController (api).
2025-11-10 20:55:57.265 +01:00 [INF] [AuthAPIController] user authorised for Nahid
2025-11-10 20:55:57.286 +01:00 [INF] [AuthAPIController] JWT token created for Nahid with roles Patient
2025-11-10 20:55:57.286 +01:00 [INF] [AuthAPIController] JWT token claims: sub=33df34d7-f48b-4179-a811-92d3aee27a65, email=Nahid@employee.com, http://schemas.xmlsoap.org/ws/2005/05/identity/claims/nameidentifier=33df34d7-f48b-4179-a811-92d3aee27a65, http://schemas.xmlsoap.org/ws/2005/05/identity/claims/name=Nahid, username=Nahid, userid=33df34d7-f48b-4179-a811-92d3aee27a65, nameid=33df34d7-f48b-4179-a811-92d3aee27a65, jti=3da1856d-438f-43a1-947f-64c8e7ad2ba4, iat=1762804557, http://schemas.microsoft.com/ws/2008/06/identity/claims/role=Patient, role=Patient
2025-11-10 20:55:57.298 +01:00 [INF] Executing OkObjectResult, writing value of type '<>f__AnonymousType3`1[[System.String, System.Private.CoreLib, Version=8.0.0.0, Culture=neutral, PublicKeyToken=7cec85d7bea7798e]]'.
2025-11-10 20:55:57.299 +01:00 [INF] Executed action HomeCareApp.Controllers.AuthController.Login (api) in 76.1586ms
2025-11-10 20:55:57.299 +01:00 [INF] Executed endpoint 'HomeCareApp.Controllers.AuthController.Login (api)'
2025-11-10 20:55:57.300 +01:00 [INF] Request finished HTTP/1.1 POST http://localhost:5090/api/Auth/login - 200 867 application/json; charset=utf-8 76.6708ms
2025-11-10 20:55:57.303 +01:00 [INF] Request starting HTTP/1.1 OPTIONS http://localhost:5090/api/patient/user/33df34d7-f48b-4179-a811-92d3aee27a65 - null null
2025-11-10 20:55:57.304 +01:00 [INF] CORS policy execution successful.
2025-11-10 20:55:57.304 +01:00 [INF] Request finished HTTP/1.1 OPTIONS http://localhost:5090/api/patient/user/33df34d7-f48b-4179-a811-92d3aee27a65 - 204 null null 0.3999ms
2025-11-10 20:55:57.305 +01:00 [INF] Request starting HTTP/1.1 GET http://localhost:5090/api/patient/user/33df34d7-f48b-4179-a811-92d3aee27a65 - application/json null
2025-11-10 20:55:57.308 +01:00 [INF] CORS policy execution successful.
2025-11-10 20:55:57.333 +01:00 [INF] Executing endpoint 'HomeCareApp.Controllers.PatientController.GetPatientByUserId (api)'
2025-11-10 20:55:57.335 +01:00 [INF] Route matched with {action = "GetPatientByUserId", controller = "Patient"}. Executing controller action with signature System.Threading.Tasks.Task`1[Microsoft.AspNetCore.Mvc.ActionResult`1[HomeCareApp.DTOs.PatientDto]] GetPatientByUserId(System.String) on controller HomeCareApp.Controllers.PatientController (api).
2025-11-10 20:55:57.341 +01:00 [INF] Executing NotFoundObjectResult, writing value of type 'System.String'.
2025-11-10 20:55:57.341 +01:00 [INF] Executed action HomeCareApp.Controllers.PatientController.GetPatientByUserId (api) in 6.3759ms
2025-11-10 20:55:57.341 +01:00 [INF] Executed endpoint 'HomeCareApp.Controllers.PatientController.GetPatientByUserId (api)'
2025-11-10 20:55:57.341 +01:00 [INF] Request finished HTTP/1.1 GET http://localhost:5090/api/patient/user/33df34d7-f48b-4179-a811-92d3aee27a65 - 404 null text/plain; charset=utf-8 36.6563ms
2025-11-10 20:56:10.184 +01:00 [INF] Request starting HTTP/1.1 OPTIONS http://localhost:5090/api/Auth/login - null null
2025-11-10 20:56:10.184 +01:00 [INF] CORS policy execution successful.
2025-11-10 20:56:10.184 +01:00 [INF] Request finished HTTP/1.1 OPTIONS http://localhost:5090/api/Auth/login - 204 null null 0.5167ms
2025-11-10 20:56:10.185 +01:00 [INF] Request starting HTTP/1.1 POST http://localhost:5090/api/Auth/login - application/json 45
2025-11-10 20:56:10.185 +01:00 [INF] CORS policy execution successful.
2025-11-10 20:56:10.185 +01:00 [INF] Executing endpoint 'HomeCareApp.Controllers.AuthController.Login (api)'
2025-11-10 20:56:10.185 +01:00 [INF] Route matched with {action = "Login", controller = "Auth"}. Executing controller action with signature System.Threading.Tasks.Task`1[Microsoft.AspNetCore.Mvc.IActionResult] Login(HomeCareApp.DTOs.LoginDto) on controller HomeCareApp.Controllers.AuthController (api).
2025-11-10 20:56:10.227 +01:00 [INF] [AuthAPIController] user authorised for Nahid
2025-11-10 20:56:10.228 +01:00 [INF] [AuthAPIController] JWT token created for Nahid with roles Patient
2025-11-10 20:56:10.228 +01:00 [INF] [AuthAPIController] JWT token claims: sub=33df34d7-f48b-4179-a811-92d3aee27a65, email=Nahid@employee.com, http://schemas.xmlsoap.org/ws/2005/05/identity/claims/nameidentifier=33df34d7-f48b-4179-a811-92d3aee27a65, http://schemas.xmlsoap.org/ws/2005/05/identity/claims/name=Nahid, username=Nahid, userid=33df34d7-f48b-4179-a811-92d3aee27a65, nameid=33df34d7-f48b-4179-a811-92d3aee27a65, jti=de167e83-54cb-4310-b087-ef55cf6b2c7e, iat=1762804570, http://schemas.microsoft.com/ws/2008/06/identity/claims/role=Patient, role=Patient
2025-11-10 20:56:10.228 +01:00 [INF] Executing OkObjectResult, writing value of type '<>f__AnonymousType3`1[[System.String, System.Private.CoreLib, Version=8.0.0.0, Culture=neutral, PublicKeyToken=7cec85d7bea7798e]]'.
2025-11-10 20:56:10.229 +01:00 [INF] Executed action HomeCareApp.Controllers.AuthController.Login (api) in 43.3839ms
2025-11-10 20:56:10.229 +01:00 [INF] Executed endpoint 'HomeCareApp.Controllers.AuthController.Login (api)'
2025-11-10 20:56:10.229 +01:00 [INF] Request finished HTTP/1.1 POST http://localhost:5090/api/Auth/login - 200 867 application/json; charset=utf-8 43.7129ms
2025-11-10 20:56:10.231 +01:00 [INF] Request starting HTTP/1.1 OPTIONS http://localhost:5090/api/patient/user/33df34d7-f48b-4179-a811-92d3aee27a65 - null null
2025-11-10 20:56:10.231 +01:00 [INF] CORS policy execution successful.
2025-11-10 20:56:10.231 +01:00 [INF] Request finished HTTP/1.1 OPTIONS http://localhost:5090/api/patient/user/33df34d7-f48b-4179-a811-92d3aee27a65 - 204 null null 0.5465ms
2025-11-10 20:56:10.233 +01:00 [INF] Request starting HTTP/1.1 GET http://localhost:5090/api/patient/user/33df34d7-f48b-4179-a811-92d3aee27a65 - application/json null
2025-11-10 20:56:10.233 +01:00 [INF] CORS policy execution successful.
2025-11-10 20:56:10.235 +01:00 [INF] Executing endpoint 'HomeCareApp.Controllers.PatientController.GetPatientByUserId (api)'
2025-11-10 20:56:10.235 +01:00 [INF] Route matched with {action = "GetPatientByUserId", controller = "Patient"}. Executing controller action with signature System.Threading.Tasks.Task`1[Microsoft.AspNetCore.Mvc.ActionResult`1[HomeCareApp.DTOs.PatientDto]] GetPatientByUserId(System.String) on controller HomeCareApp.Controllers.PatientController (api).
2025-11-10 20:56:10.237 +01:00 [INF] Executing NotFoundObjectResult, writing value of type 'System.String'.
2025-11-10 20:56:10.237 +01:00 [INF] Executed action HomeCareApp.Controllers.PatientController.GetPatientByUserId (api) in 1.5486ms
2025-11-10 20:56:10.237 +01:00 [INF] Executed endpoint 'HomeCareApp.Controllers.PatientController.GetPatientByUserId (api)'
2025-11-10 20:56:10.237 +01:00 [INF] Request finished HTTP/1.1 GET http://localhost:5090/api/patient/user/33df34d7-f48b-4179-a811-92d3aee27a65 - 404 null text/plain; charset=utf-8 4.4465ms
2025-11-10 20:56:22.111 +01:00 [INF] Request starting HTTP/1.1 OPTIONS http://localhost:5090/api/Auth/login - null null
2025-11-10 20:56:22.111 +01:00 [INF] CORS policy execution successful.
2025-11-10 20:56:22.112 +01:00 [INF] Request finished HTTP/1.1 OPTIONS http://localhost:5090/api/Auth/login - 204 null null 0.2963ms
2025-11-10 20:56:22.112 +01:00 [INF] Request starting HTTP/1.1 POST http://localhost:5090/api/Auth/login - application/json 46
2025-11-10 20:56:22.112 +01:00 [INF] CORS policy execution successful.
2025-11-10 20:56:22.112 +01:00 [INF] Executing endpoint 'HomeCareApp.Controllers.AuthController.Login (api)'
2025-11-10 20:56:22.113 +01:00 [INF] Route matched with {action = "Login", controller = "Auth"}. Executing controller action with signature System.Threading.Tasks.Task`1[Microsoft.AspNetCore.Mvc.IActionResult] Login(HomeCareApp.DTOs.LoginDto) on controller HomeCareApp.Controllers.AuthController (api).
2025-11-10 20:56:22.114 +01:00 [WRN] [AuthAPIController] user not authorised for patient6
2025-11-10 20:56:22.114 +01:00 [INF] Executing ObjectResult, writing value of type 'Microsoft.AspNetCore.Mvc.ProblemDetails'.
2025-11-10 20:56:22.114 +01:00 [INF] Executed action HomeCareApp.Controllers.AuthController.Login (api) in 1.7969ms
2025-11-10 20:56:22.114 +01:00 [INF] Executed endpoint 'HomeCareApp.Controllers.AuthController.Login (api)'
2025-11-10 20:56:22.114 +01:00 [INF] Request finished HTTP/1.1 POST http://localhost:5090/api/Auth/login - 401 165 application/problem+json; charset=utf-8 2.1485ms
2025-11-10 20:56:34.276 +01:00 [INF] Request starting HTTP/1.1 OPTIONS http://localhost:5090/api/Auth/login - null null
2025-11-10 20:56:34.276 +01:00 [INF] CORS policy execution successful.
2025-11-10 20:56:34.277 +01:00 [INF] Request finished HTTP/1.1 OPTIONS http://localhost:5090/api/Auth/login - 204 null null 0.5142ms
2025-11-10 20:56:34.277 +01:00 [INF] Request starting HTTP/1.1 POST http://localhost:5090/api/Auth/login - application/json 45
2025-11-10 20:56:34.277 +01:00 [INF] CORS policy execution successful.
2025-11-10 20:56:34.277 +01:00 [INF] Executing endpoint 'HomeCareApp.Controllers.AuthController.Login (api)'
2025-11-10 20:56:34.277 +01:00 [INF] Route matched with {action = "Login", controller = "Auth"}. Executing controller action with signature System.Threading.Tasks.Task`1[Microsoft.AspNetCore.Mvc.IActionResult] Login(HomeCareApp.DTOs.LoginDto) on controller HomeCareApp.Controllers.AuthController (api).
2025-11-10 20:56:34.318 +01:00 [INF] [AuthAPIController] user authorised for Nahid
2025-11-10 20:56:34.319 +01:00 [INF] [AuthAPIController] JWT token created for Nahid with roles Patient
2025-11-10 20:56:34.319 +01:00 [INF] [AuthAPIController] JWT token claims: sub=33df34d7-f48b-4179-a811-92d3aee27a65, email=Nahid@employee.com, http://schemas.xmlsoap.org/ws/2005/05/identity/claims/nameidentifier=33df34d7-f48b-4179-a811-92d3aee27a65, http://schemas.xmlsoap.org/ws/2005/05/identity/claims/name=Nahid, username=Nahid, userid=33df34d7-f48b-4179-a811-92d3aee27a65, nameid=33df34d7-f48b-4179-a811-92d3aee27a65, jti=06472278-8d80-4425-a2f7-84e4f0e940de, iat=1762804594, http://schemas.microsoft.com/ws/2008/06/identity/claims/role=Patient, role=Patient
2025-11-10 20:56:34.320 +01:00 [INF] Executing OkObjectResult, writing value of type '<>f__AnonymousType3`1[[System.String, System.Private.CoreLib, Version=8.0.0.0, Culture=neutral, PublicKeyToken=7cec85d7bea7798e]]'.
2025-11-10 20:56:34.320 +01:00 [INF] Executed action HomeCareApp.Controllers.AuthController.Login (api) in 42.413ms
2025-11-10 20:56:34.320 +01:00 [INF] Executed endpoint 'HomeCareApp.Controllers.AuthController.Login (api)'
2025-11-10 20:56:34.320 +01:00 [INF] Request finished HTTP/1.1 POST http://localhost:5090/api/Auth/login - 200 867 application/json; charset=utf-8 43.0405ms
2025-11-10 20:56:34.324 +01:00 [INF] Request starting HTTP/1.1 OPTIONS http://localhost:5090/api/patient/user/33df34d7-f48b-4179-a811-92d3aee27a65 - null null
2025-11-10 20:56:34.324 +01:00 [INF] CORS policy execution successful.
2025-11-10 20:56:34.324 +01:00 [INF] Request finished HTTP/1.1 OPTIONS http://localhost:5090/api/patient/user/33df34d7-f48b-4179-a811-92d3aee27a65 - 204 null null 0.5318ms
2025-11-10 20:56:34.325 +01:00 [INF] Request starting HTTP/1.1 GET http://localhost:5090/api/patient/user/33df34d7-f48b-4179-a811-92d3aee27a65 - application/json null
2025-11-10 20:56:34.325 +01:00 [INF] CORS policy execution successful.
2025-11-10 20:56:34.327 +01:00 [INF] Executing endpoint 'HomeCareApp.Controllers.PatientController.GetPatientByUserId (api)'
2025-11-10 20:56:34.327 +01:00 [INF] Route matched with {action = "GetPatientByUserId", controller = "Patient"}. Executing controller action with signature System.Threading.Tasks.Task`1[Microsoft.AspNetCore.Mvc.ActionResult`1[HomeCareApp.DTOs.PatientDto]] GetPatientByUserId(System.String) on controller HomeCareApp.Controllers.PatientController (api).
2025-11-10 20:56:34.328 +01:00 [INF] Executing NotFoundObjectResult, writing value of type 'System.String'.
2025-11-10 20:56:34.329 +01:00 [INF] Executed action HomeCareApp.Controllers.PatientController.GetPatientByUserId (api) in 1.5255ms
2025-11-10 20:56:34.329 +01:00 [INF] Executed endpoint 'HomeCareApp.Controllers.PatientController.GetPatientByUserId (api)'
2025-11-10 20:56:34.329 +01:00 [INF] Request finished HTTP/1.1 GET http://localhost:5090/api/patient/user/33df34d7-f48b-4179-a811-92d3aee27a65 - 404 null text/plain; charset=utf-8 3.4303ms
2025-11-10 20:56:50.289 +01:00 [INF] Request starting HTTP/1.1 OPTIONS http://localhost:5090/api/Auth/complete-patient-profile - null null
2025-11-10 20:56:50.289 +01:00 [INF] CORS policy execution successful.
2025-11-10 20:56:50.289 +01:00 [INF] Request finished HTTP/1.1 OPTIONS http://localhost:5090/api/Auth/complete-patient-profile - 204 null null 0.2842ms
2025-11-10 20:56:50.289 +01:00 [INF] Request starting HTTP/1.1 POST http://localhost:5090/api/Auth/complete-patient-profile - application/json 113
2025-11-10 20:56:50.289 +01:00 [INF] CORS policy execution successful.
2025-11-10 20:56:50.290 +01:00 [INF] Executing endpoint 'HomeCareApp.Controllers.AuthController.CompletePatientProfile (api)'
2025-11-10 20:56:50.292 +01:00 [INF] Route matched with {action = "CompletePatientProfile", controller = "Auth"}. Executing controller action with signature System.Threading.Tasks.Task`1[Microsoft.AspNetCore.Mvc.IActionResult] CompletePatientProfile(HomeCareApp.DTOs.PatientProfileDto) on controller HomeCareApp.Controllers.AuthController (api).
2025-11-10 20:56:50.341 +01:00 [INF] [AuthAPIController] Patient profile created for Nahid
2025-11-10 20:56:50.341 +01:00 [INF] Executing OkObjectResult, writing value of type '<>f__AnonymousType2`1[[System.String, System.Private.CoreLib, Version=8.0.0.0, Culture=neutral, PublicKeyToken=7cec85d7bea7798e]]'.
2025-11-10 20:56:50.342 +01:00 [INF] Executed action HomeCareApp.Controllers.AuthController.CompletePatientProfile (api) in 49.5238ms
2025-11-10 20:56:50.342 +01:00 [INF] Executed endpoint 'HomeCareApp.Controllers.AuthController.CompletePatientProfile (api)'
2025-11-10 20:56:50.342 +01:00 [INF] Request finished HTTP/1.1 POST http://localhost:5090/api/Auth/complete-patient-profile - 200 50 application/json; charset=utf-8 52.2911ms
2025-11-10 20:56:52.388 +01:00 [INF] Request starting HTTP/1.1 GET http://localhost:5090/api/Appointment - null null
2025-11-10 20:56:52.388 +01:00 [INF] CORS policy execution successful.
2025-11-10 20:56:52.388 +01:00 [INF] Executing endpoint 'HomeCareApp.Controllers.AppointmentController.GetAppointments (api)'
2025-11-10 20:56:52.390 +01:00 [INF] Route matched with {action = "GetAppointments", controller = "Appointment"}. Executing controller action with signature System.Threading.Tasks.Task`1[Microsoft.AspNetCore.Mvc.IActionResult] GetAppointments() on controller HomeCareApp.Controllers.AppointmentController (api).
2025-11-10 20:56:52.420 +01:00 [INF] Executing OkObjectResult, writing value of type 'System.Linq.Enumerable+SelectListIterator`2[[HomeCareApp.Models.Appointment, api, Version=1.0.0.0, Culture=neutral, PublicKeyToken=null],[HomeCareApp.DTOs.AppointmentDto, api, Version=1.0.0.0, Culture=neutral, PublicKeyToken=null]]'.
2025-11-10 20:56:52.424 +01:00 [INF] Executed action HomeCareApp.Controllers.AppointmentController.GetAppointments (api) in 33.6688ms
2025-11-10 20:56:52.424 +01:00 [INF] Executed endpoint 'HomeCareApp.Controllers.AppointmentController.GetAppointments (api)'
2025-11-10 20:56:52.424 +01:00 [INF] Request finished HTTP/1.1 GET http://localhost:5090/api/Appointment - 200 656 application/json; charset=utf-8 36.1168ms
2025-11-10 20:56:52.425 +01:00 [INF] Request starting HTTP/1.1 GET http://localhost:5090/api/Appointment - null null
2025-11-10 20:56:52.426 +01:00 [INF] CORS policy execution successful.
2025-11-10 20:56:52.426 +01:00 [INF] Executing endpoint 'HomeCareApp.Controllers.AppointmentController.GetAppointments (api)'
2025-11-10 20:56:52.426 +01:00 [INF] Route matched with {action = "GetAppointments", controller = "Appointment"}. Executing controller action with signature System.Threading.Tasks.Task`1[Microsoft.AspNetCore.Mvc.IActionResult] GetAppointments() on controller HomeCareApp.Controllers.AppointmentController (api).
2025-11-10 20:56:52.428 +01:00 [INF] Executing OkObjectResult, writing value of type 'System.Linq.Enumerable+SelectListIterator`2[[HomeCareApp.Models.Appointment, api, Version=1.0.0.0, Culture=neutral, PublicKeyToken=null],[HomeCareApp.DTOs.AppointmentDto, api, Version=1.0.0.0, Culture=neutral, PublicKeyToken=null]]'.
2025-11-10 20:56:52.428 +01:00 [INF] Executed action HomeCareApp.Controllers.AppointmentController.GetAppointments (api) in 1.6285ms
2025-11-10 20:56:52.428 +01:00 [INF] Executed endpoint 'HomeCareApp.Controllers.AppointmentController.GetAppointments (api)'
2025-11-10 20:56:52.428 +01:00 [INF] Request finished HTTP/1.1 GET http://localhost:5090/api/Appointment - 200 656 application/json; charset=utf-8 2.3617ms
2025-11-10 20:56:53.248 +01:00 [INF] Request starting HTTP/1.1 OPTIONS http://localhost:5090/api/patient/user/33df34d7-f48b-4179-a811-92d3aee27a65 - null null
2025-11-10 20:56:53.249 +01:00 [INF] CORS policy execution successful.
2025-11-10 20:56:53.249 +01:00 [INF] Request finished HTTP/1.1 OPTIONS http://localhost:5090/api/patient/user/33df34d7-f48b-4179-a811-92d3aee27a65 - 204 null null 0.2692ms
2025-11-10 20:56:53.249 +01:00 [INF] Request starting HTTP/1.1 OPTIONS http://localhost:5090/api/patient/user/33df34d7-f48b-4179-a811-92d3aee27a65 - null null
2025-11-10 20:56:53.249 +01:00 [INF] CORS policy execution successful.
2025-11-10 20:56:53.250 +01:00 [INF] Request starting HTTP/1.1 GET http://localhost:5090/api/patient/user/33df34d7-f48b-4179-a811-92d3aee27a65 - application/json null
2025-11-10 20:56:53.250 +01:00 [INF] Request finished HTTP/1.1 OPTIONS http://localhost:5090/api/patient/user/33df34d7-f48b-4179-a811-92d3aee27a65 - 204 null null 0.1643ms
2025-11-10 20:56:53.250 +01:00 [INF] CORS policy execution successful.
2025-11-10 20:56:53.250 +01:00 [INF] Executing endpoint 'HomeCareApp.Controllers.PatientController.GetPatientByUserId (api)'
2025-11-10 20:56:53.250 +01:00 [INF] Route matched with {action = "GetPatientByUserId", controller = "Patient"}. Executing controller action with signature System.Threading.Tasks.Task`1[Microsoft.AspNetCore.Mvc.ActionResult`1[HomeCareApp.DTOs.PatientDto]] GetPatientByUserId(System.String) on controller HomeCareApp.Controllers.PatientController (api).
2025-11-10 20:56:53.252 +01:00 [INF] Executing OkObjectResult, writing value of type 'HomeCareApp.DTOs.PatientDto'.
2025-11-10 20:56:53.255 +01:00 [INF] Executed action HomeCareApp.Controllers.PatientController.GetPatientByUserId (api) in 5.3908ms
2025-11-10 20:56:53.255 +01:00 [INF] Executed endpoint 'HomeCareApp.Controllers.PatientController.GetPatientByUserId (api)'
2025-11-10 20:56:53.256 +01:00 [INF] Request finished HTTP/1.1 GET http://localhost:5090/api/patient/user/33df34d7-f48b-4179-a811-92d3aee27a65 - 200 197 application/json; charset=utf-8 6.0591ms
2025-11-10 20:56:53.256 +01:00 [INF] Request starting HTTP/1.1 GET http://localhost:5090/api/patient/user/33df34d7-f48b-4179-a811-92d3aee27a65 - application/json null
2025-11-10 20:56:53.257 +01:00 [INF] CORS policy execution successful.
2025-11-10 20:56:53.257 +01:00 [INF] Executing endpoint 'HomeCareApp.Controllers.PatientController.GetPatientByUserId (api)'
2025-11-10 20:56:53.257 +01:00 [INF] Route matched with {action = "GetPatientByUserId", controller = "Patient"}. Executing controller action with signature System.Threading.Tasks.Task`1[Microsoft.AspNetCore.Mvc.ActionResult`1[HomeCareApp.DTOs.PatientDto]] GetPatientByUserId(System.String) on controller HomeCareApp.Controllers.PatientController (api).
2025-11-10 20:56:53.258 +01:00 [INF] Executing OkObjectResult, writing value of type 'HomeCareApp.DTOs.PatientDto'.
2025-11-10 20:56:53.258 +01:00 [INF] Executed action HomeCareApp.Controllers.PatientController.GetPatientByUserId (api) in 1.2435ms
2025-11-10 20:56:53.258 +01:00 [INF] Executed endpoint 'HomeCareApp.Controllers.PatientController.GetPatientByUserId (api)'
2025-11-10 20:56:53.258 +01:00 [INF] Request finished HTTP/1.1 GET http://localhost:5090/api/patient/user/33df34d7-f48b-4179-a811-92d3aee27a65 - 200 197 application/json; charset=utf-8 2.0452ms
