2025-11-27 14:51:20.975 +01:00 [INF] No migrations were applied. The database is already up to date.
2025-11-27 14:51:21.046 +01:00 [INF] No migrations were applied. The database is already up to date.
2025-11-27 14:51:21.113 +01:00 [INF] User profile is available. Using 'C:\Users\vilde\AppData\Local\ASP.NET\DataProtection-Keys' as key repository and Windows DPAPI to encrypt keys at rest.
2025-11-27 14:51:21.146 +01:00 [INF] Now listening on: http://localhost:5090
2025-11-27 14:51:21.149 +01:00 [INF] Application started. Press Ctrl+C to shut down.
2025-11-27 14:51:21.149 +01:00 [INF] Hosting environment: Development
2025-11-27 14:51:21.151 +01:00 [INF] Content root path: C:\Users\vilde\OneDrive\Documents\Homecare React\React-Homecare\api
2025-11-27 14:51:23.842 +01:00 [INF] Request starting HTTP/1.1 OPTIONS http://localhost:5090/api/Notification/unread-count - null null
2025-11-27 14:51:23.842 +01:00 [INF] Request starting HTTP/1.1 OPTIONS http://localhost:5090/api/Notification/unread-count - null null
2025-11-27 14:51:23.877 +01:00 [INF] CORS policy execution successful.
2025-11-27 14:51:23.877 +01:00 [INF] CORS policy execution successful.
2025-11-27 14:51:23.883 +01:00 [INF] Request finished HTTP/1.1 OPTIONS http://localhost:5090/api/Notification/unread-count - 204 null null 41.7396ms
2025-11-27 14:51:23.883 +01:00 [INF] Request finished HTTP/1.1 OPTIONS http://localhost:5090/api/Notification/unread-count - 204 null null 41.7396ms
2025-11-27 14:51:23.886 +01:00 [INF] Request starting HTTP/1.1 GET http://localhost:5090/api/Notification/unread-count - application/json null
2025-11-27 14:51:23.894 +01:00 [INF] CORS policy execution successful.
2025-11-27 14:51:24.018 +01:00 [INF] Executing endpoint 'HomeCareApp.Controllers.NotificationController.GetUnreadCount (api)'
2025-11-27 14:51:24.047 +01:00 [INF] Route matched with {action = "GetUnreadCount", controller = "Notification"}. Executing controller action with signature System.Threading.Tasks.Task`1[Microsoft.AspNetCore.Mvc.ActionResult`1[System.Int32]] GetUnreadCount() on controller HomeCareApp.Controllers.NotificationController (api).
2025-11-27 14:51:24.054 +01:00 [INF] [NotificationController] Getting unread count for UserId: 3e910976-dd6e-460f-8989-036062624ad9
2025-11-27 14:51:24.059 +01:00 [INF] [NotificationRepository] GetUnreadCountAsync(3e910976-dd6e-460f-8989-036062624ad9) - Getting unread count for user
2025-11-27 14:51:24.434 +01:00 [INF] [NotificationRepository] GetUnreadCountAsync(3e910976-dd6e-460f-8989-036062624ad9) - User has 2 unread notifications
2025-11-27 14:51:24.434 +01:00 [INF] [NotificationController] Found 2 unread notifications for UserId: 3e910976-dd6e-460f-8989-036062624ad9
2025-11-27 14:51:24.446 +01:00 [INF] Executing OkObjectResult, writing value of type 'System.Int32'.
2025-11-27 14:51:24.501 +01:00 [INF] Request starting HTTP/1.1 GET http://localhost:5090/api/Notification/unread-count - application/json null
2025-11-27 14:51:24.502 +01:00 [INF] CORS policy execution successful.
2025-11-27 14:51:24.504 +01:00 [INF] Executed action HomeCareApp.Controllers.NotificationController.GetUnreadCount (api) in 452.3322ms
2025-11-27 14:51:24.504 +01:00 [INF] Executed endpoint 'HomeCareApp.Controllers.NotificationController.GetUnreadCount (api)'
2025-11-27 14:51:24.504 +01:00 [INF] Executing endpoint 'HomeCareApp.Controllers.NotificationController.GetUnreadCount (api)'
2025-11-27 14:51:24.504 +01:00 [INF] Route matched with {action = "GetUnreadCount", controller = "Notification"}. Executing controller action with signature System.Threading.Tasks.Task`1[Microsoft.AspNetCore.Mvc.ActionResult`1[System.Int32]] GetUnreadCount() on controller HomeCareApp.Controllers.NotificationController (api).
2025-11-27 14:51:24.505 +01:00 [INF] [NotificationController] Getting unread count for UserId: 3e910976-dd6e-460f-8989-036062624ad9
2025-11-27 14:51:24.505 +01:00 [INF] [NotificationRepository] GetUnreadCountAsync(3e910976-dd6e-460f-8989-036062624ad9) - Getting unread count for user
2025-11-27 14:51:24.507 +01:00 [INF] Request finished HTTP/1.1 GET http://localhost:5090/api/Notification/unread-count - 200 1 application/json; charset=utf-8 621.3121ms
2025-11-27 14:51:24.510 +01:00 [INF] [NotificationRepository] GetUnreadCountAsync(3e910976-dd6e-460f-8989-036062624ad9) - User has 2 unread notifications
2025-11-27 14:51:24.510 +01:00 [INF] [NotificationController] Found 2 unread notifications for UserId: 3e910976-dd6e-460f-8989-036062624ad9
2025-11-27 14:51:24.511 +01:00 [INF] Executing OkObjectResult, writing value of type 'System.Int32'.
2025-11-27 14:51:24.512 +01:00 [INF] Executed action HomeCareApp.Controllers.NotificationController.GetUnreadCount (api) in 7.4331ms
2025-11-27 14:51:24.512 +01:00 [INF] Executed endpoint 'HomeCareApp.Controllers.NotificationController.GetUnreadCount (api)'
2025-11-27 14:51:24.512 +01:00 [INF] Request finished HTTP/1.1 GET http://localhost:5090/api/Notification/unread-count - 200 1 application/json; charset=utf-8 11.6106ms
2025-11-27 14:51:25.929 +01:00 [INF] Request starting HTTP/1.1 OPTIONS http://localhost:5090/api/patient/user/3e910976-dd6e-460f-8989-036062624ad9 - null null
2025-11-27 14:51:25.929 +01:00 [INF] Request starting HTTP/1.1 OPTIONS http://localhost:5090/api/patient/user/3e910976-dd6e-460f-8989-036062624ad9 - null null
2025-11-27 14:51:25.930 +01:00 [INF] CORS policy execution successful.
2025-11-27 14:51:25.930 +01:00 [INF] CORS policy execution successful.
2025-11-27 14:51:25.930 +01:00 [INF] Request finished HTTP/1.1 OPTIONS http://localhost:5090/api/patient/user/3e910976-dd6e-460f-8989-036062624ad9 - 204 null null 0.7368ms
2025-11-27 14:51:25.930 +01:00 [INF] Request finished HTTP/1.1 OPTIONS http://localhost:5090/api/patient/user/3e910976-dd6e-460f-8989-036062624ad9 - 204 null null 0.7368ms
2025-11-27 14:51:25.933 +01:00 [INF] Request starting HTTP/1.1 GET http://localhost:5090/api/patient/user/3e910976-dd6e-460f-8989-036062624ad9 - application/json null
2025-11-27 14:51:25.933 +01:00 [INF] CORS policy execution successful.
2025-11-27 14:51:25.938 +01:00 [INF] Executing endpoint 'HomeCareApp.Controllers.PatientController.GetPatientByUserId (api)'
2025-11-27 14:51:25.957 +01:00 [INF] Route matched with {action = "GetPatientByUserId", controller = "Patient"}. Executing controller action with signature System.Threading.Tasks.Task`1[Microsoft.AspNetCore.Mvc.ActionResult`1[HomeCareApp.DTOs.PatientDto]] GetPatientByUserId(System.String) on controller HomeCareApp.Controllers.PatientController (api).
2025-11-27 14:51:25.967 +01:00 [INF] [PatientController] Getting patient by UserId: 3e910976-dd6e-460f-8989-036062624ad9
2025-11-27 14:51:25.968 +01:00 [INF] [PatientRepository] GetAll() - Retrieving all patients
2025-11-27 14:51:26.027 +01:00 [INF] [PatientRepository] GetAll() - Successfully retrieved 2 patients
2025-11-27 14:51:26.027 +01:00 [INF] [PatientController] Total patients in database: 2
2025-11-27 14:51:26.029 +01:00 [INF] [PatientController] Successfully retrieved patient 2 for UserId: 3e910976-dd6e-460f-8989-036062624ad9
2025-11-27 14:51:26.029 +01:00 [INF] Executing OkObjectResult, writing value of type 'HomeCareApp.DTOs.PatientDto'.
2025-11-27 14:51:26.064 +01:00 [INF] Executed action HomeCareApp.Controllers.PatientController.GetPatientByUserId (api) in 106.6769ms
2025-11-27 14:51:26.065 +01:00 [INF] Executed endpoint 'HomeCareApp.Controllers.PatientController.GetPatientByUserId (api)'
2025-11-27 14:51:26.065 +01:00 [INF] Request finished HTTP/1.1 GET http://localhost:5090/api/patient/user/3e910976-dd6e-460f-8989-036062624ad9 - 200 217 application/json; charset=utf-8 132.2071ms
2025-11-27 14:51:26.065 +01:00 [INF] Request starting HTTP/1.1 GET http://localhost:5090/api/patient/user/3e910976-dd6e-460f-8989-036062624ad9 - application/json null
2025-11-27 14:51:26.066 +01:00 [INF] CORS policy execution successful.
2025-11-27 14:51:26.066 +01:00 [INF] Executing endpoint 'HomeCareApp.Controllers.PatientController.GetPatientByUserId (api)'
2025-11-27 14:51:26.066 +01:00 [INF] Route matched with {action = "GetPatientByUserId", controller = "Patient"}. Executing controller action with signature System.Threading.Tasks.Task`1[Microsoft.AspNetCore.Mvc.ActionResult`1[HomeCareApp.DTOs.PatientDto]] GetPatientByUserId(System.String) on controller HomeCareApp.Controllers.PatientController (api).
2025-11-27 14:51:26.070 +01:00 [INF] [PatientController] Getting patient by UserId: 3e910976-dd6e-460f-8989-036062624ad9
2025-11-27 14:51:26.070 +01:00 [INF] [PatientRepository] GetAll() - Retrieving all patients
2025-11-27 14:51:26.073 +01:00 [INF] [PatientRepository] GetAll() - Successfully retrieved 2 patients
2025-11-27 14:51:26.073 +01:00 [INF] [PatientController] Total patients in database: 2
2025-11-27 14:51:26.073 +01:00 [INF] [PatientController] Successfully retrieved patient 2 for UserId: 3e910976-dd6e-460f-8989-036062624ad9
2025-11-27 14:51:26.073 +01:00 [INF] Executing OkObjectResult, writing value of type 'HomeCareApp.DTOs.PatientDto'.
2025-11-27 14:51:26.074 +01:00 [INF] Executed action HomeCareApp.Controllers.PatientController.GetPatientByUserId (api) in 7.457ms
2025-11-27 14:51:26.074 +01:00 [INF] Executed endpoint 'HomeCareApp.Controllers.PatientController.GetPatientByUserId (api)'
2025-11-27 14:51:26.075 +01:00 [INF] Request finished HTTP/1.1 GET http://localhost:5090/api/patient/user/3e910976-dd6e-460f-8989-036062624ad9 - 200 217 application/json; charset=utf-8 9.3391ms
2025-11-27 14:51:30.886 +01:00 [INF] Request starting HTTP/1.1 OPTIONS http://localhost:5090/api/patient/2 - null null
2025-11-27 14:51:30.887 +01:00 [INF] CORS policy execution successful.
2025-11-27 14:51:30.887 +01:00 [INF] Request finished HTTP/1.1 OPTIONS http://localhost:5090/api/patient/2 - 204 null null 0.5885ms
2025-11-27 14:51:30.895 +01:00 [INF] Request starting HTTP/1.1 PUT http://localhost:5090/api/patient/2 - application/json 238
2025-11-27 14:51:30.896 +01:00 [INF] CORS policy execution successful.
2025-11-27 14:51:30.896 +01:00 [INF] Executing endpoint 'HomeCareApp.Controllers.PatientController.Update (api)'
2025-11-27 14:51:30.905 +01:00 [INF] Route matched with {action = "Update", controller = "Patient"}. Executing controller action with signature System.Threading.Tasks.Task`1[Microsoft.AspNetCore.Mvc.IActionResult] Update(Int32, HomeCareApp.DTOs.PatientDto) on controller HomeCareApp.Controllers.PatientController (api).
2025-11-27 14:51:30.982 +01:00 [INF] [PatientRepository] GetPatientById(2) - Retrieving patient
2025-11-27 14:51:31.070 +01:00 [INF] [PatientRepository] GetPatientById(2) - Patient found: Vilde Nerem
2025-11-27 14:51:31.071 +01:00 [INF] [PatientRepository] Update() - Updating patient: Vilde Nerem (ID: 2)
2025-11-27 14:51:31.188 +01:00 [INF] [PatientRepository] Update() - Successfully updated patient: Vilde Nerem (ID: 2)
2025-11-27 14:51:31.188 +01:00 [INF] Executing OkObjectResult, writing value of type 'HomeCareApp.DTOs.PatientDto'.
2025-11-27 14:51:31.189 +01:00 [INF] Executed action HomeCareApp.Controllers.PatientController.Update (api) in 283.791ms
2025-11-27 14:51:31.189 +01:00 [INF] Executed endpoint 'HomeCareApp.Controllers.PatientController.Update (api)'
2025-11-27 14:51:31.190 +01:00 [INF] Request finished HTTP/1.1 PUT http://localhost:5090/api/patient/2 - 200 218 application/json; charset=utf-8 294.5553ms
2025-11-27 14:51:31.193 +01:00 [INF] Request starting HTTP/1.1 OPTIONS http://localhost:5090/api/patient/user/3e910976-dd6e-460f-8989-036062624ad9 - null null
2025-11-27 14:51:31.193 +01:00 [INF] CORS policy execution successful.
2025-11-27 14:51:31.194 +01:00 [INF] Request finished HTTP/1.1 OPTIONS http://localhost:5090/api/patient/user/3e910976-dd6e-460f-8989-036062624ad9 - 204 null null 0.8431ms
2025-11-27 14:51:31.196 +01:00 [INF] Request starting HTTP/1.1 GET http://localhost:5090/api/patient/user/3e910976-dd6e-460f-8989-036062624ad9 - application/json null
2025-11-27 14:51:31.196 +01:00 [INF] CORS policy execution successful.
2025-11-27 14:51:31.196 +01:00 [INF] Executing endpoint 'HomeCareApp.Controllers.PatientController.GetPatientByUserId (api)'
2025-11-27 14:51:31.196 +01:00 [INF] Route matched with {action = "GetPatientByUserId", controller = "Patient"}. Executing controller action with signature System.Threading.Tasks.Task`1[Microsoft.AspNetCore.Mvc.ActionResult`1[HomeCareApp.DTOs.PatientDto]] GetPatientByUserId(System.String) on controller HomeCareApp.Controllers.PatientController (api).
2025-11-27 14:51:31.196 +01:00 [INF] [PatientController] Getting patient by UserId: 3e910976-dd6e-460f-8989-036062624ad9
2025-11-27 14:51:31.197 +01:00 [INF] [PatientRepository] GetAll() - Retrieving all patients
2025-11-27 14:51:31.198 +01:00 [INF] [PatientRepository] GetAll() - Successfully retrieved 2 patients
2025-11-27 14:51:31.198 +01:00 [INF] [PatientController] Total patients in database: 2
2025-11-27 14:51:31.198 +01:00 [INF] [PatientController] Successfully retrieved patient 2 for UserId: 3e910976-dd6e-460f-8989-036062624ad9
2025-11-27 14:51:31.198 +01:00 [INF] Executing OkObjectResult, writing value of type 'HomeCareApp.DTOs.PatientDto'.
2025-11-27 14:51:31.199 +01:00 [INF] Executed action HomeCareApp.Controllers.PatientController.GetPatientByUserId (api) in 3.192ms
2025-11-27 14:51:31.199 +01:00 [INF] Executed endpoint 'HomeCareApp.Controllers.PatientController.GetPatientByUserId (api)'
2025-11-27 14:51:31.200 +01:00 [INF] Request finished HTTP/1.1 GET http://localhost:5090/api/patient/user/3e910976-dd6e-460f-8989-036062624ad9 - 200 217 application/json; charset=utf-8 3.9507ms
2025-11-27 14:51:35.207 +01:00 [INF] Request starting HTTP/1.1 OPTIONS http://localhost:5090/api/Notification - null null
2025-11-27 14:51:35.207 +01:00 [INF] Request starting HTTP/1.1 OPTIONS http://localhost:5090/api/Notification - null null
2025-11-27 14:51:35.207 +01:00 [INF] CORS policy execution successful.
2025-11-27 14:51:35.207 +01:00 [INF] CORS policy execution successful.
2025-11-27 14:51:35.207 +01:00 [INF] Request finished HTTP/1.1 OPTIONS http://localhost:5090/api/Notification - 204 null null 0.6034ms
2025-11-27 14:51:35.207 +01:00 [INF] Request finished HTTP/1.1 OPTIONS http://localhost:5090/api/Notification - 204 null null 0.6035ms
2025-11-27 14:51:35.209 +01:00 [INF] Request starting HTTP/1.1 GET http://localhost:5090/api/Notification - application/json null
2025-11-27 14:51:35.210 +01:00 [INF] CORS policy execution successful.
2025-11-27 14:51:35.210 +01:00 [INF] Executing endpoint 'HomeCareApp.Controllers.NotificationController.GetMyNotifications (api)'
2025-11-27 14:51:35.214 +01:00 [INF] Route matched with {action = "GetMyNotifications", controller = "Notification"}. Executing controller action with signature System.Threading.Tasks.Task`1[Microsoft.AspNetCore.Mvc.ActionResult`1[System.Collections.Generic.IEnumerable`1[HomeCareApp.DTOs.NotificationDto]]] GetMyNotifications() on controller HomeCareApp.Controllers.NotificationController (api).
2025-11-27 14:51:35.216 +01:00 [INF] [NotificationController] Getting all notifications for UserId: 3e910976-dd6e-460f-8989-036062624ad9
2025-11-27 14:51:35.217 +01:00 [INF] [NotificationRepository] GetByUserIdAsync(3e910976-dd6e-460f-8989-036062624ad9) - Retrieving notifications for user
2025-11-27 14:51:35.246 +01:00 [INF] [NotificationRepository] GetByUserIdAsync(3e910976-dd6e-460f-8989-036062624ad9) - Successfully retrieved 2 notifications
2025-11-27 14:51:35.247 +01:00 [INF] [NotificationController] Retrieved 2 notifications for UserId: 3e910976-dd6e-460f-8989-036062624ad9
2025-11-27 14:51:35.247 +01:00 [INF] Executing OkObjectResult, writing value of type 'System.Linq.Enumerable+SelectListIterator`2[[HomeCareApp.Models.Notification, api, Version=1.0.0.0, Culture=neutral, PublicKeyToken=null],[HomeCareApp.DTOs.NotificationDto, api, Version=1.0.0.0, Culture=neutral, PublicKeyToken=null]]'.
2025-11-27 14:51:35.255 +01:00 [INF] Executed action HomeCareApp.Controllers.NotificationController.GetMyNotifications (api) in 40.7118ms
2025-11-27 14:51:35.255 +01:00 [INF] Executed endpoint 'HomeCareApp.Controllers.NotificationController.GetMyNotifications (api)'
2025-11-27 14:51:35.255 +01:00 [INF] Request finished HTTP/1.1 GET http://localhost:5090/api/Notification - 200 610 application/json; charset=utf-8 45.9234ms
2025-11-27 14:51:35.256 +01:00 [INF] Request starting HTTP/1.1 GET http://localhost:5090/api/Notification - application/json null
2025-11-27 14:51:35.257 +01:00 [INF] CORS policy execution successful.
2025-11-27 14:51:35.257 +01:00 [INF] Executing endpoint 'HomeCareApp.Controllers.NotificationController.GetMyNotifications (api)'
2025-11-27 14:51:35.257 +01:00 [INF] Route matched with {action = "GetMyNotifications", controller = "Notification"}. Executing controller action with signature System.Threading.Tasks.Task`1[Microsoft.AspNetCore.Mvc.ActionResult`1[System.Collections.Generic.IEnumerable`1[HomeCareApp.DTOs.NotificationDto]]] GetMyNotifications() on controller HomeCareApp.Controllers.NotificationController (api).
2025-11-27 14:51:35.258 +01:00 [INF] [NotificationController] Getting all notifications for UserId: 3e910976-dd6e-460f-8989-036062624ad9
2025-11-27 14:51:35.258 +01:00 [INF] [NotificationRepository] GetByUserIdAsync(3e910976-dd6e-460f-8989-036062624ad9) - Retrieving notifications for user
2025-11-27 14:51:35.261 +01:00 [INF] [NotificationRepository] GetByUserIdAsync(3e910976-dd6e-460f-8989-036062624ad9) - Successfully retrieved 2 notifications
2025-11-27 14:51:35.261 +01:00 [INF] [NotificationController] Retrieved 2 notifications for UserId: 3e910976-dd6e-460f-8989-036062624ad9
2025-11-27 14:51:35.261 +01:00 [INF] Executing OkObjectResult, writing value of type 'System.Linq.Enumerable+SelectListIterator`2[[HomeCareApp.Models.Notification, api, Version=1.0.0.0, Culture=neutral, PublicKeyToken=null],[HomeCareApp.DTOs.NotificationDto, api, Version=1.0.0.0, Culture=neutral, PublicKeyToken=null]]'.
2025-11-27 14:51:35.261 +01:00 [INF] Executed action HomeCareApp.Controllers.NotificationController.GetMyNotifications (api) in 4.0725ms
2025-11-27 14:51:35.262 +01:00 [INF] Executed endpoint 'HomeCareApp.Controllers.NotificationController.GetMyNotifications (api)'
2025-11-27 14:51:35.262 +01:00 [INF] Request finished HTTP/1.1 GET http://localhost:5090/api/Notification - 200 610 application/json; charset=utf-8 5.3886ms
2025-11-27 14:51:37.395 +01:00 [INF] Request starting HTTP/1.1 OPTIONS http://localhost:5090/api/patient/user/3e910976-dd6e-460f-8989-036062624ad9 - null null
2025-11-27 14:51:37.395 +01:00 [INF] Request starting HTTP/1.1 OPTIONS http://localhost:5090/api/patient/user/3e910976-dd6e-460f-8989-036062624ad9 - null null
2025-11-27 14:51:37.396 +01:00 [INF] CORS policy execution successful.
2025-11-27 14:51:37.396 +01:00 [INF] CORS policy execution successful.
2025-11-27 14:51:37.396 +01:00 [INF] Request finished HTTP/1.1 OPTIONS http://localhost:5090/api/patient/user/3e910976-dd6e-460f-8989-036062624ad9 - 204 null null 0.4324ms
2025-11-27 14:51:37.396 +01:00 [INF] Request finished HTTP/1.1 OPTIONS http://localhost:5090/api/patient/user/3e910976-dd6e-460f-8989-036062624ad9 - 204 null null 0.4339ms
2025-11-27 14:51:37.399 +01:00 [INF] Request starting HTTP/1.1 GET http://localhost:5090/api/patient/user/3e910976-dd6e-460f-8989-036062624ad9 - application/json null
2025-11-27 14:51:37.399 +01:00 [INF] CORS policy execution successful.
2025-11-27 14:51:37.400 +01:00 [INF] Executing endpoint 'HomeCareApp.Controllers.PatientController.GetPatientByUserId (api)'
2025-11-27 14:51:37.400 +01:00 [INF] Route matched with {action = "GetPatientByUserId", controller = "Patient"}. Executing controller action with signature System.Threading.Tasks.Task`1[Microsoft.AspNetCore.Mvc.ActionResult`1[HomeCareApp.DTOs.PatientDto]] GetPatientByUserId(System.String) on controller HomeCareApp.Controllers.PatientController (api).
2025-11-27 14:51:37.401 +01:00 [INF] [PatientController] Getting patient by UserId: 3e910976-dd6e-460f-8989-036062624ad9
2025-11-27 14:51:37.401 +01:00 [INF] [PatientRepository] GetAll() - Retrieving all patients
2025-11-27 14:51:37.403 +01:00 [INF] [PatientRepository] GetAll() - Successfully retrieved 2 patients
2025-11-27 14:51:37.403 +01:00 [INF] [PatientController] Total patients in database: 2
2025-11-27 14:51:37.403 +01:00 [INF] [PatientController] Successfully retrieved patient 2 for UserId: 3e910976-dd6e-460f-8989-036062624ad9
2025-11-27 14:51:37.404 +01:00 [INF] Executing OkObjectResult, writing value of type 'HomeCareApp.DTOs.PatientDto'.
2025-11-27 14:51:37.404 +01:00 [INF] Executed action HomeCareApp.Controllers.PatientController.GetPatientByUserId (api) in 3.9459ms
2025-11-27 14:51:37.404 +01:00 [INF] Executed endpoint 'HomeCareApp.Controllers.PatientController.GetPatientByUserId (api)'
2025-11-27 14:51:37.404 +01:00 [INF] Request finished HTTP/1.1 GET http://localhost:5090/api/patient/user/3e910976-dd6e-460f-8989-036062624ad9 - 200 217 application/json; charset=utf-8 5.4804ms
2025-11-27 14:51:37.405 +01:00 [INF] Request starting HTTP/1.1 GET http://localhost:5090/api/patient/user/3e910976-dd6e-460f-8989-036062624ad9 - application/json null
2025-11-27 14:51:37.405 +01:00 [INF] CORS policy execution successful.
2025-11-27 14:51:37.406 +01:00 [INF] Executing endpoint 'HomeCareApp.Controllers.PatientController.GetPatientByUserId (api)'
2025-11-27 14:51:37.406 +01:00 [INF] Route matched with {action = "GetPatientByUserId", controller = "Patient"}. Executing controller action with signature System.Threading.Tasks.Task`1[Microsoft.AspNetCore.Mvc.ActionResult`1[HomeCareApp.DTOs.PatientDto]] GetPatientByUserId(System.String) on controller HomeCareApp.Controllers.PatientController (api).
2025-11-27 14:51:37.406 +01:00 [INF] [PatientController] Getting patient by UserId: 3e910976-dd6e-460f-8989-036062624ad9
2025-11-27 14:51:37.406 +01:00 [INF] [PatientRepository] GetAll() - Retrieving all patients
2025-11-27 14:51:37.407 +01:00 [INF] [PatientRepository] GetAll() - Successfully retrieved 2 patients
2025-11-27 14:51:37.408 +01:00 [INF] [PatientController] Total patients in database: 2
2025-11-27 14:51:37.408 +01:00 [INF] [PatientController] Successfully retrieved patient 2 for UserId: 3e910976-dd6e-460f-8989-036062624ad9
2025-11-27 14:51:37.408 +01:00 [INF] Executing OkObjectResult, writing value of type 'HomeCareApp.DTOs.PatientDto'.
2025-11-27 14:51:37.408 +01:00 [INF] Executed action HomeCareApp.Controllers.PatientController.GetPatientByUserId (api) in 2.125ms
2025-11-27 14:51:37.409 +01:00 [INF] Executed endpoint 'HomeCareApp.Controllers.PatientController.GetPatientByUserId (api)'
2025-11-27 14:51:37.409 +01:00 [INF] Request finished HTTP/1.1 GET http://localhost:5090/api/patient/user/3e910976-dd6e-460f-8989-036062624ad9 - 200 217 application/json; charset=utf-8 3.8386ms
2025-11-27 14:51:46.678 +01:00 [INF] Request starting HTTP/1.1 OPTIONS http://localhost:5090/api/Notification/unread-count - null null
2025-11-27 14:51:46.678 +01:00 [INF] CORS policy execution successful.
2025-11-27 14:51:46.678 +01:00 [INF] Request finished HTTP/1.1 OPTIONS http://localhost:5090/api/Notification/unread-count - 204 null null 0.42ms
2025-11-27 14:51:46.679 +01:00 [INF] Request starting HTTP/1.1 GET http://localhost:5090/api/Notification/unread-count - application/json null
2025-11-27 14:51:46.680 +01:00 [INF] CORS policy execution successful.
2025-11-27 14:51:46.680 +01:00 [INF] Executing endpoint 'HomeCareApp.Controllers.NotificationController.GetUnreadCount (api)'
2025-11-27 14:51:46.680 +01:00 [INF] Route matched with {action = "GetUnreadCount", controller = "Notification"}. Executing controller action with signature System.Threading.Tasks.Task`1[Microsoft.AspNetCore.Mvc.ActionResult`1[System.Int32]] GetUnreadCount() on controller HomeCareApp.Controllers.NotificationController (api).
2025-11-27 14:51:46.680 +01:00 [INF] [NotificationController] Getting unread count for UserId: 3e910976-dd6e-460f-8989-036062624ad9
2025-11-27 14:51:46.680 +01:00 [INF] [NotificationRepository] GetUnreadCountAsync(3e910976-dd6e-460f-8989-036062624ad9) - Getting unread count for user
2025-11-27 14:51:46.681 +01:00 [INF] [NotificationRepository] GetUnreadCountAsync(3e910976-dd6e-460f-8989-036062624ad9) - User has 2 unread notifications
2025-11-27 14:51:46.681 +01:00 [INF] [NotificationController] Found 2 unread notifications for UserId: 3e910976-dd6e-460f-8989-036062624ad9
2025-11-27 14:51:46.682 +01:00 [INF] Executing OkObjectResult, writing value of type 'System.Int32'.
2025-11-27 14:51:46.682 +01:00 [INF] Executed action HomeCareApp.Controllers.NotificationController.GetUnreadCount (api) in 1.8644ms
2025-11-27 14:51:46.682 +01:00 [INF] Executed endpoint 'HomeCareApp.Controllers.NotificationController.GetUnreadCount (api)'
2025-11-27 14:51:46.682 +01:00 [INF] Request finished HTTP/1.1 GET http://localhost:5090/api/Notification/unread-count - 200 1 application/json; charset=utf-8 2.7828ms
2025-11-27 14:51:48.683 +01:00 [INF] Request starting HTTP/1.1 GET http://localhost:5090/api/Notification/unread-count - application/json null
2025-11-27 14:51:48.683 +01:00 [INF] CORS policy execution successful.
2025-11-27 14:51:48.684 +01:00 [INF] Executing endpoint 'HomeCareApp.Controllers.NotificationController.GetUnreadCount (api)'
2025-11-27 14:51:48.684 +01:00 [INF] Route matched with {action = "GetUnreadCount", controller = "Notification"}. Executing controller action with signature System.Threading.Tasks.Task`1[Microsoft.AspNetCore.Mvc.ActionResult`1[System.Int32]] GetUnreadCount() on controller HomeCareApp.Controllers.NotificationController (api).
2025-11-27 14:51:48.685 +01:00 [INF] [NotificationController] Getting unread count for UserId: 3e910976-dd6e-460f-8989-036062624ad9
2025-11-27 14:51:48.685 +01:00 [INF] [NotificationRepository] GetUnreadCountAsync(3e910976-dd6e-460f-8989-036062624ad9) - Getting unread count for user
2025-11-27 14:51:48.687 +01:00 [INF] [NotificationRepository] GetUnreadCountAsync(3e910976-dd6e-460f-8989-036062624ad9) - User has 2 unread notifications
2025-11-27 14:51:48.688 +01:00 [INF] [NotificationController] Found 2 unread notifications for UserId: 3e910976-dd6e-460f-8989-036062624ad9
2025-11-27 14:51:48.688 +01:00 [INF] Executing OkObjectResult, writing value of type 'System.Int32'.
2025-11-27 14:51:48.688 +01:00 [INF] Executed action HomeCareApp.Controllers.NotificationController.GetUnreadCount (api) in 3.579ms
2025-11-27 14:51:48.688 +01:00 [INF] Executed endpoint 'HomeCareApp.Controllers.NotificationController.GetUnreadCount (api)'
2025-11-27 14:51:48.688 +01:00 [INF] Request finished HTTP/1.1 GET http://localhost:5090/api/Notification/unread-count - 200 1 application/json; charset=utf-8 5.7148ms
2025-11-27 14:51:48.690 +01:00 [INF] Request starting HTTP/1.1 GET http://localhost:5090/api/Notification/unread-count - application/json null
2025-11-27 14:51:48.690 +01:00 [INF] CORS policy execution successful.
2025-11-27 14:51:48.691 +01:00 [INF] Executing endpoint 'HomeCareApp.Controllers.NotificationController.GetUnreadCount (api)'
2025-11-27 14:51:48.691 +01:00 [INF] Route matched with {action = "GetUnreadCount", controller = "Notification"}. Executing controller action with signature System.Threading.Tasks.Task`1[Microsoft.AspNetCore.Mvc.ActionResult`1[System.Int32]] GetUnreadCount() on controller HomeCareApp.Controllers.NotificationController (api).
2025-11-27 14:51:48.692 +01:00 [INF] [NotificationController] Getting unread count for UserId: 3e910976-dd6e-460f-8989-036062624ad9
2025-11-27 14:51:48.692 +01:00 [INF] [NotificationRepository] GetUnreadCountAsync(3e910976-dd6e-460f-8989-036062624ad9) - Getting unread count for user
2025-11-27 14:51:48.694 +01:00 [INF] [NotificationRepository] GetUnreadCountAsync(3e910976-dd6e-460f-8989-036062624ad9) - User has 2 unread notifications
2025-11-27 14:51:48.694 +01:00 [INF] [NotificationController] Found 2 unread notifications for UserId: 3e910976-dd6e-460f-8989-036062624ad9
2025-11-27 14:51:48.695 +01:00 [INF] Executing OkObjectResult, writing value of type 'System.Int32'.
2025-11-27 14:51:48.695 +01:00 [INF] Executed action HomeCareApp.Controllers.NotificationController.GetUnreadCount (api) in 4.1659ms
2025-11-27 14:51:48.695 +01:00 [INF] Executed endpoint 'HomeCareApp.Controllers.NotificationController.GetUnreadCount (api)'
2025-11-27 14:51:48.696 +01:00 [INF] Request finished HTTP/1.1 GET http://localhost:5090/api/Notification/unread-count - 200 1 application/json; charset=utf-8 5.6289ms
2025-11-27 14:51:48.697 +01:00 [INF] Request starting HTTP/1.1 GET http://localhost:5090/api/Notification/unread-count - application/json null
2025-11-27 14:51:48.697 +01:00 [INF] CORS policy execution successful.
2025-11-27 14:51:48.698 +01:00 [INF] Executing endpoint 'HomeCareApp.Controllers.NotificationController.GetUnreadCount (api)'
2025-11-27 14:51:48.698 +01:00 [INF] Route matched with {action = "GetUnreadCount", controller = "Notification"}. Executing controller action with signature System.Threading.Tasks.Task`1[Microsoft.AspNetCore.Mvc.ActionResult`1[System.Int32]] GetUnreadCount() on controller HomeCareApp.Controllers.NotificationController (api).
2025-11-27 14:51:48.699 +01:00 [INF] [NotificationController] Getting unread count for UserId: 3e910976-dd6e-460f-8989-036062624ad9
2025-11-27 14:51:48.699 +01:00 [INF] [NotificationRepository] GetUnreadCountAsync(3e910976-dd6e-460f-8989-036062624ad9) - Getting unread count for user
2025-11-27 14:51:48.700 +01:00 [INF] [NotificationRepository] GetUnreadCountAsync(3e910976-dd6e-460f-8989-036062624ad9) - User has 2 unread notifications
2025-11-27 14:51:48.700 +01:00 [INF] [NotificationController] Found 2 unread notifications for UserId: 3e910976-dd6e-460f-8989-036062624ad9
2025-11-27 14:51:48.701 +01:00 [INF] Executing OkObjectResult, writing value of type 'System.Int32'.
2025-11-27 14:51:48.701 +01:00 [INF] Executed action HomeCareApp.Controllers.NotificationController.GetUnreadCount (api) in 2.5014ms
2025-11-27 14:51:48.701 +01:00 [INF] Executed endpoint 'HomeCareApp.Controllers.NotificationController.GetUnreadCount (api)'
2025-11-27 14:51:48.701 +01:00 [INF] Request finished HTTP/1.1 GET http://localhost:5090/api/Notification/unread-count - 200 1 application/json; charset=utf-8 4.686ms
2025-11-27 14:51:54.677 +01:00 [INF] Request starting HTTP/1.1 OPTIONS http://localhost:5090/api/Notification/unread-count - null null
2025-11-27 14:51:54.677 +01:00 [INF] CORS policy execution successful.
2025-11-27 14:51:54.677 +01:00 [INF] Request finished HTTP/1.1 OPTIONS http://localhost:5090/api/Notification/unread-count - 204 null null 0.5605ms
2025-11-27 14:51:54.679 +01:00 [INF] Request starting HTTP/1.1 GET http://localhost:5090/api/Notification/unread-count - application/json null
2025-11-27 14:51:54.679 +01:00 [INF] CORS policy execution successful.
2025-11-27 14:51:54.680 +01:00 [INF] Executing endpoint 'HomeCareApp.Controllers.NotificationController.GetUnreadCount (api)'
2025-11-27 14:51:54.680 +01:00 [INF] Route matched with {action = "GetUnreadCount", controller = "Notification"}. Executing controller action with signature System.Threading.Tasks.Task`1[Microsoft.AspNetCore.Mvc.ActionResult`1[System.Int32]] GetUnreadCount() on controller HomeCareApp.Controllers.NotificationController (api).
2025-11-27 14:51:54.680 +01:00 [INF] [NotificationController] Getting unread count for UserId: 3e910976-dd6e-460f-8989-036062624ad9
2025-11-27 14:51:54.680 +01:00 [INF] [NotificationRepository] GetUnreadCountAsync(3e910976-dd6e-460f-8989-036062624ad9) - Getting unread count for user
2025-11-27 14:51:54.682 +01:00 [INF] [NotificationRepository] GetUnreadCountAsync(3e910976-dd6e-460f-8989-036062624ad9) - User has 2 unread notifications
2025-11-27 14:51:54.682 +01:00 [INF] [NotificationController] Found 2 unread notifications for UserId: 3e910976-dd6e-460f-8989-036062624ad9
2025-11-27 14:51:54.682 +01:00 [INF] Executing OkObjectResult, writing value of type 'System.Int32'.
2025-11-27 14:51:54.682 +01:00 [INF] Executed action HomeCareApp.Controllers.NotificationController.GetUnreadCount (api) in 2.6311ms
2025-11-27 14:51:54.682 +01:00 [INF] Executed endpoint 'HomeCareApp.Controllers.NotificationController.GetUnreadCount (api)'
2025-11-27 14:51:54.683 +01:00 [INF] Request finished HTTP/1.1 GET http://localhost:5090/api/Notification/unread-count - 200 1 application/json; charset=utf-8 3.5488ms
2025-11-27 14:52:24.685 +01:00 [INF] Request starting HTTP/1.1 OPTIONS http://localhost:5090/api/Notification/unread-count - null null
2025-11-27 14:52:24.685 +01:00 [INF] CORS policy execution successful.
2025-11-27 14:52:24.685 +01:00 [INF] Request finished HTTP/1.1 OPTIONS http://localhost:5090/api/Notification/unread-count - 204 null null 0.639ms
2025-11-27 14:52:24.687 +01:00 [INF] Request starting HTTP/1.1 GET http://localhost:5090/api/Notification/unread-count - application/json null
2025-11-27 14:52:24.687 +01:00 [INF] CORS policy execution successful.
2025-11-27 14:52:24.688 +01:00 [INF] Executing endpoint 'HomeCareApp.Controllers.NotificationController.GetUnreadCount (api)'
2025-11-27 14:52:24.688 +01:00 [INF] Route matched with {action = "GetUnreadCount", controller = "Notification"}. Executing controller action with signature System.Threading.Tasks.Task`1[Microsoft.AspNetCore.Mvc.ActionResult`1[System.Int32]] GetUnreadCount() on controller HomeCareApp.Controllers.NotificationController (api).
2025-11-27 14:52:24.688 +01:00 [INF] [NotificationController] Getting unread count for UserId: 3e910976-dd6e-460f-8989-036062624ad9
2025-11-27 14:52:24.688 +01:00 [INF] [NotificationRepository] GetUnreadCountAsync(3e910976-dd6e-460f-8989-036062624ad9) - Getting unread count for user
2025-11-27 14:52:24.690 +01:00 [INF] [NotificationRepository] GetUnreadCountAsync(3e910976-dd6e-460f-8989-036062624ad9) - User has 2 unread notifications
2025-11-27 14:52:24.690 +01:00 [INF] [NotificationController] Found 2 unread notifications for UserId: 3e910976-dd6e-460f-8989-036062624ad9
2025-11-27 14:52:24.690 +01:00 [INF] Executing OkObjectResult, writing value of type 'System.Int32'.
2025-11-27 14:52:24.690 +01:00 [INF] Executed action HomeCareApp.Controllers.NotificationController.GetUnreadCount (api) in 2.1901ms
2025-11-27 14:52:24.690 +01:00 [INF] Executed endpoint 'HomeCareApp.Controllers.NotificationController.GetUnreadCount (api)'
2025-11-27 14:52:24.690 +01:00 [INF] Request finished HTTP/1.1 GET http://localhost:5090/api/Notification/unread-count - 200 1 application/json; charset=utf-8 3.1914ms
2025-11-27 14:52:47.689 +01:00 [INF] Request starting HTTP/1.1 OPTIONS http://localhost:5090/api/Notification/unread-count - null null
2025-11-27 14:52:47.689 +01:00 [INF] CORS policy execution successful.
2025-11-27 14:52:47.689 +01:00 [INF] Request finished HTTP/1.1 OPTIONS http://localhost:5090/api/Notification/unread-count - 204 null null 0.3539ms
2025-11-27 14:52:47.691 +01:00 [INF] Request starting HTTP/1.1 GET http://localhost:5090/api/Notification/unread-count - application/json null
2025-11-27 14:52:47.691 +01:00 [INF] CORS policy execution successful.
2025-11-27 14:52:47.691 +01:00 [INF] Executing endpoint 'HomeCareApp.Controllers.NotificationController.GetUnreadCount (api)'
2025-11-27 14:52:47.691 +01:00 [INF] Route matched with {action = "GetUnreadCount", controller = "Notification"}. Executing controller action with signature System.Threading.Tasks.Task`1[Microsoft.AspNetCore.Mvc.ActionResult`1[System.Int32]] GetUnreadCount() on controller HomeCareApp.Controllers.NotificationController (api).
2025-11-27 14:52:47.692 +01:00 [INF] [NotificationController] Getting unread count for UserId: 3e910976-dd6e-460f-8989-036062624ad9
2025-11-27 14:52:47.692 +01:00 [INF] [NotificationRepository] GetUnreadCountAsync(3e910976-dd6e-460f-8989-036062624ad9) - Getting unread count for user
2025-11-27 14:52:47.694 +01:00 [INF] [NotificationRepository] GetUnreadCountAsync(3e910976-dd6e-460f-8989-036062624ad9) - User has 2 unread notifications
2025-11-27 14:52:47.694 +01:00 [INF] [NotificationController] Found 2 unread notifications for UserId: 3e910976-dd6e-460f-8989-036062624ad9
2025-11-27 14:52:47.694 +01:00 [INF] Executing OkObjectResult, writing value of type 'System.Int32'.
2025-11-27 14:52:47.694 +01:00 [INF] Executed action HomeCareApp.Controllers.NotificationController.GetUnreadCount (api) in 2.6329ms
2025-11-27 14:52:47.694 +01:00 [INF] Executed endpoint 'HomeCareApp.Controllers.NotificationController.GetUnreadCount (api)'
2025-11-27 14:52:47.694 +01:00 [INF] Request finished HTTP/1.1 GET http://localhost:5090/api/Notification/unread-count - 200 1 application/json; charset=utf-8 3.3813ms
2025-11-27 14:52:48.686 +01:00 [INF] Request starting HTTP/1.1 GET http://localhost:5090/api/Notification/unread-count - application/json null
2025-11-27 14:52:48.686 +01:00 [INF] CORS policy execution successful.
2025-11-27 14:52:48.687 +01:00 [INF] Executing endpoint 'HomeCareApp.Controllers.NotificationController.GetUnreadCount (api)'
2025-11-27 14:52:48.687 +01:00 [INF] Route matched with {action = "GetUnreadCount", controller = "Notification"}. Executing controller action with signature System.Threading.Tasks.Task`1[Microsoft.AspNetCore.Mvc.ActionResult`1[System.Int32]] GetUnreadCount() on controller HomeCareApp.Controllers.NotificationController (api).
2025-11-27 14:52:48.688 +01:00 [INF] [NotificationController] Getting unread count for UserId: 3e910976-dd6e-460f-8989-036062624ad9
2025-11-27 14:52:48.688 +01:00 [INF] [NotificationRepository] GetUnreadCountAsync(3e910976-dd6e-460f-8989-036062624ad9) - Getting unread count for user
2025-11-27 14:52:48.690 +01:00 [INF] [NotificationRepository] GetUnreadCountAsync(3e910976-dd6e-460f-8989-036062624ad9) - User has 2 unread notifications
2025-11-27 14:52:48.690 +01:00 [INF] [NotificationController] Found 2 unread notifications for UserId: 3e910976-dd6e-460f-8989-036062624ad9
2025-11-27 14:52:48.690 +01:00 [INF] Executing OkObjectResult, writing value of type 'System.Int32'.
2025-11-27 14:52:48.691 +01:00 [INF] Executed action HomeCareApp.Controllers.NotificationController.GetUnreadCount (api) in 3.2893ms
2025-11-27 14:52:48.691 +01:00 [INF] Executed endpoint 'HomeCareApp.Controllers.NotificationController.GetUnreadCount (api)'
2025-11-27 14:52:48.691 +01:00 [INF] Request finished HTTP/1.1 GET http://localhost:5090/api/Notification/unread-count - 200 1 application/json; charset=utf-8 5.5413ms
2025-11-27 14:52:48.693 +01:00 [INF] Request starting HTTP/1.1 GET http://localhost:5090/api/Notification/unread-count - application/json null
2025-11-27 14:52:48.693 +01:00 [INF] CORS policy execution successful.
2025-11-27 14:52:48.694 +01:00 [INF] Executing endpoint 'HomeCareApp.Controllers.NotificationController.GetUnreadCount (api)'
2025-11-27 14:52:48.694 +01:00 [INF] Route matched with {action = "GetUnreadCount", controller = "Notification"}. Executing controller action with signature System.Threading.Tasks.Task`1[Microsoft.AspNetCore.Mvc.ActionResult`1[System.Int32]] GetUnreadCount() on controller HomeCareApp.Controllers.NotificationController (api).
2025-11-27 14:52:48.695 +01:00 [INF] [NotificationController] Getting unread count for UserId: 3e910976-dd6e-460f-8989-036062624ad9
2025-11-27 14:52:48.695 +01:00 [INF] [NotificationRepository] GetUnreadCountAsync(3e910976-dd6e-460f-8989-036062624ad9) - Getting unread count for user
2025-11-27 14:52:48.696 +01:00 [INF] [NotificationRepository] GetUnreadCountAsync(3e910976-dd6e-460f-8989-036062624ad9) - User has 2 unread notifications
2025-11-27 14:52:48.696 +01:00 [INF] [NotificationController] Found 2 unread notifications for UserId: 3e910976-dd6e-460f-8989-036062624ad9
2025-11-27 14:52:48.696 +01:00 [INF] Executing OkObjectResult, writing value of type 'System.Int32'.
2025-11-27 14:52:48.697 +01:00 [INF] Executed action HomeCareApp.Controllers.NotificationController.GetUnreadCount (api) in 2.7819ms
2025-11-27 14:52:48.697 +01:00 [INF] Executed endpoint 'HomeCareApp.Controllers.NotificationController.GetUnreadCount (api)'
2025-11-27 14:52:48.697 +01:00 [INF] Request finished HTTP/1.1 GET http://localhost:5090/api/Notification/unread-count - 200 1 application/json; charset=utf-8 4.1146ms
2025-11-27 14:52:48.698 +01:00 [INF] Request starting HTTP/1.1 GET http://localhost:5090/api/Notification/unread-count - application/json null
2025-11-27 14:52:48.699 +01:00 [INF] CORS policy execution successful.
2025-11-27 14:52:48.699 +01:00 [INF] Executing endpoint 'HomeCareApp.Controllers.NotificationController.GetUnreadCount (api)'
2025-11-27 14:52:48.699 +01:00 [INF] Route matched with {action = "GetUnreadCount", controller = "Notification"}. Executing controller action with signature System.Threading.Tasks.Task`1[Microsoft.AspNetCore.Mvc.ActionResult`1[System.Int32]] GetUnreadCount() on controller HomeCareApp.Controllers.NotificationController (api).
2025-11-27 14:52:48.700 +01:00 [INF] [NotificationController] Getting unread count for UserId: 3e910976-dd6e-460f-8989-036062624ad9
2025-11-27 14:52:48.700 +01:00 [INF] [NotificationRepository] GetUnreadCountAsync(3e910976-dd6e-460f-8989-036062624ad9) - Getting unread count for user
2025-11-27 14:52:48.702 +01:00 [INF] [NotificationRepository] GetUnreadCountAsync(3e910976-dd6e-460f-8989-036062624ad9) - User has 2 unread notifications
2025-11-27 14:52:48.702 +01:00 [INF] [NotificationController] Found 2 unread notifications for UserId: 3e910976-dd6e-460f-8989-036062624ad9
2025-11-27 14:52:48.702 +01:00 [INF] Executing OkObjectResult, writing value of type 'System.Int32'.
2025-11-27 14:52:48.703 +01:00 [INF] Executed action HomeCareApp.Controllers.NotificationController.GetUnreadCount (api) in 3.1895ms
2025-11-27 14:52:48.703 +01:00 [INF] Executed endpoint 'HomeCareApp.Controllers.NotificationController.GetUnreadCount (api)'
2025-11-27 14:52:48.703 +01:00 [INF] Request finished HTTP/1.1 GET http://localhost:5090/api/Notification/unread-count - 200 1 application/json; charset=utf-8 4.5118ms
2025-11-27 14:52:54.683 +01:00 [INF] Request starting HTTP/1.1 OPTIONS http://localhost:5090/api/Notification/unread-count - null null
2025-11-27 14:52:54.683 +01:00 [INF] CORS policy execution successful.
2025-11-27 14:52:54.684 +01:00 [INF] Request finished HTTP/1.1 OPTIONS http://localhost:5090/api/Notification/unread-count - 204 null null 0.6528ms
2025-11-27 14:52:54.687 +01:00 [INF] Request starting HTTP/1.1 GET http://localhost:5090/api/Notification/unread-count - application/json null
2025-11-27 14:52:54.687 +01:00 [INF] CORS policy execution successful.
2025-11-27 14:52:54.688 +01:00 [INF] Executing endpoint 'HomeCareApp.Controllers.NotificationController.GetUnreadCount (api)'
2025-11-27 14:52:54.688 +01:00 [INF] Route matched with {action = "GetUnreadCount", controller = "Notification"}. Executing controller action with signature System.Threading.Tasks.Task`1[Microsoft.AspNetCore.Mvc.ActionResult`1[System.Int32]] GetUnreadCount() on controller HomeCareApp.Controllers.NotificationController (api).
2025-11-27 14:52:54.689 +01:00 [INF] [NotificationController] Getting unread count for UserId: 3e910976-dd6e-460f-8989-036062624ad9
2025-11-27 14:52:54.689 +01:00 [INF] [NotificationRepository] GetUnreadCountAsync(3e910976-dd6e-460f-8989-036062624ad9) - Getting unread count for user
2025-11-27 14:52:54.691 +01:00 [INF] [NotificationRepository] GetUnreadCountAsync(3e910976-dd6e-460f-8989-036062624ad9) - User has 2 unread notifications
2025-11-27 14:52:54.691 +01:00 [INF] [NotificationController] Found 2 unread notifications for UserId: 3e910976-dd6e-460f-8989-036062624ad9
2025-11-27 14:52:54.691 +01:00 [INF] Executing OkObjectResult, writing value of type 'System.Int32'.
2025-11-27 14:52:54.692 +01:00 [INF] Executed action HomeCareApp.Controllers.NotificationController.GetUnreadCount (api) in 3.1696ms
2025-11-27 14:52:54.692 +01:00 [INF] Executed endpoint 'HomeCareApp.Controllers.NotificationController.GetUnreadCount (api)'
2025-11-27 14:52:54.692 +01:00 [INF] Request finished HTTP/1.1 GET http://localhost:5090/api/Notification/unread-count - 200 1 application/json; charset=utf-8 4.8484ms
2025-11-27 14:53:09.662 +01:00 [INF] Request starting HTTP/1.1 OPTIONS http://localhost:5090/api/patient/2 - null null
2025-11-27 14:53:09.662 +01:00 [INF] CORS policy execution successful.
2025-11-27 14:53:09.662 +01:00 [INF] Request finished HTTP/1.1 OPTIONS http://localhost:5090/api/patient/2 - 204 null null 0.3381ms
2025-11-27 14:53:09.663 +01:00 [INF] Request starting HTTP/1.1 PUT http://localhost:5090/api/patient/2 - application/json 238
2025-11-27 14:53:09.663 +01:00 [INF] CORS policy execution successful.
2025-11-27 14:53:09.664 +01:00 [INF] Executing endpoint 'HomeCareApp.Controllers.PatientController.Update (api)'
2025-11-27 14:53:09.664 +01:00 [INF] Route matched with {action = "Update", controller = "Patient"}. Executing controller action with signature System.Threading.Tasks.Task`1[Microsoft.AspNetCore.Mvc.IActionResult] Update(Int32, HomeCareApp.DTOs.PatientDto) on controller HomeCareApp.Controllers.PatientController (api).
2025-11-27 14:53:09.665 +01:00 [INF] [PatientRepository] GetPatientById(2) - Retrieving patient
2025-11-27 14:53:09.668 +01:00 [INF] [PatientRepository] GetPatientById(2) - Patient found: Vilde Nerem
2025-11-27 14:53:09.668 +01:00 [INF] [PatientRepository] Update() - Updating patient: Vilde Nerem (ID: 2)
2025-11-27 14:53:09.671 +01:00 [INF] [PatientRepository] Update() - Successfully updated patient: Vilde Nerem (ID: 2)
2025-11-27 14:53:09.671 +01:00 [INF] Executing OkObjectResult, writing value of type 'HomeCareApp.DTOs.PatientDto'.
2025-11-27 14:53:09.672 +01:00 [INF] Executed action HomeCareApp.Controllers.PatientController.Update (api) in 7.8478ms
2025-11-27 14:53:09.672 +01:00 [INF] Executed endpoint 'HomeCareApp.Controllers.PatientController.Update (api)'
2025-11-27 14:53:09.672 +01:00 [INF] Request finished HTTP/1.1 PUT http://localhost:5090/api/patient/2 - 200 218 application/json; charset=utf-8 8.6387ms
2025-11-27 14:53:09.684 +01:00 [INF] Request starting HTTP/1.1 OPTIONS http://localhost:5090/api/patient/user/3e910976-dd6e-460f-8989-036062624ad9 - null null
2025-11-27 14:53:09.684 +01:00 [INF] CORS policy execution successful.
2025-11-27 14:53:09.684 +01:00 [INF] Request finished HTTP/1.1 OPTIONS http://localhost:5090/api/patient/user/3e910976-dd6e-460f-8989-036062624ad9 - 204 null null 0.3688ms
2025-11-27 14:53:09.686 +01:00 [INF] Request starting HTTP/1.1 GET http://localhost:5090/api/patient/user/3e910976-dd6e-460f-8989-036062624ad9 - application/json null
2025-11-27 14:53:09.686 +01:00 [INF] CORS policy execution successful.
2025-11-27 14:53:09.687 +01:00 [INF] Executing endpoint 'HomeCareApp.Controllers.PatientController.GetPatientByUserId (api)'
2025-11-27 14:53:09.687 +01:00 [INF] Route matched with {action = "GetPatientByUserId", controller = "Patient"}. Executing controller action with signature System.Threading.Tasks.Task`1[Microsoft.AspNetCore.Mvc.ActionResult`1[HomeCareApp.DTOs.PatientDto]] GetPatientByUserId(System.String) on controller HomeCareApp.Controllers.PatientController (api).
2025-11-27 14:53:09.687 +01:00 [INF] [PatientController] Getting patient by UserId: 3e910976-dd6e-460f-8989-036062624ad9
2025-11-27 14:53:09.687 +01:00 [INF] [PatientRepository] GetAll() - Retrieving all patients
2025-11-27 14:53:09.688 +01:00 [INF] [PatientRepository] GetAll() - Successfully retrieved 2 patients
2025-11-27 14:53:09.688 +01:00 [INF] [PatientController] Total patients in database: 2
2025-11-27 14:53:09.688 +01:00 [INF] [PatientController] Successfully retrieved patient 2 for UserId: 3e910976-dd6e-460f-8989-036062624ad9
2025-11-27 14:53:09.688 +01:00 [INF] Executing OkObjectResult, writing value of type 'HomeCareApp.DTOs.PatientDto'.
2025-11-27 14:53:09.689 +01:00 [INF] Executed action HomeCareApp.Controllers.PatientController.GetPatientByUserId (api) in 2.149ms
2025-11-27 14:53:09.689 +01:00 [INF] Executed endpoint 'HomeCareApp.Controllers.PatientController.GetPatientByUserId (api)'
2025-11-27 14:53:09.689 +01:00 [INF] Request finished HTTP/1.1 GET http://localhost:5090/api/patient/user/3e910976-dd6e-460f-8989-036062624ad9 - 200 217 application/json; charset=utf-8 3.0045ms
2025-11-27 14:53:23.835 +01:00 [INF] Request starting HTTP/1.1 OPTIONS http://localhost:5090/api/Notification/unread-count - null null
2025-11-27 14:53:23.836 +01:00 [INF] CORS policy execution successful.
2025-11-27 14:53:23.836 +01:00 [INF] Request finished HTTP/1.1 OPTIONS http://localhost:5090/api/Notification/unread-count - 204 null null 0.3416ms
2025-11-27 14:53:23.838 +01:00 [INF] Request starting HTTP/1.1 GET http://localhost:5090/api/Notification/unread-count - application/json null
2025-11-27 14:53:23.838 +01:00 [INF] CORS policy execution successful.
2025-11-27 14:53:23.838 +01:00 [INF] Executing endpoint 'HomeCareApp.Controllers.NotificationController.GetUnreadCount (api)'
2025-11-27 14:53:23.838 +01:00 [INF] Route matched with {action = "GetUnreadCount", controller = "Notification"}. Executing controller action with signature System.Threading.Tasks.Task`1[Microsoft.AspNetCore.Mvc.ActionResult`1[System.Int32]] GetUnreadCount() on controller HomeCareApp.Controllers.NotificationController (api).
2025-11-27 14:53:23.838 +01:00 [INF] [NotificationController] Getting unread count for UserId: 3e910976-dd6e-460f-8989-036062624ad9
2025-11-27 14:53:23.838 +01:00 [INF] [NotificationRepository] GetUnreadCountAsync(3e910976-dd6e-460f-8989-036062624ad9) - Getting unread count for user
2025-11-27 14:53:23.840 +01:00 [INF] [NotificationRepository] GetUnreadCountAsync(3e910976-dd6e-460f-8989-036062624ad9) - User has 2 unread notifications
2025-11-27 14:53:23.840 +01:00 [INF] [NotificationController] Found 2 unread notifications for UserId: 3e910976-dd6e-460f-8989-036062624ad9
2025-11-27 14:53:23.841 +01:00 [INF] Executing OkObjectResult, writing value of type 'System.Int32'.
2025-11-27 14:53:23.841 +01:00 [INF] Executed action HomeCareApp.Controllers.NotificationController.GetUnreadCount (api) in 2.5857ms
2025-11-27 14:53:23.841 +01:00 [INF] Executed endpoint 'HomeCareApp.Controllers.NotificationController.GetUnreadCount (api)'
2025-11-27 14:53:23.841 +01:00 [INF] Request finished HTTP/1.1 GET http://localhost:5090/api/Notification/unread-count - 200 1 application/json; charset=utf-8 3.3249ms
2025-11-27 14:53:48.691 +01:00 [INF] Request starting HTTP/1.1 OPTIONS http://localhost:5090/api/Notification/unread-count - null null
2025-11-27 14:53:48.691 +01:00 [INF] Request starting HTTP/1.1 OPTIONS http://localhost:5090/api/Notification/unread-count - null null
2025-11-27 14:53:48.691 +01:00 [INF] CORS policy execution successful.
2025-11-27 14:53:48.691 +01:00 [INF] CORS policy execution successful.
2025-11-27 14:53:48.691 +01:00 [INF] Request finished HTTP/1.1 OPTIONS http://localhost:5090/api/Notification/unread-count - 204 null null 0.4185ms
2025-11-27 14:53:48.691 +01:00 [INF] Request finished HTTP/1.1 OPTIONS http://localhost:5090/api/Notification/unread-count - 204 null null 0.4197ms
2025-11-27 14:53:48.692 +01:00 [INF] Request starting HTTP/1.1 OPTIONS http://localhost:5090/api/Notification/unread-count - null null
2025-11-27 14:53:48.692 +01:00 [INF] CORS policy execution successful.
2025-11-27 14:53:48.692 +01:00 [INF] Request finished HTTP/1.1 OPTIONS http://localhost:5090/api/Notification/unread-count - 204 null null 0.1707ms
2025-11-27 14:53:48.693 +01:00 [INF] Request starting HTTP/1.1 OPTIONS http://localhost:5090/api/Notification/unread-count - null null
2025-11-27 14:53:48.693 +01:00 [INF] CORS policy execution successful.
2025-11-27 14:53:48.693 +01:00 [INF] Request finished HTTP/1.1 OPTIONS http://localhost:5090/api/Notification/unread-count - 204 null null 0.1255ms
2025-11-27 14:53:48.694 +01:00 [INF] Request starting HTTP/1.1 GET http://localhost:5090/api/Notification/unread-count - application/json null
2025-11-27 14:53:48.695 +01:00 [INF] CORS policy execution successful.
2025-11-27 14:53:48.695 +01:00 [INF] Executing endpoint 'HomeCareApp.Controllers.NotificationController.GetUnreadCount (api)'
2025-11-27 14:53:48.695 +01:00 [INF] Route matched with {action = "GetUnreadCount", controller = "Notification"}. Executing controller action with signature System.Threading.Tasks.Task`1[Microsoft.AspNetCore.Mvc.ActionResult`1[System.Int32]] GetUnreadCount() on controller HomeCareApp.Controllers.NotificationController (api).
2025-11-27 14:53:48.695 +01:00 [INF] [NotificationController] Getting unread count for UserId: 3e910976-dd6e-460f-8989-036062624ad9
2025-11-27 14:53:48.695 +01:00 [INF] [NotificationRepository] GetUnreadCountAsync(3e910976-dd6e-460f-8989-036062624ad9) - Getting unread count for user
2025-11-27 14:53:48.697 +01:00 [INF] [NotificationRepository] GetUnreadCountAsync(3e910976-dd6e-460f-8989-036062624ad9) - User has 2 unread notifications
2025-11-27 14:53:48.697 +01:00 [INF] [NotificationController] Found 2 unread notifications for UserId: 3e910976-dd6e-460f-8989-036062624ad9
2025-11-27 14:53:48.697 +01:00 [INF] Executing OkObjectResult, writing value of type 'System.Int32'.
2025-11-27 14:53:48.697 +01:00 [INF] Executed action HomeCareApp.Controllers.NotificationController.GetUnreadCount (api) in 2.0137ms
2025-11-27 14:53:48.697 +01:00 [INF] Executed endpoint 'HomeCareApp.Controllers.NotificationController.GetUnreadCount (api)'
2025-11-27 14:53:48.697 +01:00 [INF] Request finished HTTP/1.1 GET http://localhost:5090/api/Notification/unread-count - 200 1 application/json; charset=utf-8 2.6123ms
2025-11-27 14:53:48.699 +01:00 [INF] Request starting HTTP/1.1 GET http://localhost:5090/api/Notification/unread-count - application/json null
2025-11-27 14:53:48.699 +01:00 [INF] CORS policy execution successful.
2025-11-27 14:53:48.699 +01:00 [INF] Executing endpoint 'HomeCareApp.Controllers.NotificationController.GetUnreadCount (api)'
2025-11-27 14:53:48.699 +01:00 [INF] Route matched with {action = "GetUnreadCount", controller = "Notification"}. Executing controller action with signature System.Threading.Tasks.Task`1[Microsoft.AspNetCore.Mvc.ActionResult`1[System.Int32]] GetUnreadCount() on controller HomeCareApp.Controllers.NotificationController (api).
2025-11-27 14:53:48.699 +01:00 [INF] [NotificationController] Getting unread count for UserId: 3e910976-dd6e-460f-8989-036062624ad9
2025-11-27 14:53:48.699 +01:00 [INF] [NotificationRepository] GetUnreadCountAsync(3e910976-dd6e-460f-8989-036062624ad9) - Getting unread count for user
2025-11-27 14:53:48.700 +01:00 [INF] [NotificationRepository] GetUnreadCountAsync(3e910976-dd6e-460f-8989-036062624ad9) - User has 2 unread notifications
2025-11-27 14:53:48.700 +01:00 [INF] [NotificationController] Found 2 unread notifications for UserId: 3e910976-dd6e-460f-8989-036062624ad9
2025-11-27 14:53:48.700 +01:00 [INF] Executing OkObjectResult, writing value of type 'System.Int32'.
2025-11-27 14:53:48.701 +01:00 [INF] Executed action HomeCareApp.Controllers.NotificationController.GetUnreadCount (api) in 1.4055ms
2025-11-27 14:53:48.701 +01:00 [INF] Executed endpoint 'HomeCareApp.Controllers.NotificationController.GetUnreadCount (api)'
2025-11-27 14:53:48.701 +01:00 [INF] Request finished HTTP/1.1 GET http://localhost:5090/api/Notification/unread-count - 200 1 application/json; charset=utf-8 2.137ms
2025-11-27 14:53:48.702 +01:00 [INF] Request starting HTTP/1.1 GET http://localhost:5090/api/Notification/unread-count - application/json null
2025-11-27 14:53:48.702 +01:00 [INF] CORS policy execution successful.
2025-11-27 14:53:48.702 +01:00 [INF] Executing endpoint 'HomeCareApp.Controllers.NotificationController.GetUnreadCount (api)'
2025-11-27 14:53:48.702 +01:00 [INF] Route matched with {action = "GetUnreadCount", controller = "Notification"}. Executing controller action with signature System.Threading.Tasks.Task`1[Microsoft.AspNetCore.Mvc.ActionResult`1[System.Int32]] GetUnreadCount() on controller HomeCareApp.Controllers.NotificationController (api).
2025-11-27 14:53:48.702 +01:00 [INF] [NotificationController] Getting unread count for UserId: 3e910976-dd6e-460f-8989-036062624ad9
2025-11-27 14:53:48.702 +01:00 [INF] [NotificationRepository] GetUnreadCountAsync(3e910976-dd6e-460f-8989-036062624ad9) - Getting unread count for user
2025-11-27 14:53:48.703 +01:00 [INF] [NotificationRepository] GetUnreadCountAsync(3e910976-dd6e-460f-8989-036062624ad9) - User has 2 unread notifications
2025-11-27 14:53:48.703 +01:00 [INF] [NotificationController] Found 2 unread notifications for UserId: 3e910976-dd6e-460f-8989-036062624ad9
2025-11-27 14:53:48.704 +01:00 [INF] Executing OkObjectResult, writing value of type 'System.Int32'.
2025-11-27 14:53:48.705 +01:00 [INF] Executed action HomeCareApp.Controllers.NotificationController.GetUnreadCount (api) in 2.7369ms
2025-11-27 14:53:48.705 +01:00 [INF] Executed endpoint 'HomeCareApp.Controllers.NotificationController.GetUnreadCount (api)'
2025-11-27 14:53:48.705 +01:00 [INF] Request finished HTTP/1.1 GET http://localhost:5090/api/Notification/unread-count - 200 1 application/json; charset=utf-8 3.5905ms
2025-11-27 14:53:48.706 +01:00 [INF] Request starting HTTP/1.1 GET http://localhost:5090/api/Notification/unread-count - application/json null
2025-11-27 14:53:48.706 +01:00 [INF] CORS policy execution successful.
2025-11-27 14:53:48.707 +01:00 [INF] Executing endpoint 'HomeCareApp.Controllers.NotificationController.GetUnreadCount (api)'
2025-11-27 14:53:48.707 +01:00 [INF] Route matched with {action = "GetUnreadCount", controller = "Notification"}. Executing controller action with signature System.Threading.Tasks.Task`1[Microsoft.AspNetCore.Mvc.ActionResult`1[System.Int32]] GetUnreadCount() on controller HomeCareApp.Controllers.NotificationController (api).
2025-11-27 14:53:48.707 +01:00 [INF] [NotificationController] Getting unread count for UserId: 3e910976-dd6e-460f-8989-036062624ad9
2025-11-27 14:53:48.708 +01:00 [INF] [NotificationRepository] GetUnreadCountAsync(3e910976-dd6e-460f-8989-036062624ad9) - Getting unread count for user
2025-11-27 14:53:48.709 +01:00 [INF] [NotificationRepository] GetUnreadCountAsync(3e910976-dd6e-460f-8989-036062624ad9) - User has 2 unread notifications
2025-11-27 14:53:48.709 +01:00 [INF] [NotificationController] Found 2 unread notifications for UserId: 3e910976-dd6e-460f-8989-036062624ad9
2025-11-27 14:53:48.709 +01:00 [INF] Executing OkObjectResult, writing value of type 'System.Int32'.
2025-11-27 14:53:48.709 +01:00 [INF] Executed action HomeCareApp.Controllers.NotificationController.GetUnreadCount (api) in 2.1304ms
2025-11-27 14:53:48.709 +01:00 [INF] Executed endpoint 'HomeCareApp.Controllers.NotificationController.GetUnreadCount (api)'
2025-11-27 14:53:48.709 +01:00 [INF] Request finished HTTP/1.1 GET http://localhost:5090/api/Notification/unread-count - 200 1 application/json; charset=utf-8 3.6366ms
2025-11-27 14:53:54.684 +01:00 [INF] Request starting HTTP/1.1 OPTIONS http://localhost:5090/api/Notification/unread-count - null null
2025-11-27 14:53:54.684 +01:00 [INF] CORS policy execution successful.
2025-11-27 14:53:54.684 +01:00 [INF] Request finished HTTP/1.1 OPTIONS http://localhost:5090/api/Notification/unread-count - 204 null null 0.4222ms
2025-11-27 14:53:54.688 +01:00 [INF] Request starting HTTP/1.1 GET http://localhost:5090/api/Notification/unread-count - application/json null
2025-11-27 14:53:54.688 +01:00 [INF] CORS policy execution successful.
2025-11-27 14:53:54.688 +01:00 [INF] Executing endpoint 'HomeCareApp.Controllers.NotificationController.GetUnreadCount (api)'
2025-11-27 14:53:54.689 +01:00 [INF] Route matched with {action = "GetUnreadCount", controller = "Notification"}. Executing controller action with signature System.Threading.Tasks.Task`1[Microsoft.AspNetCore.Mvc.ActionResult`1[System.Int32]] GetUnreadCount() on controller HomeCareApp.Controllers.NotificationController (api).
2025-11-27 14:53:54.689 +01:00 [INF] [NotificationController] Getting unread count for UserId: 3e910976-dd6e-460f-8989-036062624ad9
2025-11-27 14:53:54.689 +01:00 [INF] [NotificationRepository] GetUnreadCountAsync(3e910976-dd6e-460f-8989-036062624ad9) - Getting unread count for user
2025-11-27 14:53:54.691 +01:00 [INF] [NotificationRepository] GetUnreadCountAsync(3e910976-dd6e-460f-8989-036062624ad9) - User has 2 unread notifications
2025-11-27 14:53:54.691 +01:00 [INF] [NotificationController] Found 2 unread notifications for UserId: 3e910976-dd6e-460f-8989-036062624ad9
2025-11-27 14:53:54.691 +01:00 [INF] Executing OkObjectResult, writing value of type 'System.Int32'.
2025-11-27 14:53:54.692 +01:00 [INF] Executed action HomeCareApp.Controllers.NotificationController.GetUnreadCount (api) in 3.0287ms
2025-11-27 14:53:54.692 +01:00 [INF] Executed endpoint 'HomeCareApp.Controllers.NotificationController.GetUnreadCount (api)'
2025-11-27 14:53:54.692 +01:00 [INF] Request finished HTTP/1.1 GET http://localhost:5090/api/Notification/unread-count - 200 1 application/json; charset=utf-8 4.2912ms
2025-11-27 14:54:24.691 +01:00 [INF] Request starting HTTP/1.1 OPTIONS http://localhost:5090/api/Notification/unread-count - null null
2025-11-27 14:54:24.691 +01:00 [INF] CORS policy execution successful.
2025-11-27 14:54:24.691 +01:00 [INF] Request finished HTTP/1.1 OPTIONS http://localhost:5090/api/Notification/unread-count - 204 null null 0.5207ms
2025-11-27 14:54:24.695 +01:00 [INF] Request starting HTTP/1.1 GET http://localhost:5090/api/Notification/unread-count - application/json null
2025-11-27 14:54:24.695 +01:00 [INF] CORS policy execution successful.
2025-11-27 14:54:24.696 +01:00 [INF] Executing endpoint 'HomeCareApp.Controllers.NotificationController.GetUnreadCount (api)'
2025-11-27 14:54:24.696 +01:00 [INF] Route matched with {action = "GetUnreadCount", controller = "Notification"}. Executing controller action with signature System.Threading.Tasks.Task`1[Microsoft.AspNetCore.Mvc.ActionResult`1[System.Int32]] GetUnreadCount() on controller HomeCareApp.Controllers.NotificationController (api).
2025-11-27 14:54:24.697 +01:00 [INF] [NotificationController] Getting unread count for UserId: 3e910976-dd6e-460f-8989-036062624ad9
2025-11-27 14:54:24.697 +01:00 [INF] [NotificationRepository] GetUnreadCountAsync(3e910976-dd6e-460f-8989-036062624ad9) - Getting unread count for user
2025-11-27 14:54:24.699 +01:00 [INF] [NotificationRepository] GetUnreadCountAsync(3e910976-dd6e-460f-8989-036062624ad9) - User has 2 unread notifications
2025-11-27 14:54:24.699 +01:00 [INF] [NotificationController] Found 2 unread notifications for UserId: 3e910976-dd6e-460f-8989-036062624ad9
2025-11-27 14:54:24.700 +01:00 [INF] Executing OkObjectResult, writing value of type 'System.Int32'.
2025-11-27 14:54:24.700 +01:00 [INF] Executed action HomeCareApp.Controllers.NotificationController.GetUnreadCount (api) in 3.4635ms
2025-11-27 14:54:24.700 +01:00 [INF] Executed endpoint 'HomeCareApp.Controllers.NotificationController.GetUnreadCount (api)'
2025-11-27 14:54:24.700 +01:00 [INF] Request finished HTTP/1.1 GET http://localhost:5090/api/Notification/unread-count - 200 1 application/json; charset=utf-8 5.1027ms
2025-11-27 14:54:48.682 +01:00 [INF] Request starting HTTP/1.1 OPTIONS http://localhost:5090/api/Notification/unread-count - null null
2025-11-27 14:54:48.682 +01:00 [INF] CORS policy execution successful.
2025-11-27 14:54:48.682 +01:00 [INF] Request finished HTTP/1.1 OPTIONS http://localhost:5090/api/Notification/unread-count - 204 null null 0.5357ms
2025-11-27 14:54:48.683 +01:00 [INF] Request starting HTTP/1.1 OPTIONS http://localhost:5090/api/Notification/unread-count - null null
2025-11-27 14:54:48.683 +01:00 [INF] CORS policy execution successful.
2025-11-27 14:54:48.684 +01:00 [INF] Request finished HTTP/1.1 OPTIONS http://localhost:5090/api/Notification/unread-count - 204 null null 0.4305ms
2025-11-27 14:54:48.685 +01:00 [INF] Request starting HTTP/1.1 OPTIONS http://localhost:5090/api/Notification/unread-count - null null
2025-11-27 14:54:48.685 +01:00 [INF] CORS policy execution successful.
2025-11-27 14:54:48.685 +01:00 [INF] Request finished HTTP/1.1 OPTIONS http://localhost:5090/api/Notification/unread-count - 204 null null 0.3513ms
2025-11-27 14:54:48.685 +01:00 [INF] Request starting HTTP/1.1 OPTIONS http://localhost:5090/api/Notification/unread-count - null null
2025-11-27 14:54:48.686 +01:00 [INF] CORS policy execution successful.
2025-11-27 14:54:48.686 +01:00 [INF] Request finished HTTP/1.1 OPTIONS http://localhost:5090/api/Notification/unread-count - 204 null null 0.4519ms
2025-11-27 14:54:48.690 +01:00 [INF] Request starting HTTP/1.1 GET http://localhost:5090/api/Notification/unread-count - application/json null
2025-11-27 14:54:48.690 +01:00 [INF] CORS policy execution successful.
2025-11-27 14:54:48.691 +01:00 [INF] Executing endpoint 'HomeCareApp.Controllers.NotificationController.GetUnreadCount (api)'
2025-11-27 14:54:48.692 +01:00 [INF] Route matched with {action = "GetUnreadCount", controller = "Notification"}. Executing controller action with signature System.Threading.Tasks.Task`1[Microsoft.AspNetCore.Mvc.ActionResult`1[System.Int32]] GetUnreadCount() on controller HomeCareApp.Controllers.NotificationController (api).
2025-11-27 14:54:48.693 +01:00 [INF] [NotificationController] Getting unread count for UserId: 3e910976-dd6e-460f-8989-036062624ad9
2025-11-27 14:54:48.693 +01:00 [INF] [NotificationRepository] GetUnreadCountAsync(3e910976-dd6e-460f-8989-036062624ad9) - Getting unread count for user
2025-11-27 14:54:48.696 +01:00 [INF] [NotificationRepository] GetUnreadCountAsync(3e910976-dd6e-460f-8989-036062624ad9) - User has 2 unread notifications
2025-11-27 14:54:48.696 +01:00 [INF] [NotificationController] Found 2 unread notifications for UserId: 3e910976-dd6e-460f-8989-036062624ad9
2025-11-27 14:54:48.696 +01:00 [INF] Executing OkObjectResult, writing value of type 'System.Int32'.
2025-11-27 14:54:48.696 +01:00 [INF] Executed action HomeCareApp.Controllers.NotificationController.GetUnreadCount (api) in 4.2246ms
2025-11-27 14:54:48.697 +01:00 [INF] Executed endpoint 'HomeCareApp.Controllers.NotificationController.GetUnreadCount (api)'
2025-11-27 14:54:48.697 +01:00 [INF] Request finished HTTP/1.1 GET http://localhost:5090/api/Notification/unread-count - 200 1 application/json; charset=utf-8 7.0499ms
2025-11-27 14:54:48.698 +01:00 [INF] Request starting HTTP/1.1 GET http://localhost:5090/api/Notification/unread-count - application/json null
2025-11-27 14:54:48.698 +01:00 [INF] CORS policy execution successful.
2025-11-27 14:54:48.699 +01:00 [INF] Executing endpoint 'HomeCareApp.Controllers.NotificationController.GetUnreadCount (api)'
2025-11-27 14:54:48.699 +01:00 [INF] Route matched with {action = "GetUnreadCount", controller = "Notification"}. Executing controller action with signature System.Threading.Tasks.Task`1[Microsoft.AspNetCore.Mvc.ActionResult`1[System.Int32]] GetUnreadCount() on controller HomeCareApp.Controllers.NotificationController (api).
2025-11-27 14:54:48.700 +01:00 [INF] [NotificationController] Getting unread count for UserId: 3e910976-dd6e-460f-8989-036062624ad9
2025-11-27 14:54:48.700 +01:00 [INF] [NotificationRepository] GetUnreadCountAsync(3e910976-dd6e-460f-8989-036062624ad9) - Getting unread count for user
2025-11-27 14:54:48.702 +01:00 [INF] [NotificationRepository] GetUnreadCountAsync(3e910976-dd6e-460f-8989-036062624ad9) - User has 2 unread notifications
2025-11-27 14:54:48.702 +01:00 [INF] [NotificationController] Found 2 unread notifications for UserId: 3e910976-dd6e-460f-8989-036062624ad9
2025-11-27 14:54:48.702 +01:00 [INF] Executing OkObjectResult, writing value of type 'System.Int32'.
2025-11-27 14:54:48.703 +01:00 [INF] Executed action HomeCareApp.Controllers.NotificationController.GetUnreadCount (api) in 3.4686ms
2025-11-27 14:54:48.703 +01:00 [INF] Executed endpoint 'HomeCareApp.Controllers.NotificationController.GetUnreadCount (api)'
2025-11-27 14:54:48.703 +01:00 [INF] Request finished HTTP/1.1 GET http://localhost:5090/api/Notification/unread-count - 200 1 application/json; charset=utf-8 5.4776ms
2025-11-27 14:54:48.704 +01:00 [INF] Request starting HTTP/1.1 GET http://localhost:5090/api/Notification/unread-count - application/json null
2025-11-27 14:54:48.704 +01:00 [INF] CORS policy execution successful.
2025-11-27 14:54:48.705 +01:00 [INF] Executing endpoint 'HomeCareApp.Controllers.NotificationController.GetUnreadCount (api)'
2025-11-27 14:54:48.705 +01:00 [INF] Route matched with {action = "GetUnreadCount", controller = "Notification"}. Executing controller action with signature System.Threading.Tasks.Task`1[Microsoft.AspNetCore.Mvc.ActionResult`1[System.Int32]] GetUnreadCount() on controller HomeCareApp.Controllers.NotificationController (api).
2025-11-27 14:54:48.706 +01:00 [INF] [NotificationController] Getting unread count for UserId: 3e910976-dd6e-460f-8989-036062624ad9
2025-11-27 14:54:48.706 +01:00 [INF] [NotificationRepository] GetUnreadCountAsync(3e910976-dd6e-460f-8989-036062624ad9) - Getting unread count for user
2025-11-27 14:54:48.709 +01:00 [INF] [NotificationRepository] GetUnreadCountAsync(3e910976-dd6e-460f-8989-036062624ad9) - User has 2 unread notifications
2025-11-27 14:54:48.709 +01:00 [INF] [NotificationController] Found 2 unread notifications for UserId: 3e910976-dd6e-460f-8989-036062624ad9
2025-11-27 14:54:48.709 +01:00 [INF] Executing OkObjectResult, writing value of type 'System.Int32'.
2025-11-27 14:54:48.710 +01:00 [INF] Executed action HomeCareApp.Controllers.NotificationController.GetUnreadCount (api) in 4.6974ms
2025-11-27 14:54:48.710 +01:00 [INF] Executed endpoint 'HomeCareApp.Controllers.NotificationController.GetUnreadCount (api)'
2025-11-27 14:54:48.710 +01:00 [INF] Request finished HTTP/1.1 GET http://localhost:5090/api/Notification/unread-count - 200 1 application/json; charset=utf-8 5.8794ms
2025-11-27 14:54:48.713 +01:00 [INF] Request starting HTTP/1.1 GET http://localhost:5090/api/Notification/unread-count - application/json null
2025-11-27 14:54:48.713 +01:00 [INF] CORS policy execution successful.
2025-11-27 14:54:48.714 +01:00 [INF] Executing endpoint 'HomeCareApp.Controllers.NotificationController.GetUnreadCount (api)'
2025-11-27 14:54:48.714 +01:00 [INF] Route matched with {action = "GetUnreadCount", controller = "Notification"}. Executing controller action with signature System.Threading.Tasks.Task`1[Microsoft.AspNetCore.Mvc.ActionResult`1[System.Int32]] GetUnreadCount() on controller HomeCareApp.Controllers.NotificationController (api).
2025-11-27 14:54:48.714 +01:00 [INF] [NotificationController] Getting unread count for UserId: 3e910976-dd6e-460f-8989-036062624ad9
2025-11-27 14:54:48.714 +01:00 [INF] [NotificationRepository] GetUnreadCountAsync(3e910976-dd6e-460f-8989-036062624ad9) - Getting unread count for user
2025-11-27 14:54:48.716 +01:00 [INF] [NotificationRepository] GetUnreadCountAsync(3e910976-dd6e-460f-8989-036062624ad9) - User has 2 unread notifications
2025-11-27 14:54:48.716 +01:00 [INF] [NotificationController] Found 2 unread notifications for UserId: 3e910976-dd6e-460f-8989-036062624ad9
2025-11-27 14:54:48.716 +01:00 [INF] Executing OkObjectResult, writing value of type 'System.Int32'.
2025-11-27 14:54:48.716 +01:00 [INF] Executed action HomeCareApp.Controllers.NotificationController.GetUnreadCount (api) in 2.5471ms
2025-11-27 14:54:48.717 +01:00 [INF] Executed endpoint 'HomeCareApp.Controllers.NotificationController.GetUnreadCount (api)'
2025-11-27 14:54:48.717 +01:00 [INF] Request finished HTTP/1.1 GET http://localhost:5090/api/Notification/unread-count - 200 1 application/json; charset=utf-8 4.059ms
2025-11-27 14:55:48.681 +01:00 [INF] Request starting HTTP/1.1 OPTIONS http://localhost:5090/api/Notification/unread-count - null null
2025-11-27 14:55:48.681 +01:00 [INF] Request starting HTTP/1.1 OPTIONS http://localhost:5090/api/Notification/unread-count - null null
2025-11-27 14:55:48.681 +01:00 [INF] CORS policy execution successful.
2025-11-27 14:55:48.681 +01:00 [INF] CORS policy execution successful.
2025-11-27 14:55:48.681 +01:00 [INF] Request starting HTTP/1.1 OPTIONS http://localhost:5090/api/Notification/unread-count - null null
2025-11-27 14:55:48.681 +01:00 [INF] Request finished HTTP/1.1 OPTIONS http://localhost:5090/api/Notification/unread-count - 204 null null 0.2062ms
2025-11-27 14:55:48.681 +01:00 [INF] Request finished HTTP/1.1 OPTIONS http://localhost:5090/api/Notification/unread-count - 204 null null 0.2998ms
2025-11-27 14:55:48.681 +01:00 [INF] CORS policy execution successful.
2025-11-27 14:55:48.681 +01:00 [INF] Request starting HTTP/1.1 OPTIONS http://localhost:5090/api/Notification/unread-count - null null
2025-11-27 14:55:48.681 +01:00 [INF] Request finished HTTP/1.1 OPTIONS http://localhost:5090/api/Notification/unread-count - 204 null null 0.1774ms
2025-11-27 14:55:48.681 +01:00 [INF] CORS policy execution successful.
2025-11-27 14:55:48.681 +01:00 [INF] Request finished HTTP/1.1 OPTIONS http://localhost:5090/api/Notification/unread-count - 204 null null 0.1602ms
2025-11-27 14:55:48.681 +01:00 [INF] Request starting HTTP/1.1 OPTIONS http://localhost:5090/api/Notification/unread-count - null null
2025-11-27 14:55:48.681 +01:00 [INF] CORS policy execution successful.
2025-11-27 14:55:48.682 +01:00 [INF] Request finished HTTP/1.1 OPTIONS http://localhost:5090/api/Notification/unread-count - 204 null null 0.1593ms
2025-11-27 14:55:48.684 +01:00 [INF] Request starting HTTP/1.1 GET http://localhost:5090/api/Notification/unread-count - application/json null
2025-11-27 14:55:48.684 +01:00 [INF] CORS policy execution successful.
2025-11-27 14:55:48.685 +01:00 [INF] Executing endpoint 'HomeCareApp.Controllers.NotificationController.GetUnreadCount (api)'
2025-11-27 14:55:48.685 +01:00 [INF] Route matched with {action = "GetUnreadCount", controller = "Notification"}. Executing controller action with signature System.Threading.Tasks.Task`1[Microsoft.AspNetCore.Mvc.ActionResult`1[System.Int32]] GetUnreadCount() on controller HomeCareApp.Controllers.NotificationController (api).
2025-11-27 14:55:48.686 +01:00 [INF] [NotificationController] Getting unread count for UserId: 3e910976-dd6e-460f-8989-036062624ad9
2025-11-27 14:55:48.686 +01:00 [INF] [NotificationRepository] GetUnreadCountAsync(3e910976-dd6e-460f-8989-036062624ad9) - Getting unread count for user
2025-11-27 14:55:48.687 +01:00 [INF] [NotificationRepository] GetUnreadCountAsync(3e910976-dd6e-460f-8989-036062624ad9) - User has 2 unread notifications
2025-11-27 14:55:48.687 +01:00 [INF] [NotificationController] Found 2 unread notifications for UserId: 3e910976-dd6e-460f-8989-036062624ad9
2025-11-27 14:55:48.687 +01:00 [INF] Executing OkObjectResult, writing value of type 'System.Int32'.
2025-11-27 14:55:48.687 +01:00 [INF] Executed action HomeCareApp.Controllers.NotificationController.GetUnreadCount (api) in 1.6418ms
2025-11-27 14:55:48.687 +01:00 [INF] Executed endpoint 'HomeCareApp.Controllers.NotificationController.GetUnreadCount (api)'
2025-11-27 14:55:48.687 +01:00 [INF] Request finished HTTP/1.1 GET http://localhost:5090/api/Notification/unread-count - 200 1 application/json; charset=utf-8 2.9803ms
2025-11-27 14:55:48.688 +01:00 [INF] Request starting HTTP/1.1 GET http://localhost:5090/api/Notification/unread-count - application/json null
2025-11-27 14:55:48.689 +01:00 [INF] CORS policy execution successful.
2025-11-27 14:55:48.689 +01:00 [INF] Executing endpoint 'HomeCareApp.Controllers.NotificationController.GetUnreadCount (api)'
2025-11-27 14:55:48.689 +01:00 [INF] Route matched with {action = "GetUnreadCount", controller = "Notification"}. Executing controller action with signature System.Threading.Tasks.Task`1[Microsoft.AspNetCore.Mvc.ActionResult`1[System.Int32]] GetUnreadCount() on controller HomeCareApp.Controllers.NotificationController (api).
2025-11-27 14:55:48.689 +01:00 [INF] [NotificationController] Getting unread count for UserId: 3e910976-dd6e-460f-8989-036062624ad9
2025-11-27 14:55:48.689 +01:00 [INF] [NotificationRepository] GetUnreadCountAsync(3e910976-dd6e-460f-8989-036062624ad9) - Getting unread count for user
2025-11-27 14:55:48.691 +01:00 [INF] [NotificationRepository] GetUnreadCountAsync(3e910976-dd6e-460f-8989-036062624ad9) - User has 2 unread notifications
2025-11-27 14:55:48.691 +01:00 [INF] [NotificationController] Found 2 unread notifications for UserId: 3e910976-dd6e-460f-8989-036062624ad9
2025-11-27 14:55:48.691 +01:00 [INF] Executing OkObjectResult, writing value of type 'System.Int32'.
2025-11-27 14:55:48.691 +01:00 [INF] Executed action HomeCareApp.Controllers.NotificationController.GetUnreadCount (api) in 1.7721ms
2025-11-27 14:55:48.691 +01:00 [INF] Executed endpoint 'HomeCareApp.Controllers.NotificationController.GetUnreadCount (api)'
2025-11-27 14:55:48.691 +01:00 [INF] Request finished HTTP/1.1 GET http://localhost:5090/api/Notification/unread-count - 200 1 application/json; charset=utf-8 2.5447ms
2025-11-27 14:55:48.692 +01:00 [INF] Request starting HTTP/1.1 GET http://localhost:5090/api/Notification/unread-count - application/json null
2025-11-27 14:55:48.692 +01:00 [INF] CORS policy execution successful.
2025-11-27 14:55:48.692 +01:00 [INF] Executing endpoint 'HomeCareApp.Controllers.NotificationController.GetUnreadCount (api)'
2025-11-27 14:55:48.692 +01:00 [INF] Route matched with {action = "GetUnreadCount", controller = "Notification"}. Executing controller action with signature System.Threading.Tasks.Task`1[Microsoft.AspNetCore.Mvc.ActionResult`1[System.Int32]] GetUnreadCount() on controller HomeCareApp.Controllers.NotificationController (api).
2025-11-27 14:55:48.692 +01:00 [INF] [NotificationController] Getting unread count for UserId: 3e910976-dd6e-460f-8989-036062624ad9
2025-11-27 14:55:48.692 +01:00 [INF] [NotificationRepository] GetUnreadCountAsync(3e910976-dd6e-460f-8989-036062624ad9) - Getting unread count for user
2025-11-27 14:55:48.694 +01:00 [INF] [NotificationRepository] GetUnreadCountAsync(3e910976-dd6e-460f-8989-036062624ad9) - User has 2 unread notifications
2025-11-27 14:55:48.694 +01:00 [INF] [NotificationController] Found 2 unread notifications for UserId: 3e910976-dd6e-460f-8989-036062624ad9
2025-11-27 14:55:48.694 +01:00 [INF] Executing OkObjectResult, writing value of type 'System.Int32'.
2025-11-27 14:55:48.694 +01:00 [INF] Executed action HomeCareApp.Controllers.NotificationController.GetUnreadCount (api) in 1.9443ms
2025-11-27 14:55:48.694 +01:00 [INF] Executed endpoint 'HomeCareApp.Controllers.NotificationController.GetUnreadCount (api)'
2025-11-27 14:55:48.694 +01:00 [INF] Request finished HTTP/1.1 GET http://localhost:5090/api/Notification/unread-count - 200 1 application/json; charset=utf-8 2.5949ms
2025-11-27 14:55:48.695 +01:00 [INF] Request starting HTTP/1.1 GET http://localhost:5090/api/Notification/unread-count - application/json null
2025-11-27 14:55:48.695 +01:00 [INF] CORS policy execution successful.
2025-11-27 14:55:48.696 +01:00 [INF] Executing endpoint 'HomeCareApp.Controllers.NotificationController.GetUnreadCount (api)'
2025-11-27 14:55:48.696 +01:00 [INF] Route matched with {action = "GetUnreadCount", controller = "Notification"}. Executing controller action with signature System.Threading.Tasks.Task`1[Microsoft.AspNetCore.Mvc.ActionResult`1[System.Int32]] GetUnreadCount() on controller HomeCareApp.Controllers.NotificationController (api).
2025-11-27 14:55:48.696 +01:00 [INF] [NotificationController] Getting unread count for UserId: 3e910976-dd6e-460f-8989-036062624ad9
2025-11-27 14:55:48.696 +01:00 [INF] [NotificationRepository] GetUnreadCountAsync(3e910976-dd6e-460f-8989-036062624ad9) - Getting unread count for user
2025-11-27 14:55:48.697 +01:00 [INF] [NotificationRepository] GetUnreadCountAsync(3e910976-dd6e-460f-8989-036062624ad9) - User has 2 unread notifications
2025-11-27 14:55:48.697 +01:00 [INF] [NotificationController] Found 2 unread notifications for UserId: 3e910976-dd6e-460f-8989-036062624ad9
2025-11-27 14:55:48.697 +01:00 [INF] Executing OkObjectResult, writing value of type 'System.Int32'.
2025-11-27 14:55:48.698 +01:00 [INF] Executed action HomeCareApp.Controllers.NotificationController.GetUnreadCount (api) in 2.0009ms
2025-11-27 14:55:48.698 +01:00 [INF] Executed endpoint 'HomeCareApp.Controllers.NotificationController.GetUnreadCount (api)'
2025-11-27 14:55:48.698 +01:00 [INF] Request finished HTTP/1.1 GET http://localhost:5090/api/Notification/unread-count - 200 1 application/json; charset=utf-8 2.9025ms
2025-11-27 14:55:48.699 +01:00 [INF] Request starting HTTP/1.1 GET http://localhost:5090/api/Notification/unread-count - application/json null
2025-11-27 14:55:48.699 +01:00 [INF] CORS policy execution successful.
2025-11-27 14:55:48.699 +01:00 [INF] Executing endpoint 'HomeCareApp.Controllers.NotificationController.GetUnreadCount (api)'
2025-11-27 14:55:48.699 +01:00 [INF] Route matched with {action = "GetUnreadCount", controller = "Notification"}. Executing controller action with signature System.Threading.Tasks.Task`1[Microsoft.AspNetCore.Mvc.ActionResult`1[System.Int32]] GetUnreadCount() on controller HomeCareApp.Controllers.NotificationController (api).
2025-11-27 14:55:48.700 +01:00 [INF] [NotificationController] Getting unread count for UserId: 3e910976-dd6e-460f-8989-036062624ad9
2025-11-27 14:55:48.700 +01:00 [INF] [NotificationRepository] GetUnreadCountAsync(3e910976-dd6e-460f-8989-036062624ad9) - Getting unread count for user
2025-11-27 14:55:48.701 +01:00 [INF] [NotificationRepository] GetUnreadCountAsync(3e910976-dd6e-460f-8989-036062624ad9) - User has 2 unread notifications
2025-11-27 14:55:48.701 +01:00 [INF] [NotificationController] Found 2 unread notifications for UserId: 3e910976-dd6e-460f-8989-036062624ad9
2025-11-27 14:55:48.701 +01:00 [INF] Executing OkObjectResult, writing value of type 'System.Int32'.
2025-11-27 14:55:48.701 +01:00 [INF] Executed action HomeCareApp.Controllers.NotificationController.GetUnreadCount (api) in 1.7043ms
2025-11-27 14:55:48.701 +01:00 [INF] Executed endpoint 'HomeCareApp.Controllers.NotificationController.GetUnreadCount (api)'
2025-11-27 14:55:48.701 +01:00 [INF] Request finished HTTP/1.1 GET http://localhost:5090/api/Notification/unread-count - 200 1 application/json; charset=utf-8 2.4496ms
