2025-11-10 21:10:52.823 +01:00 [INF] No migrations were applied. The database is already up to date.
2025-11-10 21:10:52.865 +01:00 [INF] No migrations were applied. The database is already up to date.
2025-11-10 21:10:53.131 +01:00 [INF] User profile is available. Using 'C:\Users\nahid\AppData\Local\ASP.NET\DataProtection-Keys' as key repository and Windows DPAPI to encrypt keys at rest.
2025-11-10 21:10:53.166 +01:00 [INF] Now listening on: http://localhost:5090
2025-11-10 21:10:53.168 +01:00 [INF] Application started. Press Ctrl+C to shut down.
2025-11-10 21:10:53.168 +01:00 [INF] Hosting environment: Development
2025-11-10 21:10:53.169 +01:00 [INF] Content root path: C:\Users\nahid\OneDrive\Dokumenter\GitHub\React-Homecare\api
2025-11-10 21:11:28.505 +01:00 [INF] Request starting HTTP/1.1 OPTIONS http://localhost:5090/api/Auth/register - null null
2025-11-10 21:11:28.525 +01:00 [INF] CORS policy execution successful.
2025-11-10 21:11:28.528 +01:00 [INF] Request finished HTTP/1.1 OPTIONS http://localhost:5090/api/Auth/register - 204 null null 23.332ms
2025-11-10 21:11:28.529 +01:00 [INF] Request starting HTTP/1.1 POST http://localhost:5090/api/Auth/register - application/json 87
2025-11-10 21:11:28.530 +01:00 [INF] CORS policy execution successful.
2025-11-10 21:11:28.541 +01:00 [INF] Executing endpoint 'HomeCareApp.Controllers.AuthController.Register (api)'
2025-11-10 21:11:28.550 +01:00 [INF] Route matched with {action = "Register", controller = "Auth"}. Executing controller action with signature System.Threading.Tasks.Task`1[Microsoft.AspNetCore.Mvc.IActionResult] Register(HomeCareApp.DTOs.RegisterDto) on controller HomeCareApp.Controllers.AuthController (api).
2025-11-10 21:11:28.677 +01:00 [WRN] [AuthAPIController] user registration failed for Nahid
2025-11-10 21:11:28.681 +01:00 [INF] Executing BadRequestObjectResult, writing value of type 'System.Linq.Enumerable+SelectListIterator`2[[Microsoft.AspNetCore.Identity.IdentityError, Microsoft.Extensions.Identity.Core, Version=8.0.0.0, Culture=neutral, PublicKeyToken=adb9793829ddae60],[<>f__AnonymousType1`2[[System.String, System.Private.CoreLib, Version=8.0.0.0, Culture=neutral, PublicKeyToken=7cec85d7bea7798e],[System.String, System.Private.CoreLib, Version=8.0.0.0, Culture=neutral, PublicKeyToken=7cec85d7bea7798e]], api, Version=1.0.0.0, Culture=neutral, PublicKeyToken=null]]'.
2025-11-10 21:11:28.698 +01:00 [INF] Executed action HomeCareApp.Controllers.AuthController.Register (api) in 146.2564ms
2025-11-10 21:11:28.698 +01:00 [INF] Executed endpoint 'HomeCareApp.Controllers.AuthController.Register (api)'
2025-11-10 21:11:28.700 +01:00 [INF] Request finished HTTP/1.1 POST http://localhost:5090/api/Auth/register - 400 81 application/json; charset=utf-8 170.6899ms
2025-11-10 21:11:31.679 +01:00 [INF] Request starting HTTP/1.1 POST http://localhost:5090/api/Auth/register - application/json 88
2025-11-10 21:11:31.681 +01:00 [INF] CORS policy execution successful.
2025-11-10 21:11:31.682 +01:00 [INF] Executing endpoint 'HomeCareApp.Controllers.AuthController.Register (api)'
2025-11-10 21:11:31.682 +01:00 [INF] Route matched with {action = "Register", controller = "Auth"}. Executing controller action with signature System.Threading.Tasks.Task`1[Microsoft.AspNetCore.Mvc.IActionResult] Register(HomeCareApp.DTOs.RegisterDto) on controller HomeCareApp.Controllers.AuthController (api).
2025-11-10 21:11:31.846 +01:00 [INF] [AuthAPIController] user registered for Nahid1 with role Employee
2025-11-10 21:11:31.846 +01:00 [INF] Executing OkObjectResult, writing value of type '<>f__AnonymousType2`1[[System.String, System.Private.CoreLib, Version=8.0.0.0, Culture=neutral, PublicKeyToken=7cec85d7bea7798e]]'.
2025-11-10 21:11:31.848 +01:00 [INF] Executed action HomeCareApp.Controllers.AuthController.Register (api) in 165.969ms
2025-11-10 21:11:31.848 +01:00 [INF] Executed endpoint 'HomeCareApp.Controllers.AuthController.Register (api)'
2025-11-10 21:11:31.849 +01:00 [INF] Request finished HTTP/1.1 POST http://localhost:5090/api/Auth/register - 200 73 application/json; charset=utf-8 169.5184ms
2025-11-10 21:11:41.838 +01:00 [INF] Request starting HTTP/1.1 OPTIONS http://localhost:5090/api/Auth/login - null null
2025-11-10 21:11:41.838 +01:00 [INF] CORS policy execution successful.
2025-11-10 21:11:41.838 +01:00 [INF] Request finished HTTP/1.1 OPTIONS http://localhost:5090/api/Auth/login - 204 null null 0.5595ms
2025-11-10 21:11:41.839 +01:00 [INF] Request starting HTTP/1.1 POST http://localhost:5090/api/Auth/login - application/json 46
2025-11-10 21:11:41.839 +01:00 [INF] CORS policy execution successful.
2025-11-10 21:11:41.840 +01:00 [INF] Executing endpoint 'HomeCareApp.Controllers.AuthController.Login (api)'
2025-11-10 21:11:41.843 +01:00 [INF] Route matched with {action = "Login", controller = "Auth"}. Executing controller action with signature System.Threading.Tasks.Task`1[Microsoft.AspNetCore.Mvc.IActionResult] Login(HomeCareApp.DTOs.LoginDto) on controller HomeCareApp.Controllers.AuthController (api).
2025-11-10 21:11:41.895 +01:00 [INF] [AuthAPIController] user authorised for Nahid1
2025-11-10 21:11:41.917 +01:00 [INF] [AuthAPIController] JWT token created for Nahid1 with roles Employee
2025-11-10 21:11:41.918 +01:00 [INF] [AuthAPIController] JWT token claims: sub=8defb5b4-0933-4a85-ae20-736f5c955fc2, email=nahid@test.no, http://schemas.xmlsoap.org/ws/2005/05/identity/claims/nameidentifier=8defb5b4-0933-4a85-ae20-736f5c955fc2, http://schemas.xmlsoap.org/ws/2005/05/identity/claims/name=Nahid1, username=Nahid1, userid=8defb5b4-0933-4a85-ae20-736f5c955fc2, nameid=8defb5b4-0933-4a85-ae20-736f5c955fc2, jti=b1e4d523-fd63-4920-9864-dbdb74dc426c, iat=1762805501, http://schemas.microsoft.com/ws/2008/06/identity/claims/role=Employee, role=Employee
2025-11-10 21:11:41.927 +01:00 [INF] Executing OkObjectResult, writing value of type '<>f__AnonymousType3`1[[System.String, System.Private.CoreLib, Version=8.0.0.0, Culture=neutral, PublicKeyToken=7cec85d7bea7798e]]'.
2025-11-10 21:11:41.928 +01:00 [INF] Executed action HomeCareApp.Controllers.AuthController.Login (api) in 84.7432ms
2025-11-10 21:11:41.928 +01:00 [INF] Executed endpoint 'HomeCareApp.Controllers.AuthController.Login (api)'
2025-11-10 21:11:41.928 +01:00 [INF] Request finished HTTP/1.1 POST http://localhost:5090/api/Auth/login - 200 865 application/json; charset=utf-8 88.9252ms
2025-11-10 21:11:41.931 +01:00 [INF] Request starting HTTP/1.1 OPTIONS http://localhost:5090/api/employee/user/8defb5b4-0933-4a85-ae20-736f5c955fc2 - null null
2025-11-10 21:11:41.931 +01:00 [INF] CORS policy execution successful.
2025-11-10 21:11:41.932 +01:00 [INF] Request finished HTTP/1.1 OPTIONS http://localhost:5090/api/employee/user/8defb5b4-0933-4a85-ae20-736f5c955fc2 - 204 null null 0.4126ms
2025-11-10 21:11:41.932 +01:00 [INF] Request starting HTTP/1.1 GET http://localhost:5090/api/employee/user/8defb5b4-0933-4a85-ae20-736f5c955fc2 - application/json null
2025-11-10 21:11:41.937 +01:00 [INF] CORS policy execution successful.
2025-11-10 21:11:41.962 +01:00 [INF] Executing endpoint 'HomeCareApp.Controllers.EmployeeController.GetEmployeeByUserId (api)'
2025-11-10 21:11:41.965 +01:00 [INF] Route matched with {action = "GetEmployeeByUserId", controller = "Employee"}. Executing controller action with signature System.Threading.Tasks.Task`1[Microsoft.AspNetCore.Mvc.ActionResult`1[HomeCareApp.DTOs.EmployeeDto]] GetEmployeeByUserId(System.String) on controller HomeCareApp.Controllers.EmployeeController (api).
2025-11-10 21:11:41.997 +01:00 [INF] Executing NotFoundObjectResult, writing value of type 'System.String'.
2025-11-10 21:11:41.997 +01:00 [INF] Executed action HomeCareApp.Controllers.EmployeeController.GetEmployeeByUserId (api) in 32.2969ms
2025-11-10 21:11:41.997 +01:00 [INF] Executed endpoint 'HomeCareApp.Controllers.EmployeeController.GetEmployeeByUserId (api)'
2025-11-10 21:11:41.997 +01:00 [INF] Request finished HTTP/1.1 GET http://localhost:5090/api/employee/user/8defb5b4-0933-4a85-ae20-736f5c955fc2 - 404 null text/plain; charset=utf-8 64.9642ms
2025-11-10 21:11:48.724 +01:00 [INF] Request starting HTTP/1.1 OPTIONS http://localhost:5090/api/Auth/complete-employee-profile - null null
2025-11-10 21:11:48.725 +01:00 [INF] CORS policy execution successful.
2025-11-10 21:11:48.725 +01:00 [INF] Request finished HTTP/1.1 OPTIONS http://localhost:5090/api/Auth/complete-employee-profile - 204 null null 0.5467ms
2025-11-10 21:11:48.725 +01:00 [INF] Request starting HTTP/1.1 POST http://localhost:5090/api/Auth/complete-employee-profile - application/json 73
2025-11-10 21:11:48.725 +01:00 [INF] CORS policy execution successful.
2025-11-10 21:11:48.727 +01:00 [INF] Executing endpoint 'HomeCareApp.Controllers.AuthController.CompleteEmployeeProfile (api)'
2025-11-10 21:11:48.731 +01:00 [INF] Route matched with {action = "CompleteEmployeeProfile", controller = "Auth"}. Executing controller action with signature System.Threading.Tasks.Task`1[Microsoft.AspNetCore.Mvc.IActionResult] CompleteEmployeeProfile(HomeCareApp.DTOs.EmployeeProfileDto) on controller HomeCareApp.Controllers.AuthController (api).
2025-11-10 21:11:48.792 +01:00 [INF] [AuthAPIController] Employee profile created for Nahid1
2025-11-10 21:11:48.792 +01:00 [INF] Executing OkObjectResult, writing value of type '<>f__AnonymousType2`1[[System.String, System.Private.CoreLib, Version=8.0.0.0, Culture=neutral, PublicKeyToken=7cec85d7bea7798e]]'.
2025-11-10 21:11:48.792 +01:00 [INF] Executed action HomeCareApp.Controllers.AuthController.CompleteEmployeeProfile (api) in 60.806ms
2025-11-10 21:11:48.792 +01:00 [INF] Executed endpoint 'HomeCareApp.Controllers.AuthController.CompleteEmployeeProfile (api)'
2025-11-10 21:11:48.792 +01:00 [INF] Request finished HTTP/1.1 POST http://localhost:5090/api/Auth/complete-employee-profile - 200 51 application/json; charset=utf-8 66.7861ms
2025-11-10 21:11:50.802 +01:00 [INF] Request starting HTTP/1.1 GET http://localhost:5090/api/Appointment - null null
2025-11-10 21:11:50.803 +01:00 [INF] CORS policy execution successful.
2025-11-10 21:11:50.803 +01:00 [INF] Executing endpoint 'HomeCareApp.Controllers.AppointmentController.GetAppointments (api)'
2025-11-10 21:11:50.807 +01:00 [INF] Route matched with {action = "GetAppointments", controller = "Appointment"}. Executing controller action with signature System.Threading.Tasks.Task`1[Microsoft.AspNetCore.Mvc.IActionResult] GetAppointments() on controller HomeCareApp.Controllers.AppointmentController (api).
2025-11-10 21:11:50.817 +01:00 [INF] Executing OkObjectResult, writing value of type 'System.Linq.Enumerable+SelectListIterator`2[[HomeCareApp.Models.Appointment, api, Version=1.0.0.0, Culture=neutral, PublicKeyToken=null],[HomeCareApp.DTOs.AppointmentDto, api, Version=1.0.0.0, Culture=neutral, PublicKeyToken=null]]'.
2025-11-10 21:11:50.820 +01:00 [INF] Executed action HomeCareApp.Controllers.AppointmentController.GetAppointments (api) in 13.0447ms
2025-11-10 21:11:50.820 +01:00 [INF] Executed endpoint 'HomeCareApp.Controllers.AppointmentController.GetAppointments (api)'
2025-11-10 21:11:50.820 +01:00 [INF] Request finished HTTP/1.1 GET http://localhost:5090/api/Appointment - 200 656 application/json; charset=utf-8 18.0385ms
2025-11-10 21:11:50.821 +01:00 [INF] Request starting HTTP/1.1 GET http://localhost:5090/api/Appointment - null null
2025-11-10 21:11:50.821 +01:00 [INF] CORS policy execution successful.
2025-11-10 21:11:50.822 +01:00 [INF] Executing endpoint 'HomeCareApp.Controllers.AppointmentController.GetAppointments (api)'
2025-11-10 21:11:50.822 +01:00 [INF] Route matched with {action = "GetAppointments", controller = "Appointment"}. Executing controller action with signature System.Threading.Tasks.Task`1[Microsoft.AspNetCore.Mvc.IActionResult] GetAppointments() on controller HomeCareApp.Controllers.AppointmentController (api).
2025-11-10 21:11:50.823 +01:00 [INF] Executing OkObjectResult, writing value of type 'System.Linq.Enumerable+SelectListIterator`2[[HomeCareApp.Models.Appointment, api, Version=1.0.0.0, Culture=neutral, PublicKeyToken=null],[HomeCareApp.DTOs.AppointmentDto, api, Version=1.0.0.0, Culture=neutral, PublicKeyToken=null]]'.
2025-11-10 21:11:50.823 +01:00 [INF] Executed action HomeCareApp.Controllers.AppointmentController.GetAppointments (api) in 1.6495ms
2025-11-10 21:11:50.823 +01:00 [INF] Executed endpoint 'HomeCareApp.Controllers.AppointmentController.GetAppointments (api)'
2025-11-10 21:11:50.823 +01:00 [INF] Request finished HTTP/1.1 GET http://localhost:5090/api/Appointment - 200 656 application/json; charset=utf-8 2.1578ms
