2025-11-04 14:11:46.720 +01:00 [INF] No migrations were applied. The database is already up to date.
2025-11-04 14:11:46.814 +01:00 [INF] No migrations were applied. The database is already up to date.
2025-11-04 14:11:47.455 +01:00 [INF] User profile is available. Using 'C:\Users\vilde\AppData\Local\ASP.NET\DataProtection-Keys' as key repository and Windows DPAPI to encrypt keys at rest.
2025-11-04 14:11:47.499 +01:00 [INF] Now listening on: http://localhost:5090
2025-11-04 14:11:47.502 +01:00 [INF] Application started. Press Ctrl+C to shut down.
2025-11-04 14:11:47.502 +01:00 [INF] Hosting environment: Development
2025-11-04 14:11:47.502 +01:00 [INF] Content root path: C:\Users\vilde\OneDrive\Documents\Homecare React\React-Homecare\api
2025-11-04 14:12:00.217 +01:00 [INF] Request starting HTTP/1.1 GET http://localhost:5090/api/Appointment - null null
2025-11-04 14:12:00.276 +01:00 [INF] CORS policy execution successful.
2025-11-04 14:12:00.406 +01:00 [INF] Executing endpoint 'HomeCareApp.Controllers.AppointmentController.GetAppointments (api)'
2025-11-04 14:12:00.426 +01:00 [INF] Route matched with {action = "GetAppointments", controller = "Appointment"}. Executing controller action with signature System.Threading.Tasks.Task`1[Microsoft.AspNetCore.Mvc.IActionResult] GetAppointments() on controller HomeCareApp.Controllers.AppointmentController (api).
2025-11-04 14:12:00.591 +01:00 [INF] Executing OkObjectResult, writing value of type 'System.Linq.Enumerable+SelectListIterator`2[[HomeCareApp.Models.Appointment, api, Version=1.0.0.0, Culture=neutral, PublicKeyToken=null],[HomeCareApp.DTOs.AppointmentDto, api, Version=1.0.0.0, Culture=neutral, PublicKeyToken=null]]'.
2025-11-04 14:12:00.757 +01:00 [INF] Request starting HTTP/1.1 GET http://localhost:5090/api/Appointment - null null
2025-11-04 14:12:00.758 +01:00 [INF] Executed action HomeCareApp.Controllers.AppointmentController.GetAppointments (api) in 327.4847ms
2025-11-04 14:12:00.760 +01:00 [INF] Executed endpoint 'HomeCareApp.Controllers.AppointmentController.GetAppointments (api)'
2025-11-04 14:12:00.760 +01:00 [INF] CORS policy execution successful.
2025-11-04 14:12:00.761 +01:00 [INF] Executing endpoint 'HomeCareApp.Controllers.AppointmentController.GetAppointments (api)'
2025-11-04 14:12:00.762 +01:00 [INF] Route matched with {action = "GetAppointments", controller = "Appointment"}. Executing controller action with signature System.Threading.Tasks.Task`1[Microsoft.AspNetCore.Mvc.IActionResult] GetAppointments() on controller HomeCareApp.Controllers.AppointmentController (api).
2025-11-04 14:12:00.764 +01:00 [INF] Request finished HTTP/1.1 GET http://localhost:5090/api/Appointment - 200 656 application/json; charset=utf-8 550.9409ms
2025-11-04 14:12:00.769 +01:00 [INF] Executing OkObjectResult, writing value of type 'System.Linq.Enumerable+SelectListIterator`2[[HomeCareApp.Models.Appointment, api, Version=1.0.0.0, Culture=neutral, PublicKeyToken=null],[HomeCareApp.DTOs.AppointmentDto, api, Version=1.0.0.0, Culture=neutral, PublicKeyToken=null]]'.
2025-11-04 14:12:00.769 +01:00 [INF] Executed action HomeCareApp.Controllers.AppointmentController.GetAppointments (api) in 7.5537ms
2025-11-04 14:12:00.769 +01:00 [INF] Executed endpoint 'HomeCareApp.Controllers.AppointmentController.GetAppointments (api)'
2025-11-04 14:12:00.770 +01:00 [INF] Request finished HTTP/1.1 GET http://localhost:5090/api/Appointment - 200 656 application/json; charset=utf-8 12.1377ms
2025-11-04 14:12:04.863 +01:00 [INF] Request starting HTTP/1.1 GET http://localhost:5090/api/Employee/names - null null
2025-11-04 14:12:04.864 +01:00 [INF] CORS policy execution successful.
2025-11-04 14:12:04.869 +01:00 [INF] Executing endpoint 'HomeCareApp.Controllers.EmployeeController.GetEmployeeNames (api)'
2025-11-04 14:12:04.877 +01:00 [INF] Route matched with {action = "GetEmployeeNames", controller = "Employee"}. Executing controller action with signature System.Threading.Tasks.Task`1[Microsoft.AspNetCore.Mvc.IActionResult] GetEmployeeNames() on controller HomeCareApp.Controllers.EmployeeController (api).
2025-11-04 14:12:04.933 +01:00 [INF] Executing OkObjectResult, writing value of type 'System.Linq.Enumerable+SelectListIterator`2[[HomeCareApp.Models.Employee, api, Version=1.0.0.0, Culture=neutral, PublicKeyToken=null],[<>f__AnonymousType0`2[[System.Int32, System.Private.CoreLib, Version=8.0.0.0, Culture=neutral, PublicKeyToken=7cec85d7bea7798e],[System.String, System.Private.CoreLib, Version=8.0.0.0, Culture=neutral, PublicKeyToken=7cec85d7bea7798e]], api, Version=1.0.0.0, Culture=neutral, PublicKeyToken=null]]'.
2025-11-04 14:12:04.941 +01:00 [INF] Executed action HomeCareApp.Controllers.EmployeeController.GetEmployeeNames (api) in 63.6918ms
2025-11-04 14:12:04.941 +01:00 [INF] Executed endpoint 'HomeCareApp.Controllers.EmployeeController.GetEmployeeNames (api)'
2025-11-04 14:12:04.942 +01:00 [INF] Request finished HTTP/1.1 GET http://localhost:5090/api/Employee/names - 200 137 application/json; charset=utf-8 78.7939ms
2025-11-04 14:12:04.942 +01:00 [INF] Request starting HTTP/1.1 GET http://localhost:5090/api/Employee/names - null null
2025-11-04 14:12:04.943 +01:00 [INF] CORS policy execution successful.
2025-11-04 14:12:04.945 +01:00 [INF] Executing endpoint 'HomeCareApp.Controllers.EmployeeController.GetEmployeeNames (api)'
2025-11-04 14:12:04.945 +01:00 [INF] Route matched with {action = "GetEmployeeNames", controller = "Employee"}. Executing controller action with signature System.Threading.Tasks.Task`1[Microsoft.AspNetCore.Mvc.IActionResult] GetEmployeeNames() on controller HomeCareApp.Controllers.EmployeeController (api).
2025-11-04 14:12:04.949 +01:00 [INF] Executing OkObjectResult, writing value of type 'System.Linq.Enumerable+SelectListIterator`2[[HomeCareApp.Models.Employee, api, Version=1.0.0.0, Culture=neutral, PublicKeyToken=null],[<>f__AnonymousType0`2[[System.Int32, System.Private.CoreLib, Version=8.0.0.0, Culture=neutral, PublicKeyToken=7cec85d7bea7798e],[System.String, System.Private.CoreLib, Version=8.0.0.0, Culture=neutral, PublicKeyToken=7cec85d7bea7798e]], api, Version=1.0.0.0, Culture=neutral, PublicKeyToken=null]]'.
2025-11-04 14:12:04.949 +01:00 [INF] Executed action HomeCareApp.Controllers.EmployeeController.GetEmployeeNames (api) in 3.8516ms
2025-11-04 14:12:04.949 +01:00 [INF] Executed endpoint 'HomeCareApp.Controllers.EmployeeController.GetEmployeeNames (api)'
2025-11-04 14:12:04.949 +01:00 [INF] Request finished HTTP/1.1 GET http://localhost:5090/api/Employee/names - 200 137 application/json; charset=utf-8 7.3557ms
2025-11-04 14:12:29.797 +01:00 [INF] Request starting HTTP/1.1 OPTIONS http://localhost:5090/api/Appointment - null null
2025-11-04 14:12:29.797 +01:00 [INF] CORS policy execution successful.
2025-11-04 14:12:29.798 +01:00 [INF] Request finished HTTP/1.1 OPTIONS http://localhost:5090/api/Appointment - 204 null null 0.9029ms
2025-11-04 14:12:29.800 +01:00 [INF] Request starting HTTP/1.1 POST http://localhost:5090/api/Appointment - application/json 96
2025-11-04 14:12:29.800 +01:00 [INF] CORS policy execution successful.
2025-11-04 14:12:29.863 +01:00 [INF] Executing endpoint 'HomeCareApp.Controllers.AppointmentController.Create (api)'
2025-11-04 14:12:29.870 +01:00 [INF] Route matched with {action = "Create", controller = "Appointment"}. Executing controller action with signature System.Threading.Tasks.Task`1[Microsoft.AspNetCore.Mvc.IActionResult] Create(HomeCareApp.DTOs.AppointmentDto) on controller HomeCareApp.Controllers.AppointmentController (api).
2025-11-04 14:12:29.917 +01:00 [INF] Executing BadRequestObjectResult, writing value of type 'System.String'.
2025-11-04 14:12:29.917 +01:00 [INF] Executed action HomeCareApp.Controllers.AppointmentController.Create (api) in 47.0881ms
2025-11-04 14:12:29.917 +01:00 [INF] Executed endpoint 'HomeCareApp.Controllers.AppointmentController.Create (api)'
2025-11-04 14:12:29.918 +01:00 [INF] Request finished HTTP/1.1 POST http://localhost:5090/api/Appointment - 400 null text/plain; charset=utf-8 117.9528ms
2025-11-04 14:12:35.676 +01:00 [INF] Request starting HTTP/1.1 OPTIONS http://localhost:5090/api/Appointment - null null
2025-11-04 14:12:35.677 +01:00 [INF] CORS policy execution successful.
2025-11-04 14:12:35.677 +01:00 [INF] Request finished HTTP/1.1 OPTIONS http://localhost:5090/api/Appointment - 204 null null 0.4085ms
2025-11-04 14:12:35.678 +01:00 [INF] Request starting HTTP/1.1 POST http://localhost:5090/api/Appointment - application/json 96
2025-11-04 14:12:35.678 +01:00 [INF] CORS policy execution successful.
2025-11-04 14:12:35.680 +01:00 [INF] Executing endpoint 'HomeCareApp.Controllers.AppointmentController.Create (api)'
2025-11-04 14:12:35.680 +01:00 [INF] Route matched with {action = "Create", controller = "Appointment"}. Executing controller action with signature System.Threading.Tasks.Task`1[Microsoft.AspNetCore.Mvc.IActionResult] Create(HomeCareApp.DTOs.AppointmentDto) on controller HomeCareApp.Controllers.AppointmentController (api).
2025-11-04 14:12:35.682 +01:00 [INF] Executing BadRequestObjectResult, writing value of type 'System.String'.
2025-11-04 14:12:35.682 +01:00 [INF] Executed action HomeCareApp.Controllers.AppointmentController.Create (api) in 1.8685ms
2025-11-04 14:12:35.682 +01:00 [INF] Executed endpoint 'HomeCareApp.Controllers.AppointmentController.Create (api)'
2025-11-04 14:12:35.683 +01:00 [INF] Request finished HTTP/1.1 POST http://localhost:5090/api/Appointment - 400 null text/plain; charset=utf-8 4.4492ms
2025-11-04 14:12:36.133 +01:00 [INF] Request starting HTTP/1.1 POST http://localhost:5090/api/Appointment - application/json 96
2025-11-04 14:12:36.133 +01:00 [INF] CORS policy execution successful.
2025-11-04 14:12:36.134 +01:00 [INF] Executing endpoint 'HomeCareApp.Controllers.AppointmentController.Create (api)'
2025-11-04 14:12:36.134 +01:00 [INF] Route matched with {action = "Create", controller = "Appointment"}. Executing controller action with signature System.Threading.Tasks.Task`1[Microsoft.AspNetCore.Mvc.IActionResult] Create(HomeCareApp.DTOs.AppointmentDto) on controller HomeCareApp.Controllers.AppointmentController (api).
2025-11-04 14:12:36.135 +01:00 [INF] Executing BadRequestObjectResult, writing value of type 'System.String'.
2025-11-04 14:12:36.135 +01:00 [INF] Executed action HomeCareApp.Controllers.AppointmentController.Create (api) in 1.1144ms
2025-11-04 14:12:36.135 +01:00 [INF] Executed endpoint 'HomeCareApp.Controllers.AppointmentController.Create (api)'
2025-11-04 14:12:36.135 +01:00 [INF] Request finished HTTP/1.1 POST http://localhost:5090/api/Appointment - 400 null text/plain; charset=utf-8 2.6134ms
2025-11-04 14:12:36.403 +01:00 [INF] Request starting HTTP/1.1 POST http://localhost:5090/api/Appointment - application/json 96
2025-11-04 14:12:36.404 +01:00 [INF] CORS policy execution successful.
2025-11-04 14:12:36.404 +01:00 [INF] Executing endpoint 'HomeCareApp.Controllers.AppointmentController.Create (api)'
2025-11-04 14:12:36.404 +01:00 [INF] Route matched with {action = "Create", controller = "Appointment"}. Executing controller action with signature System.Threading.Tasks.Task`1[Microsoft.AspNetCore.Mvc.IActionResult] Create(HomeCareApp.DTOs.AppointmentDto) on controller HomeCareApp.Controllers.AppointmentController (api).
2025-11-04 14:12:36.405 +01:00 [INF] Executing BadRequestObjectResult, writing value of type 'System.String'.
2025-11-04 14:12:36.405 +01:00 [INF] Executed action HomeCareApp.Controllers.AppointmentController.Create (api) in 0.8176ms
2025-11-04 14:12:36.405 +01:00 [INF] Executed endpoint 'HomeCareApp.Controllers.AppointmentController.Create (api)'
2025-11-04 14:12:36.405 +01:00 [INF] Request finished HTTP/1.1 POST http://localhost:5090/api/Appointment - 400 null text/plain; charset=utf-8 1.7906ms
2025-11-04 14:12:36.585 +01:00 [INF] Request starting HTTP/1.1 POST http://localhost:5090/api/Appointment - application/json 96
2025-11-04 14:12:36.586 +01:00 [INF] CORS policy execution successful.
2025-11-04 14:12:36.586 +01:00 [INF] Executing endpoint 'HomeCareApp.Controllers.AppointmentController.Create (api)'
2025-11-04 14:12:36.586 +01:00 [INF] Route matched with {action = "Create", controller = "Appointment"}. Executing controller action with signature System.Threading.Tasks.Task`1[Microsoft.AspNetCore.Mvc.IActionResult] Create(HomeCareApp.DTOs.AppointmentDto) on controller HomeCareApp.Controllers.AppointmentController (api).
2025-11-04 14:12:36.587 +01:00 [INF] Executing BadRequestObjectResult, writing value of type 'System.String'.
2025-11-04 14:12:36.587 +01:00 [INF] Executed action HomeCareApp.Controllers.AppointmentController.Create (api) in 0.8558ms
2025-11-04 14:12:36.587 +01:00 [INF] Executed endpoint 'HomeCareApp.Controllers.AppointmentController.Create (api)'
2025-11-04 14:12:36.587 +01:00 [INF] Request finished HTTP/1.1 POST http://localhost:5090/api/Appointment - 400 null text/plain; charset=utf-8 1.8266ms
2025-11-04 14:12:36.760 +01:00 [INF] Request starting HTTP/1.1 POST http://localhost:5090/api/Appointment - application/json 96
2025-11-04 14:12:36.761 +01:00 [INF] CORS policy execution successful.
2025-11-04 14:12:36.761 +01:00 [INF] Executing endpoint 'HomeCareApp.Controllers.AppointmentController.Create (api)'
2025-11-04 14:12:36.761 +01:00 [INF] Route matched with {action = "Create", controller = "Appointment"}. Executing controller action with signature System.Threading.Tasks.Task`1[Microsoft.AspNetCore.Mvc.IActionResult] Create(HomeCareApp.DTOs.AppointmentDto) on controller HomeCareApp.Controllers.AppointmentController (api).
2025-11-04 14:12:36.762 +01:00 [INF] Executing BadRequestObjectResult, writing value of type 'System.String'.
2025-11-04 14:12:36.762 +01:00 [INF] Executed action HomeCareApp.Controllers.AppointmentController.Create (api) in 0.78ms
2025-11-04 14:12:36.762 +01:00 [INF] Executed endpoint 'HomeCareApp.Controllers.AppointmentController.Create (api)'
2025-11-04 14:12:36.762 +01:00 [INF] Request finished HTTP/1.1 POST http://localhost:5090/api/Appointment - 400 null text/plain; charset=utf-8 1.8457ms
2025-11-04 14:12:36.918 +01:00 [INF] Request starting HTTP/1.1 POST http://localhost:5090/api/Appointment - application/json 96
2025-11-04 14:12:36.918 +01:00 [INF] CORS policy execution successful.
2025-11-04 14:12:36.919 +01:00 [INF] Executing endpoint 'HomeCareApp.Controllers.AppointmentController.Create (api)'
2025-11-04 14:12:36.919 +01:00 [INF] Route matched with {action = "Create", controller = "Appointment"}. Executing controller action with signature System.Threading.Tasks.Task`1[Microsoft.AspNetCore.Mvc.IActionResult] Create(HomeCareApp.DTOs.AppointmentDto) on controller HomeCareApp.Controllers.AppointmentController (api).
2025-11-04 14:12:36.920 +01:00 [INF] Executing BadRequestObjectResult, writing value of type 'System.String'.
2025-11-04 14:12:36.920 +01:00 [INF] Executed action HomeCareApp.Controllers.AppointmentController.Create (api) in 0.9815ms
2025-11-04 14:12:36.920 +01:00 [INF] Executed endpoint 'HomeCareApp.Controllers.AppointmentController.Create (api)'
2025-11-04 14:12:36.920 +01:00 [INF] Request finished HTTP/1.1 POST http://localhost:5090/api/Appointment - 400 null text/plain; charset=utf-8 2.086ms
2025-11-04 14:12:37.085 +01:00 [INF] Request starting HTTP/1.1 POST http://localhost:5090/api/Appointment - application/json 96
2025-11-04 14:12:37.085 +01:00 [INF] CORS policy execution successful.
2025-11-04 14:12:37.085 +01:00 [INF] Executing endpoint 'HomeCareApp.Controllers.AppointmentController.Create (api)'
2025-11-04 14:12:37.085 +01:00 [INF] Route matched with {action = "Create", controller = "Appointment"}. Executing controller action with signature System.Threading.Tasks.Task`1[Microsoft.AspNetCore.Mvc.IActionResult] Create(HomeCareApp.DTOs.AppointmentDto) on controller HomeCareApp.Controllers.AppointmentController (api).
2025-11-04 14:12:37.086 +01:00 [INF] Executing BadRequestObjectResult, writing value of type 'System.String'.
2025-11-04 14:12:37.086 +01:00 [INF] Executed action HomeCareApp.Controllers.AppointmentController.Create (api) in 1.0386ms
2025-11-04 14:12:37.086 +01:00 [INF] Executed endpoint 'HomeCareApp.Controllers.AppointmentController.Create (api)'
2025-11-04 14:12:37.087 +01:00 [INF] Request finished HTTP/1.1 POST http://localhost:5090/api/Appointment - 400 null text/plain; charset=utf-8 2.1066ms
2025-11-04 14:12:37.245 +01:00 [INF] Request starting HTTP/1.1 POST http://localhost:5090/api/Appointment - application/json 96
2025-11-04 14:12:37.245 +01:00 [INF] CORS policy execution successful.
2025-11-04 14:12:37.246 +01:00 [INF] Executing endpoint 'HomeCareApp.Controllers.AppointmentController.Create (api)'
2025-11-04 14:12:37.246 +01:00 [INF] Route matched with {action = "Create", controller = "Appointment"}. Executing controller action with signature System.Threading.Tasks.Task`1[Microsoft.AspNetCore.Mvc.IActionResult] Create(HomeCareApp.DTOs.AppointmentDto) on controller HomeCareApp.Controllers.AppointmentController (api).
2025-11-04 14:12:37.247 +01:00 [INF] Executing BadRequestObjectResult, writing value of type 'System.String'.
2025-11-04 14:12:37.248 +01:00 [INF] Executed action HomeCareApp.Controllers.AppointmentController.Create (api) in 1.8644ms
2025-11-04 14:12:37.248 +01:00 [INF] Executed endpoint 'HomeCareApp.Controllers.AppointmentController.Create (api)'
2025-11-04 14:12:37.248 +01:00 [INF] Request finished HTTP/1.1 POST http://localhost:5090/api/Appointment - 400 null text/plain; charset=utf-8 3.2868ms
2025-11-06 14:48:38.745 +01:00 [INF] Application is shutting down...
