2025-11-27 14:28:30.228 +01:00 [INF] No migrations were applied. The database is already up to date.
2025-11-27 14:28:30.283 +01:00 [INF] No migrations were applied. The database is already up to date.
2025-11-27 14:28:30.348 +01:00 [INF] User profile is available. Using 'C:\Users\vilde\AppData\Local\ASP.NET\DataProtection-Keys' as key repository and Windows DPAPI to encrypt keys at rest.
2025-11-27 14:28:30.402 +01:00 [INF] Now listening on: http://localhost:5090
2025-11-27 14:28:30.405 +01:00 [INF] Application started. Press Ctrl+C to shut down.
2025-11-27 14:28:30.405 +01:00 [INF] Hosting environment: Development
2025-11-27 14:28:30.406 +01:00 [INF] Content root path: C:\Users\vilde\OneDrive\Documents\Homecare React\React-Homecare\api
2025-11-27 14:28:36.486 +01:00 [INF] Request starting HTTP/1.1 GET http://localhost:5090/ - null null
2025-11-27 14:28:36.561 +01:00 [INF] Request finished HTTP/1.1 GET http://localhost:5090/ - 404 0 null 75.3766ms
2025-11-27 14:28:36.565 +01:00 [INF] Request reached the end of the middleware pipeline without being handled by application code. Request path: GET http://localhost:5090/, Response status code: 404
2025-11-27 14:28:38.868 +01:00 [INF] Request starting HTTP/1.1 GET http://localhost:5090/ - null null
2025-11-27 14:28:38.872 +01:00 [INF] Request finished HTTP/1.1 GET http://localhost:5090/ - 404 0 null 4.3266ms
2025-11-27 14:28:38.873 +01:00 [INF] Request reached the end of the middleware pipeline without being handled by application code. Request path: GET http://localhost:5090/, Response status code: 404
2025-11-27 14:28:48.679 +01:00 [INF] Request starting HTTP/1.1 OPTIONS http://localhost:5090/api/Notification/unread-count - null null
2025-11-27 14:28:48.683 +01:00 [INF] CORS policy execution successful.
2025-11-27 14:28:48.684 +01:00 [INF] Request finished HTTP/1.1 OPTIONS http://localhost:5090/api/Notification/unread-count - 204 null null 5.0581ms
2025-11-27 14:28:48.687 +01:00 [INF] Request starting HTTP/1.1 GET http://localhost:5090/api/Notification/unread-count - application/json null
2025-11-27 14:28:48.688 +01:00 [INF] CORS policy execution successful.
2025-11-27 14:28:48.754 +01:00 [INF] Executing endpoint 'HomeCareApp.Controllers.NotificationController.GetUnreadCount (api)'
2025-11-27 14:28:48.766 +01:00 [INF] Route matched with {action = "GetUnreadCount", controller = "Notification"}. Executing controller action with signature System.Threading.Tasks.Task`1[Microsoft.AspNetCore.Mvc.ActionResult`1[System.Int32]] GetUnreadCount() on controller HomeCareApp.Controllers.NotificationController (api).
2025-11-27 14:28:48.769 +01:00 [INF] [NotificationController] Getting unread count for UserId: 3e910976-dd6e-460f-8989-036062624ad9
2025-11-27 14:28:48.770 +01:00 [INF] [NotificationRepository] GetUnreadCountAsync(3e910976-dd6e-460f-8989-036062624ad9) - Getting unread count for user
2025-11-27 14:28:49.093 +01:00 [INF] [NotificationRepository] GetUnreadCountAsync(3e910976-dd6e-460f-8989-036062624ad9) - User has 2 unread notifications
2025-11-27 14:28:49.093 +01:00 [INF] [NotificationController] Found 2 unread notifications for UserId: 3e910976-dd6e-460f-8989-036062624ad9
2025-11-27 14:28:49.103 +01:00 [INF] Executing OkObjectResult, writing value of type 'System.Int32'.
2025-11-27 14:28:49.157 +01:00 [INF] Executed action HomeCareApp.Controllers.NotificationController.GetUnreadCount (api) in 388.0691ms
2025-11-27 14:28:49.158 +01:00 [INF] Executed endpoint 'HomeCareApp.Controllers.NotificationController.GetUnreadCount (api)'
2025-11-27 14:28:49.160 +01:00 [INF] Request finished HTTP/1.1 GET http://localhost:5090/api/Notification/unread-count - 200 1 application/json; charset=utf-8 473.0308ms
2025-11-27 14:28:55.675 +01:00 [INF] Request starting HTTP/1.1 OPTIONS http://localhost:5090/api/Notification/unread-count - null null
2025-11-27 14:28:55.677 +01:00 [INF] CORS policy execution successful.
2025-11-27 14:28:55.677 +01:00 [INF] Request finished HTTP/1.1 OPTIONS http://localhost:5090/api/Notification/unread-count - 204 null null 1.9462ms
2025-11-27 14:28:55.681 +01:00 [INF] Request starting HTTP/1.1 GET http://localhost:5090/api/Notification/unread-count - application/json null
2025-11-27 14:28:55.682 +01:00 [INF] CORS policy execution successful.
2025-11-27 14:28:55.683 +01:00 [INF] Executing endpoint 'HomeCareApp.Controllers.NotificationController.GetUnreadCount (api)'
2025-11-27 14:28:55.684 +01:00 [INF] Route matched with {action = "GetUnreadCount", controller = "Notification"}. Executing controller action with signature System.Threading.Tasks.Task`1[Microsoft.AspNetCore.Mvc.ActionResult`1[System.Int32]] GetUnreadCount() on controller HomeCareApp.Controllers.NotificationController (api).
2025-11-27 14:28:55.684 +01:00 [INF] [NotificationController] Getting unread count for UserId: 3e910976-dd6e-460f-8989-036062624ad9
2025-11-27 14:28:55.684 +01:00 [INF] [NotificationRepository] GetUnreadCountAsync(3e910976-dd6e-460f-8989-036062624ad9) - Getting unread count for user
2025-11-27 14:28:55.690 +01:00 [INF] [NotificationRepository] GetUnreadCountAsync(3e910976-dd6e-460f-8989-036062624ad9) - User has 2 unread notifications
2025-11-27 14:28:55.690 +01:00 [INF] [NotificationController] Found 2 unread notifications for UserId: 3e910976-dd6e-460f-8989-036062624ad9
2025-11-27 14:28:55.691 +01:00 [INF] Executing OkObjectResult, writing value of type 'System.Int32'.
2025-11-27 14:28:55.692 +01:00 [INF] Executed action HomeCareApp.Controllers.NotificationController.GetUnreadCount (api) in 8.4681ms
2025-11-27 14:28:55.692 +01:00 [INF] Executed endpoint 'HomeCareApp.Controllers.NotificationController.GetUnreadCount (api)'
2025-11-27 14:28:55.693 +01:00 [INF] Request finished HTTP/1.1 GET http://localhost:5090/api/Notification/unread-count - 200 1 application/json; charset=utf-8 11.3366ms
2025-11-27 14:28:56.758 +01:00 [INF] Request starting HTTP/1.1 GET http://localhost:5090/api/patient/2 - null null
2025-11-27 14:28:56.759 +01:00 [INF] Executing endpoint '405 HTTP Method Not Supported'
2025-11-27 14:28:56.759 +01:00 [INF] Executed endpoint '405 HTTP Method Not Supported'
2025-11-27 14:28:56.759 +01:00 [INF] Request finished HTTP/1.1 GET http://localhost:5090/api/patient/2 - 405 0 null 1.1469ms
2025-11-27 14:29:25.684 +01:00 [INF] Request starting HTTP/1.1 OPTIONS http://localhost:5090/api/Notification/unread-count - null null
2025-11-27 14:29:25.684 +01:00 [INF] CORS policy execution successful.
2025-11-27 14:29:25.685 +01:00 [INF] Request finished HTTP/1.1 OPTIONS http://localhost:5090/api/Notification/unread-count - 204 null null 0.7054ms
2025-11-27 14:29:25.687 +01:00 [INF] Request starting HTTP/1.1 GET http://localhost:5090/api/Notification/unread-count - application/json null
2025-11-27 14:29:25.687 +01:00 [INF] CORS policy execution successful.
2025-11-27 14:29:25.688 +01:00 [INF] Executing endpoint 'HomeCareApp.Controllers.NotificationController.GetUnreadCount (api)'
2025-11-27 14:29:25.688 +01:00 [INF] Route matched with {action = "GetUnreadCount", controller = "Notification"}. Executing controller action with signature System.Threading.Tasks.Task`1[Microsoft.AspNetCore.Mvc.ActionResult`1[System.Int32]] GetUnreadCount() on controller HomeCareApp.Controllers.NotificationController (api).
2025-11-27 14:29:25.692 +01:00 [INF] [NotificationController] Getting unread count for UserId: 3e910976-dd6e-460f-8989-036062624ad9
2025-11-27 14:29:25.692 +01:00 [INF] [NotificationRepository] GetUnreadCountAsync(3e910976-dd6e-460f-8989-036062624ad9) - Getting unread count for user
2025-11-27 14:29:25.695 +01:00 [INF] [NotificationRepository] GetUnreadCountAsync(3e910976-dd6e-460f-8989-036062624ad9) - User has 2 unread notifications
2025-11-27 14:29:25.696 +01:00 [INF] [NotificationController] Found 2 unread notifications for UserId: 3e910976-dd6e-460f-8989-036062624ad9
2025-11-27 14:29:25.696 +01:00 [INF] Executing OkObjectResult, writing value of type 'System.Int32'.
2025-11-27 14:29:25.696 +01:00 [INF] Executed action HomeCareApp.Controllers.NotificationController.GetUnreadCount (api) in 7.9881ms
2025-11-27 14:29:25.696 +01:00 [INF] Executed endpoint 'HomeCareApp.Controllers.NotificationController.GetUnreadCount (api)'
2025-11-27 14:29:25.697 +01:00 [INF] Request finished HTTP/1.1 GET http://localhost:5090/api/Notification/unread-count - 200 1 application/json; charset=utf-8 9.9722ms
2025-11-27 14:29:48.687 +01:00 [INF] Request starting HTTP/1.1 OPTIONS http://localhost:5090/api/Notification/unread-count - null null
2025-11-27 14:29:48.688 +01:00 [INF] CORS policy execution successful.
2025-11-27 14:29:48.688 +01:00 [INF] Request finished HTTP/1.1 OPTIONS http://localhost:5090/api/Notification/unread-count - 204 null null 0.4452ms
2025-11-27 14:29:48.693 +01:00 [INF] Request starting HTTP/1.1 GET http://localhost:5090/api/Notification/unread-count - application/json null
2025-11-27 14:29:48.693 +01:00 [INF] CORS policy execution successful.
2025-11-27 14:29:48.694 +01:00 [INF] Executing endpoint 'HomeCareApp.Controllers.NotificationController.GetUnreadCount (api)'
2025-11-27 14:29:48.694 +01:00 [INF] Route matched with {action = "GetUnreadCount", controller = "Notification"}. Executing controller action with signature System.Threading.Tasks.Task`1[Microsoft.AspNetCore.Mvc.ActionResult`1[System.Int32]] GetUnreadCount() on controller HomeCareApp.Controllers.NotificationController (api).
2025-11-27 14:29:48.694 +01:00 [INF] [NotificationController] Getting unread count for UserId: 3e910976-dd6e-460f-8989-036062624ad9
2025-11-27 14:29:48.695 +01:00 [INF] [NotificationRepository] GetUnreadCountAsync(3e910976-dd6e-460f-8989-036062624ad9) - Getting unread count for user
2025-11-27 14:29:48.697 +01:00 [INF] [NotificationRepository] GetUnreadCountAsync(3e910976-dd6e-460f-8989-036062624ad9) - User has 2 unread notifications
2025-11-27 14:29:48.697 +01:00 [INF] [NotificationController] Found 2 unread notifications for UserId: 3e910976-dd6e-460f-8989-036062624ad9
2025-11-27 14:29:48.698 +01:00 [INF] Executing OkObjectResult, writing value of type 'System.Int32'.
2025-11-27 14:29:48.698 +01:00 [INF] Executed action HomeCareApp.Controllers.NotificationController.GetUnreadCount (api) in 3.8765ms
2025-11-27 14:29:48.698 +01:00 [INF] Executed endpoint 'HomeCareApp.Controllers.NotificationController.GetUnreadCount (api)'
2025-11-27 14:29:48.698 +01:00 [INF] Request finished HTTP/1.1 GET http://localhost:5090/api/Notification/unread-count - 200 1 application/json; charset=utf-8 5.1386ms
2025-11-27 14:30:26.690 +01:00 [INF] Request starting HTTP/1.1 OPTIONS http://localhost:5090/api/Notification/unread-count - null null
2025-11-27 14:30:26.691 +01:00 [INF] CORS policy execution successful.
2025-11-27 14:30:26.691 +01:00 [INF] Request finished HTTP/1.1 OPTIONS http://localhost:5090/api/Notification/unread-count - 204 null null 0.6184ms
2025-11-27 14:30:26.696 +01:00 [INF] Request starting HTTP/1.1 GET http://localhost:5090/api/Notification/unread-count - application/json null
2025-11-27 14:30:26.696 +01:00 [INF] CORS policy execution successful.
2025-11-27 14:30:26.698 +01:00 [INF] Executing endpoint 'HomeCareApp.Controllers.NotificationController.GetUnreadCount (api)'
2025-11-27 14:30:26.698 +01:00 [INF] Route matched with {action = "GetUnreadCount", controller = "Notification"}. Executing controller action with signature System.Threading.Tasks.Task`1[Microsoft.AspNetCore.Mvc.ActionResult`1[System.Int32]] GetUnreadCount() on controller HomeCareApp.Controllers.NotificationController (api).
2025-11-27 14:30:26.698 +01:00 [INF] [NotificationController] Getting unread count for UserId: 3e910976-dd6e-460f-8989-036062624ad9
2025-11-27 14:30:26.698 +01:00 [INF] [NotificationRepository] GetUnreadCountAsync(3e910976-dd6e-460f-8989-036062624ad9) - Getting unread count for user
2025-11-27 14:30:26.701 +01:00 [INF] [NotificationRepository] GetUnreadCountAsync(3e910976-dd6e-460f-8989-036062624ad9) - User has 2 unread notifications
2025-11-27 14:30:26.701 +01:00 [INF] [NotificationController] Found 2 unread notifications for UserId: 3e910976-dd6e-460f-8989-036062624ad9
2025-11-27 14:30:26.701 +01:00 [INF] Executing OkObjectResult, writing value of type 'System.Int32'.
2025-11-27 14:30:26.702 +01:00 [INF] Executed action HomeCareApp.Controllers.NotificationController.GetUnreadCount (api) in 3.6482ms
2025-11-27 14:30:26.702 +01:00 [INF] Executed endpoint 'HomeCareApp.Controllers.NotificationController.GetUnreadCount (api)'
2025-11-27 14:30:26.702 +01:00 [INF] Request finished HTTP/1.1 GET http://localhost:5090/api/Notification/unread-count - 200 1 application/json; charset=utf-8 6.7327ms
2025-11-27 14:30:48.682 +01:00 [INF] Request starting HTTP/1.1 OPTIONS http://localhost:5090/api/Notification/unread-count - null null
2025-11-27 14:30:48.683 +01:00 [INF] CORS policy execution successful.
2025-11-27 14:30:48.683 +01:00 [INF] Request finished HTTP/1.1 OPTIONS http://localhost:5090/api/Notification/unread-count - 204 null null 0.914ms
2025-11-27 14:30:48.685 +01:00 [INF] Request starting HTTP/1.1 GET http://localhost:5090/api/Notification/unread-count - application/json null
2025-11-27 14:30:48.685 +01:00 [INF] CORS policy execution successful.
2025-11-27 14:30:48.686 +01:00 [INF] Executing endpoint 'HomeCareApp.Controllers.NotificationController.GetUnreadCount (api)'
2025-11-27 14:30:48.686 +01:00 [INF] Route matched with {action = "GetUnreadCount", controller = "Notification"}. Executing controller action with signature System.Threading.Tasks.Task`1[Microsoft.AspNetCore.Mvc.ActionResult`1[System.Int32]] GetUnreadCount() on controller HomeCareApp.Controllers.NotificationController (api).
2025-11-27 14:30:48.686 +01:00 [INF] [NotificationController] Getting unread count for UserId: 3e910976-dd6e-460f-8989-036062624ad9
2025-11-27 14:30:48.686 +01:00 [INF] [NotificationRepository] GetUnreadCountAsync(3e910976-dd6e-460f-8989-036062624ad9) - Getting unread count for user
2025-11-27 14:30:48.688 +01:00 [INF] [NotificationRepository] GetUnreadCountAsync(3e910976-dd6e-460f-8989-036062624ad9) - User has 2 unread notifications
2025-11-27 14:30:48.688 +01:00 [INF] [NotificationController] Found 2 unread notifications for UserId: 3e910976-dd6e-460f-8989-036062624ad9
2025-11-27 14:30:48.688 +01:00 [INF] Executing OkObjectResult, writing value of type 'System.Int32'.
2025-11-27 14:30:48.688 +01:00 [INF] Executed action HomeCareApp.Controllers.NotificationController.GetUnreadCount (api) in 2.4349ms
2025-11-27 14:30:48.689 +01:00 [INF] Executed endpoint 'HomeCareApp.Controllers.NotificationController.GetUnreadCount (api)'
2025-11-27 14:30:48.689 +01:00 [INF] Request finished HTTP/1.1 GET http://localhost:5090/api/Notification/unread-count - 200 1 application/json; charset=utf-8 3.4143ms
2025-11-27 14:31:27.688 +01:00 [INF] Request starting HTTP/1.1 OPTIONS http://localhost:5090/api/Notification/unread-count - null null
2025-11-27 14:31:27.688 +01:00 [INF] CORS policy execution successful.
2025-11-27 14:31:27.689 +01:00 [INF] Request finished HTTP/1.1 OPTIONS http://localhost:5090/api/Notification/unread-count - 204 null null 0.7117ms
2025-11-27 14:31:27.691 +01:00 [INF] Request starting HTTP/1.1 GET http://localhost:5090/api/Notification/unread-count - application/json null
2025-11-27 14:31:27.691 +01:00 [INF] CORS policy execution successful.
2025-11-27 14:31:27.691 +01:00 [INF] Executing endpoint 'HomeCareApp.Controllers.NotificationController.GetUnreadCount (api)'
2025-11-27 14:31:27.691 +01:00 [INF] Route matched with {action = "GetUnreadCount", controller = "Notification"}. Executing controller action with signature System.Threading.Tasks.Task`1[Microsoft.AspNetCore.Mvc.ActionResult`1[System.Int32]] GetUnreadCount() on controller HomeCareApp.Controllers.NotificationController (api).
2025-11-27 14:31:27.691 +01:00 [INF] [NotificationController] Getting unread count for UserId: 3e910976-dd6e-460f-8989-036062624ad9
2025-11-27 14:31:27.692 +01:00 [INF] [NotificationRepository] GetUnreadCountAsync(3e910976-dd6e-460f-8989-036062624ad9) - Getting unread count for user
2025-11-27 14:31:27.694 +01:00 [INF] [NotificationRepository] GetUnreadCountAsync(3e910976-dd6e-460f-8989-036062624ad9) - User has 2 unread notifications
2025-11-27 14:31:27.695 +01:00 [INF] [NotificationController] Found 2 unread notifications for UserId: 3e910976-dd6e-460f-8989-036062624ad9
2025-11-27 14:31:27.695 +01:00 [INF] Executing OkObjectResult, writing value of type 'System.Int32'.
2025-11-27 14:31:27.695 +01:00 [INF] Executed action HomeCareApp.Controllers.NotificationController.GetUnreadCount (api) in 3.9396ms
2025-11-27 14:31:27.695 +01:00 [INF] Executed endpoint 'HomeCareApp.Controllers.NotificationController.GetUnreadCount (api)'
2025-11-27 14:31:27.696 +01:00 [INF] Request finished HTTP/1.1 GET http://localhost:5090/api/Notification/unread-count - 200 1 application/json; charset=utf-8 4.732ms
2025-11-27 14:31:48.683 +01:00 [INF] Request starting HTTP/1.1 OPTIONS http://localhost:5090/api/Notification/unread-count - null null
2025-11-27 14:31:48.683 +01:00 [INF] CORS policy execution successful.
2025-11-27 14:31:48.683 +01:00 [INF] Request finished HTTP/1.1 OPTIONS http://localhost:5090/api/Notification/unread-count - 204 null null 0.8871ms
2025-11-27 14:31:48.686 +01:00 [INF] Request starting HTTP/1.1 GET http://localhost:5090/api/Notification/unread-count - application/json null
2025-11-27 14:31:48.686 +01:00 [INF] CORS policy execution successful.
2025-11-27 14:31:48.687 +01:00 [INF] Executing endpoint 'HomeCareApp.Controllers.NotificationController.GetUnreadCount (api)'
2025-11-27 14:31:48.687 +01:00 [INF] Route matched with {action = "GetUnreadCount", controller = "Notification"}. Executing controller action with signature System.Threading.Tasks.Task`1[Microsoft.AspNetCore.Mvc.ActionResult`1[System.Int32]] GetUnreadCount() on controller HomeCareApp.Controllers.NotificationController (api).
2025-11-27 14:31:48.688 +01:00 [INF] [NotificationController] Getting unread count for UserId: 3e910976-dd6e-460f-8989-036062624ad9
2025-11-27 14:31:48.688 +01:00 [INF] [NotificationRepository] GetUnreadCountAsync(3e910976-dd6e-460f-8989-036062624ad9) - Getting unread count for user
2025-11-27 14:31:48.691 +01:00 [INF] [NotificationRepository] GetUnreadCountAsync(3e910976-dd6e-460f-8989-036062624ad9) - User has 2 unread notifications
2025-11-27 14:31:48.691 +01:00 [INF] [NotificationController] Found 2 unread notifications for UserId: 3e910976-dd6e-460f-8989-036062624ad9
2025-11-27 14:31:48.691 +01:00 [INF] Executing OkObjectResult, writing value of type 'System.Int32'.
2025-11-27 14:31:48.691 +01:00 [INF] Executed action HomeCareApp.Controllers.NotificationController.GetUnreadCount (api) in 3.9454ms
2025-11-27 14:31:48.692 +01:00 [INF] Executed endpoint 'HomeCareApp.Controllers.NotificationController.GetUnreadCount (api)'
2025-11-27 14:31:48.692 +01:00 [INF] Request finished HTTP/1.1 GET http://localhost:5090/api/Notification/unread-count - 200 1 application/json; charset=utf-8 5.5038ms
2025-11-27 14:32:28.678 +01:00 [INF] Request starting HTTP/1.1 OPTIONS http://localhost:5090/api/Notification/unread-count - null null
2025-11-27 14:32:28.678 +01:00 [INF] CORS policy execution successful.
2025-11-27 14:32:28.678 +01:00 [INF] Request finished HTTP/1.1 OPTIONS http://localhost:5090/api/Notification/unread-count - 204 null null 0.4374ms
2025-11-27 14:32:28.681 +01:00 [INF] Request starting HTTP/1.1 GET http://localhost:5090/api/Notification/unread-count - application/json null
2025-11-27 14:32:28.681 +01:00 [INF] CORS policy execution successful.
2025-11-27 14:32:28.682 +01:00 [INF] Executing endpoint 'HomeCareApp.Controllers.NotificationController.GetUnreadCount (api)'
2025-11-27 14:32:28.682 +01:00 [INF] Route matched with {action = "GetUnreadCount", controller = "Notification"}. Executing controller action with signature System.Threading.Tasks.Task`1[Microsoft.AspNetCore.Mvc.ActionResult`1[System.Int32]] GetUnreadCount() on controller HomeCareApp.Controllers.NotificationController (api).
2025-11-27 14:32:28.683 +01:00 [INF] [NotificationController] Getting unread count for UserId: 3e910976-dd6e-460f-8989-036062624ad9
2025-11-27 14:32:28.683 +01:00 [INF] [NotificationRepository] GetUnreadCountAsync(3e910976-dd6e-460f-8989-036062624ad9) - Getting unread count for user
2025-11-27 14:32:28.685 +01:00 [INF] [NotificationRepository] GetUnreadCountAsync(3e910976-dd6e-460f-8989-036062624ad9) - User has 2 unread notifications
2025-11-27 14:32:28.685 +01:00 [INF] [NotificationController] Found 2 unread notifications for UserId: 3e910976-dd6e-460f-8989-036062624ad9
2025-11-27 14:32:28.685 +01:00 [INF] Executing OkObjectResult, writing value of type 'System.Int32'.
2025-11-27 14:32:28.686 +01:00 [INF] Executed action HomeCareApp.Controllers.NotificationController.GetUnreadCount (api) in 3.1815ms
2025-11-27 14:32:28.686 +01:00 [INF] Executed endpoint 'HomeCareApp.Controllers.NotificationController.GetUnreadCount (api)'
2025-11-27 14:32:28.686 +01:00 [INF] Request finished HTTP/1.1 GET http://localhost:5090/api/Notification/unread-count - 200 1 application/json; charset=utf-8 5.1756ms
2025-11-27 14:32:46.693 +01:00 [INF] Application is shutting down...
