2025-11-10 23:10:07.341 +01:00 [INF] No migrations were applied. The database is already up to date.
2025-11-10 23:10:07.503 +01:00 [INF] No migrations were applied. The database is already up to date.
2025-11-10 23:10:08.551 +01:00 [INF] User profile is available. Using 'C:\Users\katar\AppData\Local\ASP.NET\DataProtection-Keys' as key repository and Windows DPAPI to encrypt keys at rest.
2025-11-10 23:10:08.667 +01:00 [INF] Now listening on: http://localhost:5090
2025-11-10 23:10:08.675 +01:00 [INF] Application started. Press Ctrl+C to shut down.
2025-11-10 23:10:08.676 +01:00 [INF] Hosting environment: Development
2025-11-10 23:10:08.716 +01:00 [INF] Content root path: C:\ReactEksamen\React-Homecare\api
2025-11-10 23:10:17.451 +01:00 [INF] Request starting HTTP/1.1 GET http://localhost:5090/api/Appointment - null null
2025-11-10 23:10:17.556 +01:00 [INF] CORS policy execution successful.
2025-11-10 23:10:17.617 +01:00 [INF] Executing endpoint 'HomeCareApp.Controllers.AppointmentController.GetAppointments (api)'
2025-11-10 23:10:17.641 +01:00 [INF] Route matched with {action = "GetAppointments", controller = "Appointment"}. Executing controller action with signature System.Threading.Tasks.Task`1[Microsoft.AspNetCore.Mvc.IActionResult] GetAppointments() on controller HomeCareApp.Controllers.AppointmentController (api).
2025-11-10 23:10:17.865 +01:00 [INF] Executing OkObjectResult, writing value of type 'System.Linq.Enumerable+SelectListIterator`2[[HomeCareApp.Models.Appointment, api, Version=1.0.0.0, Culture=neutral, PublicKeyToken=null],[HomeCareApp.DTOs.AppointmentDto, api, Version=1.0.0.0, Culture=neutral, PublicKeyToken=null]]'.
2025-11-10 23:10:18.032 +01:00 [INF] Executed action HomeCareApp.Controllers.AppointmentController.GetAppointments (api) in 380.7756ms
2025-11-10 23:10:18.034 +01:00 [INF] Executed endpoint 'HomeCareApp.Controllers.AppointmentController.GetAppointments (api)'
2025-11-10 23:10:18.042 +01:00 [INF] Request finished HTTP/1.1 GET http://localhost:5090/api/Appointment - 200 656 application/json; charset=utf-8 593.7783ms
2025-11-10 23:10:18.047 +01:00 [INF] Request starting HTTP/1.1 GET http://localhost:5090/api/Appointment - null null
2025-11-10 23:10:18.051 +01:00 [INF] CORS policy execution successful.
2025-11-10 23:10:18.054 +01:00 [INF] Executing endpoint 'HomeCareApp.Controllers.AppointmentController.GetAppointments (api)'
2025-11-10 23:10:18.055 +01:00 [INF] Route matched with {action = "GetAppointments", controller = "Appointment"}. Executing controller action with signature System.Threading.Tasks.Task`1[Microsoft.AspNetCore.Mvc.IActionResult] GetAppointments() on controller HomeCareApp.Controllers.AppointmentController (api).
2025-11-10 23:10:18.068 +01:00 [INF] Executing OkObjectResult, writing value of type 'System.Linq.Enumerable+SelectListIterator`2[[HomeCareApp.Models.Appointment, api, Version=1.0.0.0, Culture=neutral, PublicKeyToken=null],[HomeCareApp.DTOs.AppointmentDto, api, Version=1.0.0.0, Culture=neutral, PublicKeyToken=null]]'.
2025-11-10 23:10:18.070 +01:00 [INF] Executed action HomeCareApp.Controllers.AppointmentController.GetAppointments (api) in 15.156ms
2025-11-10 23:10:18.071 +01:00 [INF] Executed endpoint 'HomeCareApp.Controllers.AppointmentController.GetAppointments (api)'
2025-11-10 23:10:18.072 +01:00 [INF] Request finished HTTP/1.1 GET http://localhost:5090/api/Appointment - 200 656 application/json; charset=utf-8 24.6402ms
