2025-11-04 12:43:37.040 +01:00 [INF] No migrations were applied. The database is already up to date.
2025-11-04 12:43:37.103 +01:00 [INF] No migrations were applied. The database is already up to date.
2025-11-04 12:43:37.495 +01:00 [INF] User profile is available. Using 'C:\Users\B\AppData\Local\ASP.NET\DataProtection-Keys' as key repository and Windows DPAPI to encrypt keys at rest.
2025-11-04 12:43:37.537 +01:00 [INF] Now listening on: http://localhost:5090
2025-11-04 12:43:37.539 +01:00 [INF] Application started. Press Ctrl+C to shut down.
2025-11-04 12:43:37.539 +01:00 [INF] Hosting environment: Development
2025-11-04 12:43:37.573 +01:00 [INF] Content root path: C:\Users\B\Documents\ITPE3200\React-Homecare\api
2025-11-04 12:43:59.444 +01:00 [INF] Request starting HTTP/1.1 OPTIONS http://localhost:5090/api/Auth/register - null null
2025-11-04 12:43:59.471 +01:00 [INF] CORS policy execution successful.
2025-11-04 12:43:59.475 +01:00 [INF] Request finished HTTP/1.1 OPTIONS http://localhost:5090/api/Auth/register - 204 null null 32.2519ms
2025-11-04 12:43:59.478 +01:00 [INF] Request starting HTTP/1.1 POST http://localhost:5090/api/Auth/register - application/json 96
2025-11-04 12:43:59.482 +01:00 [INF] CORS policy execution successful.
2025-11-04 12:43:59.493 +01:00 [INF] Executing endpoint 'HomeCareApp.Controllers.AuthController.Register (api)'
2025-11-04 12:43:59.504 +01:00 [INF] Route matched with {action = "Register", controller = "Auth"}. Executing controller action with signature System.Threading.Tasks.Task`1[Microsoft.AspNetCore.Mvc.IActionResult] Register(HomeCareApp.DTOs.RegisterDto) on controller HomeCareApp.Controllers.AuthController (api).
2025-11-04 12:43:59.696 +01:00 [WRN] [AuthAPIController] user registration failed for Susanne
2025-11-04 12:43:59.700 +01:00 [INF] Executing BadRequestObjectResult, writing value of type 'System.Linq.Enumerable+SelectListIterator`2[[Microsoft.AspNetCore.Identity.IdentityError, Microsoft.Extensions.Identity.Core, Version=8.0.0.0, Culture=neutral, PublicKeyToken=adb9793829ddae60],[<>f__AnonymousType1`2[[System.String, System.Private.CoreLib, Version=8.0.0.0, Culture=neutral, PublicKeyToken=7cec85d7bea7798e],[System.String, System.Private.CoreLib, Version=8.0.0.0, Culture=neutral, PublicKeyToken=7cec85d7bea7798e]], api, Version=1.0.0.0, Culture=neutral, PublicKeyToken=null]]'.
2025-11-04 12:43:59.732 +01:00 [INF] Executed action HomeCareApp.Controllers.AuthController.Register (api) in 224.653ms
2025-11-04 12:43:59.732 +01:00 [INF] Executed endpoint 'HomeCareApp.Controllers.AuthController.Register (api)'
2025-11-04 12:43:59.735 +01:00 [INF] Request finished HTTP/1.1 POST http://localhost:5090/api/Auth/register - 400 83 application/json; charset=utf-8 256.9443ms
2025-11-04 12:44:08.114 +01:00 [INF] Request starting HTTP/1.1 OPTIONS http://localhost:5090/api/Auth/login - null null
2025-11-04 12:44:08.115 +01:00 [INF] CORS policy execution successful.
2025-11-04 12:44:08.116 +01:00 [INF] Request finished HTTP/1.1 OPTIONS http://localhost:5090/api/Auth/login - 204 null null 1.7118ms
2025-11-04 12:44:08.117 +01:00 [INF] Request starting HTTP/1.1 POST http://localhost:5090/api/Auth/login - application/json 47
2025-11-04 12:44:08.117 +01:00 [INF] CORS policy execution successful.
2025-11-04 12:44:08.118 +01:00 [INF] Executing endpoint 'HomeCareApp.Controllers.AuthController.Login (api)'
2025-11-04 12:44:08.125 +01:00 [INF] Route matched with {action = "Login", controller = "Auth"}. Executing controller action with signature System.Threading.Tasks.Task`1[Microsoft.AspNetCore.Mvc.IActionResult] Login(HomeCareApp.DTOs.LoginDto) on controller HomeCareApp.Controllers.AuthController (api).
2025-11-04 12:44:08.197 +01:00 [INF] [AuthAPIController] user authorised for Susanne
2025-11-04 12:44:08.226 +01:00 [INF] [AuthAPIController] JWT token created for Susanne with roles Employee
2025-11-04 12:44:08.227 +01:00 [INF] [AuthAPIController] JWT token claims: sub=323b9948-0e66-4043-8e4b-81fe945da2b5, email=susanne@employee.com, http://schemas.xmlsoap.org/ws/2005/05/identity/claims/nameidentifier=323b9948-0e66-4043-8e4b-81fe945da2b5, http://schemas.xmlsoap.org/ws/2005/05/identity/claims/name=Susanne, username=Susanne, userid=323b9948-0e66-4043-8e4b-81fe945da2b5, nameid=323b9948-0e66-4043-8e4b-81fe945da2b5, jti=d271d5ba-a3f4-493d-bcf7-07a906637ece, iat=1762256648, http://schemas.microsoft.com/ws/2008/06/identity/claims/role=Employee, role=Employee
2025-11-04 12:44:08.257 +01:00 [INF] Executing OkObjectResult, writing value of type '<>f__AnonymousType3`1[[System.String, System.Private.CoreLib, Version=8.0.0.0, Culture=neutral, PublicKeyToken=7cec85d7bea7798e]]'.
2025-11-04 12:44:08.259 +01:00 [INF] Executed action HomeCareApp.Controllers.AuthController.Login (api) in 133.8276ms
2025-11-04 12:44:08.259 +01:00 [INF] Executed endpoint 'HomeCareApp.Controllers.AuthController.Login (api)'
2025-11-04 12:44:08.259 +01:00 [INF] Request finished HTTP/1.1 POST http://localhost:5090/api/Auth/login - 200 877 application/json; charset=utf-8 142.4556ms
2025-11-04 12:44:08.296 +01:00 [INF] Request starting HTTP/1.1 GET http://localhost:5090/api/Appointment - null null
2025-11-04 12:44:08.301 +01:00 [INF] CORS policy execution successful.
2025-11-04 12:44:08.303 +01:00 [INF] Executing endpoint 'HomeCareApp.Controllers.AppointmentController.GetAppointments (api)'
2025-11-04 12:44:08.307 +01:00 [INF] Route matched with {action = "GetAppointments", controller = "Appointment"}. Executing controller action with signature System.Threading.Tasks.Task`1[Microsoft.AspNetCore.Mvc.IActionResult] GetAppointments() on controller HomeCareApp.Controllers.AppointmentController (api).
2025-11-04 12:44:08.346 +01:00 [INF] Executing OkObjectResult, writing value of type 'System.Linq.Enumerable+SelectListIterator`2[[HomeCareApp.Models.Appointment, api, Version=1.0.0.0, Culture=neutral, PublicKeyToken=null],[HomeCareApp.DTOs.AppointmentDto, api, Version=1.0.0.0, Culture=neutral, PublicKeyToken=null]]'.
2025-11-04 12:44:08.351 +01:00 [INF] Executed action HomeCareApp.Controllers.AppointmentController.GetAppointments (api) in 44.098ms
2025-11-04 12:44:08.351 +01:00 [INF] Executed endpoint 'HomeCareApp.Controllers.AppointmentController.GetAppointments (api)'
2025-11-04 12:44:08.351 +01:00 [INF] Request finished HTTP/1.1 GET http://localhost:5090/api/Appointment - 200 656 application/json; charset=utf-8 55.5874ms
2025-11-04 12:44:08.352 +01:00 [INF] Request starting HTTP/1.1 GET http://localhost:5090/api/Appointment - null null
2025-11-04 12:44:08.353 +01:00 [INF] CORS policy execution successful.
2025-11-04 12:44:08.353 +01:00 [INF] Executing endpoint 'HomeCareApp.Controllers.AppointmentController.GetAppointments (api)'
2025-11-04 12:44:08.353 +01:00 [INF] Route matched with {action = "GetAppointments", controller = "Appointment"}. Executing controller action with signature System.Threading.Tasks.Task`1[Microsoft.AspNetCore.Mvc.IActionResult] GetAppointments() on controller HomeCareApp.Controllers.AppointmentController (api).
2025-11-04 12:44:08.356 +01:00 [INF] Executing OkObjectResult, writing value of type 'System.Linq.Enumerable+SelectListIterator`2[[HomeCareApp.Models.Appointment, api, Version=1.0.0.0, Culture=neutral, PublicKeyToken=null],[HomeCareApp.DTOs.AppointmentDto, api, Version=1.0.0.0, Culture=neutral, PublicKeyToken=null]]'.
2025-11-04 12:44:08.356 +01:00 [INF] Executed action HomeCareApp.Controllers.AppointmentController.GetAppointments (api) in 2.9205ms
2025-11-04 12:44:08.356 +01:00 [INF] Executed endpoint 'HomeCareApp.Controllers.AppointmentController.GetAppointments (api)'
2025-11-04 12:44:08.356 +01:00 [INF] Request finished HTTP/1.1 GET http://localhost:5090/api/Appointment - 200 656 application/json; charset=utf-8 3.9573ms
2025-11-04 12:44:15.210 +01:00 [INF] Request starting HTTP/1.1 OPTIONS http://localhost:5090/api/employee/user/323b9948-0e66-4043-8e4b-81fe945da2b5 - null null
2025-11-04 12:44:15.211 +01:00 [INF] Request starting HTTP/1.1 OPTIONS http://localhost:5090/api/employee/user/323b9948-0e66-4043-8e4b-81fe945da2b5 - null null
2025-11-04 12:44:15.211 +01:00 [INF] CORS policy execution successful.
2025-11-04 12:44:15.211 +01:00 [INF] CORS policy execution successful.
2025-11-04 12:44:15.212 +01:00 [INF] Request finished HTTP/1.1 OPTIONS http://localhost:5090/api/employee/user/323b9948-0e66-4043-8e4b-81fe945da2b5 - 204 null null 0.8005ms
2025-11-04 12:44:15.212 +01:00 [INF] Request finished HTTP/1.1 OPTIONS http://localhost:5090/api/employee/user/323b9948-0e66-4043-8e4b-81fe945da2b5 - 204 null null 1.2258ms
2025-11-04 12:44:15.214 +01:00 [INF] Request starting HTTP/1.1 GET http://localhost:5090/api/employee/user/323b9948-0e66-4043-8e4b-81fe945da2b5 - application/json null
2025-11-04 12:44:15.215 +01:00 [INF] CORS policy execution successful.
2025-11-04 12:44:15.250 +01:00 [INF] Executing endpoint 'HomeCareApp.Controllers.EmployeeController.GetEmployeeByUserId (api)'
2025-11-04 12:44:15.253 +01:00 [INF] Route matched with {action = "GetEmployeeByUserId", controller = "Employee"}. Executing controller action with signature System.Threading.Tasks.Task`1[Microsoft.AspNetCore.Mvc.ActionResult`1[HomeCareApp.DTOs.EmployeeDto]] GetEmployeeByUserId(System.String) on controller HomeCareApp.Controllers.EmployeeController (api).
2025-11-04 12:44:15.278 +01:00 [INF] Executing NotFoundObjectResult, writing value of type 'System.String'.
2025-11-04 12:44:15.279 +01:00 [INF] Executed action HomeCareApp.Controllers.EmployeeController.GetEmployeeByUserId (api) in 26.8367ms
2025-11-04 12:44:15.280 +01:00 [INF] Executed endpoint 'HomeCareApp.Controllers.EmployeeController.GetEmployeeByUserId (api)'
2025-11-04 12:44:15.280 +01:00 [INF] Request finished HTTP/1.1 GET http://localhost:5090/api/employee/user/323b9948-0e66-4043-8e4b-81fe945da2b5 - 404 null text/plain; charset=utf-8 65.5938ms
2025-11-04 12:44:15.281 +01:00 [INF] Request starting HTTP/1.1 GET http://localhost:5090/api/employee/user/323b9948-0e66-4043-8e4b-81fe945da2b5 - application/json null
2025-11-04 12:44:15.282 +01:00 [INF] CORS policy execution successful.
2025-11-04 12:44:15.282 +01:00 [INF] Request starting HTTP/1.1 OPTIONS http://localhost:5090/api/Auth/create-profile - null null
2025-11-04 12:44:15.283 +01:00 [INF] CORS policy execution successful.
2025-11-04 12:44:15.283 +01:00 [INF] Request finished HTTP/1.1 OPTIONS http://localhost:5090/api/Auth/create-profile - 204 null null 0.7784ms
2025-11-04 12:44:15.284 +01:00 [INF] Executing endpoint 'HomeCareApp.Controllers.EmployeeController.GetEmployeeByUserId (api)'
2025-11-04 12:44:15.284 +01:00 [INF] Route matched with {action = "GetEmployeeByUserId", controller = "Employee"}. Executing controller action with signature System.Threading.Tasks.Task`1[Microsoft.AspNetCore.Mvc.ActionResult`1[HomeCareApp.DTOs.EmployeeDto]] GetEmployeeByUserId(System.String) on controller HomeCareApp.Controllers.EmployeeController (api).
2025-11-04 12:44:15.285 +01:00 [INF] Request starting HTTP/1.1 POST http://localhost:5090/api/Auth/create-profile - application/json 0
2025-11-04 12:44:15.285 +01:00 [INF] CORS policy execution successful.
2025-11-04 12:44:15.285 +01:00 [INF] Request finished HTTP/1.1 POST http://localhost:5090/api/Auth/create-profile - 404 0 null 0.5029ms
2025-11-04 12:44:15.286 +01:00 [INF] Request reached the end of the middleware pipeline without being handled by application code. Request path: POST http://localhost:5090/api/Auth/create-profile, Response status code: 404
2025-11-04 12:44:15.286 +01:00 [INF] Executing NotFoundObjectResult, writing value of type 'System.String'.
2025-11-04 12:44:15.287 +01:00 [INF] Executed action HomeCareApp.Controllers.EmployeeController.GetEmployeeByUserId (api) in 2.6035ms
2025-11-04 12:44:15.287 +01:00 [INF] Executed endpoint 'HomeCareApp.Controllers.EmployeeController.GetEmployeeByUserId (api)'
2025-11-04 12:44:15.287 +01:00 [INF] Request finished HTTP/1.1 GET http://localhost:5090/api/employee/user/323b9948-0e66-4043-8e4b-81fe945da2b5 - 404 null text/plain; charset=utf-8 5.5468ms
2025-11-04 12:44:15.294 +01:00 [INF] Request starting HTTP/1.1 POST http://localhost:5090/api/Auth/create-profile - application/json 0
2025-11-04 12:44:15.295 +01:00 [INF] CORS policy execution successful.
2025-11-04 12:44:15.296 +01:00 [INF] Request finished HTTP/1.1 POST http://localhost:5090/api/Auth/create-profile - 404 0 null 1.1059ms
2025-11-04 12:44:15.296 +01:00 [INF] Request reached the end of the middleware pipeline without being handled by application code. Request path: POST http://localhost:5090/api/Auth/create-profile, Response status code: 404
2025-11-04 12:46:55.557 +01:00 [INF] Request starting HTTP/1.1 OPTIONS http://localhost:5090/api/employee/user/323b9948-0e66-4043-8e4b-81fe945da2b5 - null null
2025-11-04 12:46:55.557 +01:00 [INF] Request starting HTTP/1.1 OPTIONS http://localhost:5090/api/employee/user/323b9948-0e66-4043-8e4b-81fe945da2b5 - null null
2025-11-04 12:46:55.557 +01:00 [INF] CORS policy execution successful.
2025-11-04 12:46:55.557 +01:00 [INF] CORS policy execution successful.
2025-11-04 12:46:55.558 +01:00 [INF] Request finished HTTP/1.1 OPTIONS http://localhost:5090/api/employee/user/323b9948-0e66-4043-8e4b-81fe945da2b5 - 204 null null 0.7742ms
2025-11-04 12:46:55.558 +01:00 [INF] Request finished HTTP/1.1 OPTIONS http://localhost:5090/api/employee/user/323b9948-0e66-4043-8e4b-81fe945da2b5 - 204 null null 0.5823ms
2025-11-04 12:46:55.559 +01:00 [INF] Request starting HTTP/1.1 GET http://localhost:5090/api/employee/user/323b9948-0e66-4043-8e4b-81fe945da2b5 - application/json null
2025-11-04 12:46:55.559 +01:00 [INF] CORS policy execution successful.
2025-11-04 12:46:55.562 +01:00 [INF] Executing endpoint 'HomeCareApp.Controllers.EmployeeController.GetEmployeeByUserId (api)'
2025-11-04 12:46:55.563 +01:00 [INF] Route matched with {action = "GetEmployeeByUserId", controller = "Employee"}. Executing controller action with signature System.Threading.Tasks.Task`1[Microsoft.AspNetCore.Mvc.ActionResult`1[HomeCareApp.DTOs.EmployeeDto]] GetEmployeeByUserId(System.String) on controller HomeCareApp.Controllers.EmployeeController (api).
2025-11-04 12:46:55.567 +01:00 [INF] Executing NotFoundObjectResult, writing value of type 'System.String'.
2025-11-04 12:46:55.568 +01:00 [INF] Executed action HomeCareApp.Controllers.EmployeeController.GetEmployeeByUserId (api) in 4.7978ms
2025-11-04 12:46:55.568 +01:00 [INF] Executed endpoint 'HomeCareApp.Controllers.EmployeeController.GetEmployeeByUserId (api)'
2025-11-04 12:46:55.568 +01:00 [INF] Request finished HTTP/1.1 GET http://localhost:5090/api/employee/user/323b9948-0e66-4043-8e4b-81fe945da2b5 - 404 null text/plain; charset=utf-8 8.8074ms
2025-11-04 12:46:55.569 +01:00 [INF] Request starting HTTP/1.1 GET http://localhost:5090/api/employee/user/323b9948-0e66-4043-8e4b-81fe945da2b5 - application/json null
2025-11-04 12:46:55.569 +01:00 [INF] CORS policy execution successful.
2025-11-04 12:46:55.570 +01:00 [INF] Executing endpoint 'HomeCareApp.Controllers.EmployeeController.GetEmployeeByUserId (api)'
2025-11-04 12:46:55.570 +01:00 [INF] Route matched with {action = "GetEmployeeByUserId", controller = "Employee"}. Executing controller action with signature System.Threading.Tasks.Task`1[Microsoft.AspNetCore.Mvc.ActionResult`1[HomeCareApp.DTOs.EmployeeDto]] GetEmployeeByUserId(System.String) on controller HomeCareApp.Controllers.EmployeeController (api).
2025-11-04 12:46:55.572 +01:00 [INF] Request starting HTTP/1.1 OPTIONS http://localhost:5090/api/Auth/create-profile - null null
2025-11-04 12:46:55.572 +01:00 [INF] CORS policy execution successful.
2025-11-04 12:46:55.572 +01:00 [INF] Request finished HTTP/1.1 OPTIONS http://localhost:5090/api/Auth/create-profile - 204 null null 0.3134ms
2025-11-04 12:46:55.572 +01:00 [INF] Executing NotFoundObjectResult, writing value of type 'System.String'.
2025-11-04 12:46:55.572 +01:00 [INF] Executed action HomeCareApp.Controllers.EmployeeController.GetEmployeeByUserId (api) in 2.4448ms
2025-11-04 12:46:55.572 +01:00 [INF] Executed endpoint 'HomeCareApp.Controllers.EmployeeController.GetEmployeeByUserId (api)'
2025-11-04 12:46:55.573 +01:00 [INF] Request finished HTTP/1.1 GET http://localhost:5090/api/employee/user/323b9948-0e66-4043-8e4b-81fe945da2b5 - 404 null text/plain; charset=utf-8 3.3554ms
2025-11-04 12:46:55.573 +01:00 [INF] Request starting HTTP/1.1 POST http://localhost:5090/api/Auth/create-profile - application/json 0
2025-11-04 12:46:55.574 +01:00 [INF] CORS policy execution successful.
2025-11-04 12:46:55.574 +01:00 [INF] Request finished HTTP/1.1 POST http://localhost:5090/api/Auth/create-profile - 404 0 null 1.1385ms
2025-11-04 12:46:55.575 +01:00 [INF] Request reached the end of the middleware pipeline without being handled by application code. Request path: POST http://localhost:5090/api/Auth/create-profile, Response status code: 404
2025-11-04 12:46:55.576 +01:00 [INF] Request starting HTTP/1.1 POST http://localhost:5090/api/Auth/create-profile - application/json 0
2025-11-04 12:46:55.576 +01:00 [INF] CORS policy execution successful.
2025-11-04 12:46:55.577 +01:00 [INF] Request finished HTTP/1.1 POST http://localhost:5090/api/Auth/create-profile - 404 0 null 1.063ms
2025-11-04 12:46:55.577 +01:00 [INF] Request reached the end of the middleware pipeline without being handled by application code. Request path: POST http://localhost:5090/api/Auth/create-profile, Response status code: 404
