2025-11-04 11:58:04.459 +01:00 [INF] No migrations were applied. The database is already up to date.
2025-11-04 11:58:04.500 +01:00 [INF] No migrations were applied. The database is already up to date.
2025-11-04 11:58:04.772 +01:00 [INF] User profile is available. Using 'C:\Users\B\AppData\Local\ASP.NET\DataProtection-Keys' as key repository and Windows DPAPI to encrypt keys at rest.
2025-11-04 11:58:04.806 +01:00 [INF] Now listening on: http://localhost:5090
2025-11-04 11:58:04.808 +01:00 [INF] Application started. Press Ctrl+C to shut down.
2025-11-04 11:58:04.808 +01:00 [INF] Hosting environment: Development
2025-11-04 11:58:04.810 +01:00 [INF] Content root path: C:\Users\B\Documents\ITPE3200\React-Homecare\api
2025-11-04 11:58:16.055 +01:00 [INF] Request starting HTTP/1.1 OPTIONS http://localhost:5090/api/employee/user/0efc71f3-6e02-45db-b102-1302e13d79d9 - null null
2025-11-04 11:58:16.055 +01:00 [INF] Request starting HTTP/1.1 OPTIONS http://localhost:5090/api/employee/user/0efc71f3-6e02-45db-b102-1302e13d79d9 - null null
2025-11-04 11:58:16.086 +01:00 [INF] CORS policy execution successful.
2025-11-04 11:58:16.086 +01:00 [INF] CORS policy execution successful.
2025-11-04 11:58:16.089 +01:00 [INF] Request finished HTTP/1.1 OPTIONS http://localhost:5090/api/employee/user/0efc71f3-6e02-45db-b102-1302e13d79d9 - 204 null null 35.9107ms
2025-11-04 11:58:16.089 +01:00 [INF] Request finished HTTP/1.1 OPTIONS http://localhost:5090/api/employee/user/0efc71f3-6e02-45db-b102-1302e13d79d9 - 204 null null 36.506ms
2025-11-04 11:58:16.090 +01:00 [INF] Request starting HTTP/1.1 GET http://localhost:5090/api/employee/user/0efc71f3-6e02-45db-b102-1302e13d79d9 - application/json null
2025-11-04 11:58:16.096 +01:00 [INF] CORS policy execution successful.
2025-11-04 11:58:16.155 +01:00 [INF] Executing endpoint 'HomeCareApp.Controllers.EmployeeController.GetEmployeeByUserId (api)'
2025-11-04 11:58:16.164 +01:00 [INF] Route matched with {action = "GetEmployeeByUserId", controller = "Employee"}. Executing controller action with signature System.Threading.Tasks.Task`1[Microsoft.AspNetCore.Mvc.ActionResult`1[HomeCareApp.DTOs.EmployeeDto]] GetEmployeeByUserId(System.String) on controller HomeCareApp.Controllers.EmployeeController (api).
2025-11-04 11:58:16.235 +01:00 [INF] Executing NotFoundObjectResult, writing value of type 'System.String'.
2025-11-04 11:58:16.238 +01:00 [INF] Request starting HTTP/1.1 GET http://localhost:5090/api/employee/user/0efc71f3-6e02-45db-b102-1302e13d79d9 - application/json null
2025-11-04 11:58:16.238 +01:00 [INF] CORS policy execution successful.
2025-11-04 11:58:16.238 +01:00 [INF] Executed action HomeCareApp.Controllers.EmployeeController.GetEmployeeByUserId (api) in 71.7555ms
2025-11-04 11:58:16.238 +01:00 [INF] Executed endpoint 'HomeCareApp.Controllers.EmployeeController.GetEmployeeByUserId (api)'
2025-11-04 11:58:16.240 +01:00 [INF] Executing endpoint 'HomeCareApp.Controllers.EmployeeController.GetEmployeeByUserId (api)'
2025-11-04 11:58:16.241 +01:00 [INF] Request finished HTTP/1.1 GET http://localhost:5090/api/employee/user/0efc71f3-6e02-45db-b102-1302e13d79d9 - 404 null text/plain; charset=utf-8 150.27ms
2025-11-04 11:58:16.241 +01:00 [INF] Route matched with {action = "GetEmployeeByUserId", controller = "Employee"}. Executing controller action with signature System.Threading.Tasks.Task`1[Microsoft.AspNetCore.Mvc.ActionResult`1[HomeCareApp.DTOs.EmployeeDto]] GetEmployeeByUserId(System.String) on controller HomeCareApp.Controllers.EmployeeController (api).
2025-11-04 11:58:16.241 +01:00 [INF] Request starting HTTP/1.1 OPTIONS http://localhost:5090/api/Auth/create-profile - null null
2025-11-04 11:58:16.241 +01:00 [INF] CORS policy execution successful.
2025-11-04 11:58:16.242 +01:00 [INF] Request finished HTTP/1.1 OPTIONS http://localhost:5090/api/Auth/create-profile - 204 null null 0.6279ms
2025-11-04 11:58:16.243 +01:00 [INF] Request starting HTTP/1.1 POST http://localhost:5090/api/Auth/create-profile - application/json 0
2025-11-04 11:58:16.245 +01:00 [INF] CORS policy execution successful.
2025-11-04 11:58:16.247 +01:00 [INF] Executing NotFoundObjectResult, writing value of type 'System.String'.
2025-11-04 11:58:16.248 +01:00 [INF] Executed action HomeCareApp.Controllers.EmployeeController.GetEmployeeByUserId (api) in 6.6625ms
2025-11-04 11:58:16.248 +01:00 [INF] Executed endpoint 'HomeCareApp.Controllers.EmployeeController.GetEmployeeByUserId (api)'
2025-11-04 11:58:16.248 +01:00 [INF] Request finished HTTP/1.1 GET http://localhost:5090/api/employee/user/0efc71f3-6e02-45db-b102-1302e13d79d9 - 404 null text/plain; charset=utf-8 10.098ms
2025-11-04 11:58:16.248 +01:00 [INF] Request finished HTTP/1.1 POST http://localhost:5090/api/Auth/create-profile - 404 0 null 5.0297ms
2025-11-04 11:58:16.248 +01:00 [INF] Request reached the end of the middleware pipeline without being handled by application code. Request path: POST http://localhost:5090/api/Auth/create-profile, Response status code: 404
2025-11-04 11:58:16.250 +01:00 [INF] Request starting HTTP/1.1 POST http://localhost:5090/api/Auth/create-profile - application/json 0
2025-11-04 11:58:16.250 +01:00 [INF] CORS policy execution successful.
2025-11-04 11:58:16.251 +01:00 [INF] Request finished HTTP/1.1 POST http://localhost:5090/api/Auth/create-profile - 404 0 null 0.5311ms
2025-11-04 11:58:16.251 +01:00 [INF] Request reached the end of the middleware pipeline without being handled by application code. Request path: POST http://localhost:5090/api/Auth/create-profile, Response status code: 404
2025-11-04 11:58:19.618 +01:00 [INF] Request starting HTTP/1.1 OPTIONS http://localhost:5090/api/Auth/delete-account - null null
2025-11-04 11:58:19.618 +01:00 [INF] CORS policy execution successful.
2025-11-04 11:58:19.619 +01:00 [INF] Request finished HTTP/1.1 OPTIONS http://localhost:5090/api/Auth/delete-account - 204 null null 1.2806ms
2025-11-04 11:58:19.621 +01:00 [INF] Request starting HTTP/1.1 DELETE http://localhost:5090/api/Auth/delete-account - application/json null
2025-11-04 11:58:19.621 +01:00 [INF] CORS policy execution successful.
2025-11-04 11:58:19.625 +01:00 [INF] Executing endpoint 'HomeCareApp.Controllers.AuthController.DeleteAccount (api)'
2025-11-04 11:58:19.634 +01:00 [INF] Route matched with {action = "DeleteAccount", controller = "Auth"}. Executing controller action with signature System.Threading.Tasks.Task`1[Microsoft.AspNetCore.Mvc.IActionResult] DeleteAccount() on controller HomeCareApp.Controllers.AuthController (api).
2025-11-04 11:58:19.646 +01:00 [INF] [AuthAPIController] All Claims: http://schemas.xmlsoap.org/ws/2005/05/identity/claims/nameidentifier=0efc71f3-6e02-45db-b102-1302e13d79d9, http://schemas.xmlsoap.org/ws/2005/05/identity/claims/emailaddress=susanne@employee.com, http://schemas.xmlsoap.org/ws/2005/05/identity/claims/nameidentifier=0efc71f3-6e02-45db-b102-1302e13d79d9, http://schemas.xmlsoap.org/ws/2005/05/identity/claims/name=Susanne, username=Susanne, userid=0efc71f3-6e02-45db-b102-1302e13d79d9, http://schemas.xmlsoap.org/ws/2005/05/identity/claims/nameidentifier=0efc71f3-6e02-45db-b102-1302e13d79d9, jti=c414351d-75a2-4f06-9f62-eb4d8c92e1bc, iat=1762253358, http://schemas.microsoft.com/ws/2008/06/identity/claims/role=Employee, http://schemas.microsoft.com/ws/2008/06/identity/claims/role=Employee, exp=1762260558, iss=HomeCareApp, aud=HomeCareApp
2025-11-04 11:58:19.646 +01:00 [INF] [AuthAPIController] All NameIdentifier claims: 0efc71f3-6e02-45db-b102-1302e13d79d9, 0efc71f3-6e02-45db-b102-1302e13d79d9, 0efc71f3-6e02-45db-b102-1302e13d79d9, nameid: null, sub: null, userid: 0efc71f3-6e02-45db-b102-1302e13d79d9, username: Susanne
2025-11-04 11:58:19.673 +01:00 [INF] [AuthAPIController] Found user by GUID ID: 0efc71f3-6e02-45db-b102-1302e13d79d9
2025-11-04 11:58:19.803 +01:00 [INF] [AuthAPIController] user account deleted for Susanne
2025-11-04 11:58:19.804 +01:00 [INF] Executing OkObjectResult, writing value of type '<>f__AnonymousType2`1[[System.String, System.Private.CoreLib, Version=8.0.0.0, Culture=neutral, PublicKeyToken=7cec85d7bea7798e]]'.
2025-11-04 11:58:19.847 +01:00 [INF] Executed action HomeCareApp.Controllers.AuthController.DeleteAccount (api) in 212.7709ms
2025-11-04 11:58:19.847 +01:00 [INF] Executed endpoint 'HomeCareApp.Controllers.AuthController.DeleteAccount (api)'
2025-11-04 11:58:19.847 +01:00 [INF] Request finished HTTP/1.1 DELETE http://localhost:5090/api/Auth/delete-account - 200 42 application/json; charset=utf-8 226.5847ms
2025-11-04 11:58:32.535 +01:00 [INF] Request starting HTTP/1.1 OPTIONS http://localhost:5090/api/Auth/register - null null
2025-11-04 11:58:32.536 +01:00 [INF] CORS policy execution successful.
2025-11-04 11:58:32.536 +01:00 [INF] Request finished HTTP/1.1 OPTIONS http://localhost:5090/api/Auth/register - 204 null null 1.2637ms
2025-11-04 11:58:32.538 +01:00 [INF] Request starting HTTP/1.1 POST http://localhost:5090/api/Auth/register - application/json 96
2025-11-04 11:58:32.538 +01:00 [INF] CORS policy execution successful.
2025-11-04 11:58:32.538 +01:00 [INF] Executing endpoint 'HomeCareApp.Controllers.AuthController.Register (api)'
2025-11-04 11:58:32.546 +01:00 [INF] Route matched with {action = "Register", controller = "Auth"}. Executing controller action with signature System.Threading.Tasks.Task`1[Microsoft.AspNetCore.Mvc.IActionResult] Register(HomeCareApp.DTOs.RegisterDto) on controller HomeCareApp.Controllers.AuthController (api).
2025-11-04 11:58:32.723 +01:00 [INF] [AuthAPIController] user registered for Susanne with role Employee
2025-11-04 11:58:32.723 +01:00 [INF] Executing OkObjectResult, writing value of type '<>f__AnonymousType2`1[[System.String, System.Private.CoreLib, Version=8.0.0.0, Culture=neutral, PublicKeyToken=7cec85d7bea7798e]]'.
2025-11-04 11:58:32.723 +01:00 [INF] Executed action HomeCareApp.Controllers.AuthController.Register (api) in 176.9792ms
2025-11-04 11:58:32.723 +01:00 [INF] Executed endpoint 'HomeCareApp.Controllers.AuthController.Register (api)'
2025-11-04 11:58:32.724 +01:00 [INF] Request finished HTTP/1.1 POST http://localhost:5090/api/Auth/register - 200 73 application/json; charset=utf-8 186.01ms
2025-11-04 11:58:36.449 +01:00 [INF] Request starting HTTP/1.1 OPTIONS http://localhost:5090/api/Auth/login - null null
2025-11-04 11:58:36.450 +01:00 [INF] CORS policy execution successful.
2025-11-04 11:58:36.450 +01:00 [INF] Request finished HTTP/1.1 OPTIONS http://localhost:5090/api/Auth/login - 204 null null 1.0721ms
2025-11-04 11:58:36.451 +01:00 [INF] Request starting HTTP/1.1 POST http://localhost:5090/api/Auth/login - application/json 47
2025-11-04 11:58:36.452 +01:00 [INF] CORS policy execution successful.
2025-11-04 11:58:36.452 +01:00 [INF] Executing endpoint 'HomeCareApp.Controllers.AuthController.Login (api)'
2025-11-04 11:58:36.456 +01:00 [INF] Route matched with {action = "Login", controller = "Auth"}. Executing controller action with signature System.Threading.Tasks.Task`1[Microsoft.AspNetCore.Mvc.IActionResult] Login(HomeCareApp.DTOs.LoginDto) on controller HomeCareApp.Controllers.AuthController (api).
2025-11-04 11:58:36.540 +01:00 [INF] [AuthAPIController] user authorised for Susanne
2025-11-04 11:58:36.544 +01:00 [INF] [AuthAPIController] JWT token created for Susanne with roles Employee
2025-11-04 11:58:36.544 +01:00 [INF] [AuthAPIController] JWT token claims: sub=323b9948-0e66-4043-8e4b-81fe945da2b5, email=susanne@employee.com, http://schemas.xmlsoap.org/ws/2005/05/identity/claims/nameidentifier=323b9948-0e66-4043-8e4b-81fe945da2b5, http://schemas.xmlsoap.org/ws/2005/05/identity/claims/name=Susanne, username=Susanne, userid=323b9948-0e66-4043-8e4b-81fe945da2b5, nameid=323b9948-0e66-4043-8e4b-81fe945da2b5, jti=e02ba48d-a12c-4e48-af1e-1220617ce46d, iat=1762253916, http://schemas.microsoft.com/ws/2008/06/identity/claims/role=Employee, role=Employee
2025-11-04 11:58:36.547 +01:00 [INF] Executing OkObjectResult, writing value of type '<>f__AnonymousType3`1[[System.String, System.Private.CoreLib, Version=8.0.0.0, Culture=neutral, PublicKeyToken=7cec85d7bea7798e]]'.
2025-11-04 11:58:36.548 +01:00 [INF] Executed action HomeCareApp.Controllers.AuthController.Login (api) in 91.7073ms
2025-11-04 11:58:36.548 +01:00 [INF] Executed endpoint 'HomeCareApp.Controllers.AuthController.Login (api)'
2025-11-04 11:58:36.548 +01:00 [INF] Request finished HTTP/1.1 POST http://localhost:5090/api/Auth/login - 200 877 application/json; charset=utf-8 96.4545ms
2025-11-04 11:58:36.565 +01:00 [INF] Request starting HTTP/1.1 GET http://localhost:5090/api/Appointment - null null
2025-11-04 11:58:36.566 +01:00 [INF] CORS policy execution successful.
2025-11-04 11:58:36.566 +01:00 [INF] Executing endpoint 'HomeCareApp.Controllers.AppointmentController.GetAppointments (api)'
2025-11-04 11:58:36.568 +01:00 [INF] Route matched with {action = "GetAppointments", controller = "Appointment"}. Executing controller action with signature System.Threading.Tasks.Task`1[Microsoft.AspNetCore.Mvc.IActionResult] GetAppointments() on controller HomeCareApp.Controllers.AppointmentController (api).
2025-11-04 11:58:36.583 +01:00 [INF] Executing OkObjectResult, writing value of type 'System.Linq.Enumerable+SelectListIterator`2[[HomeCareApp.Models.Appointment, api, Version=1.0.0.0, Culture=neutral, PublicKeyToken=null],[HomeCareApp.DTOs.AppointmentDto, api, Version=1.0.0.0, Culture=neutral, PublicKeyToken=null]]'.
2025-11-04 11:58:36.588 +01:00 [INF] Executed action HomeCareApp.Controllers.AppointmentController.GetAppointments (api) in 20.021ms
2025-11-04 11:58:36.588 +01:00 [INF] Executed endpoint 'HomeCareApp.Controllers.AppointmentController.GetAppointments (api)'
2025-11-04 11:58:36.588 +01:00 [INF] Request finished HTTP/1.1 GET http://localhost:5090/api/Appointment - 200 656 application/json; charset=utf-8 22.8586ms
2025-11-04 11:58:36.589 +01:00 [INF] Request starting HTTP/1.1 GET http://localhost:5090/api/Appointment - null null
2025-11-04 11:58:36.590 +01:00 [INF] CORS policy execution successful.
2025-11-04 11:58:36.590 +01:00 [INF] Executing endpoint 'HomeCareApp.Controllers.AppointmentController.GetAppointments (api)'
2025-11-04 11:58:36.590 +01:00 [INF] Route matched with {action = "GetAppointments", controller = "Appointment"}. Executing controller action with signature System.Threading.Tasks.Task`1[Microsoft.AspNetCore.Mvc.IActionResult] GetAppointments() on controller HomeCareApp.Controllers.AppointmentController (api).
2025-11-04 11:58:36.591 +01:00 [INF] Executing OkObjectResult, writing value of type 'System.Linq.Enumerable+SelectListIterator`2[[HomeCareApp.Models.Appointment, api, Version=1.0.0.0, Culture=neutral, PublicKeyToken=null],[HomeCareApp.DTOs.AppointmentDto, api, Version=1.0.0.0, Culture=neutral, PublicKeyToken=null]]'.
2025-11-04 11:58:36.591 +01:00 [INF] Executed action HomeCareApp.Controllers.AppointmentController.GetAppointments (api) in 1.5535ms
2025-11-04 11:58:36.591 +01:00 [INF] Executed endpoint 'HomeCareApp.Controllers.AppointmentController.GetAppointments (api)'
2025-11-04 11:58:36.591 +01:00 [INF] Request finished HTTP/1.1 GET http://localhost:5090/api/Appointment - 200 656 application/json; charset=utf-8 1.9879ms
