2025-11-27 15:39:00.212 +01:00 [INF] No migrations were applied. The database is already up to date.
2025-11-27 15:39:00.262 +01:00 [INF] No migrations were applied. The database is already up to date.
2025-11-27 15:39:00.344 +01:00 [INF] User profile is available. Using 'C:\Users\vilde\AppData\Local\ASP.NET\DataProtection-Keys' as key repository and Windows DPAPI to encrypt keys at rest.
2025-11-27 15:39:00.381 +01:00 [INF] Now listening on: http://localhost:5090
2025-11-27 15:39:00.383 +01:00 [INF] Application started. Press Ctrl+C to shut down.
2025-11-27 15:39:00.383 +01:00 [INF] Hosting environment: Development
2025-11-27 15:39:00.385 +01:00 [INF] Content root path: C:\Users\vilde\OneDrive\Documents\Homecare React\React-Homecare\api
2025-11-27 15:39:02.908 +01:00 [INF] Request starting HTTP/1.1 OPTIONS http://localhost:5090/api/Notification/unread-count - null null
2025-11-27 15:39:02.908 +01:00 [INF] Request starting HTTP/1.1 OPTIONS http://localhost:5090/api/Notification/unread-count - null null
2025-11-27 15:39:02.943 +01:00 [INF] CORS policy execution successful.
2025-11-27 15:39:02.943 +01:00 [INF] CORS policy execution successful.
2025-11-27 15:39:02.949 +01:00 [INF] Request finished HTTP/1.1 OPTIONS http://localhost:5090/api/Notification/unread-count - 204 null null 43.3773ms
2025-11-27 15:39:02.950 +01:00 [INF] Request finished HTTP/1.1 OPTIONS http://localhost:5090/api/Notification/unread-count - 204 null null 43.5471ms
2025-11-27 15:39:02.954 +01:00 [INF] Request starting HTTP/1.1 GET http://localhost:5090/api/Notification/unread-count - application/json null
2025-11-27 15:39:02.963 +01:00 [INF] CORS policy execution successful.
2025-11-27 15:39:03.086 +01:00 [INF] Executing endpoint 'HomeCareApp.Controllers.NotificationController.GetUnreadCount (api)'
2025-11-27 15:39:03.103 +01:00 [INF] Route matched with {action = "GetUnreadCount", controller = "Notification"}. Executing controller action with signature System.Threading.Tasks.Task`1[Microsoft.AspNetCore.Mvc.ActionResult`1[System.Int32]] GetUnreadCount() on controller HomeCareApp.Controllers.NotificationController (api).
2025-11-27 15:39:03.107 +01:00 [INF] [NotificationController] Getting unread count for UserId: 3e07cffa-0932-44eb-a818-3c42976e81f7
2025-11-27 15:39:03.109 +01:00 [INF] [NotificationRepository] GetUnreadCountAsync(3e07cffa-0932-44eb-a818-3c42976e81f7) - Getting unread count for user
2025-11-27 15:39:03.565 +01:00 [INF] [NotificationRepository] GetUnreadCountAsync(3e07cffa-0932-44eb-a818-3c42976e81f7) - User has 2 unread notifications
2025-11-27 15:39:03.565 +01:00 [INF] [NotificationController] Found 2 unread notifications for UserId: 3e07cffa-0932-44eb-a818-3c42976e81f7
2025-11-27 15:39:03.577 +01:00 [INF] Executing OkObjectResult, writing value of type 'System.Int32'.
2025-11-27 15:39:03.638 +01:00 [INF] Request starting HTTP/1.1 GET http://localhost:5090/api/Notification/unread-count - application/json null
2025-11-27 15:39:03.639 +01:00 [INF] CORS policy execution successful.
2025-11-27 15:39:03.642 +01:00 [INF] Executing endpoint 'HomeCareApp.Controllers.NotificationController.GetUnreadCount (api)'
2025-11-27 15:39:03.643 +01:00 [INF] Route matched with {action = "GetUnreadCount", controller = "Notification"}. Executing controller action with signature System.Threading.Tasks.Task`1[Microsoft.AspNetCore.Mvc.ActionResult`1[System.Int32]] GetUnreadCount() on controller HomeCareApp.Controllers.NotificationController (api).
2025-11-27 15:39:03.643 +01:00 [INF] Executed action HomeCareApp.Controllers.NotificationController.GetUnreadCount (api) in 533.8362ms
2025-11-27 15:39:03.643 +01:00 [INF] Executed endpoint 'HomeCareApp.Controllers.NotificationController.GetUnreadCount (api)'
2025-11-27 15:39:03.643 +01:00 [INF] [NotificationController] Getting unread count for UserId: 3e07cffa-0932-44eb-a818-3c42976e81f7
2025-11-27 15:39:03.643 +01:00 [INF] [NotificationRepository] GetUnreadCountAsync(3e07cffa-0932-44eb-a818-3c42976e81f7) - Getting unread count for user
2025-11-27 15:39:03.646 +01:00 [INF] Request finished HTTP/1.1 GET http://localhost:5090/api/Notification/unread-count - 200 1 application/json; charset=utf-8 692.7055ms
2025-11-27 15:39:03.653 +01:00 [INF] [NotificationRepository] GetUnreadCountAsync(3e07cffa-0932-44eb-a818-3c42976e81f7) - User has 2 unread notifications
2025-11-27 15:39:03.653 +01:00 [INF] [NotificationController] Found 2 unread notifications for UserId: 3e07cffa-0932-44eb-a818-3c42976e81f7
2025-11-27 15:39:03.654 +01:00 [INF] Executing OkObjectResult, writing value of type 'System.Int32'.
2025-11-27 15:39:03.655 +01:00 [INF] Executed action HomeCareApp.Controllers.NotificationController.GetUnreadCount (api) in 12.0565ms
2025-11-27 15:39:03.655 +01:00 [INF] Executed endpoint 'HomeCareApp.Controllers.NotificationController.GetUnreadCount (api)'
2025-11-27 15:39:03.655 +01:00 [INF] Request finished HTTP/1.1 GET http://localhost:5090/api/Notification/unread-count - 200 1 application/json; charset=utf-8 17.1835ms
2025-11-27 15:39:05.352 +01:00 [INF] Request starting HTTP/1.1 OPTIONS http://localhost:5090/api/patient/user/3e07cffa-0932-44eb-a818-3c42976e81f7 - null null
2025-11-27 15:39:05.352 +01:00 [INF] Request starting HTTP/1.1 OPTIONS http://localhost:5090/api/patient/user/3e07cffa-0932-44eb-a818-3c42976e81f7 - null null
2025-11-27 15:39:05.353 +01:00 [INF] CORS policy execution successful.
2025-11-27 15:39:05.353 +01:00 [INF] CORS policy execution successful.
2025-11-27 15:39:05.353 +01:00 [INF] Request finished HTTP/1.1 OPTIONS http://localhost:5090/api/patient/user/3e07cffa-0932-44eb-a818-3c42976e81f7 - 204 null null 0.7829ms
2025-11-27 15:39:05.353 +01:00 [INF] Request finished HTTP/1.1 OPTIONS http://localhost:5090/api/patient/user/3e07cffa-0932-44eb-a818-3c42976e81f7 - 204 null null 0.7828ms
2025-11-27 15:39:05.355 +01:00 [INF] Request starting HTTP/1.1 GET http://localhost:5090/api/patient/user/3e07cffa-0932-44eb-a818-3c42976e81f7 - application/json null
2025-11-27 15:39:05.356 +01:00 [INF] CORS policy execution successful.
2025-11-27 15:39:05.361 +01:00 [INF] Executing endpoint 'HomeCareApp.Controllers.PatientController.GetPatientByUserId (api)'
2025-11-27 15:39:05.372 +01:00 [INF] Route matched with {action = "GetPatientByUserId", controller = "Patient"}. Executing controller action with signature System.Threading.Tasks.Task`1[Microsoft.AspNetCore.Mvc.ActionResult`1[HomeCareApp.DTOs.PatientDto]] GetPatientByUserId(System.String) on controller HomeCareApp.Controllers.PatientController (api).
2025-11-27 15:39:05.388 +01:00 [INF] [PatientController] Getting patient by UserId: 3e07cffa-0932-44eb-a818-3c42976e81f7
2025-11-27 15:39:05.389 +01:00 [INF] [PatientRepository] GetAll() - Retrieving all patients
2025-11-27 15:39:05.443 +01:00 [INF] [PatientRepository] GetAll() - Successfully retrieved 1 patients
2025-11-27 15:39:05.443 +01:00 [INF] [PatientController] Total patients in database: 1
2025-11-27 15:39:05.444 +01:00 [INF] [PatientController] Successfully retrieved patient 1 for UserId: 3e07cffa-0932-44eb-a818-3c42976e81f7
2025-11-27 15:39:05.445 +01:00 [INF] Executing OkObjectResult, writing value of type 'HomeCareApp.DTOs.PatientDto'.
2025-11-27 15:39:05.476 +01:00 [INF] Executed action HomeCareApp.Controllers.PatientController.GetPatientByUserId (api) in 102.9272ms
2025-11-27 15:39:05.476 +01:00 [INF] Executed endpoint 'HomeCareApp.Controllers.PatientController.GetPatientByUserId (api)'
2025-11-27 15:39:05.476 +01:00 [INF] Request finished HTTP/1.1 GET http://localhost:5090/api/patient/user/3e07cffa-0932-44eb-a818-3c42976e81f7 - 200 220 application/json; charset=utf-8 120.5149ms
2025-11-27 15:39:05.476 +01:00 [INF] Request starting HTTP/1.1 GET http://localhost:5090/api/patient/user/3e07cffa-0932-44eb-a818-3c42976e81f7 - application/json null
2025-11-27 15:39:05.477 +01:00 [INF] CORS policy execution successful.
2025-11-27 15:39:05.477 +01:00 [INF] Executing endpoint 'HomeCareApp.Controllers.PatientController.GetPatientByUserId (api)'
2025-11-27 15:39:05.477 +01:00 [INF] Route matched with {action = "GetPatientByUserId", controller = "Patient"}. Executing controller action with signature System.Threading.Tasks.Task`1[Microsoft.AspNetCore.Mvc.ActionResult`1[HomeCareApp.DTOs.PatientDto]] GetPatientByUserId(System.String) on controller HomeCareApp.Controllers.PatientController (api).
2025-11-27 15:39:05.479 +01:00 [INF] [PatientController] Getting patient by UserId: 3e07cffa-0932-44eb-a818-3c42976e81f7
2025-11-27 15:39:05.479 +01:00 [INF] [PatientRepository] GetAll() - Retrieving all patients
2025-11-27 15:39:05.481 +01:00 [INF] [PatientRepository] GetAll() - Successfully retrieved 1 patients
2025-11-27 15:39:05.481 +01:00 [INF] [PatientController] Total patients in database: 1
2025-11-27 15:39:05.481 +01:00 [INF] [PatientController] Successfully retrieved patient 1 for UserId: 3e07cffa-0932-44eb-a818-3c42976e81f7
2025-11-27 15:39:05.481 +01:00 [INF] Executing OkObjectResult, writing value of type 'HomeCareApp.DTOs.PatientDto'.
2025-11-27 15:39:05.481 +01:00 [INF] Executed action HomeCareApp.Controllers.PatientController.GetPatientByUserId (api) in 3.8921ms
2025-11-27 15:39:05.482 +01:00 [INF] Executed endpoint 'HomeCareApp.Controllers.PatientController.GetPatientByUserId (api)'
2025-11-27 15:39:05.482 +01:00 [INF] Request finished HTTP/1.1 GET http://localhost:5090/api/patient/user/3e07cffa-0932-44eb-a818-3c42976e81f7 - 200 220 application/json; charset=utf-8 5.2272ms
2025-11-27 15:39:13.837 +01:00 [INF] Request starting HTTP/1.1 OPTIONS http://localhost:5090/api/patient/1 - null null
2025-11-27 15:39:13.838 +01:00 [INF] CORS policy execution successful.
2025-11-27 15:39:13.838 +01:00 [INF] Request finished HTTP/1.1 OPTIONS http://localhost:5090/api/patient/1 - 204 null null 0.7237ms
2025-11-27 15:39:13.840 +01:00 [INF] Request starting HTTP/1.1 PUT http://localhost:5090/api/patient/1 - application/json 250
2025-11-27 15:39:13.840 +01:00 [INF] CORS policy execution successful.
2025-11-27 15:39:13.841 +01:00 [INF] Executing endpoint 'HomeCareApp.Controllers.PatientController.Update (api)'
2025-11-27 15:39:13.848 +01:00 [INF] Route matched with {action = "Update", controller = "Patient"}. Executing controller action with signature System.Threading.Tasks.Task`1[Microsoft.AspNetCore.Mvc.IActionResult] Update(Int32, HomeCareApp.DTOs.PatientDto) on controller HomeCareApp.Controllers.PatientController (api).
2025-11-27 15:39:13.901 +01:00 [INF] [PatientRepository] GetPatientById(1) - Retrieving patient
2025-11-27 15:39:14.005 +01:00 [INF] [PatientRepository] GetPatientById(1) - Patient found: Vilde Nerem
2025-11-27 15:39:14.007 +01:00 [INF] [PatientRepository] Update() - Updating patient: Vilde Nerem (ID: 1)
2025-11-27 15:39:14.136 +01:00 [INF] [PatientRepository] Update() - Successfully updated patient: Vilde Nerem (ID: 1)
2025-11-27 15:39:14.136 +01:00 [INF] Executing OkObjectResult, writing value of type 'HomeCareApp.DTOs.PatientDto'.
2025-11-27 15:39:14.137 +01:00 [INF] Executed action HomeCareApp.Controllers.PatientController.Update (api) in 288.9557ms
2025-11-27 15:39:14.137 +01:00 [INF] Executed endpoint 'HomeCareApp.Controllers.PatientController.Update (api)'
2025-11-27 15:39:14.137 +01:00 [INF] Request finished HTTP/1.1 PUT http://localhost:5090/api/patient/1 - 200 230 application/json; charset=utf-8 297.2672ms
2025-11-27 15:39:14.142 +01:00 [INF] Request starting HTTP/1.1 OPTIONS http://localhost:5090/api/patient/user/3e07cffa-0932-44eb-a818-3c42976e81f7 - null null
2025-11-27 15:39:14.143 +01:00 [INF] CORS policy execution successful.
2025-11-27 15:39:14.143 +01:00 [INF] Request finished HTTP/1.1 OPTIONS http://localhost:5090/api/patient/user/3e07cffa-0932-44eb-a818-3c42976e81f7 - 204 null null 0.9413ms
2025-11-27 15:39:14.145 +01:00 [INF] Request starting HTTP/1.1 GET http://localhost:5090/api/patient/user/3e07cffa-0932-44eb-a818-3c42976e81f7 - application/json null
2025-11-27 15:39:14.145 +01:00 [INF] CORS policy execution successful.
2025-11-27 15:39:14.146 +01:00 [INF] Executing endpoint 'HomeCareApp.Controllers.PatientController.GetPatientByUserId (api)'
2025-11-27 15:39:14.146 +01:00 [INF] Route matched with {action = "GetPatientByUserId", controller = "Patient"}. Executing controller action with signature System.Threading.Tasks.Task`1[Microsoft.AspNetCore.Mvc.ActionResult`1[HomeCareApp.DTOs.PatientDto]] GetPatientByUserId(System.String) on controller HomeCareApp.Controllers.PatientController (api).
2025-11-27 15:39:14.147 +01:00 [INF] [PatientController] Getting patient by UserId: 3e07cffa-0932-44eb-a818-3c42976e81f7
2025-11-27 15:39:14.147 +01:00 [INF] [PatientRepository] GetAll() - Retrieving all patients
2025-11-27 15:39:14.149 +01:00 [INF] [PatientRepository] GetAll() - Successfully retrieved 1 patients
2025-11-27 15:39:14.149 +01:00 [INF] [PatientController] Total patients in database: 1
2025-11-27 15:39:14.150 +01:00 [INF] [PatientController] Successfully retrieved patient 1 for UserId: 3e07cffa-0932-44eb-a818-3c42976e81f7
2025-11-27 15:39:14.150 +01:00 [INF] Executing OkObjectResult, writing value of type 'HomeCareApp.DTOs.PatientDto'.
2025-11-27 15:39:14.151 +01:00 [INF] Executed action HomeCareApp.Controllers.PatientController.GetPatientByUserId (api) in 4.8292ms
2025-11-27 15:39:14.151 +01:00 [INF] Executed endpoint 'HomeCareApp.Controllers.PatientController.GetPatientByUserId (api)'
2025-11-27 15:39:14.151 +01:00 [INF] Request finished HTTP/1.1 GET http://localhost:5090/api/patient/user/3e07cffa-0932-44eb-a818-3c42976e81f7 - 200 229 application/json; charset=utf-8 6.0193ms
2025-11-27 15:39:33.690 +01:00 [INF] Request starting HTTP/1.1 OPTIONS http://localhost:5090/api/Notification/unread-count - null null
2025-11-27 15:39:33.690 +01:00 [INF] CORS policy execution successful.
2025-11-27 15:39:33.690 +01:00 [INF] Request finished HTTP/1.1 OPTIONS http://localhost:5090/api/Notification/unread-count - 204 null null 0.4052ms
2025-11-27 15:39:33.692 +01:00 [INF] Request starting HTTP/1.1 GET http://localhost:5090/api/Notification/unread-count - application/json null
2025-11-27 15:39:33.693 +01:00 [INF] CORS policy execution successful.
2025-11-27 15:39:33.693 +01:00 [INF] Executing endpoint 'HomeCareApp.Controllers.NotificationController.GetUnreadCount (api)'
2025-11-27 15:39:33.693 +01:00 [INF] Route matched with {action = "GetUnreadCount", controller = "Notification"}. Executing controller action with signature System.Threading.Tasks.Task`1[Microsoft.AspNetCore.Mvc.ActionResult`1[System.Int32]] GetUnreadCount() on controller HomeCareApp.Controllers.NotificationController (api).
2025-11-27 15:39:33.695 +01:00 [INF] [NotificationController] Getting unread count for UserId: 3e07cffa-0932-44eb-a818-3c42976e81f7
2025-11-27 15:39:33.695 +01:00 [INF] [NotificationRepository] GetUnreadCountAsync(3e07cffa-0932-44eb-a818-3c42976e81f7) - Getting unread count for user
2025-11-27 15:39:33.697 +01:00 [INF] [NotificationRepository] GetUnreadCountAsync(3e07cffa-0932-44eb-a818-3c42976e81f7) - User has 2 unread notifications
2025-11-27 15:39:33.697 +01:00 [INF] [NotificationController] Found 2 unread notifications for UserId: 3e07cffa-0932-44eb-a818-3c42976e81f7
2025-11-27 15:39:33.697 +01:00 [INF] Executing OkObjectResult, writing value of type 'System.Int32'.
2025-11-27 15:39:33.698 +01:00 [INF] Executed action HomeCareApp.Controllers.NotificationController.GetUnreadCount (api) in 4.2928ms
2025-11-27 15:39:33.698 +01:00 [INF] Executed endpoint 'HomeCareApp.Controllers.NotificationController.GetUnreadCount (api)'
2025-11-27 15:39:33.698 +01:00 [INF] Request finished HTTP/1.1 GET http://localhost:5090/api/Notification/unread-count - 200 1 application/json; charset=utf-8 5.5512ms
2025-11-27 15:39:44.685 +01:00 [INF] Request starting HTTP/1.1 OPTIONS http://localhost:5090/api/Notification/unread-count - null null
2025-11-27 15:39:44.685 +01:00 [INF] CORS policy execution successful.
2025-11-27 15:39:44.686 +01:00 [INF] Request finished HTTP/1.1 OPTIONS http://localhost:5090/api/Notification/unread-count - 204 null null 1.0791ms
2025-11-27 15:39:44.690 +01:00 [INF] Request starting HTTP/1.1 GET http://localhost:5090/api/Notification/unread-count - application/json null
2025-11-27 15:39:44.690 +01:00 [INF] CORS policy execution successful.
2025-11-27 15:39:44.691 +01:00 [INF] Executing endpoint 'HomeCareApp.Controllers.NotificationController.GetUnreadCount (api)'
2025-11-27 15:39:44.691 +01:00 [INF] Route matched with {action = "GetUnreadCount", controller = "Notification"}. Executing controller action with signature System.Threading.Tasks.Task`1[Microsoft.AspNetCore.Mvc.ActionResult`1[System.Int32]] GetUnreadCount() on controller HomeCareApp.Controllers.NotificationController (api).
2025-11-27 15:39:44.692 +01:00 [INF] [NotificationController] Getting unread count for UserId: 3e07cffa-0932-44eb-a818-3c42976e81f7
2025-11-27 15:39:44.692 +01:00 [INF] [NotificationRepository] GetUnreadCountAsync(3e07cffa-0932-44eb-a818-3c42976e81f7) - Getting unread count for user
2025-11-27 15:39:44.695 +01:00 [INF] [NotificationRepository] GetUnreadCountAsync(3e07cffa-0932-44eb-a818-3c42976e81f7) - User has 2 unread notifications
2025-11-27 15:39:44.695 +01:00 [INF] [NotificationController] Found 2 unread notifications for UserId: 3e07cffa-0932-44eb-a818-3c42976e81f7
2025-11-27 15:39:44.695 +01:00 [INF] Executing OkObjectResult, writing value of type 'System.Int32'.
2025-11-27 15:39:44.696 +01:00 [INF] Executed action HomeCareApp.Controllers.NotificationController.GetUnreadCount (api) in 4.1242ms
2025-11-27 15:39:44.696 +01:00 [INF] Executed endpoint 'HomeCareApp.Controllers.NotificationController.GetUnreadCount (api)'
2025-11-27 15:39:44.696 +01:00 [INF] Request finished HTTP/1.1 GET http://localhost:5090/api/Notification/unread-count - 200 1 application/json; charset=utf-8 6.3217ms
2025-11-27 15:39:48.700 +01:00 [INF] Request starting HTTP/1.1 GET http://localhost:5090/api/Notification/unread-count - application/json null
2025-11-27 15:39:48.700 +01:00 [INF] CORS policy execution successful.
2025-11-27 15:39:48.701 +01:00 [INF] Executing endpoint 'HomeCareApp.Controllers.NotificationController.GetUnreadCount (api)'
2025-11-27 15:39:48.702 +01:00 [INF] Route matched with {action = "GetUnreadCount", controller = "Notification"}. Executing controller action with signature System.Threading.Tasks.Task`1[Microsoft.AspNetCore.Mvc.ActionResult`1[System.Int32]] GetUnreadCount() on controller HomeCareApp.Controllers.NotificationController (api).
2025-11-27 15:39:48.702 +01:00 [INF] [NotificationController] Getting unread count for UserId: 3e07cffa-0932-44eb-a818-3c42976e81f7
2025-11-27 15:39:48.702 +01:00 [INF] [NotificationRepository] GetUnreadCountAsync(3e07cffa-0932-44eb-a818-3c42976e81f7) - Getting unread count for user
2025-11-27 15:39:48.703 +01:00 [INF] [NotificationRepository] GetUnreadCountAsync(3e07cffa-0932-44eb-a818-3c42976e81f7) - User has 2 unread notifications
2025-11-27 15:39:48.703 +01:00 [INF] [NotificationController] Found 2 unread notifications for UserId: 3e07cffa-0932-44eb-a818-3c42976e81f7
2025-11-27 15:39:48.704 +01:00 [INF] Executing OkObjectResult, writing value of type 'System.Int32'.
2025-11-27 15:39:48.704 +01:00 [INF] Executed action HomeCareApp.Controllers.NotificationController.GetUnreadCount (api) in 2.2265ms
2025-11-27 15:39:48.704 +01:00 [INF] Executed endpoint 'HomeCareApp.Controllers.NotificationController.GetUnreadCount (api)'
2025-11-27 15:39:48.704 +01:00 [INF] Request finished HTTP/1.1 GET http://localhost:5090/api/Notification/unread-count - 200 1 application/json; charset=utf-8 3.8964ms
2025-11-27 15:39:48.705 +01:00 [INF] Request starting HTTP/1.1 GET http://localhost:5090/api/Notification/unread-count - application/json null
2025-11-27 15:39:48.705 +01:00 [INF] CORS policy execution successful.
2025-11-27 15:39:48.706 +01:00 [INF] Executing endpoint 'HomeCareApp.Controllers.NotificationController.GetUnreadCount (api)'
2025-11-27 15:39:48.706 +01:00 [INF] Route matched with {action = "GetUnreadCount", controller = "Notification"}. Executing controller action with signature System.Threading.Tasks.Task`1[Microsoft.AspNetCore.Mvc.ActionResult`1[System.Int32]] GetUnreadCount() on controller HomeCareApp.Controllers.NotificationController (api).
2025-11-27 15:39:48.707 +01:00 [INF] [NotificationController] Getting unread count for UserId: 3e07cffa-0932-44eb-a818-3c42976e81f7
2025-11-27 15:39:48.707 +01:00 [INF] [NotificationRepository] GetUnreadCountAsync(3e07cffa-0932-44eb-a818-3c42976e81f7) - Getting unread count for user
2025-11-27 15:39:48.708 +01:00 [INF] [NotificationRepository] GetUnreadCountAsync(3e07cffa-0932-44eb-a818-3c42976e81f7) - User has 2 unread notifications
2025-11-27 15:39:48.709 +01:00 [INF] [NotificationController] Found 2 unread notifications for UserId: 3e07cffa-0932-44eb-a818-3c42976e81f7
2025-11-27 15:39:48.709 +01:00 [INF] Executing OkObjectResult, writing value of type 'System.Int32'.
2025-11-27 15:39:48.709 +01:00 [INF] Executed action HomeCareApp.Controllers.NotificationController.GetUnreadCount (api) in 2.7296ms
2025-11-27 15:39:48.709 +01:00 [INF] Executed endpoint 'HomeCareApp.Controllers.NotificationController.GetUnreadCount (api)'
2025-11-27 15:39:48.709 +01:00 [INF] Request finished HTTP/1.1 GET http://localhost:5090/api/Notification/unread-count - 200 1 application/json; charset=utf-8 4.0671ms
2025-11-27 15:39:48.710 +01:00 [INF] Request starting HTTP/1.1 GET http://localhost:5090/api/Notification/unread-count - application/json null
2025-11-27 15:39:48.710 +01:00 [INF] CORS policy execution successful.
2025-11-27 15:39:48.711 +01:00 [INF] Executing endpoint 'HomeCareApp.Controllers.NotificationController.GetUnreadCount (api)'
2025-11-27 15:39:48.711 +01:00 [INF] Route matched with {action = "GetUnreadCount", controller = "Notification"}. Executing controller action with signature System.Threading.Tasks.Task`1[Microsoft.AspNetCore.Mvc.ActionResult`1[System.Int32]] GetUnreadCount() on controller HomeCareApp.Controllers.NotificationController (api).
2025-11-27 15:39:48.711 +01:00 [INF] [NotificationController] Getting unread count for UserId: 3e07cffa-0932-44eb-a818-3c42976e81f7
2025-11-27 15:39:48.711 +01:00 [INF] [NotificationRepository] GetUnreadCountAsync(3e07cffa-0932-44eb-a818-3c42976e81f7) - Getting unread count for user
2025-11-27 15:39:48.713 +01:00 [INF] [NotificationRepository] GetUnreadCountAsync(3e07cffa-0932-44eb-a818-3c42976e81f7) - User has 2 unread notifications
2025-11-27 15:39:48.713 +01:00 [INF] [NotificationController] Found 2 unread notifications for UserId: 3e07cffa-0932-44eb-a818-3c42976e81f7
2025-11-27 15:39:48.713 +01:00 [INF] Executing OkObjectResult, writing value of type 'System.Int32'.
2025-11-27 15:39:48.713 +01:00 [INF] Executed action HomeCareApp.Controllers.NotificationController.GetUnreadCount (api) in 2.0185ms
2025-11-27 15:39:48.713 +01:00 [INF] Executed endpoint 'HomeCareApp.Controllers.NotificationController.GetUnreadCount (api)'
2025-11-27 15:39:48.713 +01:00 [INF] Request finished HTTP/1.1 GET http://localhost:5090/api/Notification/unread-count - 200 1 application/json; charset=utf-8 3.3174ms
2025-11-27 15:39:48.715 +01:00 [INF] Request starting HTTP/1.1 GET http://localhost:5090/api/Notification/unread-count - application/json null
2025-11-27 15:39:48.715 +01:00 [INF] CORS policy execution successful.
2025-11-27 15:39:48.716 +01:00 [INF] Executing endpoint 'HomeCareApp.Controllers.NotificationController.GetUnreadCount (api)'
2025-11-27 15:39:48.716 +01:00 [INF] Route matched with {action = "GetUnreadCount", controller = "Notification"}. Executing controller action with signature System.Threading.Tasks.Task`1[Microsoft.AspNetCore.Mvc.ActionResult`1[System.Int32]] GetUnreadCount() on controller HomeCareApp.Controllers.NotificationController (api).
2025-11-27 15:39:48.716 +01:00 [INF] [NotificationController] Getting unread count for UserId: 3e07cffa-0932-44eb-a818-3c42976e81f7
2025-11-27 15:39:48.716 +01:00 [INF] [NotificationRepository] GetUnreadCountAsync(3e07cffa-0932-44eb-a818-3c42976e81f7) - Getting unread count for user
2025-11-27 15:39:48.719 +01:00 [INF] [NotificationRepository] GetUnreadCountAsync(3e07cffa-0932-44eb-a818-3c42976e81f7) - User has 2 unread notifications
2025-11-27 15:39:48.719 +01:00 [INF] [NotificationController] Found 2 unread notifications for UserId: 3e07cffa-0932-44eb-a818-3c42976e81f7
2025-11-27 15:39:48.720 +01:00 [INF] Executing OkObjectResult, writing value of type 'System.Int32'.
2025-11-27 15:39:48.721 +01:00 [INF] Executed action HomeCareApp.Controllers.NotificationController.GetUnreadCount (api) in 4.7225ms
2025-11-27 15:39:48.721 +01:00 [INF] Executed endpoint 'HomeCareApp.Controllers.NotificationController.GetUnreadCount (api)'
2025-11-27 15:39:48.721 +01:00 [INF] Request finished HTTP/1.1 GET http://localhost:5090/api/Notification/unread-count - 200 1 application/json; charset=utf-8 6.4987ms
2025-11-27 15:39:48.723 +01:00 [INF] Request starting HTTP/1.1 GET http://localhost:5090/api/Notification/unread-count - application/json null
2025-11-27 15:39:48.723 +01:00 [INF] CORS policy execution successful.
2025-11-27 15:39:48.724 +01:00 [INF] Executing endpoint 'HomeCareApp.Controllers.NotificationController.GetUnreadCount (api)'
2025-11-27 15:39:48.724 +01:00 [INF] Route matched with {action = "GetUnreadCount", controller = "Notification"}. Executing controller action with signature System.Threading.Tasks.Task`1[Microsoft.AspNetCore.Mvc.ActionResult`1[System.Int32]] GetUnreadCount() on controller HomeCareApp.Controllers.NotificationController (api).
2025-11-27 15:39:48.724 +01:00 [INF] [NotificationController] Getting unread count for UserId: 3e07cffa-0932-44eb-a818-3c42976e81f7
2025-11-27 15:39:48.724 +01:00 [INF] [NotificationRepository] GetUnreadCountAsync(3e07cffa-0932-44eb-a818-3c42976e81f7) - Getting unread count for user
2025-11-27 15:39:48.725 +01:00 [INF] [NotificationRepository] GetUnreadCountAsync(3e07cffa-0932-44eb-a818-3c42976e81f7) - User has 2 unread notifications
2025-11-27 15:39:48.726 +01:00 [INF] [NotificationController] Found 2 unread notifications for UserId: 3e07cffa-0932-44eb-a818-3c42976e81f7
2025-11-27 15:39:48.726 +01:00 [INF] Executing OkObjectResult, writing value of type 'System.Int32'.
2025-11-27 15:39:48.726 +01:00 [INF] Executed action HomeCareApp.Controllers.NotificationController.GetUnreadCount (api) in 2.0611ms
2025-11-27 15:39:48.726 +01:00 [INF] Executed endpoint 'HomeCareApp.Controllers.NotificationController.GetUnreadCount (api)'
2025-11-27 15:39:48.726 +01:00 [INF] Request finished HTTP/1.1 GET http://localhost:5090/api/Notification/unread-count - 200 1 application/json; charset=utf-8 3.399ms
2025-11-27 15:39:57.626 +01:00 [INF] Application is shutting down...
