2025-11-10 23:25:09.811 +01:00 [INF] No migrations were applied. The database is already up to date.
2025-11-10 23:25:09.868 +01:00 [INF] No migrations were applied. The database is already up to date.
2025-11-10 23:25:10.210 +01:00 [INF] User profile is available. Using 'C:\Users\nahid\AppData\Local\ASP.NET\DataProtection-Keys' as key repository and Windows DPAPI to encrypt keys at rest.
2025-11-10 23:25:10.258 +01:00 [INF] Now listening on: http://localhost:5090
2025-11-10 23:25:10.260 +01:00 [INF] Application started. Press Ctrl+C to shut down.
2025-11-10 23:25:10.261 +01:00 [INF] Hosting environment: Development
2025-11-10 23:25:10.261 +01:00 [INF] Content root path: C:\Users\nahid\OneDrive\Dokumenter\GitHub\React-Homecare\api
2025-11-10 23:25:13.684 +01:00 [INF] Request starting HTTP/1.1 OPTIONS http://localhost:5090/api/medication - null null
2025-11-10 23:25:13.684 +01:00 [INF] Request starting HTTP/1.1 OPTIONS http://localhost:5090/api/medication - null null
2025-11-10 23:25:13.714 +01:00 [INF] CORS policy execution successful.
2025-11-10 23:25:13.714 +01:00 [INF] CORS policy execution successful.
2025-11-10 23:25:13.716 +01:00 [INF] Request finished HTTP/1.1 OPTIONS http://localhost:5090/api/medication - 204 null null 33.5835ms
2025-11-10 23:25:13.716 +01:00 [INF] Request finished HTTP/1.1 OPTIONS http://localhost:5090/api/medication - 204 null null 33.5835ms
2025-11-10 23:25:13.718 +01:00 [INF] Request starting HTTP/1.1 GET http://localhost:5090/api/medication - application/json null
2025-11-10 23:25:13.722 +01:00 [INF] CORS policy execution successful.
2025-11-10 23:25:13.774 +01:00 [INF] Authorization failed. These requirements were not met:
RolesAuthorizationRequirement:User.IsInRole must be true for one of the following roles: (Employee)
2025-11-10 23:25:13.776 +01:00 [INF] AuthenticationScheme: Bearer was forbidden.
2025-11-10 23:25:13.776 +01:00 [INF] Request finished HTTP/1.1 GET http://localhost:5090/api/medication - 403 0 null 58.0872ms
2025-11-10 23:25:13.777 +01:00 [INF] Request starting HTTP/1.1 GET http://localhost:5090/api/medication - application/json null
2025-11-10 23:25:13.778 +01:00 [INF] CORS policy execution successful.
2025-11-10 23:25:13.780 +01:00 [INF] Authorization failed. These requirements were not met:
RolesAuthorizationRequirement:User.IsInRole must be true for one of the following roles: (Employee)
2025-11-10 23:25:13.781 +01:00 [INF] AuthenticationScheme: Bearer was forbidden.
2025-11-10 23:25:13.781 +01:00 [INF] Request finished HTTP/1.1 GET http://localhost:5090/api/medication - 403 0 null 3.6374ms
2025-11-10 23:25:23.729 +01:00 [INF] Request starting HTTP/1.1 OPTIONS http://localhost:5090/api/Auth/login - null null
2025-11-10 23:25:23.730 +01:00 [INF] CORS policy execution successful.
2025-11-10 23:25:23.730 +01:00 [INF] Request finished HTTP/1.1 OPTIONS http://localhost:5090/api/Auth/login - 204 null null 0.8801ms
2025-11-10 23:25:23.732 +01:00 [INF] Request starting HTTP/1.1 POST http://localhost:5090/api/Auth/login - application/json 46
2025-11-10 23:25:23.732 +01:00 [INF] CORS policy execution successful.
2025-11-10 23:25:23.735 +01:00 [INF] Executing endpoint 'HomeCareApp.Controllers.AuthController.Login (api)'
2025-11-10 23:25:23.747 +01:00 [INF] Route matched with {action = "Login", controller = "Auth"}. Executing controller action with signature System.Threading.Tasks.Task`1[Microsoft.AspNetCore.Mvc.IActionResult] Login(HomeCareApp.DTOs.LoginDto) on controller HomeCareApp.Controllers.AuthController (api).
2025-11-10 23:25:23.908 +01:00 [INF] [AuthAPIController] user authorised for Nahid1
2025-11-10 23:25:23.940 +01:00 [INF] [AuthAPIController] JWT token created for Nahid1 with roles Employee
2025-11-10 23:25:23.940 +01:00 [INF] [AuthAPIController] JWT token claims: sub=8defb5b4-0933-4a85-ae20-736f5c955fc2, email=nahid@test.no, http://schemas.xmlsoap.org/ws/2005/05/identity/claims/nameidentifier=8defb5b4-0933-4a85-ae20-736f5c955fc2, http://schemas.xmlsoap.org/ws/2005/05/identity/claims/name=Nahid1, username=Nahid1, userid=8defb5b4-0933-4a85-ae20-736f5c955fc2, nameid=8defb5b4-0933-4a85-ae20-736f5c955fc2, jti=85ca066e-5281-4db0-8a81-37b19f12fd5f, iat=1762813523, http://schemas.microsoft.com/ws/2008/06/identity/claims/role=Employee, role=Employee
2025-11-10 23:25:23.949 +01:00 [INF] Executing OkObjectResult, writing value of type '<>f__AnonymousType3`1[[System.String, System.Private.CoreLib, Version=8.0.0.0, Culture=neutral, PublicKeyToken=7cec85d7bea7798e]]'.
2025-11-10 23:25:23.969 +01:00 [INF] Executed action HomeCareApp.Controllers.AuthController.Login (api) in 220.1327ms
2025-11-10 23:25:23.969 +01:00 [INF] Executed endpoint 'HomeCareApp.Controllers.AuthController.Login (api)'
2025-11-10 23:25:23.972 +01:00 [INF] Request finished HTTP/1.1 POST http://localhost:5090/api/Auth/login - 200 865 application/json; charset=utf-8 240.2883ms
2025-11-10 23:25:23.972 +01:00 [INF] Request starting HTTP/1.1 OPTIONS http://localhost:5090/api/employee/user/8defb5b4-0933-4a85-ae20-736f5c955fc2 - null null
2025-11-10 23:25:23.973 +01:00 [INF] CORS policy execution successful.
2025-11-10 23:25:23.973 +01:00 [INF] Request finished HTTP/1.1 OPTIONS http://localhost:5090/api/employee/user/8defb5b4-0933-4a85-ae20-736f5c955fc2 - 204 null null 0.5374ms
2025-11-10 23:25:23.974 +01:00 [INF] Request starting HTTP/1.1 GET http://localhost:5090/api/employee/user/8defb5b4-0933-4a85-ae20-736f5c955fc2 - application/json null
2025-11-10 23:25:23.976 +01:00 [INF] CORS policy execution successful.
2025-11-10 23:25:23.979 +01:00 [INF] Executing endpoint 'HomeCareApp.Controllers.EmployeeController.GetEmployeeByUserId (api)'
2025-11-10 23:25:23.985 +01:00 [INF] Route matched with {action = "GetEmployeeByUserId", controller = "Employee"}. Executing controller action with signature System.Threading.Tasks.Task`1[Microsoft.AspNetCore.Mvc.ActionResult`1[HomeCareApp.DTOs.EmployeeDto]] GetEmployeeByUserId(System.String) on controller HomeCareApp.Controllers.EmployeeController (api).
2025-11-10 23:25:24.045 +01:00 [INF] Executing OkObjectResult, writing value of type 'HomeCareApp.DTOs.EmployeeDto'.
2025-11-10 23:25:24.052 +01:00 [INF] Executed action HomeCareApp.Controllers.EmployeeController.GetEmployeeByUserId (api) in 67.1094ms
2025-11-10 23:25:24.052 +01:00 [INF] Executed endpoint 'HomeCareApp.Controllers.EmployeeController.GetEmployeeByUserId (api)'
2025-11-10 23:25:24.052 +01:00 [INF] Request finished HTTP/1.1 GET http://localhost:5090/api/employee/user/8defb5b4-0933-4a85-ae20-736f5c955fc2 - 200 666 application/json; charset=utf-8 78.0038ms
2025-11-10 23:25:24.077 +01:00 [INF] Request starting HTTP/1.1 GET http://localhost:5090/api/Appointment - null null
2025-11-10 23:25:24.078 +01:00 [INF] CORS policy execution successful.
2025-11-10 23:25:24.078 +01:00 [INF] Executing endpoint 'HomeCareApp.Controllers.AppointmentController.GetAppointments (api)'
2025-11-10 23:25:24.083 +01:00 [INF] Route matched with {action = "GetAppointments", controller = "Appointment"}. Executing controller action with signature System.Threading.Tasks.Task`1[Microsoft.AspNetCore.Mvc.IActionResult] GetAppointments() on controller HomeCareApp.Controllers.AppointmentController (api).
2025-11-10 23:25:24.114 +01:00 [INF] Executing OkObjectResult, writing value of type 'System.Linq.Enumerable+SelectListIterator`2[[HomeCareApp.Models.Appointment, api, Version=1.0.0.0, Culture=neutral, PublicKeyToken=null],[HomeCareApp.DTOs.AppointmentDto, api, Version=1.0.0.0, Culture=neutral, PublicKeyToken=null]]'.
2025-11-10 23:25:24.121 +01:00 [INF] Executed action HomeCareApp.Controllers.AppointmentController.GetAppointments (api) in 37.8978ms
2025-11-10 23:25:24.121 +01:00 [INF] Executed endpoint 'HomeCareApp.Controllers.AppointmentController.GetAppointments (api)'
2025-11-10 23:25:24.122 +01:00 [INF] Request finished HTTP/1.1 GET http://localhost:5090/api/Appointment - 200 656 application/json; charset=utf-8 44.3856ms
2025-11-10 23:25:24.123 +01:00 [INF] Request starting HTTP/1.1 GET http://localhost:5090/api/Appointment - null null
2025-11-10 23:25:24.123 +01:00 [INF] CORS policy execution successful.
2025-11-10 23:25:24.123 +01:00 [INF] Executing endpoint 'HomeCareApp.Controllers.AppointmentController.GetAppointments (api)'
2025-11-10 23:25:24.124 +01:00 [INF] Route matched with {action = "GetAppointments", controller = "Appointment"}. Executing controller action with signature System.Threading.Tasks.Task`1[Microsoft.AspNetCore.Mvc.IActionResult] GetAppointments() on controller HomeCareApp.Controllers.AppointmentController (api).
2025-11-10 23:25:24.133 +01:00 [INF] Executing OkObjectResult, writing value of type 'System.Linq.Enumerable+SelectListIterator`2[[HomeCareApp.Models.Appointment, api, Version=1.0.0.0, Culture=neutral, PublicKeyToken=null],[HomeCareApp.DTOs.AppointmentDto, api, Version=1.0.0.0, Culture=neutral, PublicKeyToken=null]]'.
2025-11-10 23:25:24.134 +01:00 [INF] Executed action HomeCareApp.Controllers.AppointmentController.GetAppointments (api) in 9.773ms
2025-11-10 23:25:24.134 +01:00 [INF] Executed endpoint 'HomeCareApp.Controllers.AppointmentController.GetAppointments (api)'
2025-11-10 23:25:24.134 +01:00 [INF] Request finished HTTP/1.1 GET http://localhost:5090/api/Appointment - 200 656 application/json; charset=utf-8 11.1854ms
2025-11-10 23:25:25.398 +01:00 [INF] Request starting HTTP/1.1 OPTIONS http://localhost:5090/api/medication - null null
2025-11-10 23:25:25.398 +01:00 [INF] Request starting HTTP/1.1 OPTIONS http://localhost:5090/api/medication - null null
2025-11-10 23:25:25.399 +01:00 [INF] CORS policy execution successful.
2025-11-10 23:25:25.399 +01:00 [INF] CORS policy execution successful.
2025-11-10 23:25:25.399 +01:00 [INF] Request finished HTTP/1.1 OPTIONS http://localhost:5090/api/medication - 204 null null 0.8036ms
2025-11-10 23:25:25.399 +01:00 [INF] Request finished HTTP/1.1 OPTIONS http://localhost:5090/api/medication - 204 null null 0.8036ms
2025-11-10 23:25:25.401 +01:00 [INF] Request starting HTTP/1.1 GET http://localhost:5090/api/medication - application/json null
2025-11-10 23:25:25.401 +01:00 [INF] CORS policy execution successful.
2025-11-10 23:25:25.402 +01:00 [INF] Authorization failed. These requirements were not met:
RolesAuthorizationRequirement:User.IsInRole must be true for one of the following roles: (Employee)
2025-11-10 23:25:25.402 +01:00 [INF] AuthenticationScheme: Bearer was forbidden.
2025-11-10 23:25:25.403 +01:00 [INF] Request finished HTTP/1.1 GET http://localhost:5090/api/medication - 403 0 null 1.9643ms
2025-11-10 23:25:25.404 +01:00 [INF] Request starting HTTP/1.1 GET http://localhost:5090/api/medication - application/json null
2025-11-10 23:25:25.404 +01:00 [INF] CORS policy execution successful.
2025-11-10 23:25:25.405 +01:00 [INF] Authorization failed. These requirements were not met:
RolesAuthorizationRequirement:User.IsInRole must be true for one of the following roles: (Employee)
2025-11-10 23:25:25.405 +01:00 [INF] AuthenticationScheme: Bearer was forbidden.
2025-11-10 23:25:25.405 +01:00 [INF] Request finished HTTP/1.1 GET http://localhost:5090/api/medication - 403 0 null 1.0603ms
2025-11-10 23:28:19.264 +01:00 [INF] Application is shutting down...
