2025-11-27 13:35:35.807 +01:00 [INF] No migrations were applied. The database is already up to date.
2025-11-27 13:35:35.863 +01:00 [INF] No migrations were applied. The database is already up to date.
2025-11-27 13:35:35.936 +01:00 [INF] User profile is available. Using 'C:\Users\B\AppData\Local\ASP.NET\DataProtection-Keys' as key repository and Windows DPAPI to encrypt keys at rest.
2025-11-27 13:35:35.975 +01:00 [INF] Now listening on: http://localhost:5090
2025-11-27 13:35:35.977 +01:00 [INF] Application started. Press Ctrl+C to shut down.
2025-11-27 13:35:35.977 +01:00 [INF] Hosting environment: Development
2025-11-27 13:35:35.979 +01:00 [INF] Content root path: C:\Users\B\Documents\ITPE3200\React-Homecare\api
2025-11-27 13:35:37.776 +01:00 [INF] Request starting HTTP/1.1 OPTIONS http://localhost:5090/api/Notification/unread-count - null null
2025-11-27 13:35:37.776 +01:00 [INF] Request starting HTTP/1.1 OPTIONS http://localhost:5090/api/Notification/unread-count - null null
2025-11-27 13:35:37.801 +01:00 [INF] CORS policy execution successful.
2025-11-27 13:35:37.801 +01:00 [INF] CORS policy execution successful.
2025-11-27 13:35:37.804 +01:00 [INF] Request finished HTTP/1.1 OPTIONS http://localhost:5090/api/Notification/unread-count - 204 null null 29.1181ms
2025-11-27 13:35:37.804 +01:00 [INF] Request finished HTTP/1.1 OPTIONS http://localhost:5090/api/Notification/unread-count - 204 null null 29.1185ms
2025-11-27 13:35:37.806 +01:00 [INF] Request starting HTTP/1.1 GET http://localhost:5090/api/Notification/unread-count - application/json null
2025-11-27 13:35:37.810 +01:00 [INF] CORS policy execution successful.
2025-11-27 13:35:37.906 +01:00 [INF] Executing endpoint 'HomeCareApp.Controllers.NotificationController.GetUnreadCount (api)'
2025-11-27 13:35:37.918 +01:00 [INF] Route matched with {action = "GetUnreadCount", controller = "Notification"}. Executing controller action with signature System.Threading.Tasks.Task`1[Microsoft.AspNetCore.Mvc.ActionResult`1[System.Int32]] GetUnreadCount() on controller HomeCareApp.Controllers.NotificationController (api).
2025-11-27 13:35:37.923 +01:00 [INF] [NotificationController] Getting unread count for UserId: c1f2f090-f2e3-47ca-9113-d905d27c42f4
2025-11-27 13:35:37.925 +01:00 [INF] [NotificationRepository] GetUnreadCountAsync(c1f2f090-f2e3-47ca-9113-d905d27c42f4) - Getting unread count for user
2025-11-27 13:35:38.127 +01:00 [INF] [NotificationRepository] GetUnreadCountAsync(c1f2f090-f2e3-47ca-9113-d905d27c42f4) - User has 0 unread notifications
2025-11-27 13:35:38.127 +01:00 [INF] [NotificationController] Found 0 unread notifications for UserId: c1f2f090-f2e3-47ca-9113-d905d27c42f4
2025-11-27 13:35:38.130 +01:00 [INF] Executing OkObjectResult, writing value of type 'System.Int32'.
2025-11-27 13:35:38.176 +01:00 [INF] Executed action HomeCareApp.Controllers.NotificationController.GetUnreadCount (api) in 254.1643ms
2025-11-27 13:35:38.177 +01:00 [INF] Executed endpoint 'HomeCareApp.Controllers.NotificationController.GetUnreadCount (api)'
2025-11-27 13:35:38.180 +01:00 [INF] Request finished HTTP/1.1 GET http://localhost:5090/api/Notification/unread-count - 200 1 application/json; charset=utf-8 373.6099ms
2025-11-27 13:35:38.181 +01:00 [INF] Request starting HTTP/1.1 GET http://localhost:5090/api/Notification/unread-count - application/json null
2025-11-27 13:35:38.181 +01:00 [INF] CORS policy execution successful.
2025-11-27 13:35:38.184 +01:00 [INF] Executing endpoint 'HomeCareApp.Controllers.NotificationController.GetUnreadCount (api)'
2025-11-27 13:35:38.184 +01:00 [INF] Route matched with {action = "GetUnreadCount", controller = "Notification"}. Executing controller action with signature System.Threading.Tasks.Task`1[Microsoft.AspNetCore.Mvc.ActionResult`1[System.Int32]] GetUnreadCount() on controller HomeCareApp.Controllers.NotificationController (api).
2025-11-27 13:35:38.185 +01:00 [INF] [NotificationController] Getting unread count for UserId: c1f2f090-f2e3-47ca-9113-d905d27c42f4
2025-11-27 13:35:38.185 +01:00 [INF] [NotificationRepository] GetUnreadCountAsync(c1f2f090-f2e3-47ca-9113-d905d27c42f4) - Getting unread count for user
2025-11-27 13:35:38.189 +01:00 [INF] [NotificationRepository] GetUnreadCountAsync(c1f2f090-f2e3-47ca-9113-d905d27c42f4) - User has 0 unread notifications
2025-11-27 13:35:38.189 +01:00 [INF] [NotificationController] Found 0 unread notifications for UserId: c1f2f090-f2e3-47ca-9113-d905d27c42f4
2025-11-27 13:35:38.190 +01:00 [INF] Executing OkObjectResult, writing value of type 'System.Int32'.
2025-11-27 13:35:38.190 +01:00 [INF] Executed action HomeCareApp.Controllers.NotificationController.GetUnreadCount (api) in 5.6918ms
2025-11-27 13:35:38.190 +01:00 [INF] Executed endpoint 'HomeCareApp.Controllers.NotificationController.GetUnreadCount (api)'
2025-11-27 13:35:38.190 +01:00 [INF] Request finished HTTP/1.1 GET http://localhost:5090/api/Notification/unread-count - 200 1 application/json; charset=utf-8 9.6516ms
2025-11-27 13:36:01.673 +01:00 [INF] Request starting HTTP/1.1 OPTIONS http://localhost:5090/api/Auth/login - null null
2025-11-27 13:36:01.673 +01:00 [INF] CORS policy execution failed.
2025-11-27 13:36:01.674 +01:00 [INF] Request origin http://localhost:5174 does not have permission to access the resource.
2025-11-27 13:36:01.674 +01:00 [INF] Request finished HTTP/1.1 OPTIONS http://localhost:5090/api/Auth/login - 204 null null 1.3654ms
2025-11-27 13:36:06.033 +01:00 [INF] Request starting HTTP/1.1 OPTIONS http://localhost:5090/api/Notification/unread-count - null null
2025-11-27 13:36:06.033 +01:00 [INF] CORS policy execution successful.
2025-11-27 13:36:06.034 +01:00 [INF] Request finished HTTP/1.1 OPTIONS http://localhost:5090/api/Notification/unread-count - 204 null null 0.9997ms
2025-11-27 13:36:06.034 +01:00 [INF] Request starting HTTP/1.1 OPTIONS http://localhost:5090/api/Notification/unread-count - null null
2025-11-27 13:36:06.034 +01:00 [INF] CORS policy execution successful.
2025-11-27 13:36:06.035 +01:00 [INF] Request finished HTTP/1.1 OPTIONS http://localhost:5090/api/Notification/unread-count - 204 null null 0.2609ms
2025-11-27 13:36:06.035 +01:00 [INF] Request starting HTTP/1.1 OPTIONS http://localhost:5090/api/Notification/unread-count - null null
2025-11-27 13:36:06.036 +01:00 [INF] Request starting HTTP/1.1 OPTIONS http://localhost:5090/api/Notification/unread-count - null null
2025-11-27 13:36:06.036 +01:00 [INF] CORS policy execution successful.
2025-11-27 13:36:06.036 +01:00 [INF] CORS policy execution successful.
2025-11-27 13:36:06.036 +01:00 [INF] Request finished HTTP/1.1 OPTIONS http://localhost:5090/api/Notification/unread-count - 204 null null 0.3874ms
2025-11-27 13:36:06.036 +01:00 [INF] Request finished HTTP/1.1 OPTIONS http://localhost:5090/api/Notification/unread-count - 204 null null 0.2446ms
2025-11-27 13:36:06.037 +01:00 [INF] Request starting HTTP/1.1 GET http://localhost:5090/api/Notification/unread-count - application/json null
2025-11-27 13:36:06.037 +01:00 [INF] CORS policy execution successful.
2025-11-27 13:36:06.040 +01:00 [INF] Executing endpoint 'HomeCareApp.Controllers.NotificationController.GetUnreadCount (api)'
2025-11-27 13:36:06.040 +01:00 [INF] Route matched with {action = "GetUnreadCount", controller = "Notification"}. Executing controller action with signature System.Threading.Tasks.Task`1[Microsoft.AspNetCore.Mvc.ActionResult`1[System.Int32]] GetUnreadCount() on controller HomeCareApp.Controllers.NotificationController (api).
2025-11-27 13:36:06.042 +01:00 [INF] [NotificationController] Getting unread count for UserId: c1f2f090-f2e3-47ca-9113-d905d27c42f4
2025-11-27 13:36:06.042 +01:00 [INF] [NotificationRepository] GetUnreadCountAsync(c1f2f090-f2e3-47ca-9113-d905d27c42f4) - Getting unread count for user
2025-11-27 13:36:06.045 +01:00 [INF] [NotificationRepository] GetUnreadCountAsync(c1f2f090-f2e3-47ca-9113-d905d27c42f4) - User has 0 unread notifications
2025-11-27 13:36:06.045 +01:00 [INF] [NotificationController] Found 0 unread notifications for UserId: c1f2f090-f2e3-47ca-9113-d905d27c42f4
2025-11-27 13:36:06.045 +01:00 [INF] Executing OkObjectResult, writing value of type 'System.Int32'.
2025-11-27 13:36:06.046 +01:00 [INF] Executed action HomeCareApp.Controllers.NotificationController.GetUnreadCount (api) in 5.3847ms
2025-11-27 13:36:06.046 +01:00 [INF] Executed endpoint 'HomeCareApp.Controllers.NotificationController.GetUnreadCount (api)'
2025-11-27 13:36:06.046 +01:00 [INF] Request finished HTTP/1.1 GET http://localhost:5090/api/Notification/unread-count - 200 1 application/json; charset=utf-8 9.1397ms
2025-11-27 13:36:06.047 +01:00 [INF] Request starting HTTP/1.1 GET http://localhost:5090/api/Notification/unread-count - application/json null
2025-11-27 13:36:06.047 +01:00 [INF] CORS policy execution successful.
2025-11-27 13:36:06.048 +01:00 [INF] Executing endpoint 'HomeCareApp.Controllers.NotificationController.GetUnreadCount (api)'
2025-11-27 13:36:06.048 +01:00 [INF] Route matched with {action = "GetUnreadCount", controller = "Notification"}. Executing controller action with signature System.Threading.Tasks.Task`1[Microsoft.AspNetCore.Mvc.ActionResult`1[System.Int32]] GetUnreadCount() on controller HomeCareApp.Controllers.NotificationController (api).
2025-11-27 13:36:06.049 +01:00 [INF] [NotificationController] Getting unread count for UserId: c1f2f090-f2e3-47ca-9113-d905d27c42f4
2025-11-27 13:36:06.049 +01:00 [INF] [NotificationRepository] GetUnreadCountAsync(c1f2f090-f2e3-47ca-9113-d905d27c42f4) - Getting unread count for user
2025-11-27 13:36:06.051 +01:00 [INF] [NotificationRepository] GetUnreadCountAsync(c1f2f090-f2e3-47ca-9113-d905d27c42f4) - User has 0 unread notifications
2025-11-27 13:36:06.051 +01:00 [INF] [NotificationController] Found 0 unread notifications for UserId: c1f2f090-f2e3-47ca-9113-d905d27c42f4
2025-11-27 13:36:06.051 +01:00 [INF] Executing OkObjectResult, writing value of type 'System.Int32'.
2025-11-27 13:36:06.052 +01:00 [INF] Executed action HomeCareApp.Controllers.NotificationController.GetUnreadCount (api) in 3.2242ms
2025-11-27 13:36:06.052 +01:00 [INF] Executed endpoint 'HomeCareApp.Controllers.NotificationController.GetUnreadCount (api)'
2025-11-27 13:36:06.052 +01:00 [INF] Request finished HTTP/1.1 GET http://localhost:5090/api/Notification/unread-count - 200 1 application/json; charset=utf-8 4.5868ms
2025-11-27 13:36:06.053 +01:00 [INF] Request starting HTTP/1.1 GET http://localhost:5090/api/Notification/unread-count - application/json null
2025-11-27 13:36:06.053 +01:00 [INF] CORS policy execution successful.
2025-11-27 13:36:06.054 +01:00 [INF] Executing endpoint 'HomeCareApp.Controllers.NotificationController.GetUnreadCount (api)'
2025-11-27 13:36:06.054 +01:00 [INF] Route matched with {action = "GetUnreadCount", controller = "Notification"}. Executing controller action with signature System.Threading.Tasks.Task`1[Microsoft.AspNetCore.Mvc.ActionResult`1[System.Int32]] GetUnreadCount() on controller HomeCareApp.Controllers.NotificationController (api).
2025-11-27 13:36:06.054 +01:00 [INF] [NotificationController] Getting unread count for UserId: c1f2f090-f2e3-47ca-9113-d905d27c42f4
2025-11-27 13:36:06.054 +01:00 [INF] [NotificationRepository] GetUnreadCountAsync(c1f2f090-f2e3-47ca-9113-d905d27c42f4) - Getting unread count for user
2025-11-27 13:36:06.055 +01:00 [INF] [NotificationRepository] GetUnreadCountAsync(c1f2f090-f2e3-47ca-9113-d905d27c42f4) - User has 0 unread notifications
2025-11-27 13:36:06.055 +01:00 [INF] [NotificationController] Found 0 unread notifications for UserId: c1f2f090-f2e3-47ca-9113-d905d27c42f4
2025-11-27 13:36:06.055 +01:00 [INF] Executing OkObjectResult, writing value of type 'System.Int32'.
2025-11-27 13:36:06.055 +01:00 [INF] Executed action HomeCareApp.Controllers.NotificationController.GetUnreadCount (api) in 1.6871ms
2025-11-27 13:36:06.055 +01:00 [INF] Executed endpoint 'HomeCareApp.Controllers.NotificationController.GetUnreadCount (api)'
2025-11-27 13:36:06.056 +01:00 [INF] Request finished HTTP/1.1 GET http://localhost:5090/api/Notification/unread-count - 200 1 application/json; charset=utf-8 2.6882ms
2025-11-27 13:36:06.057 +01:00 [INF] Request starting HTTP/1.1 GET http://localhost:5090/api/Notification/unread-count - application/json null
2025-11-27 13:36:06.057 +01:00 [INF] CORS policy execution successful.
2025-11-27 13:36:06.057 +01:00 [INF] Executing endpoint 'HomeCareApp.Controllers.NotificationController.GetUnreadCount (api)'
2025-11-27 13:36:06.057 +01:00 [INF] Route matched with {action = "GetUnreadCount", controller = "Notification"}. Executing controller action with signature System.Threading.Tasks.Task`1[Microsoft.AspNetCore.Mvc.ActionResult`1[System.Int32]] GetUnreadCount() on controller HomeCareApp.Controllers.NotificationController (api).
2025-11-27 13:36:06.057 +01:00 [INF] [NotificationController] Getting unread count for UserId: c1f2f090-f2e3-47ca-9113-d905d27c42f4
2025-11-27 13:36:06.058 +01:00 [INF] [NotificationRepository] GetUnreadCountAsync(c1f2f090-f2e3-47ca-9113-d905d27c42f4) - Getting unread count for user
2025-11-27 13:36:06.058 +01:00 [INF] [NotificationRepository] GetUnreadCountAsync(c1f2f090-f2e3-47ca-9113-d905d27c42f4) - User has 0 unread notifications
2025-11-27 13:36:06.058 +01:00 [INF] [NotificationController] Found 0 unread notifications for UserId: c1f2f090-f2e3-47ca-9113-d905d27c42f4
2025-11-27 13:36:06.059 +01:00 [INF] Executing OkObjectResult, writing value of type 'System.Int32'.
2025-11-27 13:36:06.059 +01:00 [INF] Executed action HomeCareApp.Controllers.NotificationController.GetUnreadCount (api) in 1.4246ms
2025-11-27 13:36:06.059 +01:00 [INF] Executed endpoint 'HomeCareApp.Controllers.NotificationController.GetUnreadCount (api)'
2025-11-27 13:36:06.059 +01:00 [INF] Request finished HTTP/1.1 GET http://localhost:5090/api/Notification/unread-count - 200 1 application/json; charset=utf-8 2.1608ms
2025-11-27 13:36:06.060 +01:00 [INF] Request starting HTTP/1.1 GET http://localhost:5090/api/Notification/unread-count - application/json null
2025-11-27 13:36:06.060 +01:00 [INF] CORS policy execution successful.
2025-11-27 13:36:06.060 +01:00 [INF] Executing endpoint 'HomeCareApp.Controllers.NotificationController.GetUnreadCount (api)'
2025-11-27 13:36:06.060 +01:00 [INF] Route matched with {action = "GetUnreadCount", controller = "Notification"}. Executing controller action with signature System.Threading.Tasks.Task`1[Microsoft.AspNetCore.Mvc.ActionResult`1[System.Int32]] GetUnreadCount() on controller HomeCareApp.Controllers.NotificationController (api).
2025-11-27 13:36:06.060 +01:00 [INF] [NotificationController] Getting unread count for UserId: c1f2f090-f2e3-47ca-9113-d905d27c42f4
2025-11-27 13:36:06.060 +01:00 [INF] [NotificationRepository] GetUnreadCountAsync(c1f2f090-f2e3-47ca-9113-d905d27c42f4) - Getting unread count for user
2025-11-27 13:36:06.061 +01:00 [INF] [NotificationRepository] GetUnreadCountAsync(c1f2f090-f2e3-47ca-9113-d905d27c42f4) - User has 0 unread notifications
2025-11-27 13:36:06.061 +01:00 [INF] [NotificationController] Found 0 unread notifications for UserId: c1f2f090-f2e3-47ca-9113-d905d27c42f4
2025-11-27 13:36:06.061 +01:00 [INF] Executing OkObjectResult, writing value of type 'System.Int32'.
2025-11-27 13:36:06.061 +01:00 [INF] Executed action HomeCareApp.Controllers.NotificationController.GetUnreadCount (api) in 1.3341ms
2025-11-27 13:36:06.061 +01:00 [INF] Executed endpoint 'HomeCareApp.Controllers.NotificationController.GetUnreadCount (api)'
2025-11-27 13:36:06.061 +01:00 [INF] Request finished HTTP/1.1 GET http://localhost:5090/api/Notification/unread-count - 200 1 application/json; charset=utf-8 1.9297ms
2025-11-27 13:36:08.036 +01:00 [INF] Request starting HTTP/1.1 GET http://localhost:5090/api/Notification/unread-count - application/json null
2025-11-27 13:36:08.037 +01:00 [INF] CORS policy execution successful.
2025-11-27 13:36:08.038 +01:00 [INF] Application is shutting down...
2025-11-27 13:36:08.038 +01:00 [INF] Executing endpoint 'HomeCareApp.Controllers.NotificationController.GetUnreadCount (api)'
2025-11-27 13:36:08.039 +01:00 [INF] Route matched with {action = "GetUnreadCount", controller = "Notification"}. Executing controller action with signature System.Threading.Tasks.Task`1[Microsoft.AspNetCore.Mvc.ActionResult`1[System.Int32]] GetUnreadCount() on controller HomeCareApp.Controllers.NotificationController (api).
2025-11-27 13:36:08.039 +01:00 [INF] [NotificationController] Getting unread count for UserId: c1f2f090-f2e3-47ca-9113-d905d27c42f4
2025-11-27 13:36:08.039 +01:00 [INF] [NotificationRepository] GetUnreadCountAsync(c1f2f090-f2e3-47ca-9113-d905d27c42f4) - Getting unread count for user
2025-11-27 13:36:08.041 +01:00 [INF] [NotificationRepository] GetUnreadCountAsync(c1f2f090-f2e3-47ca-9113-d905d27c42f4) - User has 0 unread notifications
2025-11-27 13:36:08.041 +01:00 [INF] [NotificationController] Found 0 unread notifications for UserId: c1f2f090-f2e3-47ca-9113-d905d27c42f4
2025-11-27 13:36:08.041 +01:00 [INF] Executing OkObjectResult, writing value of type 'System.Int32'.
2025-11-27 13:36:08.041 +01:00 [INF] Executed action HomeCareApp.Controllers.NotificationController.GetUnreadCount (api) in 2.5292ms
2025-11-27 13:36:08.041 +01:00 [INF] Executed endpoint 'HomeCareApp.Controllers.NotificationController.GetUnreadCount (api)'
2025-11-27 13:36:08.041 +01:00 [INF] Request finished HTTP/1.1 GET http://localhost:5090/api/Notification/unread-count - 200 1 application/json; charset=utf-8 5.4496ms
