2025-11-20 10:48:14.243 +01:00 [INF] No migrations were applied. The database is already up to date.
2025-11-20 10:48:14.316 +01:00 [INF] No migrations were applied. The database is already up to date.
2025-11-20 10:48:14.717 +01:00 [INF] User profile is available. Using 'C:\Users\vilde\AppData\Local\ASP.NET\DataProtection-Keys' as key repository and Windows DPAPI to encrypt keys at rest.
2025-11-20 10:48:14.757 +01:00 [INF] Now listening on: http://localhost:5090
2025-11-20 10:48:14.759 +01:00 [INF] Application started. Press Ctrl+C to shut down.
2025-11-20 10:48:14.759 +01:00 [INF] Hosting environment: Development
2025-11-20 10:48:14.761 +01:00 [INF] Content root path: C:\Users\vilde\OneDrive\Documents\Homecare React\React-Homecare\api
2025-11-20 10:48:17.494 +01:00 [INF] Request starting HTTP/1.1 OPTIONS http://localhost:5090/api/Notification/unread-count - null null
2025-11-20 10:48:17.497 +01:00 [INF] Request starting HTTP/1.1 OPTIONS http://localhost:5090/api/Notification/unread-count - null null
2025-11-20 10:48:17.518 +01:00 [INF] CORS policy execution successful.
2025-11-20 10:48:17.518 +01:00 [INF] CORS policy execution successful.
2025-11-20 10:48:17.521 +01:00 [INF] Request finished HTTP/1.1 OPTIONS http://localhost:5090/api/Notification/unread-count - 204 null null 27.5041ms
2025-11-20 10:48:17.521 +01:00 [INF] Request finished HTTP/1.1 OPTIONS http://localhost:5090/api/Notification/unread-count - 204 null null 27.4792ms
2025-11-20 10:48:17.523 +01:00 [INF] Request starting HTTP/1.1 GET http://localhost:5090/api/Notification/unread-count - application/json null
2025-11-20 10:48:17.529 +01:00 [INF] CORS policy execution successful.
2025-11-20 10:48:17.607 +01:00 [INF] Executing endpoint 'HomeCareApp.Controllers.NotificationController.GetUnreadCount (api)'
2025-11-20 10:48:17.614 +01:00 [INF] Route matched with {action = "GetUnreadCount", controller = "Notification"}. Executing controller action with signature System.Threading.Tasks.Task`1[Microsoft.AspNetCore.Mvc.ActionResult`1[System.Int32]] GetUnreadCount() on controller HomeCareApp.Controllers.NotificationController (api).
2025-11-20 10:48:17.657 +01:00 [INF] Executing OkObjectResult, writing value of type 'System.Int32'.
2025-11-20 10:48:17.682 +01:00 [INF] Request starting HTTP/1.1 GET http://localhost:5090/api/Notification/unread-count - application/json null
2025-11-20 10:48:17.683 +01:00 [INF] CORS policy execution successful.
2025-11-20 10:48:17.684 +01:00 [INF] Executed action HomeCareApp.Controllers.NotificationController.GetUnreadCount (api) in 67.9106ms
2025-11-20 10:48:17.684 +01:00 [INF] Executed endpoint 'HomeCareApp.Controllers.NotificationController.GetUnreadCount (api)'
2025-11-20 10:48:17.686 +01:00 [INF] Executing endpoint 'HomeCareApp.Controllers.NotificationController.GetUnreadCount (api)'
2025-11-20 10:48:17.686 +01:00 [INF] Route matched with {action = "GetUnreadCount", controller = "Notification"}. Executing controller action with signature System.Threading.Tasks.Task`1[Microsoft.AspNetCore.Mvc.ActionResult`1[System.Int32]] GetUnreadCount() on controller HomeCareApp.Controllers.NotificationController (api).
2025-11-20 10:48:17.687 +01:00 [INF] Request finished HTTP/1.1 GET http://localhost:5090/api/Notification/unread-count - 200 1 application/json; charset=utf-8 164.2417ms
2025-11-20 10:48:17.692 +01:00 [INF] Executing OkObjectResult, writing value of type 'System.Int32'.
2025-11-20 10:48:17.692 +01:00 [INF] Executed action HomeCareApp.Controllers.NotificationController.GetUnreadCount (api) in 6.3242ms
2025-11-20 10:48:17.692 +01:00 [INF] Executed endpoint 'HomeCareApp.Controllers.NotificationController.GetUnreadCount (api)'
2025-11-20 10:48:17.693 +01:00 [INF] Request finished HTTP/1.1 GET http://localhost:5090/api/Notification/unread-count - 200 1 application/json; charset=utf-8 10.0727ms
2025-11-20 10:48:26.596 +01:00 [INF] Request starting HTTP/1.1 OPTIONS http://localhost:5090/api/Patient/user/e62ef0ed-366f-4596-b956-dba520a9049b - null null
2025-11-20 10:48:26.596 +01:00 [INF] Request starting HTTP/1.1 OPTIONS http://localhost:5090/api/Patient/user/e62ef0ed-366f-4596-b956-dba520a9049b - null null
2025-11-20 10:48:26.596 +01:00 [INF] CORS policy execution successful.
2025-11-20 10:48:26.596 +01:00 [INF] CORS policy execution successful.
2025-11-20 10:48:26.596 +01:00 [INF] Request finished HTTP/1.1 OPTIONS http://localhost:5090/api/Patient/user/e62ef0ed-366f-4596-b956-dba520a9049b - 204 null null 0.8524ms
2025-11-20 10:48:26.596 +01:00 [INF] Request finished HTTP/1.1 OPTIONS http://localhost:5090/api/Patient/user/e62ef0ed-366f-4596-b956-dba520a9049b - 204 null null 0.8523ms
2025-11-20 10:48:26.599 +01:00 [INF] Request starting HTTP/1.1 GET http://localhost:5090/api/Patient/user/e62ef0ed-366f-4596-b956-dba520a9049b - application/json null
2025-11-20 10:48:26.599 +01:00 [INF] CORS policy execution successful.
2025-11-20 10:48:26.603 +01:00 [INF] Executing endpoint 'HomeCareApp.Controllers.PatientController.GetPatientByUserId (api)'
2025-11-20 10:48:26.617 +01:00 [INF] Route matched with {action = "GetPatientByUserId", controller = "Patient"}. Executing controller action with signature System.Threading.Tasks.Task`1[Microsoft.AspNetCore.Mvc.ActionResult`1[HomeCareApp.DTOs.PatientDto]] GetPatientByUserId(System.String) on controller HomeCareApp.Controllers.PatientController (api).
2025-11-20 10:48:26.640 +01:00 [INF] Executing OkObjectResult, writing value of type 'HomeCareApp.DTOs.PatientDto'.
2025-11-20 10:48:26.680 +01:00 [INF] Executed action HomeCareApp.Controllers.PatientController.GetPatientByUserId (api) in 63.5334ms
2025-11-20 10:48:26.681 +01:00 [INF] Executed endpoint 'HomeCareApp.Controllers.PatientController.GetPatientByUserId (api)'
2025-11-20 10:48:26.681 +01:00 [INF] Request finished HTTP/1.1 GET http://localhost:5090/api/Patient/user/e62ef0ed-366f-4596-b956-dba520a9049b - 200 202 application/json; charset=utf-8 81.9399ms
2025-11-20 10:48:26.683 +01:00 [INF] Request starting HTTP/1.1 GET http://localhost:5090/api/Patient/user/e62ef0ed-366f-4596-b956-dba520a9049b - application/json null
2025-11-20 10:48:26.683 +01:00 [INF] CORS policy execution successful.
2025-11-20 10:48:26.684 +01:00 [INF] Executing endpoint 'HomeCareApp.Controllers.PatientController.GetPatientByUserId (api)'
2025-11-20 10:48:26.685 +01:00 [INF] Route matched with {action = "GetPatientByUserId", controller = "Patient"}. Executing controller action with signature System.Threading.Tasks.Task`1[Microsoft.AspNetCore.Mvc.ActionResult`1[HomeCareApp.DTOs.PatientDto]] GetPatientByUserId(System.String) on controller HomeCareApp.Controllers.PatientController (api).
2025-11-20 10:48:26.685 +01:00 [INF] Request starting HTTP/1.1 OPTIONS http://localhost:5090/api/Appointment/patient/6 - null null
2025-11-20 10:48:26.686 +01:00 [INF] CORS policy execution successful.
2025-11-20 10:48:26.686 +01:00 [INF] Request finished HTTP/1.1 OPTIONS http://localhost:5090/api/Appointment/patient/6 - 204 null null 0.6518ms
2025-11-20 10:48:26.688 +01:00 [INF] Request starting HTTP/1.1 GET http://localhost:5090/api/Appointment/patient/6 - application/json null
2025-11-20 10:48:26.689 +01:00 [INF] CORS policy execution successful.
2025-11-20 10:48:26.689 +01:00 [INF] Executing endpoint 'HomeCareApp.Controllers.AppointmentController.GetAppointmentsByPatientId (api)'
2025-11-20 10:48:26.689 +01:00 [INF] Executing OkObjectResult, writing value of type 'HomeCareApp.DTOs.PatientDto'.
2025-11-20 10:48:26.690 +01:00 [INF] Executed action HomeCareApp.Controllers.PatientController.GetPatientByUserId (api) in 4.982ms
2025-11-20 10:48:26.690 +01:00 [INF] Executed endpoint 'HomeCareApp.Controllers.PatientController.GetPatientByUserId (api)'
2025-11-20 10:48:26.690 +01:00 [INF] Request finished HTTP/1.1 GET http://localhost:5090/api/Patient/user/e62ef0ed-366f-4596-b956-dba520a9049b - 200 202 application/json; charset=utf-8 7.5873ms
2025-11-20 10:48:26.695 +01:00 [INF] Route matched with {action = "GetAppointmentsByPatientId", controller = "Appointment"}. Executing controller action with signature System.Threading.Tasks.Task`1[Microsoft.AspNetCore.Mvc.IActionResult] GetAppointmentsByPatientId(Int32) on controller HomeCareApp.Controllers.AppointmentController (api).
2025-11-20 10:48:26.851 +01:00 [INF] Executing OkObjectResult, writing value of type 'System.Linq.Enumerable+WhereSelectListIterator`2[[HomeCareApp.Models.Appointment, api, Version=1.0.0.0, Culture=neutral, PublicKeyToken=null],[HomeCareApp.DTOs.AppointmentDto, api, Version=1.0.0.0, Culture=neutral, PublicKeyToken=null]]'.
2025-11-20 10:48:26.862 +01:00 [INF] Executed action HomeCareApp.Controllers.AppointmentController.GetAppointmentsByPatientId (api) in 167.0749ms
2025-11-20 10:48:26.863 +01:00 [INF] Executed endpoint 'HomeCareApp.Controllers.AppointmentController.GetAppointmentsByPatientId (api)'
2025-11-20 10:48:26.863 +01:00 [INF] Request finished HTTP/1.1 GET http://localhost:5090/api/Appointment/patient/6 - 200 172 application/json; charset=utf-8 174.3418ms
2025-11-20 10:48:26.864 +01:00 [INF] Request starting HTTP/1.1 GET http://localhost:5090/api/Appointment/patient/6 - application/json null
2025-11-20 10:48:26.865 +01:00 [INF] CORS policy execution successful.
2025-11-20 10:48:26.865 +01:00 [INF] Executing endpoint 'HomeCareApp.Controllers.AppointmentController.GetAppointmentsByPatientId (api)'
2025-11-20 10:48:26.865 +01:00 [INF] Route matched with {action = "GetAppointmentsByPatientId", controller = "Appointment"}. Executing controller action with signature System.Threading.Tasks.Task`1[Microsoft.AspNetCore.Mvc.IActionResult] GetAppointmentsByPatientId(Int32) on controller HomeCareApp.Controllers.AppointmentController (api).
2025-11-20 10:48:26.870 +01:00 [INF] Executing OkObjectResult, writing value of type 'System.Linq.Enumerable+WhereSelectListIterator`2[[HomeCareApp.Models.Appointment, api, Version=1.0.0.0, Culture=neutral, PublicKeyToken=null],[HomeCareApp.DTOs.AppointmentDto, api, Version=1.0.0.0, Culture=neutral, PublicKeyToken=null]]'.
2025-11-20 10:48:26.871 +01:00 [INF] Executed action HomeCareApp.Controllers.AppointmentController.GetAppointmentsByPatientId (api) in 5.1925ms
2025-11-20 10:48:26.871 +01:00 [INF] Executed endpoint 'HomeCareApp.Controllers.AppointmentController.GetAppointmentsByPatientId (api)'
2025-11-20 10:48:26.871 +01:00 [INF] Request finished HTTP/1.1 GET http://localhost:5090/api/Appointment/patient/6 - 200 172 application/json; charset=utf-8 6.7524ms
2025-11-20 10:48:28.857 +01:00 [INF] Request starting HTTP/1.1 GET http://localhost:5090/api/Patient/user/e62ef0ed-366f-4596-b956-dba520a9049b - application/json null
2025-11-20 10:48:28.857 +01:00 [INF] CORS policy execution successful.
2025-11-20 10:48:28.858 +01:00 [INF] Executing endpoint 'HomeCareApp.Controllers.PatientController.GetPatientByUserId (api)'
2025-11-20 10:48:28.858 +01:00 [INF] Route matched with {action = "GetPatientByUserId", controller = "Patient"}. Executing controller action with signature System.Threading.Tasks.Task`1[Microsoft.AspNetCore.Mvc.ActionResult`1[HomeCareApp.DTOs.PatientDto]] GetPatientByUserId(System.String) on controller HomeCareApp.Controllers.PatientController (api).
2025-11-20 10:48:28.863 +01:00 [INF] Executing OkObjectResult, writing value of type 'HomeCareApp.DTOs.PatientDto'.
2025-11-20 10:48:28.864 +01:00 [INF] Executed action HomeCareApp.Controllers.PatientController.GetPatientByUserId (api) in 5.7059ms
2025-11-20 10:48:28.864 +01:00 [INF] Executed endpoint 'HomeCareApp.Controllers.PatientController.GetPatientByUserId (api)'
2025-11-20 10:48:28.864 +01:00 [INF] Request finished HTTP/1.1 GET http://localhost:5090/api/Patient/user/e62ef0ed-366f-4596-b956-dba520a9049b - 200 202 application/json; charset=utf-8 7.5777ms
2025-11-20 10:48:28.865 +01:00 [INF] Request starting HTTP/1.1 GET http://localhost:5090/api/Patient/user/e62ef0ed-366f-4596-b956-dba520a9049b - application/json null
2025-11-20 10:48:28.866 +01:00 [INF] CORS policy execution successful.
2025-11-20 10:48:28.866 +01:00 [INF] Executing endpoint 'HomeCareApp.Controllers.PatientController.GetPatientByUserId (api)'
2025-11-20 10:48:28.866 +01:00 [INF] Route matched with {action = "GetPatientByUserId", controller = "Patient"}. Executing controller action with signature System.Threading.Tasks.Task`1[Microsoft.AspNetCore.Mvc.ActionResult`1[HomeCareApp.DTOs.PatientDto]] GetPatientByUserId(System.String) on controller HomeCareApp.Controllers.PatientController (api).
2025-11-20 10:48:28.869 +01:00 [INF] Executing OkObjectResult, writing value of type 'HomeCareApp.DTOs.PatientDto'.
2025-11-20 10:48:28.869 +01:00 [INF] Request starting HTTP/1.1 OPTIONS http://localhost:5090/api/medication/patient/6 - null null
2025-11-20 10:48:28.869 +01:00 [INF] CORS policy execution successful.
2025-11-20 10:48:28.869 +01:00 [INF] Executed action HomeCareApp.Controllers.PatientController.GetPatientByUserId (api) in 3.1269ms
2025-11-20 10:48:28.869 +01:00 [INF] Executed endpoint 'HomeCareApp.Controllers.PatientController.GetPatientByUserId (api)'
2025-11-20 10:48:28.869 +01:00 [INF] Request finished HTTP/1.1 GET http://localhost:5090/api/Patient/user/e62ef0ed-366f-4596-b956-dba520a9049b - 200 202 application/json; charset=utf-8 4.1051ms
2025-11-20 10:48:28.869 +01:00 [INF] Request finished HTTP/1.1 OPTIONS http://localhost:5090/api/medication/patient/6 - 204 null null 0.4021ms
2025-11-20 10:48:28.873 +01:00 [INF] Request starting HTTP/1.1 GET http://localhost:5090/api/medication/patient/6 - application/json null
2025-11-20 10:48:28.873 +01:00 [INF] CORS policy execution successful.
2025-11-20 10:48:28.873 +01:00 [INF] Executing endpoint 'HomeCareApp.Controllers.MedicationController.GetByPatientId (api)'
2025-11-20 10:48:28.878 +01:00 [INF] Route matched with {action = "GetByPatientId", controller = "Medication"}. Executing controller action with signature System.Threading.Tasks.Task`1[Microsoft.AspNetCore.Mvc.ActionResult`1[System.Collections.Generic.IEnumerable`1[HomeCareApp.DTOs.MedicationDto]]] GetByPatientId(Int32) on controller HomeCareApp.Controllers.MedicationController (api).
2025-11-20 10:48:28.903 +01:00 [INF] Executing OkObjectResult, writing value of type 'System.Linq.Enumerable+SelectListIterator`2[[HomeCareApp.Models.Medication, api, Version=1.0.0.0, Culture=neutral, PublicKeyToken=null],[HomeCareApp.DTOs.MedicationDto, api, Version=1.0.0.0, Culture=neutral, PublicKeyToken=null]]'.
2025-11-20 10:48:28.905 +01:00 [INF] Executed action HomeCareApp.Controllers.MedicationController.GetByPatientId (api) in 26.3069ms
2025-11-20 10:48:28.905 +01:00 [INF] Executed endpoint 'HomeCareApp.Controllers.MedicationController.GetByPatientId (api)'
2025-11-20 10:48:28.905 +01:00 [INF] Request finished HTTP/1.1 GET http://localhost:5090/api/medication/patient/6 - 200 2 application/json; charset=utf-8 32.3352ms
2025-11-20 10:48:28.907 +01:00 [INF] Request starting HTTP/1.1 GET http://localhost:5090/api/medication/patient/6 - application/json null
2025-11-20 10:48:28.907 +01:00 [INF] CORS policy execution successful.
2025-11-20 10:48:28.908 +01:00 [INF] Executing endpoint 'HomeCareApp.Controllers.MedicationController.GetByPatientId (api)'
2025-11-20 10:48:28.908 +01:00 [INF] Route matched with {action = "GetByPatientId", controller = "Medication"}. Executing controller action with signature System.Threading.Tasks.Task`1[Microsoft.AspNetCore.Mvc.ActionResult`1[System.Collections.Generic.IEnumerable`1[HomeCareApp.DTOs.MedicationDto]]] GetByPatientId(Int32) on controller HomeCareApp.Controllers.MedicationController (api).
2025-11-20 10:48:28.911 +01:00 [INF] Executing OkObjectResult, writing value of type 'System.Linq.Enumerable+SelectListIterator`2[[HomeCareApp.Models.Medication, api, Version=1.0.0.0, Culture=neutral, PublicKeyToken=null],[HomeCareApp.DTOs.MedicationDto, api, Version=1.0.0.0, Culture=neutral, PublicKeyToken=null]]'.
2025-11-20 10:48:28.912 +01:00 [INF] Executed action HomeCareApp.Controllers.MedicationController.GetByPatientId (api) in 3.8046ms
2025-11-20 10:48:28.912 +01:00 [INF] Executed endpoint 'HomeCareApp.Controllers.MedicationController.GetByPatientId (api)'
2025-11-20 10:48:28.912 +01:00 [INF] Request finished HTTP/1.1 GET http://localhost:5090/api/medication/patient/6 - 200 2 application/json; charset=utf-8 5.1196ms
2025-11-20 10:48:34.041 +01:00 [INF] Request starting HTTP/1.1 OPTIONS http://localhost:5090/api/patient/user/e62ef0ed-366f-4596-b956-dba520a9049b - null null
2025-11-20 10:48:34.041 +01:00 [INF] Request starting HTTP/1.1 OPTIONS http://localhost:5090/api/patient/user/e62ef0ed-366f-4596-b956-dba520a9049b - null null
2025-11-20 10:48:34.042 +01:00 [INF] CORS policy execution successful.
2025-11-20 10:48:34.042 +01:00 [INF] CORS policy execution successful.
2025-11-20 10:48:34.042 +01:00 [INF] Request finished HTTP/1.1 OPTIONS http://localhost:5090/api/patient/user/e62ef0ed-366f-4596-b956-dba520a9049b - 204 null null 0.3365ms
2025-11-20 10:48:34.042 +01:00 [INF] Request finished HTTP/1.1 OPTIONS http://localhost:5090/api/patient/user/e62ef0ed-366f-4596-b956-dba520a9049b - 204 null null 0.3585ms
2025-11-20 10:48:34.045 +01:00 [INF] Request starting HTTP/1.1 GET http://localhost:5090/api/patient/user/e62ef0ed-366f-4596-b956-dba520a9049b - application/json null
2025-11-20 10:48:34.045 +01:00 [INF] CORS policy execution successful.
2025-11-20 10:48:34.046 +01:00 [INF] Executing endpoint 'HomeCareApp.Controllers.PatientController.GetPatientByUserId (api)'
2025-11-20 10:48:34.046 +01:00 [INF] Route matched with {action = "GetPatientByUserId", controller = "Patient"}. Executing controller action with signature System.Threading.Tasks.Task`1[Microsoft.AspNetCore.Mvc.ActionResult`1[HomeCareApp.DTOs.PatientDto]] GetPatientByUserId(System.String) on controller HomeCareApp.Controllers.PatientController (api).
2025-11-20 10:48:34.048 +01:00 [INF] Executing OkObjectResult, writing value of type 'HomeCareApp.DTOs.PatientDto'.
2025-11-20 10:48:34.048 +01:00 [INF] Executed action HomeCareApp.Controllers.PatientController.GetPatientByUserId (api) in 2.1299ms
2025-11-20 10:48:34.048 +01:00 [INF] Executed endpoint 'HomeCareApp.Controllers.PatientController.GetPatientByUserId (api)'
2025-11-20 10:48:34.048 +01:00 [INF] Request finished HTTP/1.1 GET http://localhost:5090/api/patient/user/e62ef0ed-366f-4596-b956-dba520a9049b - 200 202 application/json; charset=utf-8 3.276ms
2025-11-20 10:48:34.050 +01:00 [INF] Request starting HTTP/1.1 GET http://localhost:5090/api/patient/user/e62ef0ed-366f-4596-b956-dba520a9049b - application/json null
2025-11-20 10:48:34.050 +01:00 [INF] CORS policy execution successful.
2025-11-20 10:48:34.050 +01:00 [INF] Executing endpoint 'HomeCareApp.Controllers.PatientController.GetPatientByUserId (api)'
2025-11-20 10:48:34.051 +01:00 [INF] Route matched with {action = "GetPatientByUserId", controller = "Patient"}. Executing controller action with signature System.Threading.Tasks.Task`1[Microsoft.AspNetCore.Mvc.ActionResult`1[HomeCareApp.DTOs.PatientDto]] GetPatientByUserId(System.String) on controller HomeCareApp.Controllers.PatientController (api).
2025-11-20 10:48:34.052 +01:00 [INF] Executing OkObjectResult, writing value of type 'HomeCareApp.DTOs.PatientDto'.
2025-11-20 10:48:34.053 +01:00 [INF] Executed action HomeCareApp.Controllers.PatientController.GetPatientByUserId (api) in 1.7898ms
2025-11-20 10:48:34.053 +01:00 [INF] Executed endpoint 'HomeCareApp.Controllers.PatientController.GetPatientByUserId (api)'
2025-11-20 10:48:34.053 +01:00 [INF] Request finished HTTP/1.1 GET http://localhost:5090/api/patient/user/e62ef0ed-366f-4596-b956-dba520a9049b - 200 202 application/json; charset=utf-8 3.1643ms
2025-11-20 10:48:39.889 +01:00 [INF] Request starting HTTP/1.1 OPTIONS http://localhost:5090/api/Notification - null null
2025-11-20 10:48:39.889 +01:00 [INF] Request starting HTTP/1.1 OPTIONS http://localhost:5090/api/Notification - null null
2025-11-20 10:48:39.889 +01:00 [INF] CORS policy execution successful.
2025-11-20 10:48:39.889 +01:00 [INF] CORS policy execution successful.
2025-11-20 10:48:39.889 +01:00 [INF] Request finished HTTP/1.1 OPTIONS http://localhost:5090/api/Notification - 204 null null 0.4905ms
2025-11-20 10:48:39.889 +01:00 [INF] Request finished HTTP/1.1 OPTIONS http://localhost:5090/api/Notification - 204 null null 0.4902ms
2025-11-20 10:48:39.891 +01:00 [INF] Request starting HTTP/1.1 GET http://localhost:5090/api/Notification - application/json null
2025-11-20 10:48:39.892 +01:00 [INF] CORS policy execution successful.
2025-11-20 10:48:39.892 +01:00 [INF] Executing endpoint 'HomeCareApp.Controllers.NotificationController.GetMyNotifications (api)'
2025-11-20 10:48:39.896 +01:00 [INF] Route matched with {action = "GetMyNotifications", controller = "Notification"}. Executing controller action with signature System.Threading.Tasks.Task`1[Microsoft.AspNetCore.Mvc.ActionResult`1[System.Collections.Generic.IEnumerable`1[HomeCareApp.DTOs.NotificationDto]]] GetMyNotifications() on controller HomeCareApp.Controllers.NotificationController (api).
2025-11-20 10:48:39.914 +01:00 [INF] Executing OkObjectResult, writing value of type 'System.Linq.Enumerable+SelectListIterator`2[[HomeCareApp.Models.Notification, api, Version=1.0.0.0, Culture=neutral, PublicKeyToken=null],[HomeCareApp.DTOs.NotificationDto, api, Version=1.0.0.0, Culture=neutral, PublicKeyToken=null]]'.
2025-11-20 10:48:39.918 +01:00 [INF] Executed action HomeCareApp.Controllers.NotificationController.GetMyNotifications (api) in 22.0065ms
2025-11-20 10:48:39.918 +01:00 [INF] Executed endpoint 'HomeCareApp.Controllers.NotificationController.GetMyNotifications (api)'
2025-11-20 10:48:39.918 +01:00 [INF] Request finished HTTP/1.1 GET http://localhost:5090/api/Notification - 200 308 application/json; charset=utf-8 26.7589ms
2025-11-20 10:48:39.919 +01:00 [INF] Request starting HTTP/1.1 GET http://localhost:5090/api/Notification - application/json null
2025-11-20 10:48:39.920 +01:00 [INF] CORS policy execution successful.
2025-11-20 10:48:39.920 +01:00 [INF] Executing endpoint 'HomeCareApp.Controllers.NotificationController.GetMyNotifications (api)'
2025-11-20 10:48:39.921 +01:00 [INF] Route matched with {action = "GetMyNotifications", controller = "Notification"}. Executing controller action with signature System.Threading.Tasks.Task`1[Microsoft.AspNetCore.Mvc.ActionResult`1[System.Collections.Generic.IEnumerable`1[HomeCareApp.DTOs.NotificationDto]]] GetMyNotifications() on controller HomeCareApp.Controllers.NotificationController (api).
2025-11-20 10:48:39.922 +01:00 [INF] Executing OkObjectResult, writing value of type 'System.Linq.Enumerable+SelectListIterator`2[[HomeCareApp.Models.Notification, api, Version=1.0.0.0, Culture=neutral, PublicKeyToken=null],[HomeCareApp.DTOs.NotificationDto, api, Version=1.0.0.0, Culture=neutral, PublicKeyToken=null]]'.
2025-11-20 10:48:39.922 +01:00 [INF] Executed action HomeCareApp.Controllers.NotificationController.GetMyNotifications (api) in 1.2069ms
2025-11-20 10:48:39.922 +01:00 [INF] Executed endpoint 'HomeCareApp.Controllers.NotificationController.GetMyNotifications (api)'
2025-11-20 10:48:39.922 +01:00 [INF] Request finished HTTP/1.1 GET http://localhost:5090/api/Notification - 200 308 application/json; charset=utf-8 2.6343ms
2025-11-20 10:48:41.572 +01:00 [INF] Request starting HTTP/1.1 OPTIONS http://localhost:5090/api/patient/user/e62ef0ed-366f-4596-b956-dba520a9049b - null null
2025-11-20 10:48:41.572 +01:00 [INF] Request starting HTTP/1.1 OPTIONS http://localhost:5090/api/patient/user/e62ef0ed-366f-4596-b956-dba520a9049b - null null
2025-11-20 10:48:41.572 +01:00 [INF] CORS policy execution successful.
2025-11-20 10:48:41.572 +01:00 [INF] CORS policy execution successful.
2025-11-20 10:48:41.572 +01:00 [INF] Request finished HTTP/1.1 OPTIONS http://localhost:5090/api/patient/user/e62ef0ed-366f-4596-b956-dba520a9049b - 204 null null 0.3761ms
2025-11-20 10:48:41.572 +01:00 [INF] Request finished HTTP/1.1 OPTIONS http://localhost:5090/api/patient/user/e62ef0ed-366f-4596-b956-dba520a9049b - 204 null null 0.3532ms
2025-11-20 10:48:41.574 +01:00 [INF] Request starting HTTP/1.1 GET http://localhost:5090/api/patient/user/e62ef0ed-366f-4596-b956-dba520a9049b - application/json null
2025-11-20 10:48:41.575 +01:00 [INF] CORS policy execution successful.
2025-11-20 10:48:41.575 +01:00 [INF] Executing endpoint 'HomeCareApp.Controllers.PatientController.GetPatientByUserId (api)'
2025-11-20 10:48:41.575 +01:00 [INF] Route matched with {action = "GetPatientByUserId", controller = "Patient"}. Executing controller action with signature System.Threading.Tasks.Task`1[Microsoft.AspNetCore.Mvc.ActionResult`1[HomeCareApp.DTOs.PatientDto]] GetPatientByUserId(System.String) on controller HomeCareApp.Controllers.PatientController (api).
2025-11-20 10:48:41.577 +01:00 [INF] Executing OkObjectResult, writing value of type 'HomeCareApp.DTOs.PatientDto'.
2025-11-20 10:48:41.578 +01:00 [INF] Executed action HomeCareApp.Controllers.PatientController.GetPatientByUserId (api) in 1.947ms
2025-11-20 10:48:41.578 +01:00 [INF] Executed endpoint 'HomeCareApp.Controllers.PatientController.GetPatientByUserId (api)'
2025-11-20 10:48:41.578 +01:00 [INF] Request finished HTTP/1.1 GET http://localhost:5090/api/patient/user/e62ef0ed-366f-4596-b956-dba520a9049b - 200 202 application/json; charset=utf-8 3.5549ms
2025-11-20 10:48:41.579 +01:00 [INF] Request starting HTTP/1.1 GET http://localhost:5090/api/patient/user/e62ef0ed-366f-4596-b956-dba520a9049b - application/json null
2025-11-20 10:48:41.579 +01:00 [INF] CORS policy execution successful.
2025-11-20 10:48:41.580 +01:00 [INF] Executing endpoint 'HomeCareApp.Controllers.PatientController.GetPatientByUserId (api)'
2025-11-20 10:48:41.580 +01:00 [INF] Route matched with {action = "GetPatientByUserId", controller = "Patient"}. Executing controller action with signature System.Threading.Tasks.Task`1[Microsoft.AspNetCore.Mvc.ActionResult`1[HomeCareApp.DTOs.PatientDto]] GetPatientByUserId(System.String) on controller HomeCareApp.Controllers.PatientController (api).
2025-11-20 10:48:41.581 +01:00 [INF] Executing OkObjectResult, writing value of type 'HomeCareApp.DTOs.PatientDto'.
2025-11-20 10:48:41.582 +01:00 [INF] Executed action HomeCareApp.Controllers.PatientController.GetPatientByUserId (api) in 1.9693ms
2025-11-20 10:48:41.582 +01:00 [INF] Executed endpoint 'HomeCareApp.Controllers.PatientController.GetPatientByUserId (api)'
2025-11-20 10:48:41.582 +01:00 [INF] Request finished HTTP/1.1 GET http://localhost:5090/api/patient/user/e62ef0ed-366f-4596-b956-dba520a9049b - 200 202 application/json; charset=utf-8 3.2469ms
2025-11-20 10:48:47.483 +01:00 [INF] Request starting HTTP/1.1 OPTIONS http://localhost:5090/api/Notification/unread-count - null null
2025-11-20 10:48:47.483 +01:00 [INF] CORS policy execution successful.
2025-11-20 10:48:47.483 +01:00 [INF] Request finished HTTP/1.1 OPTIONS http://localhost:5090/api/Notification/unread-count - 204 null null 0.4917ms
2025-11-20 10:48:47.486 +01:00 [INF] Request starting HTTP/1.1 GET http://localhost:5090/api/Notification/unread-count - application/json null
2025-11-20 10:48:47.487 +01:00 [INF] CORS policy execution successful.
2025-11-20 10:48:47.488 +01:00 [INF] Executing endpoint 'HomeCareApp.Controllers.NotificationController.GetUnreadCount (api)'
2025-11-20 10:48:47.488 +01:00 [INF] Route matched with {action = "GetUnreadCount", controller = "Notification"}. Executing controller action with signature System.Threading.Tasks.Task`1[Microsoft.AspNetCore.Mvc.ActionResult`1[System.Int32]] GetUnreadCount() on controller HomeCareApp.Controllers.NotificationController (api).
2025-11-20 10:48:47.491 +01:00 [INF] Executing OkObjectResult, writing value of type 'System.Int32'.
2025-11-20 10:48:47.492 +01:00 [INF] Executed action HomeCareApp.Controllers.NotificationController.GetUnreadCount (api) in 3.6305ms
2025-11-20 10:48:47.492 +01:00 [INF] Executed endpoint 'HomeCareApp.Controllers.NotificationController.GetUnreadCount (api)'
2025-11-20 10:48:47.492 +01:00 [INF] Request finished HTTP/1.1 GET http://localhost:5090/api/Notification/unread-count - 200 1 application/json; charset=utf-8 5.6263ms
2025-11-20 10:48:51.934 +01:00 [INF] Request starting HTTP/1.1 OPTIONS http://localhost:5090/api/patient/user/e62ef0ed-366f-4596-b956-dba520a9049b - null null
2025-11-20 10:48:51.934 +01:00 [INF] Request starting HTTP/1.1 OPTIONS http://localhost:5090/api/patient/user/e62ef0ed-366f-4596-b956-dba520a9049b - null null
2025-11-20 10:48:51.934 +01:00 [INF] CORS policy execution successful.
2025-11-20 10:48:51.934 +01:00 [INF] CORS policy execution successful.
2025-11-20 10:48:51.934 +01:00 [INF] Request finished HTTP/1.1 OPTIONS http://localhost:5090/api/patient/user/e62ef0ed-366f-4596-b956-dba520a9049b - 204 null null 0.4232ms
2025-11-20 10:48:51.934 +01:00 [INF] Request finished HTTP/1.1 OPTIONS http://localhost:5090/api/patient/user/e62ef0ed-366f-4596-b956-dba520a9049b - 204 null null 0.4863ms
2025-11-20 10:48:51.937 +01:00 [INF] Request starting HTTP/1.1 GET http://localhost:5090/api/patient/user/e62ef0ed-366f-4596-b956-dba520a9049b - application/json null
2025-11-20 10:48:51.937 +01:00 [INF] CORS policy execution successful.
2025-11-20 10:48:51.938 +01:00 [INF] Executing endpoint 'HomeCareApp.Controllers.PatientController.GetPatientByUserId (api)'
2025-11-20 10:48:51.938 +01:00 [INF] Route matched with {action = "GetPatientByUserId", controller = "Patient"}. Executing controller action with signature System.Threading.Tasks.Task`1[Microsoft.AspNetCore.Mvc.ActionResult`1[HomeCareApp.DTOs.PatientDto]] GetPatientByUserId(System.String) on controller HomeCareApp.Controllers.PatientController (api).
2025-11-20 10:48:51.940 +01:00 [INF] Executing OkObjectResult, writing value of type 'HomeCareApp.DTOs.PatientDto'.
2025-11-20 10:48:51.940 +01:00 [INF] Executed action HomeCareApp.Controllers.PatientController.GetPatientByUserId (api) in 1.785ms
2025-11-20 10:48:51.940 +01:00 [INF] Executed endpoint 'HomeCareApp.Controllers.PatientController.GetPatientByUserId (api)'
2025-11-20 10:48:51.940 +01:00 [INF] Request finished HTTP/1.1 GET http://localhost:5090/api/patient/user/e62ef0ed-366f-4596-b956-dba520a9049b - 200 202 application/json; charset=utf-8 3.073ms
2025-11-20 10:48:51.941 +01:00 [INF] Request starting HTTP/1.1 GET http://localhost:5090/api/patient/user/e62ef0ed-366f-4596-b956-dba520a9049b - application/json null
2025-11-20 10:48:51.942 +01:00 [INF] CORS policy execution successful.
2025-11-20 10:48:51.942 +01:00 [INF] Executing endpoint 'HomeCareApp.Controllers.PatientController.GetPatientByUserId (api)'
2025-11-20 10:48:51.942 +01:00 [INF] Route matched with {action = "GetPatientByUserId", controller = "Patient"}. Executing controller action with signature System.Threading.Tasks.Task`1[Microsoft.AspNetCore.Mvc.ActionResult`1[HomeCareApp.DTOs.PatientDto]] GetPatientByUserId(System.String) on controller HomeCareApp.Controllers.PatientController (api).
2025-11-20 10:48:51.944 +01:00 [INF] Executing OkObjectResult, writing value of type 'HomeCareApp.DTOs.PatientDto'.
2025-11-20 10:48:51.944 +01:00 [INF] Executed action HomeCareApp.Controllers.PatientController.GetPatientByUserId (api) in 2.1303ms
2025-11-20 10:48:51.944 +01:00 [INF] Executed endpoint 'HomeCareApp.Controllers.PatientController.GetPatientByUserId (api)'
2025-11-20 10:48:51.945 +01:00 [INF] Request finished HTTP/1.1 GET http://localhost:5090/api/patient/user/e62ef0ed-366f-4596-b956-dba520a9049b - 200 202 application/json; charset=utf-8 3.1567ms
2025-11-20 10:48:52.912 +01:00 [INF] Request starting HTTP/1.1 OPTIONS http://localhost:5090/api/Patient/user/e62ef0ed-366f-4596-b956-dba520a9049b - null null
2025-11-20 10:48:52.912 +01:00 [INF] Request starting HTTP/1.1 OPTIONS http://localhost:5090/api/Patient/user/e62ef0ed-366f-4596-b956-dba520a9049b - null null
2025-11-20 10:48:52.912 +01:00 [INF] CORS policy execution successful.
2025-11-20 10:48:52.912 +01:00 [INF] CORS policy execution successful.
2025-11-20 10:48:52.912 +01:00 [INF] Request finished HTTP/1.1 OPTIONS http://localhost:5090/api/Patient/user/e62ef0ed-366f-4596-b956-dba520a9049b - 204 null null 0.3229ms
2025-11-20 10:48:52.912 +01:00 [INF] Request finished HTTP/1.1 OPTIONS http://localhost:5090/api/Patient/user/e62ef0ed-366f-4596-b956-dba520a9049b - 204 null null 0.3231ms
2025-11-20 10:48:52.915 +01:00 [INF] Request starting HTTP/1.1 GET http://localhost:5090/api/Patient/user/e62ef0ed-366f-4596-b956-dba520a9049b - application/json null
2025-11-20 10:48:52.915 +01:00 [INF] CORS policy execution successful.
2025-11-20 10:48:52.916 +01:00 [INF] Executing endpoint 'HomeCareApp.Controllers.PatientController.GetPatientByUserId (api)'
2025-11-20 10:48:52.916 +01:00 [INF] Route matched with {action = "GetPatientByUserId", controller = "Patient"}. Executing controller action with signature System.Threading.Tasks.Task`1[Microsoft.AspNetCore.Mvc.ActionResult`1[HomeCareApp.DTOs.PatientDto]] GetPatientByUserId(System.String) on controller HomeCareApp.Controllers.PatientController (api).
2025-11-20 10:48:52.917 +01:00 [INF] Executing OkObjectResult, writing value of type 'HomeCareApp.DTOs.PatientDto'.
2025-11-20 10:48:52.918 +01:00 [INF] Executed action HomeCareApp.Controllers.PatientController.GetPatientByUserId (api) in 2.1935ms
2025-11-20 10:48:52.918 +01:00 [INF] Executed endpoint 'HomeCareApp.Controllers.PatientController.GetPatientByUserId (api)'
2025-11-20 10:48:52.918 +01:00 [INF] Request finished HTTP/1.1 GET http://localhost:5090/api/Patient/user/e62ef0ed-366f-4596-b956-dba520a9049b - 200 202 application/json; charset=utf-8 3.1832ms
2025-11-20 10:48:52.919 +01:00 [INF] Request starting HTTP/1.1 GET http://localhost:5090/api/Patient/user/e62ef0ed-366f-4596-b956-dba520a9049b - application/json null
2025-11-20 10:48:52.920 +01:00 [INF] CORS policy execution successful.
2025-11-20 10:48:52.920 +01:00 [INF] Executing endpoint 'HomeCareApp.Controllers.PatientController.GetPatientByUserId (api)'
2025-11-20 10:48:52.920 +01:00 [INF] Route matched with {action = "GetPatientByUserId", controller = "Patient"}. Executing controller action with signature System.Threading.Tasks.Task`1[Microsoft.AspNetCore.Mvc.ActionResult`1[HomeCareApp.DTOs.PatientDto]] GetPatientByUserId(System.String) on controller HomeCareApp.Controllers.PatientController (api).
2025-11-20 10:48:52.921 +01:00 [INF] Executing OkObjectResult, writing value of type 'HomeCareApp.DTOs.PatientDto'.
2025-11-20 10:48:52.921 +01:00 [INF] Executed action HomeCareApp.Controllers.PatientController.GetPatientByUserId (api) in 1.4208ms
2025-11-20 10:48:52.921 +01:00 [INF] Executed endpoint 'HomeCareApp.Controllers.PatientController.GetPatientByUserId (api)'
2025-11-20 10:48:52.922 +01:00 [INF] Request finished HTTP/1.1 GET http://localhost:5090/api/Patient/user/e62ef0ed-366f-4596-b956-dba520a9049b - 200 202 application/json; charset=utf-8 2.2903ms
2025-11-20 10:48:52.931 +01:00 [INF] Request starting HTTP/1.1 OPTIONS http://localhost:5090/api/Appointment/patient/6 - null null
2025-11-20 10:48:52.931 +01:00 [INF] Request starting HTTP/1.1 OPTIONS http://localhost:5090/api/Appointment/patient/6 - null null
2025-11-20 10:48:52.932 +01:00 [INF] CORS policy execution successful.
2025-11-20 10:48:52.932 +01:00 [INF] CORS policy execution successful.
2025-11-20 10:48:52.932 +01:00 [INF] Request finished HTTP/1.1 OPTIONS http://localhost:5090/api/Appointment/patient/6 - 204 null null 0.2335ms
2025-11-20 10:48:52.932 +01:00 [INF] Request finished HTTP/1.1 OPTIONS http://localhost:5090/api/Appointment/patient/6 - 204 null null 0.3206ms
2025-11-20 10:48:52.934 +01:00 [INF] Request starting HTTP/1.1 GET http://localhost:5090/api/Appointment/patient/6 - application/json null
2025-11-20 10:48:52.934 +01:00 [INF] CORS policy execution successful.
2025-11-20 10:48:52.934 +01:00 [INF] Executing endpoint 'HomeCareApp.Controllers.AppointmentController.GetAppointmentsByPatientId (api)'
2025-11-20 10:48:52.935 +01:00 [INF] Route matched with {action = "GetAppointmentsByPatientId", controller = "Appointment"}. Executing controller action with signature System.Threading.Tasks.Task`1[Microsoft.AspNetCore.Mvc.IActionResult] GetAppointmentsByPatientId(Int32) on controller HomeCareApp.Controllers.AppointmentController (api).
2025-11-20 10:48:52.939 +01:00 [INF] Executing OkObjectResult, writing value of type 'System.Linq.Enumerable+WhereSelectListIterator`2[[HomeCareApp.Models.Appointment, api, Version=1.0.0.0, Culture=neutral, PublicKeyToken=null],[HomeCareApp.DTOs.AppointmentDto, api, Version=1.0.0.0, Culture=neutral, PublicKeyToken=null]]'.
2025-11-20 10:48:52.939 +01:00 [INF] Executed action HomeCareApp.Controllers.AppointmentController.GetAppointmentsByPatientId (api) in 4.6594ms
2025-11-20 10:48:52.939 +01:00 [INF] Executed endpoint 'HomeCareApp.Controllers.AppointmentController.GetAppointmentsByPatientId (api)'
2025-11-20 10:48:52.939 +01:00 [INF] Request finished HTTP/1.1 GET http://localhost:5090/api/Appointment/patient/6 - 200 172 application/json; charset=utf-8 5.7429ms
2025-11-20 10:48:52.940 +01:00 [INF] Request starting HTTP/1.1 GET http://localhost:5090/api/Appointment/patient/6 - application/json null
2025-11-20 10:48:52.941 +01:00 [INF] CORS policy execution successful.
2025-11-20 10:48:52.941 +01:00 [INF] Executing endpoint 'HomeCareApp.Controllers.AppointmentController.GetAppointmentsByPatientId (api)'
2025-11-20 10:48:52.941 +01:00 [INF] Route matched with {action = "GetAppointmentsByPatientId", controller = "Appointment"}. Executing controller action with signature System.Threading.Tasks.Task`1[Microsoft.AspNetCore.Mvc.IActionResult] GetAppointmentsByPatientId(Int32) on controller HomeCareApp.Controllers.AppointmentController (api).
2025-11-20 10:48:52.944 +01:00 [INF] Executing OkObjectResult, writing value of type 'System.Linq.Enumerable+WhereSelectListIterator`2[[HomeCareApp.Models.Appointment, api, Version=1.0.0.0, Culture=neutral, PublicKeyToken=null],[HomeCareApp.DTOs.AppointmentDto, api, Version=1.0.0.0, Culture=neutral, PublicKeyToken=null]]'.
2025-11-20 10:48:52.945 +01:00 [INF] Executed action HomeCareApp.Controllers.AppointmentController.GetAppointmentsByPatientId (api) in 3.6116ms
2025-11-20 10:48:52.945 +01:00 [INF] Executed endpoint 'HomeCareApp.Controllers.AppointmentController.GetAppointmentsByPatientId (api)'
2025-11-20 10:48:52.945 +01:00 [INF] Request finished HTTP/1.1 GET http://localhost:5090/api/Appointment/patient/6 - 200 172 application/json; charset=utf-8 4.8833ms
2025-11-20 10:48:58.760 +01:00 [INF] Request starting HTTP/1.1 OPTIONS http://localhost:5090/api/Patient/user/e62ef0ed-366f-4596-b956-dba520a9049b - null null
2025-11-20 10:48:58.760 +01:00 [INF] CORS policy execution successful.
2025-11-20 10:48:58.761 +01:00 [INF] Request finished HTTP/1.1 OPTIONS http://localhost:5090/api/Patient/user/e62ef0ed-366f-4596-b956-dba520a9049b - 204 null null 0.7789ms
2025-11-20 10:48:58.763 +01:00 [INF] Request starting HTTP/1.1 GET http://localhost:5090/api/Patient/user/e62ef0ed-366f-4596-b956-dba520a9049b - application/json null
2025-11-20 10:48:58.763 +01:00 [INF] CORS policy execution successful.
2025-11-20 10:48:58.763 +01:00 [INF] Executing endpoint 'HomeCareApp.Controllers.PatientController.GetPatientByUserId (api)'
2025-11-20 10:48:58.764 +01:00 [INF] Route matched with {action = "GetPatientByUserId", controller = "Patient"}. Executing controller action with signature System.Threading.Tasks.Task`1[Microsoft.AspNetCore.Mvc.ActionResult`1[HomeCareApp.DTOs.PatientDto]] GetPatientByUserId(System.String) on controller HomeCareApp.Controllers.PatientController (api).
2025-11-20 10:48:58.766 +01:00 [INF] Executing OkObjectResult, writing value of type 'HomeCareApp.DTOs.PatientDto'.
2025-11-20 10:48:58.766 +01:00 [INF] Executed action HomeCareApp.Controllers.PatientController.GetPatientByUserId (api) in 2.6057ms
2025-11-20 10:48:58.766 +01:00 [INF] Executed endpoint 'HomeCareApp.Controllers.PatientController.GetPatientByUserId (api)'
2025-11-20 10:48:58.766 +01:00 [INF] Request finished HTTP/1.1 GET http://localhost:5090/api/Patient/user/e62ef0ed-366f-4596-b956-dba520a9049b - 200 202 application/json; charset=utf-8 3.5658ms
2025-11-20 10:48:58.770 +01:00 [INF] Request starting HTTP/1.1 OPTIONS http://localhost:5090/api/Appointment/patient/6 - null null
2025-11-20 10:48:58.770 +01:00 [INF] CORS policy execution successful.
2025-11-20 10:48:58.770 +01:00 [INF] Request finished HTTP/1.1 OPTIONS http://localhost:5090/api/Appointment/patient/6 - 204 null null 0.2194ms
2025-11-20 10:48:58.772 +01:00 [INF] Request starting HTTP/1.1 GET http://localhost:5090/api/Appointment/patient/6 - application/json null
2025-11-20 10:48:58.772 +01:00 [INF] CORS policy execution successful.
2025-11-20 10:48:58.772 +01:00 [INF] Executing endpoint 'HomeCareApp.Controllers.AppointmentController.GetAppointmentsByPatientId (api)'
2025-11-20 10:48:58.772 +01:00 [INF] Route matched with {action = "GetAppointmentsByPatientId", controller = "Appointment"}. Executing controller action with signature System.Threading.Tasks.Task`1[Microsoft.AspNetCore.Mvc.IActionResult] GetAppointmentsByPatientId(Int32) on controller HomeCareApp.Controllers.AppointmentController (api).
2025-11-20 10:48:58.774 +01:00 [INF] Executing OkObjectResult, writing value of type 'System.Linq.Enumerable+WhereSelectListIterator`2[[HomeCareApp.Models.Appointment, api, Version=1.0.0.0, Culture=neutral, PublicKeyToken=null],[HomeCareApp.DTOs.AppointmentDto, api, Version=1.0.0.0, Culture=neutral, PublicKeyToken=null]]'.
2025-11-20 10:48:58.774 +01:00 [INF] Executed action HomeCareApp.Controllers.AppointmentController.GetAppointmentsByPatientId (api) in 2.0292ms
2025-11-20 10:48:58.774 +01:00 [INF] Executed endpoint 'HomeCareApp.Controllers.AppointmentController.GetAppointmentsByPatientId (api)'
2025-11-20 10:48:58.774 +01:00 [INF] Request finished HTTP/1.1 GET http://localhost:5090/api/Appointment/patient/6 - 200 172 application/json; charset=utf-8 2.7054ms
2025-11-20 10:49:13.301 +01:00 [INF] Request starting HTTP/1.1 OPTIONS http://localhost:5090/api/Notification/unread-count - null null
2025-11-20 10:49:13.301 +01:00 [INF] CORS policy execution successful.
2025-11-20 10:49:13.302 +01:00 [INF] Request finished HTTP/1.1 OPTIONS http://localhost:5090/api/Notification/unread-count - 204 null null 0.5251ms
2025-11-20 10:49:13.305 +01:00 [INF] Request starting HTTP/1.1 GET http://localhost:5090/api/Notification/unread-count - application/json null
2025-11-20 10:49:13.305 +01:00 [INF] CORS policy execution successful.
2025-11-20 10:49:13.306 +01:00 [INF] Executing endpoint 'HomeCareApp.Controllers.NotificationController.GetUnreadCount (api)'
2025-11-20 10:49:13.306 +01:00 [INF] Route matched with {action = "GetUnreadCount", controller = "Notification"}. Executing controller action with signature System.Threading.Tasks.Task`1[Microsoft.AspNetCore.Mvc.ActionResult`1[System.Int32]] GetUnreadCount() on controller HomeCareApp.Controllers.NotificationController (api).
2025-11-20 10:49:13.308 +01:00 [INF] Executing OkObjectResult, writing value of type 'System.Int32'.
2025-11-20 10:49:13.309 +01:00 [INF] Executed action HomeCareApp.Controllers.NotificationController.GetUnreadCount (api) in 2.7838ms
2025-11-20 10:49:13.309 +01:00 [INF] Executed endpoint 'HomeCareApp.Controllers.NotificationController.GetUnreadCount (api)'
2025-11-20 10:49:13.309 +01:00 [INF] Request finished HTTP/1.1 GET http://localhost:5090/api/Notification/unread-count - 200 1 application/json; charset=utf-8 4.008ms
2025-11-20 10:49:17.493 +01:00 [INF] Request starting HTTP/1.1 GET http://localhost:5090/api/Notification/unread-count - application/json null
2025-11-20 10:49:17.494 +01:00 [INF] CORS policy execution successful.
2025-11-20 10:49:17.494 +01:00 [INF] Executing endpoint 'HomeCareApp.Controllers.NotificationController.GetUnreadCount (api)'
2025-11-20 10:49:17.494 +01:00 [INF] Route matched with {action = "GetUnreadCount", controller = "Notification"}. Executing controller action with signature System.Threading.Tasks.Task`1[Microsoft.AspNetCore.Mvc.ActionResult`1[System.Int32]] GetUnreadCount() on controller HomeCareApp.Controllers.NotificationController (api).
2025-11-20 10:49:17.496 +01:00 [INF] Executing OkObjectResult, writing value of type 'System.Int32'.
2025-11-20 10:49:17.496 +01:00 [INF] Executed action HomeCareApp.Controllers.NotificationController.GetUnreadCount (api) in 2.0853ms
2025-11-20 10:49:17.497 +01:00 [INF] Executed endpoint 'HomeCareApp.Controllers.NotificationController.GetUnreadCount (api)'
2025-11-20 10:49:17.497 +01:00 [INF] Request finished HTTP/1.1 GET http://localhost:5090/api/Notification/unread-count - 200 1 application/json; charset=utf-8 3.2246ms
2025-11-20 10:49:47.489 +01:00 [INF] Request starting HTTP/1.1 OPTIONS http://localhost:5090/api/Notification/unread-count - null null
2025-11-20 10:49:47.489 +01:00 [INF] CORS policy execution successful.
2025-11-20 10:49:47.490 +01:00 [INF] Request finished HTTP/1.1 OPTIONS http://localhost:5090/api/Notification/unread-count - 204 null null 0.5055ms
2025-11-20 10:49:47.494 +01:00 [INF] Request starting HTTP/1.1 GET http://localhost:5090/api/Notification/unread-count - application/json null
2025-11-20 10:49:47.494 +01:00 [INF] CORS policy execution successful.
2025-11-20 10:49:47.494 +01:00 [INF] Executing endpoint 'HomeCareApp.Controllers.NotificationController.GetUnreadCount (api)'
2025-11-20 10:49:47.495 +01:00 [INF] Route matched with {action = "GetUnreadCount", controller = "Notification"}. Executing controller action with signature System.Threading.Tasks.Task`1[Microsoft.AspNetCore.Mvc.ActionResult`1[System.Int32]] GetUnreadCount() on controller HomeCareApp.Controllers.NotificationController (api).
2025-11-20 10:49:47.497 +01:00 [INF] Executing OkObjectResult, writing value of type 'System.Int32'.
2025-11-20 10:49:47.497 +01:00 [INF] Executed action HomeCareApp.Controllers.NotificationController.GetUnreadCount (api) in 2.4171ms
2025-11-20 10:49:47.497 +01:00 [INF] Executed endpoint 'HomeCareApp.Controllers.NotificationController.GetUnreadCount (api)'
2025-11-20 10:49:47.497 +01:00 [INF] Request finished HTTP/1.1 GET http://localhost:5090/api/Notification/unread-count - 200 1 application/json; charset=utf-8 3.7052ms
2025-11-20 10:50:14.298 +01:00 [INF] Request starting HTTP/1.1 OPTIONS http://localhost:5090/api/Notification/unread-count - null null
2025-11-20 10:50:14.298 +01:00 [INF] CORS policy execution successful.
2025-11-20 10:50:14.298 +01:00 [INF] Request finished HTTP/1.1 OPTIONS http://localhost:5090/api/Notification/unread-count - 204 null null 0.3527ms
2025-11-20 10:50:14.303 +01:00 [INF] Request starting HTTP/1.1 GET http://localhost:5090/api/Notification/unread-count - application/json null
2025-11-20 10:50:14.303 +01:00 [INF] CORS policy execution successful.
2025-11-20 10:50:14.303 +01:00 [INF] Executing endpoint 'HomeCareApp.Controllers.NotificationController.GetUnreadCount (api)'
2025-11-20 10:50:14.304 +01:00 [INF] Route matched with {action = "GetUnreadCount", controller = "Notification"}. Executing controller action with signature System.Threading.Tasks.Task`1[Microsoft.AspNetCore.Mvc.ActionResult`1[System.Int32]] GetUnreadCount() on controller HomeCareApp.Controllers.NotificationController (api).
2025-11-20 10:50:14.305 +01:00 [INF] Executing OkObjectResult, writing value of type 'System.Int32'.
2025-11-20 10:50:14.305 +01:00 [INF] Executed action HomeCareApp.Controllers.NotificationController.GetUnreadCount (api) in 1.3866ms
2025-11-20 10:50:14.305 +01:00 [INF] Executed endpoint 'HomeCareApp.Controllers.NotificationController.GetUnreadCount (api)'
2025-11-20 10:50:14.305 +01:00 [INF] Request finished HTTP/1.1 GET http://localhost:5090/api/Notification/unread-count - 200 1 application/json; charset=utf-8 2.3044ms
2025-11-20 10:50:17.494 +01:00 [INF] Request starting HTTP/1.1 GET http://localhost:5090/api/Notification/unread-count - application/json null
2025-11-20 10:50:17.494 +01:00 [INF] CORS policy execution successful.
2025-11-20 10:50:17.495 +01:00 [INF] Executing endpoint 'HomeCareApp.Controllers.NotificationController.GetUnreadCount (api)'
2025-11-20 10:50:17.495 +01:00 [INF] Route matched with {action = "GetUnreadCount", controller = "Notification"}. Executing controller action with signature System.Threading.Tasks.Task`1[Microsoft.AspNetCore.Mvc.ActionResult`1[System.Int32]] GetUnreadCount() on controller HomeCareApp.Controllers.NotificationController (api).
2025-11-20 10:50:17.499 +01:00 [INF] Executing OkObjectResult, writing value of type 'System.Int32'.
2025-11-20 10:50:17.501 +01:00 [INF] Executed action HomeCareApp.Controllers.NotificationController.GetUnreadCount (api) in 5.0864ms
2025-11-20 10:50:17.501 +01:00 [INF] Executed endpoint 'HomeCareApp.Controllers.NotificationController.GetUnreadCount (api)'
2025-11-20 10:50:17.501 +01:00 [INF] Request finished HTTP/1.1 GET http://localhost:5090/api/Notification/unread-count - 200 1 application/json; charset=utf-8 6.8495ms
2025-11-20 10:50:47.495 +01:00 [INF] Request starting HTTP/1.1 OPTIONS http://localhost:5090/api/Notification/unread-count - null null
2025-11-20 10:50:47.495 +01:00 [INF] CORS policy execution successful.
2025-11-20 10:50:47.495 +01:00 [INF] Request finished HTTP/1.1 OPTIONS http://localhost:5090/api/Notification/unread-count - 204 null null 0.6561ms
2025-11-20 10:50:47.499 +01:00 [INF] Request starting HTTP/1.1 GET http://localhost:5090/api/Notification/unread-count - application/json null
2025-11-20 10:50:47.499 +01:00 [INF] CORS policy execution successful.
2025-11-20 10:50:47.499 +01:00 [INF] Executing endpoint 'HomeCareApp.Controllers.NotificationController.GetUnreadCount (api)'
2025-11-20 10:50:47.500 +01:00 [INF] Route matched with {action = "GetUnreadCount", controller = "Notification"}. Executing controller action with signature System.Threading.Tasks.Task`1[Microsoft.AspNetCore.Mvc.ActionResult`1[System.Int32]] GetUnreadCount() on controller HomeCareApp.Controllers.NotificationController (api).
2025-11-20 10:50:47.502 +01:00 [INF] Executing OkObjectResult, writing value of type 'System.Int32'.
2025-11-20 10:50:47.503 +01:00 [INF] Executed action HomeCareApp.Controllers.NotificationController.GetUnreadCount (api) in 2.9832ms
2025-11-20 10:50:47.503 +01:00 [INF] Executed endpoint 'HomeCareApp.Controllers.NotificationController.GetUnreadCount (api)'
2025-11-20 10:50:47.503 +01:00 [INF] Request finished HTTP/1.1 GET http://localhost:5090/api/Notification/unread-count - 200 1 application/json; charset=utf-8 4.4583ms
2025-11-20 10:51:14.307 +01:00 [INF] Request starting HTTP/1.1 OPTIONS http://localhost:5090/api/Notification/unread-count - null null
2025-11-20 10:51:14.308 +01:00 [INF] CORS policy execution successful.
2025-11-20 10:51:14.308 +01:00 [INF] Request finished HTTP/1.1 OPTIONS http://localhost:5090/api/Notification/unread-count - 204 null null 0.3039ms
2025-11-20 10:51:14.310 +01:00 [INF] Request starting HTTP/1.1 GET http://localhost:5090/api/Notification/unread-count - application/json null
2025-11-20 10:51:14.310 +01:00 [INF] CORS policy execution successful.
2025-11-20 10:51:14.311 +01:00 [INF] Executing endpoint 'HomeCareApp.Controllers.NotificationController.GetUnreadCount (api)'
2025-11-20 10:51:14.311 +01:00 [INF] Route matched with {action = "GetUnreadCount", controller = "Notification"}. Executing controller action with signature System.Threading.Tasks.Task`1[Microsoft.AspNetCore.Mvc.ActionResult`1[System.Int32]] GetUnreadCount() on controller HomeCareApp.Controllers.NotificationController (api).
2025-11-20 10:51:14.312 +01:00 [INF] Executing OkObjectResult, writing value of type 'System.Int32'.
2025-11-20 10:51:14.312 +01:00 [INF] Executed action HomeCareApp.Controllers.NotificationController.GetUnreadCount (api) in 1.5774ms
2025-11-20 10:51:14.313 +01:00 [INF] Executed endpoint 'HomeCareApp.Controllers.NotificationController.GetUnreadCount (api)'
2025-11-20 10:51:14.313 +01:00 [INF] Request finished HTTP/1.1 GET http://localhost:5090/api/Notification/unread-count - 200 1 application/json; charset=utf-8 2.9164ms
2025-11-20 10:51:17.486 +01:00 [INF] Request starting HTTP/1.1 GET http://localhost:5090/api/Notification/unread-count - application/json null
2025-11-20 10:51:17.487 +01:00 [INF] CORS policy execution successful.
2025-11-20 10:51:17.488 +01:00 [INF] Executing endpoint 'HomeCareApp.Controllers.NotificationController.GetUnreadCount (api)'
2025-11-20 10:51:17.488 +01:00 [INF] Route matched with {action = "GetUnreadCount", controller = "Notification"}. Executing controller action with signature System.Threading.Tasks.Task`1[Microsoft.AspNetCore.Mvc.ActionResult`1[System.Int32]] GetUnreadCount() on controller HomeCareApp.Controllers.NotificationController (api).
2025-11-20 10:51:17.490 +01:00 [INF] Executing OkObjectResult, writing value of type 'System.Int32'.
2025-11-20 10:51:17.490 +01:00 [INF] Executed action HomeCareApp.Controllers.NotificationController.GetUnreadCount (api) in 1.7952ms
2025-11-20 10:51:17.490 +01:00 [INF] Executed endpoint 'HomeCareApp.Controllers.NotificationController.GetUnreadCount (api)'
2025-11-20 10:51:17.490 +01:00 [INF] Request finished HTTP/1.1 GET http://localhost:5090/api/Notification/unread-count - 200 1 application/json; charset=utf-8 3.7324ms
2025-11-20 10:51:47.487 +01:00 [INF] Request starting HTTP/1.1 OPTIONS http://localhost:5090/api/Notification/unread-count - null null
2025-11-20 10:51:47.487 +01:00 [INF] CORS policy execution successful.
2025-11-20 10:51:47.488 +01:00 [INF] Request finished HTTP/1.1 OPTIONS http://localhost:5090/api/Notification/unread-count - 204 null null 0.6254ms
2025-11-20 10:51:47.491 +01:00 [INF] Request starting HTTP/1.1 GET http://localhost:5090/api/Notification/unread-count - application/json null
2025-11-20 10:51:47.491 +01:00 [INF] CORS policy execution successful.
2025-11-20 10:51:47.492 +01:00 [INF] Executing endpoint 'HomeCareApp.Controllers.NotificationController.GetUnreadCount (api)'
2025-11-20 10:51:47.492 +01:00 [INF] Route matched with {action = "GetUnreadCount", controller = "Notification"}. Executing controller action with signature System.Threading.Tasks.Task`1[Microsoft.AspNetCore.Mvc.ActionResult`1[System.Int32]] GetUnreadCount() on controller HomeCareApp.Controllers.NotificationController (api).
2025-11-20 10:51:47.495 +01:00 [INF] Executing OkObjectResult, writing value of type 'System.Int32'.
2025-11-20 10:51:47.495 +01:00 [INF] Executed action HomeCareApp.Controllers.NotificationController.GetUnreadCount (api) in 2.4077ms
2025-11-20 10:51:47.495 +01:00 [INF] Executed endpoint 'HomeCareApp.Controllers.NotificationController.GetUnreadCount (api)'
2025-11-20 10:51:47.495 +01:00 [INF] Request finished HTTP/1.1 GET http://localhost:5090/api/Notification/unread-count - 200 1 application/json; charset=utf-8 4.1652ms
2025-11-20 10:52:14.294 +01:00 [INF] Request starting HTTP/1.1 OPTIONS http://localhost:5090/api/Notification/unread-count - null null
2025-11-20 10:52:14.294 +01:00 [INF] CORS policy execution successful.
2025-11-20 10:52:14.295 +01:00 [INF] Request finished HTTP/1.1 OPTIONS http://localhost:5090/api/Notification/unread-count - 204 null null 0.6529ms
2025-11-20 10:52:14.298 +01:00 [INF] Request starting HTTP/1.1 GET http://localhost:5090/api/Notification/unread-count - application/json null
2025-11-20 10:52:14.299 +01:00 [INF] CORS policy execution successful.
2025-11-20 10:52:14.299 +01:00 [INF] Executing endpoint 'HomeCareApp.Controllers.NotificationController.GetUnreadCount (api)'
2025-11-20 10:52:14.299 +01:00 [INF] Route matched with {action = "GetUnreadCount", controller = "Notification"}. Executing controller action with signature System.Threading.Tasks.Task`1[Microsoft.AspNetCore.Mvc.ActionResult`1[System.Int32]] GetUnreadCount() on controller HomeCareApp.Controllers.NotificationController (api).
2025-11-20 10:52:14.301 +01:00 [INF] Executing OkObjectResult, writing value of type 'System.Int32'.
2025-11-20 10:52:14.301 +01:00 [INF] Executed action HomeCareApp.Controllers.NotificationController.GetUnreadCount (api) in 2.1754ms
2025-11-20 10:52:14.301 +01:00 [INF] Executed endpoint 'HomeCareApp.Controllers.NotificationController.GetUnreadCount (api)'
2025-11-20 10:52:14.301 +01:00 [INF] Request finished HTTP/1.1 GET http://localhost:5090/api/Notification/unread-count - 200 1 application/json; charset=utf-8 2.9962ms
2025-11-20 10:52:17.488 +01:00 [INF] Request starting HTTP/1.1 GET http://localhost:5090/api/Notification/unread-count - application/json null
2025-11-20 10:52:17.488 +01:00 [INF] CORS policy execution successful.
2025-11-20 10:52:17.489 +01:00 [INF] Executing endpoint 'HomeCareApp.Controllers.NotificationController.GetUnreadCount (api)'
2025-11-20 10:52:17.489 +01:00 [INF] Route matched with {action = "GetUnreadCount", controller = "Notification"}. Executing controller action with signature System.Threading.Tasks.Task`1[Microsoft.AspNetCore.Mvc.ActionResult`1[System.Int32]] GetUnreadCount() on controller HomeCareApp.Controllers.NotificationController (api).
2025-11-20 10:52:17.491 +01:00 [INF] Executing OkObjectResult, writing value of type 'System.Int32'.
2025-11-20 10:52:17.492 +01:00 [INF] Executed action HomeCareApp.Controllers.NotificationController.GetUnreadCount (api) in 2.3892ms
2025-11-20 10:52:17.492 +01:00 [INF] Executed endpoint 'HomeCareApp.Controllers.NotificationController.GetUnreadCount (api)'
2025-11-20 10:52:17.492 +01:00 [INF] Request finished HTTP/1.1 GET http://localhost:5090/api/Notification/unread-count - 200 1 application/json; charset=utf-8 3.8537ms
2025-11-20 10:52:47.484 +01:00 [INF] Request starting HTTP/1.1 OPTIONS http://localhost:5090/api/Notification/unread-count - null null
2025-11-20 10:52:47.484 +01:00 [INF] CORS policy execution successful.
2025-11-20 10:52:47.485 +01:00 [INF] Request finished HTTP/1.1 OPTIONS http://localhost:5090/api/Notification/unread-count - 204 null null 0.5614ms
2025-11-20 10:52:47.488 +01:00 [INF] Request starting HTTP/1.1 GET http://localhost:5090/api/Notification/unread-count - application/json null
2025-11-20 10:52:47.488 +01:00 [INF] CORS policy execution successful.
2025-11-20 10:52:47.488 +01:00 [INF] Executing endpoint 'HomeCareApp.Controllers.NotificationController.GetUnreadCount (api)'
2025-11-20 10:52:47.489 +01:00 [INF] Route matched with {action = "GetUnreadCount", controller = "Notification"}. Executing controller action with signature System.Threading.Tasks.Task`1[Microsoft.AspNetCore.Mvc.ActionResult`1[System.Int32]] GetUnreadCount() on controller HomeCareApp.Controllers.NotificationController (api).
2025-11-20 10:52:47.490 +01:00 [INF] Executing OkObjectResult, writing value of type 'System.Int32'.
2025-11-20 10:52:47.491 +01:00 [INF] Executed action HomeCareApp.Controllers.NotificationController.GetUnreadCount (api) in 1.867ms
2025-11-20 10:52:47.491 +01:00 [INF] Executed endpoint 'HomeCareApp.Controllers.NotificationController.GetUnreadCount (api)'
2025-11-20 10:52:47.491 +01:00 [INF] Request finished HTTP/1.1 GET http://localhost:5090/api/Notification/unread-count - 200 1 application/json; charset=utf-8 2.9886ms
2025-11-20 10:53:14.301 +01:00 [INF] Request starting HTTP/1.1 OPTIONS http://localhost:5090/api/Notification/unread-count - null null
2025-11-20 10:53:14.302 +01:00 [INF] CORS policy execution successful.
2025-11-20 10:53:14.302 +01:00 [INF] Request finished HTTP/1.1 OPTIONS http://localhost:5090/api/Notification/unread-count - 204 null null 0.5295ms
2025-11-20 10:53:14.307 +01:00 [INF] Request starting HTTP/1.1 GET http://localhost:5090/api/Notification/unread-count - application/json null
2025-11-20 10:53:14.307 +01:00 [INF] CORS policy execution successful.
2025-11-20 10:53:14.307 +01:00 [INF] Executing endpoint 'HomeCareApp.Controllers.NotificationController.GetUnreadCount (api)'
2025-11-20 10:53:14.307 +01:00 [INF] Route matched with {action = "GetUnreadCount", controller = "Notification"}. Executing controller action with signature System.Threading.Tasks.Task`1[Microsoft.AspNetCore.Mvc.ActionResult`1[System.Int32]] GetUnreadCount() on controller HomeCareApp.Controllers.NotificationController (api).
2025-11-20 10:53:14.309 +01:00 [INF] Executing OkObjectResult, writing value of type 'System.Int32'.
2025-11-20 10:53:14.309 +01:00 [INF] Executed action HomeCareApp.Controllers.NotificationController.GetUnreadCount (api) in 1.5046ms
2025-11-20 10:53:14.309 +01:00 [INF] Executed endpoint 'HomeCareApp.Controllers.NotificationController.GetUnreadCount (api)'
2025-11-20 10:53:14.309 +01:00 [INF] Request finished HTTP/1.1 GET http://localhost:5090/api/Notification/unread-count - 200 1 application/json; charset=utf-8 2.3732ms
2025-11-20 10:53:17.487 +01:00 [INF] Request starting HTTP/1.1 GET http://localhost:5090/api/Notification/unread-count - application/json null
2025-11-20 10:53:17.487 +01:00 [INF] CORS policy execution successful.
2025-11-20 10:53:17.488 +01:00 [INF] Executing endpoint 'HomeCareApp.Controllers.NotificationController.GetUnreadCount (api)'
2025-11-20 10:53:17.488 +01:00 [INF] Route matched with {action = "GetUnreadCount", controller = "Notification"}. Executing controller action with signature System.Threading.Tasks.Task`1[Microsoft.AspNetCore.Mvc.ActionResult`1[System.Int32]] GetUnreadCount() on controller HomeCareApp.Controllers.NotificationController (api).
2025-11-20 10:53:17.490 +01:00 [INF] Executing OkObjectResult, writing value of type 'System.Int32'.
2025-11-20 10:53:17.490 +01:00 [INF] Executed action HomeCareApp.Controllers.NotificationController.GetUnreadCount (api) in 2.1344ms
2025-11-20 10:53:17.490 +01:00 [INF] Executed endpoint 'HomeCareApp.Controllers.NotificationController.GetUnreadCount (api)'
2025-11-20 10:53:17.490 +01:00 [INF] Request finished HTTP/1.1 GET http://localhost:5090/api/Notification/unread-count - 200 1 application/json; charset=utf-8 3.1378ms
2025-11-20 10:53:47.494 +01:00 [INF] Request starting HTTP/1.1 OPTIONS http://localhost:5090/api/Notification/unread-count - null null
2025-11-20 10:53:47.495 +01:00 [INF] CORS policy execution successful.
2025-11-20 10:53:47.495 +01:00 [INF] Request finished HTTP/1.1 OPTIONS http://localhost:5090/api/Notification/unread-count - 204 null null 0.234ms
2025-11-20 10:53:47.497 +01:00 [INF] Request starting HTTP/1.1 GET http://localhost:5090/api/Notification/unread-count - application/json null
2025-11-20 10:53:47.497 +01:00 [INF] CORS policy execution successful.
2025-11-20 10:53:47.497 +01:00 [INF] Executing endpoint 'HomeCareApp.Controllers.NotificationController.GetUnreadCount (api)'
2025-11-20 10:53:47.497 +01:00 [INF] Route matched with {action = "GetUnreadCount", controller = "Notification"}. Executing controller action with signature System.Threading.Tasks.Task`1[Microsoft.AspNetCore.Mvc.ActionResult`1[System.Int32]] GetUnreadCount() on controller HomeCareApp.Controllers.NotificationController (api).
2025-11-20 10:53:47.498 +01:00 [INF] Executing OkObjectResult, writing value of type 'System.Int32'.
2025-11-20 10:53:47.498 +01:00 [INF] Executed action HomeCareApp.Controllers.NotificationController.GetUnreadCount (api) in 1.2853ms
2025-11-20 10:53:47.498 +01:00 [INF] Executed endpoint 'HomeCareApp.Controllers.NotificationController.GetUnreadCount (api)'
2025-11-20 10:53:47.498 +01:00 [INF] Request finished HTTP/1.1 GET http://localhost:5090/api/Notification/unread-count - 200 1 application/json; charset=utf-8 1.8938ms
2025-11-20 10:54:14.293 +01:00 [INF] Request starting HTTP/1.1 OPTIONS http://localhost:5090/api/Notification/unread-count - null null
2025-11-20 10:54:14.293 +01:00 [INF] CORS policy execution successful.
2025-11-20 10:54:14.293 +01:00 [INF] Request finished HTTP/1.1 OPTIONS http://localhost:5090/api/Notification/unread-count - 204 null null 0.4669ms
2025-11-20 10:54:14.296 +01:00 [INF] Request starting HTTP/1.1 GET http://localhost:5090/api/Notification/unread-count - application/json null
2025-11-20 10:54:14.297 +01:00 [INF] CORS policy execution successful.
2025-11-20 10:54:14.297 +01:00 [INF] Executing endpoint 'HomeCareApp.Controllers.NotificationController.GetUnreadCount (api)'
2025-11-20 10:54:14.297 +01:00 [INF] Route matched with {action = "GetUnreadCount", controller = "Notification"}. Executing controller action with signature System.Threading.Tasks.Task`1[Microsoft.AspNetCore.Mvc.ActionResult`1[System.Int32]] GetUnreadCount() on controller HomeCareApp.Controllers.NotificationController (api).
2025-11-20 10:54:14.300 +01:00 [INF] Executing OkObjectResult, writing value of type 'System.Int32'.
2025-11-20 10:54:14.300 +01:00 [INF] Executed action HomeCareApp.Controllers.NotificationController.GetUnreadCount (api) in 2.5946ms
2025-11-20 10:54:14.300 +01:00 [INF] Executed endpoint 'HomeCareApp.Controllers.NotificationController.GetUnreadCount (api)'
2025-11-20 10:54:14.300 +01:00 [INF] Request finished HTTP/1.1 GET http://localhost:5090/api/Notification/unread-count - 200 1 application/json; charset=utf-8 3.7574ms
2025-11-20 10:54:18.294 +01:00 [INF] Request starting HTTP/1.1 GET http://localhost:5090/api/Notification/unread-count - application/json null
2025-11-20 10:54:18.294 +01:00 [INF] CORS policy execution successful.
2025-11-20 10:54:18.294 +01:00 [INF] Executing endpoint 'HomeCareApp.Controllers.NotificationController.GetUnreadCount (api)'
2025-11-20 10:54:18.294 +01:00 [INF] Route matched with {action = "GetUnreadCount", controller = "Notification"}. Executing controller action with signature System.Threading.Tasks.Task`1[Microsoft.AspNetCore.Mvc.ActionResult`1[System.Int32]] GetUnreadCount() on controller HomeCareApp.Controllers.NotificationController (api).
2025-11-20 10:54:18.296 +01:00 [INF] Executing OkObjectResult, writing value of type 'System.Int32'.
2025-11-20 10:54:18.296 +01:00 [INF] Executed action HomeCareApp.Controllers.NotificationController.GetUnreadCount (api) in 1.9532ms
2025-11-20 10:54:18.297 +01:00 [INF] Executed endpoint 'HomeCareApp.Controllers.NotificationController.GetUnreadCount (api)'
2025-11-20 10:54:18.297 +01:00 [INF] Request finished HTTP/1.1 GET http://localhost:5090/api/Notification/unread-count - 200 1 application/json; charset=utf-8 3.1216ms
2025-11-20 10:54:48.304 +01:00 [INF] Request starting HTTP/1.1 OPTIONS http://localhost:5090/api/Notification/unread-count - null null
2025-11-20 10:54:48.304 +01:00 [INF] CORS policy execution successful.
2025-11-20 10:54:48.304 +01:00 [INF] Request finished HTTP/1.1 OPTIONS http://localhost:5090/api/Notification/unread-count - 204 null null 0.6029ms
2025-11-20 10:54:48.308 +01:00 [INF] Request starting HTTP/1.1 GET http://localhost:5090/api/Notification/unread-count - application/json null
2025-11-20 10:54:48.308 +01:00 [INF] CORS policy execution successful.
2025-11-20 10:54:48.308 +01:00 [INF] Executing endpoint 'HomeCareApp.Controllers.NotificationController.GetUnreadCount (api)'
2025-11-20 10:54:48.308 +01:00 [INF] Route matched with {action = "GetUnreadCount", controller = "Notification"}. Executing controller action with signature System.Threading.Tasks.Task`1[Microsoft.AspNetCore.Mvc.ActionResult`1[System.Int32]] GetUnreadCount() on controller HomeCareApp.Controllers.NotificationController (api).
2025-11-20 10:54:48.310 +01:00 [INF] Executing OkObjectResult, writing value of type 'System.Int32'.
2025-11-20 10:54:48.311 +01:00 [INF] Executed action HomeCareApp.Controllers.NotificationController.GetUnreadCount (api) in 2.301ms
2025-11-20 10:54:48.311 +01:00 [INF] Executed endpoint 'HomeCareApp.Controllers.NotificationController.GetUnreadCount (api)'
2025-11-20 10:54:48.311 +01:00 [INF] Request finished HTTP/1.1 GET http://localhost:5090/api/Notification/unread-count - 200 1 application/json; charset=utf-8 3.2644ms
2025-11-20 10:55:14.305 +01:00 [INF] Request starting HTTP/1.1 OPTIONS http://localhost:5090/api/Notification/unread-count - null null
2025-11-20 10:55:14.305 +01:00 [INF] CORS policy execution successful.
2025-11-20 10:55:14.305 +01:00 [INF] Request finished HTTP/1.1 OPTIONS http://localhost:5090/api/Notification/unread-count - 204 null null 0.5551ms
2025-11-20 10:55:14.308 +01:00 [INF] Request starting HTTP/1.1 GET http://localhost:5090/api/Notification/unread-count - application/json null
2025-11-20 10:55:14.308 +01:00 [INF] CORS policy execution successful.
2025-11-20 10:55:14.308 +01:00 [INF] Executing endpoint 'HomeCareApp.Controllers.NotificationController.GetUnreadCount (api)'
2025-11-20 10:55:14.308 +01:00 [INF] Route matched with {action = "GetUnreadCount", controller = "Notification"}. Executing controller action with signature System.Threading.Tasks.Task`1[Microsoft.AspNetCore.Mvc.ActionResult`1[System.Int32]] GetUnreadCount() on controller HomeCareApp.Controllers.NotificationController (api).
2025-11-20 10:55:14.310 +01:00 [INF] Executing OkObjectResult, writing value of type 'System.Int32'.
2025-11-20 10:55:14.310 +01:00 [INF] Executed action HomeCareApp.Controllers.NotificationController.GetUnreadCount (api) in 1.4852ms
2025-11-20 10:55:14.310 +01:00 [INF] Executed endpoint 'HomeCareApp.Controllers.NotificationController.GetUnreadCount (api)'
2025-11-20 10:55:14.310 +01:00 [INF] Request finished HTTP/1.1 GET http://localhost:5090/api/Notification/unread-count - 200 1 application/json; charset=utf-8 2.2919ms
2025-11-20 10:55:17.491 +01:00 [INF] Request starting HTTP/1.1 GET http://localhost:5090/api/Notification/unread-count - application/json null
2025-11-20 10:55:17.491 +01:00 [INF] CORS policy execution successful.
2025-11-20 10:55:17.492 +01:00 [INF] Executing endpoint 'HomeCareApp.Controllers.NotificationController.GetUnreadCount (api)'
2025-11-20 10:55:17.492 +01:00 [INF] Route matched with {action = "GetUnreadCount", controller = "Notification"}. Executing controller action with signature System.Threading.Tasks.Task`1[Microsoft.AspNetCore.Mvc.ActionResult`1[System.Int32]] GetUnreadCount() on controller HomeCareApp.Controllers.NotificationController (api).
2025-11-20 10:55:17.493 +01:00 [INF] Executing OkObjectResult, writing value of type 'System.Int32'.
2025-11-20 10:55:17.494 +01:00 [INF] Executed action HomeCareApp.Controllers.NotificationController.GetUnreadCount (api) in 1.6828ms
2025-11-20 10:55:17.494 +01:00 [INF] Executed endpoint 'HomeCareApp.Controllers.NotificationController.GetUnreadCount (api)'
2025-11-20 10:55:17.494 +01:00 [INF] Request finished HTTP/1.1 GET http://localhost:5090/api/Notification/unread-count - 200 1 application/json; charset=utf-8 2.4977ms
2025-11-20 10:55:47.493 +01:00 [INF] Request starting HTTP/1.1 OPTIONS http://localhost:5090/api/Notification/unread-count - null null
2025-11-20 10:55:47.493 +01:00 [INF] CORS policy execution successful.
2025-11-20 10:55:47.493 +01:00 [INF] Request finished HTTP/1.1 OPTIONS http://localhost:5090/api/Notification/unread-count - 204 null null 0.4768ms
2025-11-20 10:55:47.497 +01:00 [INF] Request starting HTTP/1.1 GET http://localhost:5090/api/Notification/unread-count - application/json null
2025-11-20 10:55:47.497 +01:00 [INF] CORS policy execution successful.
2025-11-20 10:55:47.497 +01:00 [INF] Executing endpoint 'HomeCareApp.Controllers.NotificationController.GetUnreadCount (api)'
2025-11-20 10:55:47.497 +01:00 [INF] Route matched with {action = "GetUnreadCount", controller = "Notification"}. Executing controller action with signature System.Threading.Tasks.Task`1[Microsoft.AspNetCore.Mvc.ActionResult`1[System.Int32]] GetUnreadCount() on controller HomeCareApp.Controllers.NotificationController (api).
2025-11-20 10:55:47.500 +01:00 [INF] Executing OkObjectResult, writing value of type 'System.Int32'.
2025-11-20 10:55:47.500 +01:00 [INF] Executed action HomeCareApp.Controllers.NotificationController.GetUnreadCount (api) in 2.5073ms
2025-11-20 10:55:47.500 +01:00 [INF] Executed endpoint 'HomeCareApp.Controllers.NotificationController.GetUnreadCount (api)'
2025-11-20 10:55:47.500 +01:00 [INF] Request finished HTTP/1.1 GET http://localhost:5090/api/Notification/unread-count - 200 1 application/json; charset=utf-8 3.4726ms
2025-11-20 10:56:14.301 +01:00 [INF] Request starting HTTP/1.1 OPTIONS http://localhost:5090/api/Notification/unread-count - null null
2025-11-20 10:56:14.301 +01:00 [INF] CORS policy execution successful.
2025-11-20 10:56:14.301 +01:00 [INF] Request finished HTTP/1.1 OPTIONS http://localhost:5090/api/Notification/unread-count - 204 null null 0.4284ms
2025-11-20 10:56:14.305 +01:00 [INF] Request starting HTTP/1.1 GET http://localhost:5090/api/Notification/unread-count - application/json null
2025-11-20 10:56:14.305 +01:00 [INF] CORS policy execution successful.
2025-11-20 10:56:14.306 +01:00 [INF] Executing endpoint 'HomeCareApp.Controllers.NotificationController.GetUnreadCount (api)'
2025-11-20 10:56:14.306 +01:00 [INF] Route matched with {action = "GetUnreadCount", controller = "Notification"}. Executing controller action with signature System.Threading.Tasks.Task`1[Microsoft.AspNetCore.Mvc.ActionResult`1[System.Int32]] GetUnreadCount() on controller HomeCareApp.Controllers.NotificationController (api).
2025-11-20 10:56:14.307 +01:00 [INF] Executing OkObjectResult, writing value of type 'System.Int32'.
2025-11-20 10:56:14.307 +01:00 [INF] Executed action HomeCareApp.Controllers.NotificationController.GetUnreadCount (api) in 1.4731ms
2025-11-20 10:56:14.307 +01:00 [INF] Executed endpoint 'HomeCareApp.Controllers.NotificationController.GetUnreadCount (api)'
2025-11-20 10:56:14.308 +01:00 [INF] Request finished HTTP/1.1 GET http://localhost:5090/api/Notification/unread-count - 200 1 application/json; charset=utf-8 2.6216ms
2025-11-20 10:56:17.497 +01:00 [INF] Request starting HTTP/1.1 GET http://localhost:5090/api/Notification/unread-count - application/json null
2025-11-20 10:56:17.497 +01:00 [INF] CORS policy execution successful.
2025-11-20 10:56:17.497 +01:00 [INF] Executing endpoint 'HomeCareApp.Controllers.NotificationController.GetUnreadCount (api)'
2025-11-20 10:56:17.497 +01:00 [INF] Route matched with {action = "GetUnreadCount", controller = "Notification"}. Executing controller action with signature System.Threading.Tasks.Task`1[Microsoft.AspNetCore.Mvc.ActionResult`1[System.Int32]] GetUnreadCount() on controller HomeCareApp.Controllers.NotificationController (api).
2025-11-20 10:56:17.500 +01:00 [INF] Executing OkObjectResult, writing value of type 'System.Int32'.
2025-11-20 10:56:17.500 +01:00 [INF] Executed action HomeCareApp.Controllers.NotificationController.GetUnreadCount (api) in 2.4778ms
2025-11-20 10:56:17.500 +01:00 [INF] Executed endpoint 'HomeCareApp.Controllers.NotificationController.GetUnreadCount (api)'
2025-11-20 10:56:17.500 +01:00 [INF] Request finished HTTP/1.1 GET http://localhost:5090/api/Notification/unread-count - 200 1 application/json; charset=utf-8 3.5949ms
2025-11-20 10:56:30.715 +01:00 [INF] Application is shutting down...
