2025-11-10 23:08:22.778 +01:00 [INF] No migrations were applied. The database is already up to date.
2025-11-10 23:08:22.824 +01:00 [INF] No migrations were applied. The database is already up to date.
2025-11-10 23:08:23.166 +01:00 [INF] User profile is available. Using 'C:\Users\nahid\AppData\Local\ASP.NET\DataProtection-Keys' as key repository and Windows DPAPI to encrypt keys at rest.
2025-11-10 23:08:23.219 +01:00 [INF] Now listening on: http://localhost:5090
2025-11-10 23:08:23.222 +01:00 [INF] Application started. Press Ctrl+C to shut down.
2025-11-10 23:08:23.222 +01:00 [INF] Hosting environment: Development
2025-11-10 23:08:23.223 +01:00 [INF] Content root path: C:\Users\nahid\OneDrive\Dokumenter\GitHub\React-Homecare\api
2025-11-10 23:13:33.379 +01:00 [INF] Request starting HTTP/1.1 OPTIONS http://localhost:5090/api/medication - null null
2025-11-10 23:13:33.379 +01:00 [INF] Request starting HTTP/1.1 OPTIONS http://localhost:5090/api/medication - null null
2025-11-10 23:13:33.405 +01:00 [INF] CORS policy execution successful.
2025-11-10 23:13:33.405 +01:00 [INF] CORS policy execution successful.
2025-11-10 23:13:33.409 +01:00 [INF] Request finished HTTP/1.1 OPTIONS http://localhost:5090/api/medication - 204 null null 31.087ms
2025-11-10 23:13:33.409 +01:00 [INF] Request finished HTTP/1.1 OPTIONS http://localhost:5090/api/medication - 204 null null 31.0871ms
2025-11-10 23:13:33.411 +01:00 [INF] Request starting HTTP/1.1 GET http://localhost:5090/api/medication - application/json null
2025-11-10 23:13:33.411 +01:00 [INF] Request starting HTTP/1.1 GET http://localhost:5090/api/medication - application/json null
2025-11-10 23:13:33.416 +01:00 [INF] CORS policy execution successful.
2025-11-10 23:13:33.416 +01:00 [INF] CORS policy execution successful.
2025-11-10 23:13:33.480 +01:00 [INF] Authorization failed. These requirements were not met:
RolesAuthorizationRequirement:User.IsInRole must be true for one of the following roles: (Employee)
2025-11-10 23:13:33.480 +01:00 [INF] Authorization failed. These requirements were not met:
RolesAuthorizationRequirement:User.IsInRole must be true for one of the following roles: (Employee)
2025-11-10 23:13:33.482 +01:00 [INF] AuthenticationScheme: Bearer was forbidden.
2025-11-10 23:13:33.482 +01:00 [INF] AuthenticationScheme: Bearer was forbidden.
2025-11-10 23:13:33.482 +01:00 [INF] Request finished HTTP/1.1 GET http://localhost:5090/api/medication - 403 0 null 71.389ms
2025-11-10 23:13:33.482 +01:00 [INF] Request finished HTTP/1.1 GET http://localhost:5090/api/medication - 403 0 null 71.3819ms
2025-11-10 23:15:17.624 +01:00 [INF] Request starting HTTP/1.1 GET http://localhost:5090/api/Appointment - null null
2025-11-10 23:15:17.625 +01:00 [INF] CORS policy execution successful.
2025-11-10 23:15:17.630 +01:00 [INF] Executing endpoint 'HomeCareApp.Controllers.AppointmentController.GetAppointments (api)'
2025-11-10 23:15:17.644 +01:00 [INF] Route matched with {action = "GetAppointments", controller = "Appointment"}. Executing controller action with signature System.Threading.Tasks.Task`1[Microsoft.AspNetCore.Mvc.IActionResult] GetAppointments() on controller HomeCareApp.Controllers.AppointmentController (api).
2025-11-10 23:15:17.734 +01:00 [INF] Executing OkObjectResult, writing value of type 'System.Linq.Enumerable+SelectListIterator`2[[HomeCareApp.Models.Appointment, api, Version=1.0.0.0, Culture=neutral, PublicKeyToken=null],[HomeCareApp.DTOs.AppointmentDto, api, Version=1.0.0.0, Culture=neutral, PublicKeyToken=null]]'.
2025-11-10 23:15:17.800 +01:00 [INF] Executed action HomeCareApp.Controllers.AppointmentController.GetAppointments (api) in 152.2343ms
2025-11-10 23:15:17.801 +01:00 [INF] Executed endpoint 'HomeCareApp.Controllers.AppointmentController.GetAppointments (api)'
2025-11-10 23:15:17.803 +01:00 [INF] Request finished HTTP/1.1 GET http://localhost:5090/api/Appointment - 200 656 application/json; charset=utf-8 178.9173ms
2025-11-10 23:15:17.803 +01:00 [INF] Request starting HTTP/1.1 GET http://localhost:5090/api/Appointment - null null
2025-11-10 23:15:17.804 +01:00 [INF] CORS policy execution successful.
2025-11-10 23:15:17.804 +01:00 [INF] Executing endpoint 'HomeCareApp.Controllers.AppointmentController.GetAppointments (api)'
2025-11-10 23:15:17.804 +01:00 [INF] Route matched with {action = "GetAppointments", controller = "Appointment"}. Executing controller action with signature System.Threading.Tasks.Task`1[Microsoft.AspNetCore.Mvc.IActionResult] GetAppointments() on controller HomeCareApp.Controllers.AppointmentController (api).
2025-11-10 23:15:17.812 +01:00 [INF] Executing OkObjectResult, writing value of type 'System.Linq.Enumerable+SelectListIterator`2[[HomeCareApp.Models.Appointment, api, Version=1.0.0.0, Culture=neutral, PublicKeyToken=null],[HomeCareApp.DTOs.AppointmentDto, api, Version=1.0.0.0, Culture=neutral, PublicKeyToken=null]]'.
2025-11-10 23:15:17.814 +01:00 [INF] Executed action HomeCareApp.Controllers.AppointmentController.GetAppointments (api) in 9.0958ms
2025-11-10 23:15:17.814 +01:00 [INF] Executed endpoint 'HomeCareApp.Controllers.AppointmentController.GetAppointments (api)'
2025-11-10 23:15:17.814 +01:00 [INF] Request finished HTTP/1.1 GET http://localhost:5090/api/Appointment - 200 656 application/json; charset=utf-8 11.009ms
2025-11-10 23:15:18.546 +01:00 [INF] Request starting HTTP/1.1 OPTIONS http://localhost:5090/api/medication - null null
2025-11-10 23:15:18.546 +01:00 [INF] CORS policy execution successful.
2025-11-10 23:15:18.546 +01:00 [INF] Request starting HTTP/1.1 OPTIONS http://localhost:5090/api/medication - null null
2025-11-10 23:15:18.546 +01:00 [INF] Request finished HTTP/1.1 OPTIONS http://localhost:5090/api/medication - 204 null null 0.5567ms
2025-11-10 23:15:18.546 +01:00 [INF] CORS policy execution successful.
2025-11-10 23:15:18.547 +01:00 [INF] Request finished HTTP/1.1 OPTIONS http://localhost:5090/api/medication - 204 null null 0.2211ms
2025-11-10 23:15:18.547 +01:00 [INF] Request starting HTTP/1.1 GET http://localhost:5090/api/medication - application/json null
2025-11-10 23:15:18.548 +01:00 [INF] CORS policy execution successful.
2025-11-10 23:15:18.550 +01:00 [INF] Authorization failed. These requirements were not met:
RolesAuthorizationRequirement:User.IsInRole must be true for one of the following roles: (Employee)
2025-11-10 23:15:18.550 +01:00 [INF] AuthenticationScheme: Bearer was forbidden.
2025-11-10 23:15:18.550 +01:00 [INF] Request finished HTTP/1.1 GET http://localhost:5090/api/medication - 403 0 null 2.9354ms
2025-11-10 23:15:18.552 +01:00 [INF] Request starting HTTP/1.1 GET http://localhost:5090/api/medication - application/json null
2025-11-10 23:15:18.552 +01:00 [INF] CORS policy execution successful.
2025-11-10 23:15:18.552 +01:00 [INF] Authorization failed. These requirements were not met:
RolesAuthorizationRequirement:User.IsInRole must be true for one of the following roles: (Employee)
2025-11-10 23:15:18.552 +01:00 [INF] AuthenticationScheme: Bearer was forbidden.
2025-11-10 23:15:18.552 +01:00 [INF] Request finished HTTP/1.1 GET http://localhost:5090/api/medication - 403 0 null 0.7359ms
2025-11-10 23:15:34.940 +01:00 [INF] Application is shutting down...
