2025-11-10 23:33:14.546 +01:00 [INF] No migrations were applied. The database is already up to date.
2025-11-10 23:33:14.596 +01:00 [INF] No migrations were applied. The database is already up to date.
2025-11-10 23:33:14.962 +01:00 [INF] User profile is available. Using 'C:\Users\nahid\AppData\Local\ASP.NET\DataProtection-Keys' as key repository and Windows DPAPI to encrypt keys at rest.
2025-11-10 23:33:14.998 +01:00 [INF] Now listening on: http://localhost:5090
2025-11-10 23:33:15.001 +01:00 [INF] Application started. Press Ctrl+C to shut down.
2025-11-10 23:33:15.001 +01:00 [INF] Hosting environment: Development
2025-11-10 23:33:15.010 +01:00 [INF] Content root path: C:\Users\nahid\OneDrive\Dokumenter\GitHub\React-Homecare\api
2025-11-10 23:33:18.284 +01:00 [INF] Request starting HTTP/1.1 OPTIONS http://localhost:5090/api/medication - null null
2025-11-10 23:33:18.284 +01:00 [INF] Request starting HTTP/1.1 OPTIONS http://localhost:5090/api/medication - null null
2025-11-10 23:33:18.314 +01:00 [INF] CORS policy execution successful.
2025-11-10 23:33:18.314 +01:00 [INF] CORS policy execution successful.
2025-11-10 23:33:18.317 +01:00 [INF] Request finished HTTP/1.1 OPTIONS http://localhost:5090/api/medication - 204 null null 33.9348ms
2025-11-10 23:33:18.317 +01:00 [INF] Request finished HTTP/1.1 OPTIONS http://localhost:5090/api/medication - 204 null null 33.9344ms
2025-11-10 23:33:18.319 +01:00 [INF] Request starting HTTP/1.1 GET http://localhost:5090/api/medication - application/json null
2025-11-10 23:33:18.324 +01:00 [INF] CORS policy execution successful.
2025-11-10 23:33:18.374 +01:00 [INF] Authorization failed. These requirements were not met:
RolesAuthorizationRequirement:User.IsInRole must be true for one of the following roles: (Employee)
2025-11-10 23:33:18.375 +01:00 [INF] AuthenticationScheme: Bearer was forbidden.
2025-11-10 23:33:18.376 +01:00 [INF] Request finished HTTP/1.1 GET http://localhost:5090/api/medication - 403 0 null 56.4049ms
2025-11-10 23:33:18.377 +01:00 [INF] Request starting HTTP/1.1 GET http://localhost:5090/api/medication - application/json null
2025-11-10 23:33:18.377 +01:00 [INF] CORS policy execution successful.
2025-11-10 23:33:18.380 +01:00 [INF] Authorization failed. These requirements were not met:
RolesAuthorizationRequirement:User.IsInRole must be true for one of the following roles: (Employee)
2025-11-10 23:33:18.380 +01:00 [INF] AuthenticationScheme: Bearer was forbidden.
2025-11-10 23:33:18.380 +01:00 [INF] Request finished HTTP/1.1 GET http://localhost:5090/api/medication - 403 0 null 3.763ms
2025-11-10 23:33:30.067 +01:00 [INF] Request starting HTTP/1.1 OPTIONS http://localhost:5090/api/medication - null null
2025-11-10 23:33:30.068 +01:00 [INF] CORS policy execution successful.
2025-11-10 23:33:30.068 +01:00 [INF] Request starting HTTP/1.1 OPTIONS http://localhost:5090/api/medication - null null
2025-11-10 23:33:30.068 +01:00 [INF] Request finished HTTP/1.1 OPTIONS http://localhost:5090/api/medication - 204 null null 0.9956ms
2025-11-10 23:33:30.068 +01:00 [INF] CORS policy execution successful.
2025-11-10 23:33:30.068 +01:00 [INF] Request finished HTTP/1.1 OPTIONS http://localhost:5090/api/medication - 204 null null 0.3707ms
2025-11-10 23:33:30.071 +01:00 [INF] Request starting HTTP/1.1 GET http://localhost:5090/api/medication - application/json null
2025-11-10 23:33:30.071 +01:00 [INF] Request starting HTTP/1.1 GET http://localhost:5090/api/medication - application/json null
2025-11-10 23:33:30.071 +01:00 [INF] CORS policy execution successful.
2025-11-10 23:33:30.071 +01:00 [INF] CORS policy execution successful.
2025-11-10 23:33:30.074 +01:00 [INF] Authorization failed. These requirements were not met:
RolesAuthorizationRequirement:User.IsInRole must be true for one of the following roles: (Employee)
2025-11-10 23:33:30.074 +01:00 [INF] Authorization failed. These requirements were not met:
RolesAuthorizationRequirement:User.IsInRole must be true for one of the following roles: (Employee)
2025-11-10 23:33:30.074 +01:00 [INF] AuthenticationScheme: Bearer was forbidden.
2025-11-10 23:33:30.074 +01:00 [INF] AuthenticationScheme: Bearer was forbidden.
2025-11-10 23:33:30.075 +01:00 [INF] Request finished HTTP/1.1 GET http://localhost:5090/api/medication - 403 0 null 3.8111ms
2025-11-10 23:33:30.075 +01:00 [INF] Request finished HTTP/1.1 GET http://localhost:5090/api/medication - 403 0 null 3.8113ms
2025-11-10 23:33:49.154 +01:00 [INF] Request starting HTTP/1.1 OPTIONS http://localhost:5090/api/medication - null null
2025-11-10 23:33:49.155 +01:00 [INF] CORS policy execution successful.
2025-11-10 23:33:49.155 +01:00 [INF] Request finished HTTP/1.1 OPTIONS http://localhost:5090/api/medication - 204 null null 0.9329ms
2025-11-10 23:33:49.156 +01:00 [INF] Request starting HTTP/1.1 OPTIONS http://localhost:5090/api/medication - null null
2025-11-10 23:33:49.156 +01:00 [INF] CORS policy execution successful.
2025-11-10 23:33:49.157 +01:00 [INF] Request finished HTTP/1.1 OPTIONS http://localhost:5090/api/medication - 204 null null 0.3378ms
2025-11-10 23:33:49.157 +01:00 [INF] Request starting HTTP/1.1 GET http://localhost:5090/api/medication - application/json null
2025-11-10 23:33:49.157 +01:00 [INF] CORS policy execution successful.
2025-11-10 23:33:49.158 +01:00 [INF] Authorization failed. These requirements were not met:
RolesAuthorizationRequirement:User.IsInRole must be true for one of the following roles: (Employee)
2025-11-10 23:33:49.158 +01:00 [INF] AuthenticationScheme: Bearer was forbidden.
2025-11-10 23:33:49.158 +01:00 [INF] Request finished HTTP/1.1 GET http://localhost:5090/api/medication - 403 0 null 1.0257ms
2025-11-10 23:33:49.168 +01:00 [INF] Request starting HTTP/1.1 GET http://localhost:5090/api/medication - application/json null
2025-11-10 23:33:49.168 +01:00 [INF] CORS policy execution successful.
2025-11-10 23:33:49.169 +01:00 [INF] Authorization failed. These requirements were not met:
RolesAuthorizationRequirement:User.IsInRole must be true for one of the following roles: (Employee)
2025-11-10 23:33:49.169 +01:00 [INF] AuthenticationScheme: Bearer was forbidden.
2025-11-10 23:33:49.169 +01:00 [INF] Request finished HTTP/1.1 GET http://localhost:5090/api/medication - 403 0 null 1.8555ms
2025-11-10 23:37:27.121 +01:00 [INF] Request starting HTTP/1.1 GET http://localhost:5090/api/Appointment - null null
2025-11-10 23:37:27.122 +01:00 [INF] CORS policy execution successful.
2025-11-10 23:37:27.124 +01:00 [INF] Executing endpoint 'HomeCareApp.Controllers.AppointmentController.GetAppointments (api)'
2025-11-10 23:37:27.134 +01:00 [INF] Route matched with {action = "GetAppointments", controller = "Appointment"}. Executing controller action with signature System.Threading.Tasks.Task`1[Microsoft.AspNetCore.Mvc.IActionResult] GetAppointments() on controller HomeCareApp.Controllers.AppointmentController (api).
2025-11-10 23:37:27.216 +01:00 [INF] Executing OkObjectResult, writing value of type 'System.Linq.Enumerable+SelectListIterator`2[[HomeCareApp.Models.Appointment, api, Version=1.0.0.0, Culture=neutral, PublicKeyToken=null],[HomeCareApp.DTOs.AppointmentDto, api, Version=1.0.0.0, Culture=neutral, PublicKeyToken=null]]'.
2025-11-10 23:37:27.277 +01:00 [INF] Executed action HomeCareApp.Controllers.AppointmentController.GetAppointments (api) in 140.354ms
2025-11-10 23:37:27.277 +01:00 [INF] Executed endpoint 'HomeCareApp.Controllers.AppointmentController.GetAppointments (api)'
2025-11-10 23:37:27.280 +01:00 [INF] Request finished HTTP/1.1 GET http://localhost:5090/api/Appointment - 200 656 application/json; charset=utf-8 158.4253ms
2025-11-10 23:37:27.280 +01:00 [INF] Request starting HTTP/1.1 GET http://localhost:5090/api/Appointment - null null
2025-11-10 23:37:27.280 +01:00 [INF] CORS policy execution successful.
2025-11-10 23:37:27.281 +01:00 [INF] Executing endpoint 'HomeCareApp.Controllers.AppointmentController.GetAppointments (api)'
2025-11-10 23:37:27.281 +01:00 [INF] Route matched with {action = "GetAppointments", controller = "Appointment"}. Executing controller action with signature System.Threading.Tasks.Task`1[Microsoft.AspNetCore.Mvc.IActionResult] GetAppointments() on controller HomeCareApp.Controllers.AppointmentController (api).
2025-11-10 23:37:27.289 +01:00 [INF] Executing OkObjectResult, writing value of type 'System.Linq.Enumerable+SelectListIterator`2[[HomeCareApp.Models.Appointment, api, Version=1.0.0.0, Culture=neutral, PublicKeyToken=null],[HomeCareApp.DTOs.AppointmentDto, api, Version=1.0.0.0, Culture=neutral, PublicKeyToken=null]]'.
2025-11-10 23:37:27.290 +01:00 [INF] Executed action HomeCareApp.Controllers.AppointmentController.GetAppointments (api) in 8.5561ms
2025-11-10 23:37:27.290 +01:00 [INF] Executed endpoint 'HomeCareApp.Controllers.AppointmentController.GetAppointments (api)'
2025-11-10 23:37:27.290 +01:00 [INF] Request finished HTTP/1.1 GET http://localhost:5090/api/Appointment - 200 656 application/json; charset=utf-8 10.2333ms
2025-11-10 23:37:27.948 +01:00 [INF] Request starting HTTP/1.1 OPTIONS http://localhost:5090/api/medication - null null
2025-11-10 23:37:27.949 +01:00 [INF] CORS policy execution successful.
2025-11-10 23:37:27.950 +01:00 [INF] Request finished HTTP/1.1 OPTIONS http://localhost:5090/api/medication - 204 null null 1.5478ms
2025-11-10 23:37:27.950 +01:00 [INF] Request starting HTTP/1.1 OPTIONS http://localhost:5090/api/medication - null null
2025-11-10 23:37:27.950 +01:00 [INF] CORS policy execution successful.
2025-11-10 23:37:27.950 +01:00 [INF] Request finished HTTP/1.1 OPTIONS http://localhost:5090/api/medication - 204 null null 0.3446ms
2025-11-10 23:37:27.951 +01:00 [INF] Request starting HTTP/1.1 GET http://localhost:5090/api/medication - application/json null
2025-11-10 23:37:27.952 +01:00 [INF] CORS policy execution successful.
2025-11-10 23:37:27.953 +01:00 [INF] Authorization failed. These requirements were not met:
RolesAuthorizationRequirement:User.IsInRole must be true for one of the following roles: (Employee)
2025-11-10 23:37:27.953 +01:00 [INF] AuthenticationScheme: Bearer was forbidden.
2025-11-10 23:37:27.953 +01:00 [INF] Request finished HTTP/1.1 GET http://localhost:5090/api/medication - 403 0 null 1.2482ms
2025-11-10 23:37:27.954 +01:00 [INF] Request starting HTTP/1.1 GET http://localhost:5090/api/medication - application/json null
2025-11-10 23:37:27.954 +01:00 [INF] CORS policy execution successful.
2025-11-10 23:37:27.954 +01:00 [INF] Authorization failed. These requirements were not met:
RolesAuthorizationRequirement:User.IsInRole must be true for one of the following roles: (Employee)
2025-11-10 23:37:27.954 +01:00 [INF] AuthenticationScheme: Bearer was forbidden.
2025-11-10 23:37:27.954 +01:00 [INF] Request finished HTTP/1.1 GET http://localhost:5090/api/medication - 403 0 null 0.5664ms
2025-11-10 23:39:10.398 +01:00 [INF] Application is shutting down...
