2025-11-06 15:19:08.482 +01:00 [INF] No migrations were applied. The database is already up to date.
2025-11-06 15:19:08.658 +01:00 [INF] No migrations were applied. The database is already up to date.
2025-11-06 15:19:09.160 +01:00 [INF] User profile is available. Using 'C:\Users\vilde\AppData\Local\ASP.NET\DataProtection-Keys' as key repository and Windows DPAPI to encrypt keys at rest.
2025-11-06 15:19:09.209 +01:00 [INF] Now listening on: http://localhost:5090
2025-11-06 15:19:09.212 +01:00 [INF] Application started. Press Ctrl+C to shut down.
2025-11-06 15:19:09.212 +01:00 [INF] Hosting environment: Development
2025-11-06 15:19:09.212 +01:00 [INF] Content root path: C:\Users\vilde\OneDrive\Documents\Homecare React\React-Homecare\api
2025-11-06 15:19:20.840 +01:00 [INF] Request starting HTTP/1.1 OPTIONS http://localhost:5090/api/patient/user/ea72dd84-773a-4e83-ac16-0eb80be61cc9 - null null
2025-11-06 15:19:20.840 +01:00 [INF] Request starting HTTP/1.1 OPTIONS http://localhost:5090/api/patient/user/ea72dd84-773a-4e83-ac16-0eb80be61cc9 - null null
2025-11-06 15:19:20.881 +01:00 [INF] CORS policy execution successful.
2025-11-06 15:19:20.881 +01:00 [INF] CORS policy execution successful.
2025-11-06 15:19:20.885 +01:00 [INF] Request finished HTTP/1.1 OPTIONS http://localhost:5090/api/patient/user/ea72dd84-773a-4e83-ac16-0eb80be61cc9 - 204 null null 47.1358ms
2025-11-06 15:19:20.885 +01:00 [INF] Request finished HTTP/1.1 OPTIONS http://localhost:5090/api/patient/user/ea72dd84-773a-4e83-ac16-0eb80be61cc9 - 204 null null 46.7622ms
2025-11-06 15:19:20.889 +01:00 [INF] Request starting HTTP/1.1 GET http://localhost:5090/api/patient/user/ea72dd84-773a-4e83-ac16-0eb80be61cc9 - application/json null
2025-11-06 15:19:20.897 +01:00 [INF] CORS policy execution successful.
2025-11-06 15:19:20.996 +01:00 [INF] Executing endpoint 'HomeCareApp.Controllers.PatientController.GetPatientByUserId (api)'
2025-11-06 15:19:21.014 +01:00 [INF] Route matched with {action = "GetPatientByUserId", controller = "Patient"}. Executing controller action with signature System.Threading.Tasks.Task`1[Microsoft.AspNetCore.Mvc.ActionResult`1[HomeCareApp.DTOs.PatientDto]] GetPatientByUserId(System.String) on controller HomeCareApp.Controllers.PatientController (api).
2025-11-06 15:19:21.043 +01:00 [INF] Executing NotFoundObjectResult, writing value of type 'System.String'.
2025-11-06 15:19:21.046 +01:00 [INF] Request starting HTTP/1.1 GET http://localhost:5090/api/patient/user/ea72dd84-773a-4e83-ac16-0eb80be61cc9 - application/json null
2025-11-06 15:19:21.047 +01:00 [INF] CORS policy execution successful.
2025-11-06 15:19:21.048 +01:00 [INF] Executed action HomeCareApp.Controllers.PatientController.GetPatientByUserId (api) in 30.7497ms
2025-11-06 15:19:21.048 +01:00 [INF] Executed endpoint 'HomeCareApp.Controllers.PatientController.GetPatientByUserId (api)'
2025-11-06 15:19:21.049 +01:00 [INF] Request starting HTTP/1.1 OPTIONS http://localhost:5090/api/Auth/create-profile - null null
2025-11-06 15:19:21.050 +01:00 [INF] CORS policy execution successful.
2025-11-06 15:19:21.050 +01:00 [INF] Request finished HTTP/1.1 OPTIONS http://localhost:5090/api/Auth/create-profile - 204 null null 1.2303ms
2025-11-06 15:19:21.051 +01:00 [INF] Executing endpoint 'HomeCareApp.Controllers.PatientController.GetPatientByUserId (api)'
2025-11-06 15:19:21.051 +01:00 [INF] Route matched with {action = "GetPatientByUserId", controller = "Patient"}. Executing controller action with signature System.Threading.Tasks.Task`1[Microsoft.AspNetCore.Mvc.ActionResult`1[HomeCareApp.DTOs.PatientDto]] GetPatientByUserId(System.String) on controller HomeCareApp.Controllers.PatientController (api).
2025-11-06 15:19:21.051 +01:00 [INF] Request finished HTTP/1.1 GET http://localhost:5090/api/patient/user/ea72dd84-773a-4e83-ac16-0eb80be61cc9 - 404 null text/plain; charset=utf-8 162.2834ms
2025-11-06 15:19:21.052 +01:00 [INF] Request starting HTTP/1.1 POST http://localhost:5090/api/Auth/create-profile - application/json 0
2025-11-06 15:19:21.055 +01:00 [INF] CORS policy execution successful.
2025-11-06 15:19:21.057 +01:00 [INF] Executing NotFoundObjectResult, writing value of type 'System.String'.
2025-11-06 15:19:21.057 +01:00 [INF] Executed action HomeCareApp.Controllers.PatientController.GetPatientByUserId (api) in 6.0441ms
2025-11-06 15:19:21.057 +01:00 [INF] Executed endpoint 'HomeCareApp.Controllers.PatientController.GetPatientByUserId (api)'
2025-11-06 15:19:21.058 +01:00 [INF] Request finished HTTP/1.1 GET http://localhost:5090/api/patient/user/ea72dd84-773a-4e83-ac16-0eb80be61cc9 - 404 null text/plain; charset=utf-8 11.8378ms
2025-11-06 15:19:21.059 +01:00 [INF] Request finished HTTP/1.1 POST http://localhost:5090/api/Auth/create-profile - 404 0 null 6.188ms
2025-11-06 15:19:21.059 +01:00 [INF] Request reached the end of the middleware pipeline without being handled by application code. Request path: POST http://localhost:5090/api/Auth/create-profile, Response status code: 404
2025-11-06 15:19:21.060 +01:00 [INF] Request starting HTTP/1.1 POST http://localhost:5090/api/Auth/create-profile - application/json 0
2025-11-06 15:19:21.060 +01:00 [INF] CORS policy execution successful.
2025-11-06 15:19:21.061 +01:00 [INF] Request finished HTTP/1.1 POST http://localhost:5090/api/Auth/create-profile - 404 0 null 0.6567ms
2025-11-06 15:19:21.061 +01:00 [INF] Request reached the end of the middleware pipeline without being handled by application code. Request path: POST http://localhost:5090/api/Auth/create-profile, Response status code: 404
2025-11-06 15:19:23.976 +01:00 [INF] Request starting HTTP/1.1 GET http://localhost:5090/api/Appointment - null null
2025-11-06 15:19:23.977 +01:00 [INF] CORS policy execution successful.
2025-11-06 15:19:23.977 +01:00 [INF] Executing endpoint 'HomeCareApp.Controllers.AppointmentController.GetAppointments (api)'
2025-11-06 15:19:23.981 +01:00 [INF] Route matched with {action = "GetAppointments", controller = "Appointment"}. Executing controller action with signature System.Threading.Tasks.Task`1[Microsoft.AspNetCore.Mvc.IActionResult] GetAppointments() on controller HomeCareApp.Controllers.AppointmentController (api).
2025-11-06 15:19:24.078 +01:00 [INF] Executing OkObjectResult, writing value of type 'System.Linq.Enumerable+SelectListIterator`2[[HomeCareApp.Models.Appointment, api, Version=1.0.0.0, Culture=neutral, PublicKeyToken=null],[HomeCareApp.DTOs.AppointmentDto, api, Version=1.0.0.0, Culture=neutral, PublicKeyToken=null]]'.
2025-11-06 15:19:24.162 +01:00 [INF] Executed action HomeCareApp.Controllers.AppointmentController.GetAppointments (api) in 180.474ms
2025-11-06 15:19:24.162 +01:00 [INF] Executed endpoint 'HomeCareApp.Controllers.AppointmentController.GetAppointments (api)'
2025-11-06 15:19:24.162 +01:00 [INF] Request starting HTTP/1.1 GET http://localhost:5090/api/Appointment - null null
2025-11-06 15:19:24.163 +01:00 [INF] Request finished HTTP/1.1 GET http://localhost:5090/api/Appointment - 200 656 application/json; charset=utf-8 186.2822ms
2025-11-06 15:19:24.163 +01:00 [INF] CORS policy execution successful.
2025-11-06 15:19:24.163 +01:00 [INF] Executing endpoint 'HomeCareApp.Controllers.AppointmentController.GetAppointments (api)'
2025-11-06 15:19:24.163 +01:00 [INF] Route matched with {action = "GetAppointments", controller = "Appointment"}. Executing controller action with signature System.Threading.Tasks.Task`1[Microsoft.AspNetCore.Mvc.IActionResult] GetAppointments() on controller HomeCareApp.Controllers.AppointmentController (api).
2025-11-06 15:19:24.170 +01:00 [INF] Executing OkObjectResult, writing value of type 'System.Linq.Enumerable+SelectListIterator`2[[HomeCareApp.Models.Appointment, api, Version=1.0.0.0, Culture=neutral, PublicKeyToken=null],[HomeCareApp.DTOs.AppointmentDto, api, Version=1.0.0.0, Culture=neutral, PublicKeyToken=null]]'.
2025-11-06 15:19:24.171 +01:00 [INF] Executed action HomeCareApp.Controllers.AppointmentController.GetAppointments (api) in 7.6885ms
2025-11-06 15:19:24.171 +01:00 [INF] Executed endpoint 'HomeCareApp.Controllers.AppointmentController.GetAppointments (api)'
2025-11-06 15:19:24.172 +01:00 [INF] Request finished HTTP/1.1 GET http://localhost:5090/api/Appointment - 200 656 application/json; charset=utf-8 9.1845ms
2025-11-11 09:16:12.043 +01:00 [INF] Application is shutting down...
