2025-11-10 15:28:25.484 +01:00 [INF] No migrations were applied. The database is already up to date.
2025-11-10 15:28:25.542 +01:00 [INF] No migrations were applied. The database is already up to date.
2025-11-10 15:28:25.918 +01:00 [INF] User profile is available. Using 'C:\Users\B\AppData\Local\ASP.NET\DataProtection-Keys' as key repository and Windows DPAPI to encrypt keys at rest.
2025-11-10 15:28:25.953 +01:00 [INF] Now listening on: http://localhost:5090
2025-11-10 15:28:25.956 +01:00 [INF] Application started. Press Ctrl+C to shut down.
2025-11-10 15:28:25.956 +01:00 [INF] Hosting environment: Development
2025-11-10 15:28:25.959 +01:00 [INF] Content root path: C:\Users\B\Documents\ITPE3200\React-Homecare\api
2025-11-10 15:28:34.441 +01:00 [INF] Request starting HTTP/1.1 OPTIONS http://localhost:5090/api/patient/user/42219a74-6a87-4db9-80bb-eb632329a239 - null null
2025-11-10 15:28:34.441 +01:00 [INF] Request starting HTTP/1.1 OPTIONS http://localhost:5090/api/patient/user/42219a74-6a87-4db9-80bb-eb632329a239 - null null
2025-11-10 15:28:34.482 +01:00 [INF] CORS policy execution successful.
2025-11-10 15:28:34.482 +01:00 [INF] CORS policy execution successful.
2025-11-10 15:28:34.487 +01:00 [INF] Request finished HTTP/1.1 OPTIONS http://localhost:5090/api/patient/user/42219a74-6a87-4db9-80bb-eb632329a239 - 204 null null 46.6753ms
2025-11-10 15:28:34.487 +01:00 [INF] Request finished HTTP/1.1 OPTIONS http://localhost:5090/api/patient/user/42219a74-6a87-4db9-80bb-eb632329a239 - 204 null null 46.6799ms
2025-11-10 15:28:34.489 +01:00 [INF] Request starting HTTP/1.1 GET http://localhost:5090/api/patient/user/42219a74-6a87-4db9-80bb-eb632329a239 - application/json null
2025-11-10 15:28:34.495 +01:00 [INF] CORS policy execution successful.
2025-11-10 15:28:34.585 +01:00 [INF] Executing endpoint 'HomeCareApp.Controllers.PatientController.GetPatientByUserId (api)'
2025-11-10 15:28:34.598 +01:00 [INF] Route matched with {action = "GetPatientByUserId", controller = "Patient"}. Executing controller action with signature System.Threading.Tasks.Task`1[Microsoft.AspNetCore.Mvc.ActionResult`1[HomeCareApp.DTOs.PatientDto]] GetPatientByUserId(System.String) on controller HomeCareApp.Controllers.PatientController (api).
2025-11-10 15:28:34.626 +01:00 [INF] Executing OkObjectResult, writing value of type 'HomeCareApp.DTOs.PatientDto'.
2025-11-10 15:28:34.705 +01:00 [INF] Executed action HomeCareApp.Controllers.PatientController.GetPatientByUserId (api) in 103.1381ms
2025-11-10 15:28:34.705 +01:00 [INF] Executed endpoint 'HomeCareApp.Controllers.PatientController.GetPatientByUserId (api)'
2025-11-10 15:28:34.709 +01:00 [INF] Request finished HTTP/1.1 GET http://localhost:5090/api/patient/user/42219a74-6a87-4db9-80bb-eb632329a239 - 200 229 application/json; charset=utf-8 220.0412ms
2025-11-10 15:28:34.711 +01:00 [INF] Request starting HTTP/1.1 GET http://localhost:5090/api/patient/user/42219a74-6a87-4db9-80bb-eb632329a239 - application/json null
2025-11-10 15:28:34.711 +01:00 [INF] CORS policy execution successful.
2025-11-10 15:28:34.714 +01:00 [INF] Executing endpoint 'HomeCareApp.Controllers.PatientController.GetPatientByUserId (api)'
2025-11-10 15:28:34.714 +01:00 [INF] Route matched with {action = "GetPatientByUserId", controller = "Patient"}. Executing controller action with signature System.Threading.Tasks.Task`1[Microsoft.AspNetCore.Mvc.ActionResult`1[HomeCareApp.DTOs.PatientDto]] GetPatientByUserId(System.String) on controller HomeCareApp.Controllers.PatientController (api).
2025-11-10 15:28:34.719 +01:00 [INF] Executing OkObjectResult, writing value of type 'HomeCareApp.DTOs.PatientDto'.
2025-11-10 15:28:34.720 +01:00 [INF] Executed action HomeCareApp.Controllers.PatientController.GetPatientByUserId (api) in 5.5631ms
2025-11-10 15:28:34.720 +01:00 [INF] Executed endpoint 'HomeCareApp.Controllers.PatientController.GetPatientByUserId (api)'
2025-11-10 15:28:34.721 +01:00 [INF] Request finished HTTP/1.1 GET http://localhost:5090/api/patient/user/42219a74-6a87-4db9-80bb-eb632329a239 - 200 229 application/json; charset=utf-8 9.9647ms
2025-11-10 15:28:47.030 +01:00 [INF] Request starting HTTP/1.1 OPTIONS http://localhost:5090/api/patient/3 - null null
2025-11-10 15:28:47.031 +01:00 [INF] CORS policy execution successful.
2025-11-10 15:28:47.031 +01:00 [INF] Request finished HTTP/1.1 OPTIONS http://localhost:5090/api/patient/3 - 204 null null 1.3176ms
2025-11-10 15:28:47.033 +01:00 [INF] Request starting HTTP/1.1 PUT http://localhost:5090/api/patient/3 - application/json 222
2025-11-10 15:28:47.033 +01:00 [INF] CORS policy execution successful.
2025-11-10 15:28:47.039 +01:00 [INF] Executing endpoint 'HomeCareApp.Controllers.PatientController.UpdatePatient (api)'
2025-11-10 15:28:47.044 +01:00 [INF] Route matched with {action = "UpdatePatient", controller = "Patient"}. Executing controller action with signature System.Threading.Tasks.Task`1[Microsoft.AspNetCore.Mvc.IActionResult] UpdatePatient(Int32, HomeCareApp.DTOs.PatientDto) on controller HomeCareApp.Controllers.PatientController (api).
2025-11-10 15:28:47.077 +01:00 [INF] Executing BadRequestObjectResult, writing value of type 'Microsoft.AspNetCore.Mvc.ValidationProblemDetails'.
2025-11-10 15:28:47.103 +01:00 [INF] Executed action HomeCareApp.Controllers.PatientController.UpdatePatient (api) in 58.8599ms
2025-11-10 15:28:47.103 +01:00 [INF] Executed endpoint 'HomeCareApp.Controllers.PatientController.UpdatePatient (api)'
2025-11-10 15:28:47.103 +01:00 [INF] Request finished HTTP/1.1 PUT http://localhost:5090/api/patient/3 - 400 274 application/problem+json; charset=utf-8 70.3169ms
2025-11-10 15:28:56.103 +01:00 [INF] Request starting HTTP/1.1 OPTIONS http://localhost:5090/api/patient/3 - null null
2025-11-10 15:28:56.104 +01:00 [INF] CORS policy execution successful.
2025-11-10 15:28:56.104 +01:00 [INF] Request finished HTTP/1.1 OPTIONS http://localhost:5090/api/patient/3 - 204 null null 1.1766ms
2025-11-10 15:28:56.106 +01:00 [INF] Request starting HTTP/1.1 PUT http://localhost:5090/api/patient/3 - application/json 225
2025-11-10 15:28:56.106 +01:00 [INF] CORS policy execution successful.
2025-11-10 15:28:56.107 +01:00 [INF] Executing endpoint 'HomeCareApp.Controllers.PatientController.UpdatePatient (api)'
2025-11-10 15:28:56.107 +01:00 [INF] Route matched with {action = "UpdatePatient", controller = "Patient"}. Executing controller action with signature System.Threading.Tasks.Task`1[Microsoft.AspNetCore.Mvc.IActionResult] UpdatePatient(Int32, HomeCareApp.DTOs.PatientDto) on controller HomeCareApp.Controllers.PatientController (api).
2025-11-10 15:28:56.249 +01:00 [INF] Executing StatusCodeResult, setting HTTP status code 204
2025-11-10 15:28:56.249 +01:00 [INF] Executed action HomeCareApp.Controllers.PatientController.UpdatePatient (api) in 142.0436ms
2025-11-10 15:28:56.249 +01:00 [INF] Executed endpoint 'HomeCareApp.Controllers.PatientController.UpdatePatient (api)'
2025-11-10 15:28:56.249 +01:00 [INF] Request finished HTTP/1.1 PUT http://localhost:5090/api/patient/3 - 204 null null 143.5505ms
2025-11-10 15:28:56.253 +01:00 [INF] Request starting HTTP/1.1 OPTIONS http://localhost:5090/api/patient/user/42219a74-6a87-4db9-80bb-eb632329a239 - null null
2025-11-10 15:28:56.254 +01:00 [INF] CORS policy execution successful.
2025-11-10 15:28:56.254 +01:00 [INF] Request finished HTTP/1.1 OPTIONS http://localhost:5090/api/patient/user/42219a74-6a87-4db9-80bb-eb632329a239 - 204 null null 0.8296ms
2025-11-10 15:28:56.257 +01:00 [INF] Request starting HTTP/1.1 GET http://localhost:5090/api/patient/user/42219a74-6a87-4db9-80bb-eb632329a239 - application/json null
2025-11-10 15:28:56.257 +01:00 [INF] CORS policy execution successful.
2025-11-10 15:28:56.257 +01:00 [INF] Executing endpoint 'HomeCareApp.Controllers.PatientController.GetPatientByUserId (api)'
2025-11-10 15:28:56.257 +01:00 [INF] Route matched with {action = "GetPatientByUserId", controller = "Patient"}. Executing controller action with signature System.Threading.Tasks.Task`1[Microsoft.AspNetCore.Mvc.ActionResult`1[HomeCareApp.DTOs.PatientDto]] GetPatientByUserId(System.String) on controller HomeCareApp.Controllers.PatientController (api).
2025-11-10 15:28:56.259 +01:00 [INF] Executing OkObjectResult, writing value of type 'HomeCareApp.DTOs.PatientDto'.
2025-11-10 15:28:56.260 +01:00 [INF] Executed action HomeCareApp.Controllers.PatientController.GetPatientByUserId (api) in 2.0691ms
2025-11-10 15:28:56.260 +01:00 [INF] Executed endpoint 'HomeCareApp.Controllers.PatientController.GetPatientByUserId (api)'
2025-11-10 15:28:56.260 +01:00 [INF] Request finished HTTP/1.1 GET http://localhost:5090/api/patient/user/42219a74-6a87-4db9-80bb-eb632329a239 - 200 232 application/json; charset=utf-8 3.2949ms
2025-11-10 15:29:24.460 +01:00 [INF] Request starting HTTP/1.1 OPTIONS http://localhost:5090/api/Patient/user/42219a74-6a87-4db9-80bb-eb632329a239 - null null
2025-11-10 15:29:24.460 +01:00 [INF] Request starting HTTP/1.1 OPTIONS http://localhost:5090/api/Patient/user/42219a74-6a87-4db9-80bb-eb632329a239 - null null
2025-11-10 15:29:24.460 +01:00 [INF] CORS policy execution successful.
2025-11-10 15:29:24.461 +01:00 [INF] CORS policy execution successful.
2025-11-10 15:29:24.461 +01:00 [INF] Request finished HTTP/1.1 OPTIONS http://localhost:5090/api/Patient/user/42219a74-6a87-4db9-80bb-eb632329a239 - 204 null null 0.8132ms
2025-11-10 15:29:24.461 +01:00 [INF] Request finished HTTP/1.1 OPTIONS http://localhost:5090/api/Patient/user/42219a74-6a87-4db9-80bb-eb632329a239 - 204 null null 0.9527ms
2025-11-10 15:29:24.463 +01:00 [INF] Request starting HTTP/1.1 GET http://localhost:5090/api/Patient/user/42219a74-6a87-4db9-80bb-eb632329a239 - application/json null
2025-11-10 15:29:24.463 +01:00 [INF] CORS policy execution successful.
2025-11-10 15:29:24.463 +01:00 [INF] Executing endpoint 'HomeCareApp.Controllers.PatientController.GetPatientByUserId (api)'
2025-11-10 15:29:24.464 +01:00 [INF] Route matched with {action = "GetPatientByUserId", controller = "Patient"}. Executing controller action with signature System.Threading.Tasks.Task`1[Microsoft.AspNetCore.Mvc.ActionResult`1[HomeCareApp.DTOs.PatientDto]] GetPatientByUserId(System.String) on controller HomeCareApp.Controllers.PatientController (api).
2025-11-10 15:29:24.465 +01:00 [INF] Executing OkObjectResult, writing value of type 'HomeCareApp.DTOs.PatientDto'.
2025-11-10 15:29:24.467 +01:00 [INF] Executed action HomeCareApp.Controllers.PatientController.GetPatientByUserId (api) in 3.0574ms
2025-11-10 15:29:24.467 +01:00 [INF] Executed endpoint 'HomeCareApp.Controllers.PatientController.GetPatientByUserId (api)'
2025-11-10 15:29:24.467 +01:00 [INF] Request finished HTTP/1.1 GET http://localhost:5090/api/Patient/user/42219a74-6a87-4db9-80bb-eb632329a239 - 200 232 application/json; charset=utf-8 4.4715ms
2025-11-10 15:29:24.469 +01:00 [INF] Request starting HTTP/1.1 GET http://localhost:5090/api/Patient/user/42219a74-6a87-4db9-80bb-eb632329a239 - application/json null
2025-11-10 15:29:24.469 +01:00 [INF] CORS policy execution successful.
2025-11-10 15:29:24.470 +01:00 [INF] Executing endpoint 'HomeCareApp.Controllers.PatientController.GetPatientByUserId (api)'
2025-11-10 15:29:24.470 +01:00 [INF] Route matched with {action = "GetPatientByUserId", controller = "Patient"}. Executing controller action with signature System.Threading.Tasks.Task`1[Microsoft.AspNetCore.Mvc.ActionResult`1[HomeCareApp.DTOs.PatientDto]] GetPatientByUserId(System.String) on controller HomeCareApp.Controllers.PatientController (api).
2025-11-10 15:29:24.471 +01:00 [INF] Executing OkObjectResult, writing value of type 'HomeCareApp.DTOs.PatientDto'.
2025-11-10 15:29:24.472 +01:00 [INF] Executed action HomeCareApp.Controllers.PatientController.GetPatientByUserId (api) in 1.8834ms
2025-11-10 15:29:24.472 +01:00 [INF] Executed endpoint 'HomeCareApp.Controllers.PatientController.GetPatientByUserId (api)'
2025-11-10 15:29:24.472 +01:00 [INF] Request finished HTTP/1.1 GET http://localhost:5090/api/Patient/user/42219a74-6a87-4db9-80bb-eb632329a239 - 200 232 application/json; charset=utf-8 2.875ms
2025-11-10 15:29:24.478 +01:00 [INF] Request starting HTTP/1.1 OPTIONS http://localhost:5090/api/Appointment/patient/3 - null null
2025-11-10 15:29:24.478 +01:00 [INF] Request starting HTTP/1.1 OPTIONS http://localhost:5090/api/Appointment/patient/3 - null null
2025-11-10 15:29:24.478 +01:00 [INF] CORS policy execution successful.
2025-11-10 15:29:24.478 +01:00 [INF] CORS policy execution successful.
2025-11-10 15:29:24.478 +01:00 [INF] Request finished HTTP/1.1 OPTIONS http://localhost:5090/api/Appointment/patient/3 - 204 null null 0.3909ms
2025-11-10 15:29:24.478 +01:00 [INF] Request finished HTTP/1.1 OPTIONS http://localhost:5090/api/Appointment/patient/3 - 204 null null 0.5125ms
2025-11-10 15:29:24.480 +01:00 [INF] Request starting HTTP/1.1 GET http://localhost:5090/api/Appointment/patient/3 - application/json null
2025-11-10 15:29:24.480 +01:00 [INF] CORS policy execution successful.
2025-11-10 15:29:24.481 +01:00 [INF] Executing endpoint 'HomeCareApp.Controllers.AppointmentController.GetAppointmentsByPatientId (api)'
2025-11-10 15:29:24.487 +01:00 [INF] Route matched with {action = "GetAppointmentsByPatientId", controller = "Appointment"}. Executing controller action with signature System.Threading.Tasks.Task`1[Microsoft.AspNetCore.Mvc.IActionResult] GetAppointmentsByPatientId(Int32) on controller HomeCareApp.Controllers.AppointmentController (api).
2025-11-10 15:29:24.553 +01:00 [INF] Executing OkObjectResult, writing value of type 'System.Linq.Enumerable+WhereSelectListIterator`2[[HomeCareApp.Models.Appointment, api, Version=1.0.0.0, Culture=neutral, PublicKeyToken=null],[HomeCareApp.DTOs.AppointmentDto, api, Version=1.0.0.0, Culture=neutral, PublicKeyToken=null]]'.
2025-11-10 15:29:24.557 +01:00 [INF] Executed action HomeCareApp.Controllers.AppointmentController.GetAppointmentsByPatientId (api) in 69.9424ms
2025-11-10 15:29:24.557 +01:00 [INF] Executed endpoint 'HomeCareApp.Controllers.AppointmentController.GetAppointmentsByPatientId (api)'
2025-11-10 15:29:24.557 +01:00 [INF] Request finished HTTP/1.1 GET http://localhost:5090/api/Appointment/patient/3 - 200 371 application/json; charset=utf-8 77.019ms
2025-11-10 15:29:24.559 +01:00 [INF] Request starting HTTP/1.1 GET http://localhost:5090/api/Appointment/patient/3 - application/json null
2025-11-10 15:29:24.559 +01:00 [INF] CORS policy execution successful.
2025-11-10 15:29:24.560 +01:00 [INF] Executing endpoint 'HomeCareApp.Controllers.AppointmentController.GetAppointmentsByPatientId (api)'
2025-11-10 15:29:24.560 +01:00 [INF] Route matched with {action = "GetAppointmentsByPatientId", controller = "Appointment"}. Executing controller action with signature System.Threading.Tasks.Task`1[Microsoft.AspNetCore.Mvc.IActionResult] GetAppointmentsByPatientId(Int32) on controller HomeCareApp.Controllers.AppointmentController (api).
2025-11-10 15:29:24.565 +01:00 [INF] Executing OkObjectResult, writing value of type 'System.Linq.Enumerable+WhereSelectListIterator`2[[HomeCareApp.Models.Appointment, api, Version=1.0.0.0, Culture=neutral, PublicKeyToken=null],[HomeCareApp.DTOs.AppointmentDto, api, Version=1.0.0.0, Culture=neutral, PublicKeyToken=null]]'.
2025-11-10 15:29:24.567 +01:00 [INF] Executed action HomeCareApp.Controllers.AppointmentController.GetAppointmentsByPatientId (api) in 6.6714ms
2025-11-10 15:29:24.567 +01:00 [INF] Executed endpoint 'HomeCareApp.Controllers.AppointmentController.GetAppointmentsByPatientId (api)'
2025-11-10 15:29:24.567 +01:00 [INF] Request finished HTTP/1.1 GET http://localhost:5090/api/Appointment/patient/3 - 200 371 application/json; charset=utf-8 8.2109ms
2025-11-10 15:29:26.432 +01:00 [INF] Request starting HTTP/1.1 OPTIONS http://localhost:5090/api/Employee - null null
2025-11-10 15:29:26.432 +01:00 [INF] Request starting HTTP/1.1 OPTIONS http://localhost:5090/api/Employee - null null
2025-11-10 15:29:26.432 +01:00 [INF] CORS policy execution successful.
2025-11-10 15:29:26.432 +01:00 [INF] CORS policy execution successful.
2025-11-10 15:29:26.433 +01:00 [INF] Request finished HTTP/1.1 OPTIONS http://localhost:5090/api/Employee - 204 null null 0.9526ms
2025-11-10 15:29:26.433 +01:00 [INF] Request finished HTTP/1.1 OPTIONS http://localhost:5090/api/Employee - 204 null null 0.8798ms
2025-11-10 15:29:26.436 +01:00 [INF] Request starting HTTP/1.1 GET http://localhost:5090/api/Employee - application/json null
2025-11-10 15:29:26.436 +01:00 [INF] CORS policy execution successful.
2025-11-10 15:29:26.437 +01:00 [INF] Executing endpoint 'HomeCareApp.Controllers.EmployeeController.GetEmployees (api)'
2025-11-10 15:29:26.443 +01:00 [INF] Route matched with {action = "GetEmployees", controller = "Employee"}. Executing controller action with signature System.Threading.Tasks.Task`1[Microsoft.AspNetCore.Mvc.ActionResult`1[System.Collections.Generic.IEnumerable`1[HomeCareApp.DTOs.EmployeeDto]]] GetEmployees() on controller HomeCareApp.Controllers.EmployeeController (api).
2025-11-10 15:29:26.477 +01:00 [INF] Executing OkObjectResult, writing value of type 'System.Linq.Enumerable+SelectListIterator`2[[HomeCareApp.Models.Employee, api, Version=1.0.0.0, Culture=neutral, PublicKeyToken=null],[HomeCareApp.DTOs.EmployeeDto, api, Version=1.0.0.0, Culture=neutral, PublicKeyToken=null]]'.
2025-11-10 15:29:26.481 +01:00 [INF] Executed action HomeCareApp.Controllers.EmployeeController.GetEmployees (api) in 37.2775ms
2025-11-10 15:29:26.481 +01:00 [INF] Executed endpoint 'HomeCareApp.Controllers.EmployeeController.GetEmployees (api)'
2025-11-10 15:29:26.481 +01:00 [INF] Request finished HTTP/1.1 GET http://localhost:5090/api/Employee - 200 1795 application/json; charset=utf-8 45.1351ms
2025-11-10 15:29:26.484 +01:00 [INF] Request starting HTTP/1.1 GET http://localhost:5090/api/Employee - application/json null
2025-11-10 15:29:26.484 +01:00 [INF] CORS policy execution successful.
2025-11-10 15:29:26.485 +01:00 [INF] Executing endpoint 'HomeCareApp.Controllers.EmployeeController.GetEmployees (api)'
2025-11-10 15:29:26.485 +01:00 [INF] Route matched with {action = "GetEmployees", controller = "Employee"}. Executing controller action with signature System.Threading.Tasks.Task`1[Microsoft.AspNetCore.Mvc.ActionResult`1[System.Collections.Generic.IEnumerable`1[HomeCareApp.DTOs.EmployeeDto]]] GetEmployees() on controller HomeCareApp.Controllers.EmployeeController (api).
2025-11-10 15:29:26.486 +01:00 [INF] Request starting HTTP/1.1 GET http://localhost:5090/api/Patient/user/42219a74-6a87-4db9-80bb-eb632329a239 - application/json null
2025-11-10 15:29:26.487 +01:00 [INF] CORS policy execution successful.
2025-11-10 15:29:26.487 +01:00 [INF] Executing endpoint 'HomeCareApp.Controllers.PatientController.GetPatientByUserId (api)'
2025-11-10 15:29:26.487 +01:00 [INF] Route matched with {action = "GetPatientByUserId", controller = "Patient"}. Executing controller action with signature System.Threading.Tasks.Task`1[Microsoft.AspNetCore.Mvc.ActionResult`1[HomeCareApp.DTOs.PatientDto]] GetPatientByUserId(System.String) on controller HomeCareApp.Controllers.PatientController (api).
2025-11-10 15:29:26.489 +01:00 [INF] Executing OkObjectResult, writing value of type 'System.Linq.Enumerable+SelectListIterator`2[[HomeCareApp.Models.Employee, api, Version=1.0.0.0, Culture=neutral, PublicKeyToken=null],[HomeCareApp.DTOs.EmployeeDto, api, Version=1.0.0.0, Culture=neutral, PublicKeyToken=null]]'.
2025-11-10 15:29:26.490 +01:00 [INF] Executed action HomeCareApp.Controllers.EmployeeController.GetEmployees (api) in 4.0506ms
2025-11-10 15:29:26.490 +01:00 [INF] Executed endpoint 'HomeCareApp.Controllers.EmployeeController.GetEmployees (api)'
2025-11-10 15:29:26.490 +01:00 [INF] Request finished HTTP/1.1 GET http://localhost:5090/api/Employee - 200 1795 application/json; charset=utf-8 5.9131ms
2025-11-10 15:29:26.506 +01:00 [INF] Executing OkObjectResult, writing value of type 'HomeCareApp.DTOs.PatientDto'.
2025-11-10 15:29:26.507 +01:00 [INF] Executed action HomeCareApp.Controllers.PatientController.GetPatientByUserId (api) in 19.3803ms
2025-11-10 15:29:26.507 +01:00 [INF] Executed endpoint 'HomeCareApp.Controllers.PatientController.GetPatientByUserId (api)'
2025-11-10 15:29:26.507 +01:00 [INF] Request finished HTTP/1.1 GET http://localhost:5090/api/Patient/user/42219a74-6a87-4db9-80bb-eb632329a239 - 200 232 application/json; charset=utf-8 20.8631ms
2025-11-10 15:29:26.510 +01:00 [INF] Request starting HTTP/1.1 GET http://localhost:5090/api/Patient/user/42219a74-6a87-4db9-80bb-eb632329a239 - application/json null
2025-11-10 15:29:26.510 +01:00 [INF] CORS policy execution successful.
2025-11-10 15:29:26.511 +01:00 [INF] Executing endpoint 'HomeCareApp.Controllers.PatientController.GetPatientByUserId (api)'
2025-11-10 15:29:26.511 +01:00 [INF] Route matched with {action = "GetPatientByUserId", controller = "Patient"}. Executing controller action with signature System.Threading.Tasks.Task`1[Microsoft.AspNetCore.Mvc.ActionResult`1[HomeCareApp.DTOs.PatientDto]] GetPatientByUserId(System.String) on controller HomeCareApp.Controllers.PatientController (api).
2025-11-10 15:29:26.513 +01:00 [INF] Executing OkObjectResult, writing value of type 'HomeCareApp.DTOs.PatientDto'.
2025-11-10 15:29:26.513 +01:00 [INF] Executed action HomeCareApp.Controllers.PatientController.GetPatientByUserId (api) in 2.4528ms
2025-11-10 15:29:26.514 +01:00 [INF] Executed endpoint 'HomeCareApp.Controllers.PatientController.GetPatientByUserId (api)'
2025-11-10 15:29:26.514 +01:00 [INF] Request finished HTTP/1.1 GET http://localhost:5090/api/Patient/user/42219a74-6a87-4db9-80bb-eb632329a239 - 200 232 application/json; charset=utf-8 3.7922ms
2025-11-10 15:29:28.357 +01:00 [INF] Request starting HTTP/1.1 GET http://localhost:5090/api/Patient/user/42219a74-6a87-4db9-80bb-eb632329a239 - application/json null
2025-11-10 15:29:28.357 +01:00 [INF] CORS policy execution successful.
2025-11-10 15:29:28.358 +01:00 [INF] Executing endpoint 'HomeCareApp.Controllers.PatientController.GetPatientByUserId (api)'
2025-11-10 15:29:28.358 +01:00 [INF] Route matched with {action = "GetPatientByUserId", controller = "Patient"}. Executing controller action with signature System.Threading.Tasks.Task`1[Microsoft.AspNetCore.Mvc.ActionResult`1[HomeCareApp.DTOs.PatientDto]] GetPatientByUserId(System.String) on controller HomeCareApp.Controllers.PatientController (api).
2025-11-10 15:29:28.360 +01:00 [INF] Executing OkObjectResult, writing value of type 'HomeCareApp.DTOs.PatientDto'.
2025-11-10 15:29:28.360 +01:00 [INF] Executed action HomeCareApp.Controllers.PatientController.GetPatientByUserId (api) in 2.0807ms
2025-11-10 15:29:28.360 +01:00 [INF] Executed endpoint 'HomeCareApp.Controllers.PatientController.GetPatientByUserId (api)'
2025-11-10 15:29:28.361 +01:00 [INF] Request finished HTTP/1.1 GET http://localhost:5090/api/Patient/user/42219a74-6a87-4db9-80bb-eb632329a239 - 200 232 application/json; charset=utf-8 3.6733ms
2025-11-10 15:29:28.362 +01:00 [INF] Request starting HTTP/1.1 GET http://localhost:5090/api/Patient/user/42219a74-6a87-4db9-80bb-eb632329a239 - application/json null
2025-11-10 15:29:28.363 +01:00 [INF] CORS policy execution successful.
2025-11-10 15:29:28.363 +01:00 [INF] Executing endpoint 'HomeCareApp.Controllers.PatientController.GetPatientByUserId (api)'
2025-11-10 15:29:28.363 +01:00 [INF] Route matched with {action = "GetPatientByUserId", controller = "Patient"}. Executing controller action with signature System.Threading.Tasks.Task`1[Microsoft.AspNetCore.Mvc.ActionResult`1[HomeCareApp.DTOs.PatientDto]] GetPatientByUserId(System.String) on controller HomeCareApp.Controllers.PatientController (api).
2025-11-10 15:29:28.365 +01:00 [INF] Executing OkObjectResult, writing value of type 'HomeCareApp.DTOs.PatientDto'.
2025-11-10 15:29:28.366 +01:00 [INF] Executed action HomeCareApp.Controllers.PatientController.GetPatientByUserId (api) in 2.0983ms
2025-11-10 15:29:28.366 +01:00 [INF] Executed endpoint 'HomeCareApp.Controllers.PatientController.GetPatientByUserId (api)'
2025-11-10 15:29:28.366 +01:00 [INF] Request finished HTTP/1.1 GET http://localhost:5090/api/Patient/user/42219a74-6a87-4db9-80bb-eb632329a239 - 200 232 application/json; charset=utf-8 3.7074ms
2025-11-10 15:29:28.368 +01:00 [INF] Request starting HTTP/1.1 GET http://localhost:5090/api/Appointment/patient/3 - application/json null
2025-11-10 15:29:28.368 +01:00 [INF] CORS policy execution successful.
2025-11-10 15:29:28.369 +01:00 [INF] Executing endpoint 'HomeCareApp.Controllers.AppointmentController.GetAppointmentsByPatientId (api)'
2025-11-10 15:29:28.369 +01:00 [INF] Route matched with {action = "GetAppointmentsByPatientId", controller = "Appointment"}. Executing controller action with signature System.Threading.Tasks.Task`1[Microsoft.AspNetCore.Mvc.IActionResult] GetAppointmentsByPatientId(Int32) on controller HomeCareApp.Controllers.AppointmentController (api).
2025-11-10 15:29:28.372 +01:00 [INF] Executing OkObjectResult, writing value of type 'System.Linq.Enumerable+WhereSelectListIterator`2[[HomeCareApp.Models.Appointment, api, Version=1.0.0.0, Culture=neutral, PublicKeyToken=null],[HomeCareApp.DTOs.AppointmentDto, api, Version=1.0.0.0, Culture=neutral, PublicKeyToken=null]]'.
2025-11-10 15:29:28.372 +01:00 [INF] Executed action HomeCareApp.Controllers.AppointmentController.GetAppointmentsByPatientId (api) in 3.5479ms
2025-11-10 15:29:28.372 +01:00 [INF] Executed endpoint 'HomeCareApp.Controllers.AppointmentController.GetAppointmentsByPatientId (api)'
2025-11-10 15:29:28.373 +01:00 [INF] Request finished HTTP/1.1 GET http://localhost:5090/api/Appointment/patient/3 - 200 371 application/json; charset=utf-8 4.8554ms
2025-11-10 15:29:28.374 +01:00 [INF] Request starting HTTP/1.1 GET http://localhost:5090/api/Appointment/patient/3 - application/json null
2025-11-10 15:29:28.375 +01:00 [INF] CORS policy execution successful.
2025-11-10 15:29:28.375 +01:00 [INF] Executing endpoint 'HomeCareApp.Controllers.AppointmentController.GetAppointmentsByPatientId (api)'
2025-11-10 15:29:28.375 +01:00 [INF] Route matched with {action = "GetAppointmentsByPatientId", controller = "Appointment"}. Executing controller action with signature System.Threading.Tasks.Task`1[Microsoft.AspNetCore.Mvc.IActionResult] GetAppointmentsByPatientId(Int32) on controller HomeCareApp.Controllers.AppointmentController (api).
2025-11-10 15:29:28.377 +01:00 [INF] Executing OkObjectResult, writing value of type 'System.Linq.Enumerable+WhereSelectListIterator`2[[HomeCareApp.Models.Appointment, api, Version=1.0.0.0, Culture=neutral, PublicKeyToken=null],[HomeCareApp.DTOs.AppointmentDto, api, Version=1.0.0.0, Culture=neutral, PublicKeyToken=null]]'.
2025-11-10 15:29:28.377 +01:00 [INF] Executed action HomeCareApp.Controllers.AppointmentController.GetAppointmentsByPatientId (api) in 1.8936ms
2025-11-10 15:29:28.377 +01:00 [INF] Executed endpoint 'HomeCareApp.Controllers.AppointmentController.GetAppointmentsByPatientId (api)'
2025-11-10 15:29:28.377 +01:00 [INF] Request finished HTTP/1.1 GET http://localhost:5090/api/Appointment/patient/3 - 200 371 application/json; charset=utf-8 3.316ms
2025-11-10 15:29:36.889 +01:00 [INF] Request starting HTTP/1.1 OPTIONS http://localhost:5090/api/Auth/login - null null
2025-11-10 15:29:36.889 +01:00 [INF] CORS policy execution successful.
2025-11-10 15:29:36.890 +01:00 [INF] Request finished HTTP/1.1 OPTIONS http://localhost:5090/api/Auth/login - 204 null null 0.9071ms
2025-11-10 15:29:36.892 +01:00 [INF] Request starting HTTP/1.1 POST http://localhost:5090/api/Auth/login - application/json 47
2025-11-10 15:29:36.894 +01:00 [INF] CORS policy execution successful.
2025-11-10 15:29:36.894 +01:00 [INF] Executing endpoint 'HomeCareApp.Controllers.AuthController.Login (api)'
2025-11-10 15:29:36.899 +01:00 [INF] Route matched with {action = "Login", controller = "Auth"}. Executing controller action with signature System.Threading.Tasks.Task`1[Microsoft.AspNetCore.Mvc.IActionResult] Login(HomeCareApp.DTOs.LoginDto) on controller HomeCareApp.Controllers.AuthController (api).
2025-11-10 15:29:37.008 +01:00 [INF] [AuthAPIController] user authorised for Susanne
2025-11-10 15:29:37.022 +01:00 [INF] [AuthAPIController] JWT token created for Susanne with roles Employee
2025-11-10 15:29:37.022 +01:00 [INF] [AuthAPIController] JWT token claims: sub=cb609e86-64de-4c7a-a0aa-b402daef23be, email=susanne@employee.com, http://schemas.xmlsoap.org/ws/2005/05/identity/claims/nameidentifier=cb609e86-64de-4c7a-a0aa-b402daef23be, http://schemas.xmlsoap.org/ws/2005/05/identity/claims/name=Susanne, username=Susanne, userid=cb609e86-64de-4c7a-a0aa-b402daef23be, nameid=cb609e86-64de-4c7a-a0aa-b402daef23be, jti=6827631a-00e5-451b-bbac-f7730afbe684, iat=1762784977, http://schemas.microsoft.com/ws/2008/06/identity/claims/role=Employee, role=Employee
2025-11-10 15:29:37.026 +01:00 [INF] Executing OkObjectResult, writing value of type '<>f__AnonymousType3`1[[System.String, System.Private.CoreLib, Version=8.0.0.0, Culture=neutral, PublicKeyToken=7cec85d7bea7798e]]'.
2025-11-10 15:29:37.027 +01:00 [INF] Executed action HomeCareApp.Controllers.AuthController.Login (api) in 128.5343ms
2025-11-10 15:29:37.027 +01:00 [INF] Executed endpoint 'HomeCareApp.Controllers.AuthController.Login (api)'
2025-11-10 15:29:37.027 +01:00 [INF] Request finished HTTP/1.1 POST http://localhost:5090/api/Auth/login - 200 877 application/json; charset=utf-8 135.9133ms
2025-11-10 15:29:37.031 +01:00 [INF] Request starting HTTP/1.1 OPTIONS http://localhost:5090/api/employee/user/cb609e86-64de-4c7a-a0aa-b402daef23be - null null
2025-11-10 15:29:37.031 +01:00 [INF] CORS policy execution successful.
2025-11-10 15:29:37.031 +01:00 [INF] Request finished HTTP/1.1 OPTIONS http://localhost:5090/api/employee/user/cb609e86-64de-4c7a-a0aa-b402daef23be - 204 null null 0.2968ms
2025-11-10 15:29:37.032 +01:00 [INF] Request starting HTTP/1.1 GET http://localhost:5090/api/employee/user/cb609e86-64de-4c7a-a0aa-b402daef23be - application/json null
2025-11-10 15:29:37.034 +01:00 [INF] CORS policy execution successful.
2025-11-10 15:29:37.034 +01:00 [INF] Executing endpoint 'HomeCareApp.Controllers.EmployeeController.GetEmployeeByUserId (api)'
2025-11-10 15:29:37.037 +01:00 [INF] Route matched with {action = "GetEmployeeByUserId", controller = "Employee"}. Executing controller action with signature System.Threading.Tasks.Task`1[Microsoft.AspNetCore.Mvc.ActionResult`1[HomeCareApp.DTOs.EmployeeDto]] GetEmployeeByUserId(System.String) on controller HomeCareApp.Controllers.EmployeeController (api).
2025-11-10 15:29:37.058 +01:00 [INF] Executing OkObjectResult, writing value of type 'HomeCareApp.DTOs.EmployeeDto'.
2025-11-10 15:29:37.086 +01:00 [INF] Executed action HomeCareApp.Controllers.EmployeeController.GetEmployeeByUserId (api) in 48.9245ms
2025-11-10 15:29:37.086 +01:00 [INF] Executed endpoint 'HomeCareApp.Controllers.EmployeeController.GetEmployeeByUserId (api)'
2025-11-10 15:29:37.086 +01:00 [INF] Request finished HTTP/1.1 GET http://localhost:5090/api/employee/user/cb609e86-64de-4c7a-a0aa-b402daef23be - 200 692 application/json; charset=utf-8 53.6937ms
2025-11-10 15:29:37.098 +01:00 [INF] Request starting HTTP/1.1 GET http://localhost:5090/api/Appointment - null null
2025-11-10 15:29:37.098 +01:00 [INF] CORS policy execution successful.
2025-11-10 15:29:37.098 +01:00 [INF] Executing endpoint 'HomeCareApp.Controllers.AppointmentController.GetAppointments (api)'
2025-11-10 15:29:37.103 +01:00 [INF] Route matched with {action = "GetAppointments", controller = "Appointment"}. Executing controller action with signature System.Threading.Tasks.Task`1[Microsoft.AspNetCore.Mvc.IActionResult] GetAppointments() on controller HomeCareApp.Controllers.AppointmentController (api).
2025-11-10 15:29:37.107 +01:00 [INF] Executing OkObjectResult, writing value of type 'System.Linq.Enumerable+SelectListIterator`2[[HomeCareApp.Models.Appointment, api, Version=1.0.0.0, Culture=neutral, PublicKeyToken=null],[HomeCareApp.DTOs.AppointmentDto, api, Version=1.0.0.0, Culture=neutral, PublicKeyToken=null]]'.
2025-11-10 15:29:37.107 +01:00 [INF] Executed action HomeCareApp.Controllers.AppointmentController.GetAppointments (api) in 4.0034ms
2025-11-10 15:29:37.107 +01:00 [INF] Executed endpoint 'HomeCareApp.Controllers.AppointmentController.GetAppointments (api)'
2025-11-10 15:29:37.107 +01:00 [INF] Request finished HTTP/1.1 GET http://localhost:5090/api/Appointment - 200 986 application/json; charset=utf-8 9.9023ms
2025-11-10 15:29:37.109 +01:00 [INF] Request starting HTTP/1.1 GET http://localhost:5090/api/Appointment - null null
2025-11-10 15:29:37.110 +01:00 [INF] CORS policy execution successful.
2025-11-10 15:29:37.110 +01:00 [INF] Executing endpoint 'HomeCareApp.Controllers.AppointmentController.GetAppointments (api)'
2025-11-10 15:29:37.110 +01:00 [INF] Route matched with {action = "GetAppointments", controller = "Appointment"}. Executing controller action with signature System.Threading.Tasks.Task`1[Microsoft.AspNetCore.Mvc.IActionResult] GetAppointments() on controller HomeCareApp.Controllers.AppointmentController (api).
2025-11-10 15:29:37.112 +01:00 [INF] Executing OkObjectResult, writing value of type 'System.Linq.Enumerable+SelectListIterator`2[[HomeCareApp.Models.Appointment, api, Version=1.0.0.0, Culture=neutral, PublicKeyToken=null],[HomeCareApp.DTOs.AppointmentDto, api, Version=1.0.0.0, Culture=neutral, PublicKeyToken=null]]'.
2025-11-10 15:29:37.112 +01:00 [INF] Executed action HomeCareApp.Controllers.AppointmentController.GetAppointments (api) in 2.1664ms
2025-11-10 15:29:37.112 +01:00 [INF] Executed endpoint 'HomeCareApp.Controllers.AppointmentController.GetAppointments (api)'
2025-11-10 15:29:37.112 +01:00 [INF] Request finished HTTP/1.1 GET http://localhost:5090/api/Appointment - 200 986 application/json; charset=utf-8 3.0167ms
2025-11-10 15:29:39.772 +01:00 [INF] Request starting HTTP/1.1 GET http://localhost:5090/api/employee/user/cb609e86-64de-4c7a-a0aa-b402daef23be - application/json null
2025-11-10 15:29:39.772 +01:00 [INF] CORS policy execution successful.
2025-11-10 15:29:39.772 +01:00 [INF] Executing endpoint 'HomeCareApp.Controllers.EmployeeController.GetEmployeeByUserId (api)'
2025-11-10 15:29:39.773 +01:00 [INF] Route matched with {action = "GetEmployeeByUserId", controller = "Employee"}. Executing controller action with signature System.Threading.Tasks.Task`1[Microsoft.AspNetCore.Mvc.ActionResult`1[HomeCareApp.DTOs.EmployeeDto]] GetEmployeeByUserId(System.String) on controller HomeCareApp.Controllers.EmployeeController (api).
2025-11-10 15:29:39.775 +01:00 [INF] Executing OkObjectResult, writing value of type 'HomeCareApp.DTOs.EmployeeDto'.
2025-11-10 15:29:39.775 +01:00 [INF] Executed action HomeCareApp.Controllers.EmployeeController.GetEmployeeByUserId (api) in 2.7142ms
2025-11-10 15:29:39.775 +01:00 [INF] Executed endpoint 'HomeCareApp.Controllers.EmployeeController.GetEmployeeByUserId (api)'
2025-11-10 15:29:39.776 +01:00 [INF] Request finished HTTP/1.1 GET http://localhost:5090/api/employee/user/cb609e86-64de-4c7a-a0aa-b402daef23be - 200 692 application/json; charset=utf-8 3.7775ms
2025-11-10 15:29:39.777 +01:00 [INF] Request starting HTTP/1.1 GET http://localhost:5090/api/employee/user/cb609e86-64de-4c7a-a0aa-b402daef23be - application/json null
2025-11-10 15:29:39.777 +01:00 [INF] CORS policy execution successful.
2025-11-10 15:29:39.777 +01:00 [INF] Executing endpoint 'HomeCareApp.Controllers.EmployeeController.GetEmployeeByUserId (api)'
2025-11-10 15:29:39.777 +01:00 [INF] Route matched with {action = "GetEmployeeByUserId", controller = "Employee"}. Executing controller action with signature System.Threading.Tasks.Task`1[Microsoft.AspNetCore.Mvc.ActionResult`1[HomeCareApp.DTOs.EmployeeDto]] GetEmployeeByUserId(System.String) on controller HomeCareApp.Controllers.EmployeeController (api).
2025-11-10 15:29:39.780 +01:00 [INF] Executing OkObjectResult, writing value of type 'HomeCareApp.DTOs.EmployeeDto'.
2025-11-10 15:29:39.780 +01:00 [INF] Executed action HomeCareApp.Controllers.EmployeeController.GetEmployeeByUserId (api) in 3.1574ms
2025-11-10 15:29:39.781 +01:00 [INF] Executed endpoint 'HomeCareApp.Controllers.EmployeeController.GetEmployeeByUserId (api)'
2025-11-10 15:29:39.781 +01:00 [INF] Request finished HTTP/1.1 GET http://localhost:5090/api/employee/user/cb609e86-64de-4c7a-a0aa-b402daef23be - 200 692 application/json; charset=utf-8 4.0468ms
2025-11-10 15:29:42.256 +01:00 [INF] Request starting HTTP/1.1 GET http://localhost:5090/api/Appointment - null null
2025-11-10 15:29:42.256 +01:00 [INF] CORS policy execution successful.
2025-11-10 15:29:42.256 +01:00 [INF] Executing endpoint 'HomeCareApp.Controllers.AppointmentController.GetAppointments (api)'
2025-11-10 15:29:42.256 +01:00 [INF] Route matched with {action = "GetAppointments", controller = "Appointment"}. Executing controller action with signature System.Threading.Tasks.Task`1[Microsoft.AspNetCore.Mvc.IActionResult] GetAppointments() on controller HomeCareApp.Controllers.AppointmentController (api).
2025-11-10 15:29:42.258 +01:00 [INF] Executing OkObjectResult, writing value of type 'System.Linq.Enumerable+SelectListIterator`2[[HomeCareApp.Models.Appointment, api, Version=1.0.0.0, Culture=neutral, PublicKeyToken=null],[HomeCareApp.DTOs.AppointmentDto, api, Version=1.0.0.0, Culture=neutral, PublicKeyToken=null]]'.
2025-11-10 15:29:42.258 +01:00 [INF] Executed action HomeCareApp.Controllers.AppointmentController.GetAppointments (api) in 1.7559ms
2025-11-10 15:29:42.258 +01:00 [INF] Executed endpoint 'HomeCareApp.Controllers.AppointmentController.GetAppointments (api)'
2025-11-10 15:29:42.258 +01:00 [INF] Request finished HTTP/1.1 GET http://localhost:5090/api/Appointment - 200 986 application/json; charset=utf-8 2.5467ms
2025-11-10 15:29:42.259 +01:00 [INF] Request starting HTTP/1.1 GET http://localhost:5090/api/Appointment - null null
2025-11-10 15:29:42.259 +01:00 [INF] CORS policy execution successful.
2025-11-10 15:29:42.259 +01:00 [INF] Executing endpoint 'HomeCareApp.Controllers.AppointmentController.GetAppointments (api)'
2025-11-10 15:29:42.260 +01:00 [INF] Route matched with {action = "GetAppointments", controller = "Appointment"}. Executing controller action with signature System.Threading.Tasks.Task`1[Microsoft.AspNetCore.Mvc.IActionResult] GetAppointments() on controller HomeCareApp.Controllers.AppointmentController (api).
2025-11-10 15:29:42.261 +01:00 [INF] Executing OkObjectResult, writing value of type 'System.Linq.Enumerable+SelectListIterator`2[[HomeCareApp.Models.Appointment, api, Version=1.0.0.0, Culture=neutral, PublicKeyToken=null],[HomeCareApp.DTOs.AppointmentDto, api, Version=1.0.0.0, Culture=neutral, PublicKeyToken=null]]'.
2025-11-10 15:29:42.262 +01:00 [INF] Executed action HomeCareApp.Controllers.AppointmentController.GetAppointments (api) in 1.9702ms
2025-11-10 15:29:42.262 +01:00 [INF] Executed endpoint 'HomeCareApp.Controllers.AppointmentController.GetAppointments (api)'
2025-11-10 15:29:42.262 +01:00 [INF] Request finished HTTP/1.1 GET http://localhost:5090/api/Appointment - 200 986 application/json; charset=utf-8 2.5208ms
2025-11-10 15:32:06.259 +01:00 [INF] Request starting HTTP/1.1 GET http://localhost:5090/api/Appointment - null null
2025-11-10 15:32:06.260 +01:00 [INF] CORS policy execution successful.
2025-11-10 15:32:06.260 +01:00 [INF] Executing endpoint 'HomeCareApp.Controllers.AppointmentController.GetAppointments (api)'
2025-11-10 15:32:06.260 +01:00 [INF] Route matched with {action = "GetAppointments", controller = "Appointment"}. Executing controller action with signature System.Threading.Tasks.Task`1[Microsoft.AspNetCore.Mvc.IActionResult] GetAppointments() on controller HomeCareApp.Controllers.AppointmentController (api).
2025-11-10 15:32:06.262 +01:00 [INF] Executing OkObjectResult, writing value of type 'System.Linq.Enumerable+SelectListIterator`2[[HomeCareApp.Models.Appointment, api, Version=1.0.0.0, Culture=neutral, PublicKeyToken=null],[HomeCareApp.DTOs.AppointmentDto, api, Version=1.0.0.0, Culture=neutral, PublicKeyToken=null]]'.
2025-11-10 15:32:06.263 +01:00 [INF] Executed action HomeCareApp.Controllers.AppointmentController.GetAppointments (api) in 2.7728ms
2025-11-10 15:32:06.263 +01:00 [INF] Executed endpoint 'HomeCareApp.Controllers.AppointmentController.GetAppointments (api)'
2025-11-10 15:32:06.263 +01:00 [INF] Request finished HTTP/1.1 GET http://localhost:5090/api/Appointment - 200 986 application/json; charset=utf-8 3.4831ms
2025-11-10 15:32:06.264 +01:00 [INF] Request starting HTTP/1.1 GET http://localhost:5090/api/Appointment - null null
2025-11-10 15:32:06.264 +01:00 [INF] CORS policy execution successful.
2025-11-10 15:32:06.264 +01:00 [INF] Executing endpoint 'HomeCareApp.Controllers.AppointmentController.GetAppointments (api)'
2025-11-10 15:32:06.264 +01:00 [INF] Route matched with {action = "GetAppointments", controller = "Appointment"}. Executing controller action with signature System.Threading.Tasks.Task`1[Microsoft.AspNetCore.Mvc.IActionResult] GetAppointments() on controller HomeCareApp.Controllers.AppointmentController (api).
2025-11-10 15:32:06.266 +01:00 [INF] Executing OkObjectResult, writing value of type 'System.Linq.Enumerable+SelectListIterator`2[[HomeCareApp.Models.Appointment, api, Version=1.0.0.0, Culture=neutral, PublicKeyToken=null],[HomeCareApp.DTOs.AppointmentDto, api, Version=1.0.0.0, Culture=neutral, PublicKeyToken=null]]'.
2025-11-10 15:32:06.266 +01:00 [INF] Executed action HomeCareApp.Controllers.AppointmentController.GetAppointments (api) in 1.9385ms
2025-11-10 15:32:06.266 +01:00 [INF] Executed endpoint 'HomeCareApp.Controllers.AppointmentController.GetAppointments (api)'
2025-11-10 15:32:06.267 +01:00 [INF] Request finished HTTP/1.1 GET http://localhost:5090/api/Appointment - 200 986 application/json; charset=utf-8 2.4673ms
2025-11-10 15:42:57.003 +01:00 [INF] Request starting HTTP/1.1 OPTIONS http://localhost:5090/api/Auth/login - null null
2025-11-10 15:42:57.004 +01:00 [INF] CORS policy execution successful.
2025-11-10 15:42:57.004 +01:00 [INF] Request finished HTTP/1.1 OPTIONS http://localhost:5090/api/Auth/login - 204 null null 1.337ms
2025-11-10 15:42:57.006 +01:00 [INF] Request starting HTTP/1.1 POST http://localhost:5090/api/Auth/login - application/json 47
2025-11-10 15:42:57.006 +01:00 [INF] CORS policy execution successful.
2025-11-10 15:42:57.006 +01:00 [INF] Executing endpoint 'HomeCareApp.Controllers.AuthController.Login (api)'
2025-11-10 15:42:57.006 +01:00 [INF] Route matched with {action = "Login", controller = "Auth"}. Executing controller action with signature System.Threading.Tasks.Task`1[Microsoft.AspNetCore.Mvc.IActionResult] Login(HomeCareApp.DTOs.LoginDto) on controller HomeCareApp.Controllers.AuthController (api).
2025-11-10 15:42:57.106 +01:00 [INF] [AuthAPIController] user authorised for Susanne
2025-11-10 15:42:57.108 +01:00 [INF] [AuthAPIController] JWT token created for Susanne with roles Employee
2025-11-10 15:42:57.108 +01:00 [INF] [AuthAPIController] JWT token claims: sub=cb609e86-64de-4c7a-a0aa-b402daef23be, email=susanne@employee.com, http://schemas.xmlsoap.org/ws/2005/05/identity/claims/nameidentifier=cb609e86-64de-4c7a-a0aa-b402daef23be, http://schemas.xmlsoap.org/ws/2005/05/identity/claims/name=Susanne, username=Susanne, userid=cb609e86-64de-4c7a-a0aa-b402daef23be, nameid=cb609e86-64de-4c7a-a0aa-b402daef23be, jti=cdd81e80-93eb-417e-b476-6cf8a82fa737, iat=1762785777, http://schemas.microsoft.com/ws/2008/06/identity/claims/role=Employee, role=Employee
2025-11-10 15:42:57.109 +01:00 [INF] Executing OkObjectResult, writing value of type '<>f__AnonymousType3`1[[System.String, System.Private.CoreLib, Version=8.0.0.0, Culture=neutral, PublicKeyToken=7cec85d7bea7798e]]'.
2025-11-10 15:42:57.109 +01:00 [INF] Executed action HomeCareApp.Controllers.AuthController.Login (api) in 102.6535ms
2025-11-10 15:42:57.109 +01:00 [INF] Executed endpoint 'HomeCareApp.Controllers.AuthController.Login (api)'
2025-11-10 15:42:57.109 +01:00 [INF] Request finished HTTP/1.1 POST http://localhost:5090/api/Auth/login - 200 877 application/json; charset=utf-8 103.5245ms
2025-11-10 15:42:57.114 +01:00 [INF] Request starting HTTP/1.1 OPTIONS http://localhost:5090/api/employee/user/cb609e86-64de-4c7a-a0aa-b402daef23be - null null
2025-11-10 15:42:57.114 +01:00 [INF] CORS policy execution successful.
2025-11-10 15:42:57.114 +01:00 [INF] Request finished HTTP/1.1 OPTIONS http://localhost:5090/api/employee/user/cb609e86-64de-4c7a-a0aa-b402daef23be - 204 null null 0.525ms
2025-11-10 15:42:57.117 +01:00 [INF] Request starting HTTP/1.1 GET http://localhost:5090/api/employee/user/cb609e86-64de-4c7a-a0aa-b402daef23be - application/json null
2025-11-10 15:42:57.117 +01:00 [INF] CORS policy execution successful.
2025-11-10 15:42:57.117 +01:00 [INF] Executing endpoint 'HomeCareApp.Controllers.EmployeeController.GetEmployeeByUserId (api)'
2025-11-10 15:42:57.117 +01:00 [INF] Route matched with {action = "GetEmployeeByUserId", controller = "Employee"}. Executing controller action with signature System.Threading.Tasks.Task`1[Microsoft.AspNetCore.Mvc.ActionResult`1[HomeCareApp.DTOs.EmployeeDto]] GetEmployeeByUserId(System.String) on controller HomeCareApp.Controllers.EmployeeController (api).
2025-11-10 15:42:57.122 +01:00 [INF] Executing OkObjectResult, writing value of type 'HomeCareApp.DTOs.EmployeeDto'.
2025-11-10 15:42:57.122 +01:00 [INF] Executed action HomeCareApp.Controllers.EmployeeController.GetEmployeeByUserId (api) in 4.5939ms
2025-11-10 15:42:57.122 +01:00 [INF] Executed endpoint 'HomeCareApp.Controllers.EmployeeController.GetEmployeeByUserId (api)'
2025-11-10 15:42:57.123 +01:00 [INF] Request finished HTTP/1.1 GET http://localhost:5090/api/employee/user/cb609e86-64de-4c7a-a0aa-b402daef23be - 200 692 application/json; charset=utf-8 5.8957ms
2025-11-10 15:42:57.146 +01:00 [INF] Request starting HTTP/1.1 GET http://localhost:5090/api/Appointment - null null
2025-11-10 15:42:57.146 +01:00 [INF] CORS policy execution successful.
2025-11-10 15:42:57.146 +01:00 [INF] Executing endpoint 'HomeCareApp.Controllers.AppointmentController.GetAppointments (api)'
2025-11-10 15:42:57.146 +01:00 [INF] Route matched with {action = "GetAppointments", controller = "Appointment"}. Executing controller action with signature System.Threading.Tasks.Task`1[Microsoft.AspNetCore.Mvc.IActionResult] GetAppointments() on controller HomeCareApp.Controllers.AppointmentController (api).
2025-11-10 15:42:57.148 +01:00 [INF] Executing OkObjectResult, writing value of type 'System.Linq.Enumerable+SelectListIterator`2[[HomeCareApp.Models.Appointment, api, Version=1.0.0.0, Culture=neutral, PublicKeyToken=null],[HomeCareApp.DTOs.AppointmentDto, api, Version=1.0.0.0, Culture=neutral, PublicKeyToken=null]]'.
2025-11-10 15:42:57.149 +01:00 [INF] Executed action HomeCareApp.Controllers.AppointmentController.GetAppointments (api) in 2.4155ms
2025-11-10 15:42:57.149 +01:00 [INF] Executed endpoint 'HomeCareApp.Controllers.AppointmentController.GetAppointments (api)'
2025-11-10 15:42:57.149 +01:00 [INF] Request finished HTTP/1.1 GET http://localhost:5090/api/Appointment - 200 986 application/json; charset=utf-8 3.2746ms
2025-11-10 15:42:57.151 +01:00 [INF] Request starting HTTP/1.1 GET http://localhost:5090/api/Appointment - null null
2025-11-10 15:42:57.151 +01:00 [INF] CORS policy execution successful.
2025-11-10 15:42:57.151 +01:00 [INF] Executing endpoint 'HomeCareApp.Controllers.AppointmentController.GetAppointments (api)'
2025-11-10 15:42:57.151 +01:00 [INF] Route matched with {action = "GetAppointments", controller = "Appointment"}. Executing controller action with signature System.Threading.Tasks.Task`1[Microsoft.AspNetCore.Mvc.IActionResult] GetAppointments() on controller HomeCareApp.Controllers.AppointmentController (api).
2025-11-10 15:42:57.155 +01:00 [INF] Executing OkObjectResult, writing value of type 'System.Linq.Enumerable+SelectListIterator`2[[HomeCareApp.Models.Appointment, api, Version=1.0.0.0, Culture=neutral, PublicKeyToken=null],[HomeCareApp.DTOs.AppointmentDto, api, Version=1.0.0.0, Culture=neutral, PublicKeyToken=null]]'.
2025-11-10 15:42:57.155 +01:00 [INF] Executed action HomeCareApp.Controllers.AppointmentController.GetAppointments (api) in 3.8078ms
2025-11-10 15:42:57.155 +01:00 [INF] Executed endpoint 'HomeCareApp.Controllers.AppointmentController.GetAppointments (api)'
2025-11-10 15:42:57.156 +01:00 [INF] Request finished HTTP/1.1 GET http://localhost:5090/api/Appointment - 200 986 application/json; charset=utf-8 4.844ms
2025-11-10 15:42:59.464 +01:00 [INF] Request starting HTTP/1.1 GET http://localhost:5090/api/employee/user/cb609e86-64de-4c7a-a0aa-b402daef23be - application/json null
2025-11-10 15:42:59.465 +01:00 [INF] CORS policy execution successful.
2025-11-10 15:42:59.466 +01:00 [INF] Executing endpoint 'HomeCareApp.Controllers.EmployeeController.GetEmployeeByUserId (api)'
2025-11-10 15:42:59.466 +01:00 [INF] Route matched with {action = "GetEmployeeByUserId", controller = "Employee"}. Executing controller action with signature System.Threading.Tasks.Task`1[Microsoft.AspNetCore.Mvc.ActionResult`1[HomeCareApp.DTOs.EmployeeDto]] GetEmployeeByUserId(System.String) on controller HomeCareApp.Controllers.EmployeeController (api).
2025-11-10 15:42:59.471 +01:00 [INF] Executing OkObjectResult, writing value of type 'HomeCareApp.DTOs.EmployeeDto'.
2025-11-10 15:42:59.471 +01:00 [INF] Executed action HomeCareApp.Controllers.EmployeeController.GetEmployeeByUserId (api) in 5.0698ms
2025-11-10 15:42:59.471 +01:00 [INF] Executed endpoint 'HomeCareApp.Controllers.EmployeeController.GetEmployeeByUserId (api)'
2025-11-10 15:42:59.472 +01:00 [INF] Request finished HTTP/1.1 GET http://localhost:5090/api/employee/user/cb609e86-64de-4c7a-a0aa-b402daef23be - 200 692 application/json; charset=utf-8 7.1346ms
2025-11-10 15:42:59.474 +01:00 [INF] Request starting HTTP/1.1 GET http://localhost:5090/api/employee/user/cb609e86-64de-4c7a-a0aa-b402daef23be - application/json null
2025-11-10 15:42:59.474 +01:00 [INF] CORS policy execution successful.
2025-11-10 15:42:59.475 +01:00 [INF] Executing endpoint 'HomeCareApp.Controllers.EmployeeController.GetEmployeeByUserId (api)'
2025-11-10 15:42:59.475 +01:00 [INF] Route matched with {action = "GetEmployeeByUserId", controller = "Employee"}. Executing controller action with signature System.Threading.Tasks.Task`1[Microsoft.AspNetCore.Mvc.ActionResult`1[HomeCareApp.DTOs.EmployeeDto]] GetEmployeeByUserId(System.String) on controller HomeCareApp.Controllers.EmployeeController (api).
2025-11-10 15:42:59.477 +01:00 [INF] Executing OkObjectResult, writing value of type 'HomeCareApp.DTOs.EmployeeDto'.
2025-11-10 15:42:59.477 +01:00 [INF] Executed action HomeCareApp.Controllers.EmployeeController.GetEmployeeByUserId (api) in 2.2683ms
2025-11-10 15:42:59.477 +01:00 [INF] Executed endpoint 'HomeCareApp.Controllers.EmployeeController.GetEmployeeByUserId (api)'
2025-11-10 15:42:59.477 +01:00 [INF] Request finished HTTP/1.1 GET http://localhost:5090/api/employee/user/cb609e86-64de-4c7a-a0aa-b402daef23be - 200 692 application/json; charset=utf-8 3.3988ms
2025-11-10 15:43:01.167 +01:00 [INF] Request starting HTTP/1.1 OPTIONS http://localhost:5090/api/employee/6 - null null
2025-11-10 15:43:01.167 +01:00 [INF] CORS policy execution successful.
2025-11-10 15:43:01.167 +01:00 [INF] Request finished HTTP/1.1 OPTIONS http://localhost:5090/api/employee/6 - 204 null null 0.5696ms
2025-11-10 15:43:01.169 +01:00 [INF] Request starting HTTP/1.1 PUT http://localhost:5090/api/employee/6 - application/json 146
2025-11-10 15:43:01.170 +01:00 [INF] CORS policy execution successful.
2025-11-10 15:43:01.170 +01:00 [INF] Executing endpoint 'HomeCareApp.Controllers.EmployeeController.UpdateEmployee (api)'
2025-11-10 15:43:01.175 +01:00 [INF] Route matched with {action = "UpdateEmployee", controller = "Employee"}. Executing controller action with signature System.Threading.Tasks.Task`1[Microsoft.AspNetCore.Mvc.IActionResult] UpdateEmployee(Int32, HomeCareApp.DTOs.EmployeeDto) on controller HomeCareApp.Controllers.EmployeeController (api).
2025-11-10 15:43:01.242 +01:00 [INF] Executing StatusCodeResult, setting HTTP status code 204
2025-11-10 15:43:01.242 +01:00 [INF] Executed action HomeCareApp.Controllers.EmployeeController.UpdateEmployee (api) in 66.4615ms
2025-11-10 15:43:01.242 +01:00 [INF] Executed endpoint 'HomeCareApp.Controllers.EmployeeController.UpdateEmployee (api)'
2025-11-10 15:43:01.242 +01:00 [INF] Request finished HTTP/1.1 PUT http://localhost:5090/api/employee/6 - 204 null null 72.9564ms
2025-11-10 15:43:01.247 +01:00 [INF] Request starting HTTP/1.1 GET http://localhost:5090/api/employee/user/cb609e86-64de-4c7a-a0aa-b402daef23be - application/json null
2025-11-10 15:43:01.247 +01:00 [INF] CORS policy execution successful.
2025-11-10 15:43:01.248 +01:00 [INF] Executing endpoint 'HomeCareApp.Controllers.EmployeeController.GetEmployeeByUserId (api)'
2025-11-10 15:43:01.248 +01:00 [INF] Route matched with {action = "GetEmployeeByUserId", controller = "Employee"}. Executing controller action with signature System.Threading.Tasks.Task`1[Microsoft.AspNetCore.Mvc.ActionResult`1[HomeCareApp.DTOs.EmployeeDto]] GetEmployeeByUserId(System.String) on controller HomeCareApp.Controllers.EmployeeController (api).
2025-11-10 15:43:01.251 +01:00 [INF] Executing OkObjectResult, writing value of type 'HomeCareApp.DTOs.EmployeeDto'.
2025-11-10 15:43:01.252 +01:00 [INF] Executed action HomeCareApp.Controllers.EmployeeController.GetEmployeeByUserId (api) in 3.9451ms
2025-11-10 15:43:01.252 +01:00 [INF] Executed endpoint 'HomeCareApp.Controllers.EmployeeController.GetEmployeeByUserId (api)'
2025-11-10 15:43:01.252 +01:00 [INF] Request finished HTTP/1.1 GET http://localhost:5090/api/employee/user/cb609e86-64de-4c7a-a0aa-b402daef23be - 200 692 application/json; charset=utf-8 5.0948ms
2025-11-10 15:43:20.000 +01:00 [INF] Request starting HTTP/1.1 OPTIONS http://localhost:5090/api/Auth/login - null null
2025-11-10 15:43:20.000 +01:00 [INF] CORS policy execution successful.
2025-11-10 15:43:20.000 +01:00 [INF] Request finished HTTP/1.1 OPTIONS http://localhost:5090/api/Auth/login - 204 null null 0.5663ms
2025-11-10 15:43:20.003 +01:00 [INF] Request starting HTTP/1.1 POST http://localhost:5090/api/Auth/login - application/json 54
2025-11-10 15:43:20.003 +01:00 [INF] CORS policy execution successful.
2025-11-10 15:43:20.003 +01:00 [INF] Executing endpoint 'HomeCareApp.Controllers.AuthController.Login (api)'
2025-11-10 15:43:20.003 +01:00 [INF] Route matched with {action = "Login", controller = "Auth"}. Executing controller action with signature System.Threading.Tasks.Task`1[Microsoft.AspNetCore.Mvc.IActionResult] Login(HomeCareApp.DTOs.LoginDto) on controller HomeCareApp.Controllers.AuthController (api).
2025-11-10 15:43:20.098 +01:00 [INF] [AuthAPIController] user authorised for SusannePatient
2025-11-10 15:43:20.099 +01:00 [INF] [AuthAPIController] JWT token created for SusannePatient with roles Patient
2025-11-10 15:43:20.099 +01:00 [INF] [AuthAPIController] JWT token claims: sub=42219a74-6a87-4db9-80bb-eb632329a239, email=susanne@patient.com, http://schemas.xmlsoap.org/ws/2005/05/identity/claims/nameidentifier=42219a74-6a87-4db9-80bb-eb632329a239, http://schemas.xmlsoap.org/ws/2005/05/identity/claims/name=SusannePatient, username=SusannePatient, userid=42219a74-6a87-4db9-80bb-eb632329a239, nameid=42219a74-6a87-4db9-80bb-eb632329a239, jti=db87faf0-bf1f-4515-9986-d9cb414e7339, iat=1762785800, http://schemas.microsoft.com/ws/2008/06/identity/claims/role=Patient, role=Patient
2025-11-10 15:43:20.099 +01:00 [INF] Executing OkObjectResult, writing value of type '<>f__AnonymousType3`1[[System.String, System.Private.CoreLib, Version=8.0.0.0, Culture=neutral, PublicKeyToken=7cec85d7bea7798e]]'.
2025-11-10 15:43:20.100 +01:00 [INF] Executed action HomeCareApp.Controllers.AuthController.Login (api) in 96.39ms
2025-11-10 15:43:20.100 +01:00 [INF] Executed endpoint 'HomeCareApp.Controllers.AuthController.Login (api)'
2025-11-10 15:43:20.100 +01:00 [INF] Request finished HTTP/1.1 POST http://localhost:5090/api/Auth/login - 200 892 application/json; charset=utf-8 97.2556ms
2025-11-10 15:43:20.105 +01:00 [INF] Request starting HTTP/1.1 OPTIONS http://localhost:5090/api/patient/user/42219a74-6a87-4db9-80bb-eb632329a239 - null null
2025-11-10 15:43:20.105 +01:00 [INF] CORS policy execution successful.
2025-11-10 15:43:20.105 +01:00 [INF] Request finished HTTP/1.1 OPTIONS http://localhost:5090/api/patient/user/42219a74-6a87-4db9-80bb-eb632329a239 - 204 null null 0.2286ms
2025-11-10 15:43:20.106 +01:00 [INF] Request starting HTTP/1.1 GET http://localhost:5090/api/patient/user/42219a74-6a87-4db9-80bb-eb632329a239 - application/json null
2025-11-10 15:43:20.107 +01:00 [INF] CORS policy execution successful.
2025-11-10 15:43:20.107 +01:00 [INF] Executing endpoint 'HomeCareApp.Controllers.PatientController.GetPatientByUserId (api)'
2025-11-10 15:43:20.107 +01:00 [INF] Route matched with {action = "GetPatientByUserId", controller = "Patient"}. Executing controller action with signature System.Threading.Tasks.Task`1[Microsoft.AspNetCore.Mvc.ActionResult`1[HomeCareApp.DTOs.PatientDto]] GetPatientByUserId(System.String) on controller HomeCareApp.Controllers.PatientController (api).
2025-11-10 15:43:20.108 +01:00 [INF] Executing OkObjectResult, writing value of type 'HomeCareApp.DTOs.PatientDto'.
2025-11-10 15:43:20.109 +01:00 [INF] Executed action HomeCareApp.Controllers.PatientController.GetPatientByUserId (api) in 1.7642ms
2025-11-10 15:43:20.109 +01:00 [INF] Executed endpoint 'HomeCareApp.Controllers.PatientController.GetPatientByUserId (api)'
2025-11-10 15:43:20.109 +01:00 [INF] Request finished HTTP/1.1 GET http://localhost:5090/api/patient/user/42219a74-6a87-4db9-80bb-eb632329a239 - 200 232 application/json; charset=utf-8 2.806ms
2025-11-10 15:43:20.128 +01:00 [INF] Request starting HTTP/1.1 OPTIONS http://localhost:5090/api/Patient/user/42219a74-6a87-4db9-80bb-eb632329a239 - null null
2025-11-10 15:43:20.128 +01:00 [INF] CORS policy execution successful.
2025-11-10 15:43:20.129 +01:00 [INF] Request finished HTTP/1.1 OPTIONS http://localhost:5090/api/Patient/user/42219a74-6a87-4db9-80bb-eb632329a239 - 204 null null 0.9298ms
2025-11-10 15:43:20.129 +01:00 [INF] Request starting HTTP/1.1 OPTIONS http://localhost:5090/api/Patient/user/42219a74-6a87-4db9-80bb-eb632329a239 - null null
2025-11-10 15:43:20.129 +01:00 [INF] CORS policy execution successful.
2025-11-10 15:43:20.129 +01:00 [INF] Request finished HTTP/1.1 OPTIONS http://localhost:5090/api/Patient/user/42219a74-6a87-4db9-80bb-eb632329a239 - 204 null null 0.1852ms
2025-11-10 15:43:20.131 +01:00 [INF] Request starting HTTP/1.1 GET http://localhost:5090/api/Patient/user/42219a74-6a87-4db9-80bb-eb632329a239 - application/json null
2025-11-10 15:43:20.131 +01:00 [INF] CORS policy execution successful.
2025-11-10 15:43:20.132 +01:00 [INF] Executing endpoint 'HomeCareApp.Controllers.PatientController.GetPatientByUserId (api)'
2025-11-10 15:43:20.132 +01:00 [INF] Route matched with {action = "GetPatientByUserId", controller = "Patient"}. Executing controller action with signature System.Threading.Tasks.Task`1[Microsoft.AspNetCore.Mvc.ActionResult`1[HomeCareApp.DTOs.PatientDto]] GetPatientByUserId(System.String) on controller HomeCareApp.Controllers.PatientController (api).
2025-11-10 15:43:20.134 +01:00 [INF] Executing OkObjectResult, writing value of type 'HomeCareApp.DTOs.PatientDto'.
2025-11-10 15:43:20.134 +01:00 [INF] Executed action HomeCareApp.Controllers.PatientController.GetPatientByUserId (api) in 1.6991ms
2025-11-10 15:43:20.134 +01:00 [INF] Executed endpoint 'HomeCareApp.Controllers.PatientController.GetPatientByUserId (api)'
2025-11-10 15:43:20.134 +01:00 [INF] Request finished HTTP/1.1 GET http://localhost:5090/api/Patient/user/42219a74-6a87-4db9-80bb-eb632329a239 - 200 232 application/json; charset=utf-8 2.6855ms
2025-11-10 15:43:20.136 +01:00 [INF] Request starting HTTP/1.1 GET http://localhost:5090/api/Patient/user/42219a74-6a87-4db9-80bb-eb632329a239 - application/json null
2025-11-10 15:43:20.137 +01:00 [INF] CORS policy execution successful.
2025-11-10 15:43:20.137 +01:00 [INF] Executing endpoint 'HomeCareApp.Controllers.PatientController.GetPatientByUserId (api)'
2025-11-10 15:43:20.137 +01:00 [INF] Route matched with {action = "GetPatientByUserId", controller = "Patient"}. Executing controller action with signature System.Threading.Tasks.Task`1[Microsoft.AspNetCore.Mvc.ActionResult`1[HomeCareApp.DTOs.PatientDto]] GetPatientByUserId(System.String) on controller HomeCareApp.Controllers.PatientController (api).
2025-11-10 15:43:20.140 +01:00 [INF] Request starting HTTP/1.1 OPTIONS http://localhost:5090/api/Appointment/patient/3 - null null
2025-11-10 15:43:20.141 +01:00 [INF] CORS policy execution successful.
2025-11-10 15:43:20.141 +01:00 [INF] Executing OkObjectResult, writing value of type 'HomeCareApp.DTOs.PatientDto'.
2025-11-10 15:43:20.141 +01:00 [INF] Request finished HTTP/1.1 OPTIONS http://localhost:5090/api/Appointment/patient/3 - 204 null null 0.3273ms
2025-11-10 15:43:20.141 +01:00 [INF] Executed action HomeCareApp.Controllers.PatientController.GetPatientByUserId (api) in 3.6819ms
2025-11-10 15:43:20.141 +01:00 [INF] Executed endpoint 'HomeCareApp.Controllers.PatientController.GetPatientByUserId (api)'
2025-11-10 15:43:20.141 +01:00 [INF] Request finished HTTP/1.1 GET http://localhost:5090/api/Patient/user/42219a74-6a87-4db9-80bb-eb632329a239 - 200 232 application/json; charset=utf-8 4.9092ms
2025-11-10 15:43:20.143 +01:00 [INF] Request starting HTTP/1.1 GET http://localhost:5090/api/Appointment/patient/3 - application/json null
2025-11-10 15:43:20.143 +01:00 [INF] CORS policy execution successful.
2025-11-10 15:43:20.143 +01:00 [INF] Executing endpoint 'HomeCareApp.Controllers.AppointmentController.GetAppointmentsByPatientId (api)'
2025-11-10 15:43:20.143 +01:00 [INF] Route matched with {action = "GetAppointmentsByPatientId", controller = "Appointment"}. Executing controller action with signature System.Threading.Tasks.Task`1[Microsoft.AspNetCore.Mvc.IActionResult] GetAppointmentsByPatientId(Int32) on controller HomeCareApp.Controllers.AppointmentController (api).
2025-11-10 15:43:20.145 +01:00 [INF] Executing OkObjectResult, writing value of type 'System.Linq.Enumerable+WhereSelectListIterator`2[[HomeCareApp.Models.Appointment, api, Version=1.0.0.0, Culture=neutral, PublicKeyToken=null],[HomeCareApp.DTOs.AppointmentDto, api, Version=1.0.0.0, Culture=neutral, PublicKeyToken=null]]'.
2025-11-10 15:43:20.146 +01:00 [INF] Executed action HomeCareApp.Controllers.AppointmentController.GetAppointmentsByPatientId (api) in 2.2864ms
2025-11-10 15:43:20.146 +01:00 [INF] Executed endpoint 'HomeCareApp.Controllers.AppointmentController.GetAppointmentsByPatientId (api)'
2025-11-10 15:43:20.146 +01:00 [INF] Request finished HTTP/1.1 GET http://localhost:5090/api/Appointment/patient/3 - 200 371 application/json; charset=utf-8 3.2772ms
2025-11-10 15:43:20.147 +01:00 [INF] Request starting HTTP/1.1 GET http://localhost:5090/api/Appointment/patient/3 - application/json null
2025-11-10 15:43:20.147 +01:00 [INF] CORS policy execution successful.
2025-11-10 15:43:20.148 +01:00 [INF] Executing endpoint 'HomeCareApp.Controllers.AppointmentController.GetAppointmentsByPatientId (api)'
2025-11-10 15:43:20.148 +01:00 [INF] Route matched with {action = "GetAppointmentsByPatientId", controller = "Appointment"}. Executing controller action with signature System.Threading.Tasks.Task`1[Microsoft.AspNetCore.Mvc.IActionResult] GetAppointmentsByPatientId(Int32) on controller HomeCareApp.Controllers.AppointmentController (api).
2025-11-10 15:43:20.149 +01:00 [INF] Executing OkObjectResult, writing value of type 'System.Linq.Enumerable+WhereSelectListIterator`2[[HomeCareApp.Models.Appointment, api, Version=1.0.0.0, Culture=neutral, PublicKeyToken=null],[HomeCareApp.DTOs.AppointmentDto, api, Version=1.0.0.0, Culture=neutral, PublicKeyToken=null]]'.
2025-11-10 15:43:20.149 +01:00 [INF] Executed action HomeCareApp.Controllers.AppointmentController.GetAppointmentsByPatientId (api) in 1.6087ms
2025-11-10 15:43:20.149 +01:00 [INF] Executed endpoint 'HomeCareApp.Controllers.AppointmentController.GetAppointmentsByPatientId (api)'
2025-11-10 15:43:20.150 +01:00 [INF] Request finished HTTP/1.1 GET http://localhost:5090/api/Appointment/patient/3 - 200 371 application/json; charset=utf-8 2.4345ms
2025-11-10 15:43:22.780 +01:00 [INF] Request starting HTTP/1.1 GET http://localhost:5090/api/patient/user/42219a74-6a87-4db9-80bb-eb632329a239 - application/json null
2025-11-10 15:43:22.780 +01:00 [INF] CORS policy execution successful.
2025-11-10 15:43:22.780 +01:00 [INF] Executing endpoint 'HomeCareApp.Controllers.PatientController.GetPatientByUserId (api)'
2025-11-10 15:43:22.780 +01:00 [INF] Route matched with {action = "GetPatientByUserId", controller = "Patient"}. Executing controller action with signature System.Threading.Tasks.Task`1[Microsoft.AspNetCore.Mvc.ActionResult`1[HomeCareApp.DTOs.PatientDto]] GetPatientByUserId(System.String) on controller HomeCareApp.Controllers.PatientController (api).
2025-11-10 15:43:22.782 +01:00 [INF] Executing OkObjectResult, writing value of type 'HomeCareApp.DTOs.PatientDto'.
2025-11-10 15:43:22.782 +01:00 [INF] Executed action HomeCareApp.Controllers.PatientController.GetPatientByUserId (api) in 1.7562ms
2025-11-10 15:43:22.782 +01:00 [INF] Executed endpoint 'HomeCareApp.Controllers.PatientController.GetPatientByUserId (api)'
2025-11-10 15:43:22.782 +01:00 [INF] Request finished HTTP/1.1 GET http://localhost:5090/api/patient/user/42219a74-6a87-4db9-80bb-eb632329a239 - 200 232 application/json; charset=utf-8 2.9273ms
2025-11-10 15:43:22.785 +01:00 [INF] Request starting HTTP/1.1 GET http://localhost:5090/api/patient/user/42219a74-6a87-4db9-80bb-eb632329a239 - application/json null
2025-11-10 15:43:22.785 +01:00 [INF] CORS policy execution successful.
2025-11-10 15:43:22.786 +01:00 [INF] Executing endpoint 'HomeCareApp.Controllers.PatientController.GetPatientByUserId (api)'
2025-11-10 15:43:22.786 +01:00 [INF] Route matched with {action = "GetPatientByUserId", controller = "Patient"}. Executing controller action with signature System.Threading.Tasks.Task`1[Microsoft.AspNetCore.Mvc.ActionResult`1[HomeCareApp.DTOs.PatientDto]] GetPatientByUserId(System.String) on controller HomeCareApp.Controllers.PatientController (api).
2025-11-10 15:43:22.789 +01:00 [INF] Executing OkObjectResult, writing value of type 'HomeCareApp.DTOs.PatientDto'.
2025-11-10 15:43:22.789 +01:00 [INF] Executed action HomeCareApp.Controllers.PatientController.GetPatientByUserId (api) in 2.8299ms
2025-11-10 15:43:22.789 +01:00 [INF] Executed endpoint 'HomeCareApp.Controllers.PatientController.GetPatientByUserId (api)'
2025-11-10 15:43:22.789 +01:00 [INF] Request finished HTTP/1.1 GET http://localhost:5090/api/patient/user/42219a74-6a87-4db9-80bb-eb632329a239 - 200 232 application/json; charset=utf-8 4.5062ms
2025-11-10 15:44:29.672 +01:00 [INF] Request starting HTTP/1.1 OPTIONS http://localhost:5090/api/Patient/user/42219a74-6a87-4db9-80bb-eb632329a239 - null null
2025-11-10 15:44:29.672 +01:00 [INF] CORS policy execution successful.
2025-11-10 15:44:29.673 +01:00 [INF] Request finished HTTP/1.1 OPTIONS http://localhost:5090/api/Patient/user/42219a74-6a87-4db9-80bb-eb632329a239 - 204 null null 0.4151ms
2025-11-10 15:44:29.674 +01:00 [INF] Request starting HTTP/1.1 OPTIONS http://localhost:5090/api/Patient/user/42219a74-6a87-4db9-80bb-eb632329a239 - null null
2025-11-10 15:44:29.674 +01:00 [INF] CORS policy execution successful.
2025-11-10 15:44:29.674 +01:00 [INF] Request finished HTTP/1.1 OPTIONS http://localhost:5090/api/Patient/user/42219a74-6a87-4db9-80bb-eb632329a239 - 204 null null 0.2964ms
2025-11-10 15:44:29.674 +01:00 [INF] Request starting HTTP/1.1 GET http://localhost:5090/api/Patient/user/42219a74-6a87-4db9-80bb-eb632329a239 - application/json null
2025-11-10 15:44:29.674 +01:00 [INF] CORS policy execution successful.
2025-11-10 15:44:29.675 +01:00 [INF] Executing endpoint 'HomeCareApp.Controllers.PatientController.GetPatientByUserId (api)'
2025-11-10 15:44:29.675 +01:00 [INF] Route matched with {action = "GetPatientByUserId", controller = "Patient"}. Executing controller action with signature System.Threading.Tasks.Task`1[Microsoft.AspNetCore.Mvc.ActionResult`1[HomeCareApp.DTOs.PatientDto]] GetPatientByUserId(System.String) on controller HomeCareApp.Controllers.PatientController (api).
2025-11-10 15:44:29.677 +01:00 [INF] Executing OkObjectResult, writing value of type 'HomeCareApp.DTOs.PatientDto'.
2025-11-10 15:44:29.678 +01:00 [INF] Executed action HomeCareApp.Controllers.PatientController.GetPatientByUserId (api) in 2.2121ms
2025-11-10 15:44:29.678 +01:00 [INF] Executed endpoint 'HomeCareApp.Controllers.PatientController.GetPatientByUserId (api)'
2025-11-10 15:44:29.678 +01:00 [INF] Request finished HTTP/1.1 GET http://localhost:5090/api/Patient/user/42219a74-6a87-4db9-80bb-eb632329a239 - 200 232 application/json; charset=utf-8 3.7852ms
2025-11-10 15:44:29.679 +01:00 [INF] Request starting HTTP/1.1 GET http://localhost:5090/api/Patient/user/42219a74-6a87-4db9-80bb-eb632329a239 - application/json null
2025-11-10 15:44:29.679 +01:00 [INF] CORS policy execution successful.
2025-11-10 15:44:29.679 +01:00 [INF] Executing endpoint 'HomeCareApp.Controllers.PatientController.GetPatientByUserId (api)'
2025-11-10 15:44:29.679 +01:00 [INF] Route matched with {action = "GetPatientByUserId", controller = "Patient"}. Executing controller action with signature System.Threading.Tasks.Task`1[Microsoft.AspNetCore.Mvc.ActionResult`1[HomeCareApp.DTOs.PatientDto]] GetPatientByUserId(System.String) on controller HomeCareApp.Controllers.PatientController (api).
2025-11-10 15:44:29.680 +01:00 [INF] Request starting HTTP/1.1 OPTIONS http://localhost:5090/api/Appointment/patient/3 - null null
2025-11-10 15:44:29.680 +01:00 [INF] CORS policy execution successful.
2025-11-10 15:44:29.680 +01:00 [INF] Request finished HTTP/1.1 OPTIONS http://localhost:5090/api/Appointment/patient/3 - 204 null null 0.1852ms
2025-11-10 15:44:29.681 +01:00 [INF] Executing OkObjectResult, writing value of type 'HomeCareApp.DTOs.PatientDto'.
2025-11-10 15:44:29.681 +01:00 [INF] Executed action HomeCareApp.Controllers.PatientController.GetPatientByUserId (api) in 1.584ms
2025-11-10 15:44:29.681 +01:00 [INF] Executed endpoint 'HomeCareApp.Controllers.PatientController.GetPatientByUserId (api)'
2025-11-10 15:44:29.681 +01:00 [INF] Request finished HTTP/1.1 GET http://localhost:5090/api/Patient/user/42219a74-6a87-4db9-80bb-eb632329a239 - 200 232 application/json; charset=utf-8 2.3108ms
2025-11-10 15:44:29.682 +01:00 [INF] Request starting HTTP/1.1 GET http://localhost:5090/api/Appointment/patient/3 - application/json null
2025-11-10 15:44:29.682 +01:00 [INF] CORS policy execution successful.
2025-11-10 15:44:29.682 +01:00 [INF] Executing endpoint 'HomeCareApp.Controllers.AppointmentController.GetAppointmentsByPatientId (api)'
2025-11-10 15:44:29.682 +01:00 [INF] Route matched with {action = "GetAppointmentsByPatientId", controller = "Appointment"}. Executing controller action with signature System.Threading.Tasks.Task`1[Microsoft.AspNetCore.Mvc.IActionResult] GetAppointmentsByPatientId(Int32) on controller HomeCareApp.Controllers.AppointmentController (api).
2025-11-10 15:44:29.686 +01:00 [INF] Executing OkObjectResult, writing value of type 'System.Linq.Enumerable+WhereSelectListIterator`2[[HomeCareApp.Models.Appointment, api, Version=1.0.0.0, Culture=neutral, PublicKeyToken=null],[HomeCareApp.DTOs.AppointmentDto, api, Version=1.0.0.0, Culture=neutral, PublicKeyToken=null]]'.
2025-11-10 15:44:29.686 +01:00 [INF] Executed action HomeCareApp.Controllers.AppointmentController.GetAppointmentsByPatientId (api) in 3.3219ms
2025-11-10 15:44:29.686 +01:00 [INF] Executed endpoint 'HomeCareApp.Controllers.AppointmentController.GetAppointmentsByPatientId (api)'
2025-11-10 15:44:29.686 +01:00 [INF] Request finished HTTP/1.1 GET http://localhost:5090/api/Appointment/patient/3 - 200 371 application/json; charset=utf-8 4.1862ms
2025-11-10 15:44:29.689 +01:00 [INF] Request starting HTTP/1.1 GET http://localhost:5090/api/Appointment/patient/3 - application/json null
2025-11-10 15:44:29.689 +01:00 [INF] CORS policy execution successful.
2025-11-10 15:44:29.690 +01:00 [INF] Executing endpoint 'HomeCareApp.Controllers.AppointmentController.GetAppointmentsByPatientId (api)'
2025-11-10 15:44:29.690 +01:00 [INF] Route matched with {action = "GetAppointmentsByPatientId", controller = "Appointment"}. Executing controller action with signature System.Threading.Tasks.Task`1[Microsoft.AspNetCore.Mvc.IActionResult] GetAppointmentsByPatientId(Int32) on controller HomeCareApp.Controllers.AppointmentController (api).
2025-11-10 15:44:29.692 +01:00 [INF] Executing OkObjectResult, writing value of type 'System.Linq.Enumerable+WhereSelectListIterator`2[[HomeCareApp.Models.Appointment, api, Version=1.0.0.0, Culture=neutral, PublicKeyToken=null],[HomeCareApp.DTOs.AppointmentDto, api, Version=1.0.0.0, Culture=neutral, PublicKeyToken=null]]'.
2025-11-10 15:44:29.692 +01:00 [INF] Executed action HomeCareApp.Controllers.AppointmentController.GetAppointmentsByPatientId (api) in 2.1187ms
2025-11-10 15:44:29.692 +01:00 [INF] Executed endpoint 'HomeCareApp.Controllers.AppointmentController.GetAppointmentsByPatientId (api)'
2025-11-10 15:44:29.692 +01:00 [INF] Request finished HTTP/1.1 GET http://localhost:5090/api/Appointment/patient/3 - 200 371 application/json; charset=utf-8 3.3571ms
2025-11-10 15:47:20.972 +01:00 [INF] Request starting HTTP/1.1 OPTIONS http://localhost:5090/api/Auth/login - null null
2025-11-10 15:47:20.972 +01:00 [INF] CORS policy execution successful.
2025-11-10 15:47:20.973 +01:00 [INF] Request finished HTTP/1.1 OPTIONS http://localhost:5090/api/Auth/login - 204 null null 0.8701ms
2025-11-10 15:47:20.974 +01:00 [INF] Request starting HTTP/1.1 POST http://localhost:5090/api/Auth/login - application/json 47
2025-11-10 15:47:20.974 +01:00 [INF] CORS policy execution successful.
2025-11-10 15:47:20.975 +01:00 [INF] Executing endpoint 'HomeCareApp.Controllers.AuthController.Login (api)'
2025-11-10 15:47:20.975 +01:00 [INF] Route matched with {action = "Login", controller = "Auth"}. Executing controller action with signature System.Threading.Tasks.Task`1[Microsoft.AspNetCore.Mvc.IActionResult] Login(HomeCareApp.DTOs.LoginDto) on controller HomeCareApp.Controllers.AuthController (api).
2025-11-10 15:47:21.057 +01:00 [INF] [AuthAPIController] user authorised for Susanne
2025-11-10 15:47:21.058 +01:00 [INF] [AuthAPIController] JWT token created for Susanne with roles Employee
2025-11-10 15:47:21.058 +01:00 [INF] [AuthAPIController] JWT token claims: sub=cb609e86-64de-4c7a-a0aa-b402daef23be, email=susanne@employee.com, http://schemas.xmlsoap.org/ws/2005/05/identity/claims/nameidentifier=cb609e86-64de-4c7a-a0aa-b402daef23be, http://schemas.xmlsoap.org/ws/2005/05/identity/claims/name=Susanne, username=Susanne, userid=cb609e86-64de-4c7a-a0aa-b402daef23be, nameid=cb609e86-64de-4c7a-a0aa-b402daef23be, jti=ae9212bb-80ff-4c0f-99de-2fd6f994bd11, iat=1762786041, http://schemas.microsoft.com/ws/2008/06/identity/claims/role=Employee, role=Employee
2025-11-10 15:47:21.058 +01:00 [INF] Executing OkObjectResult, writing value of type '<>f__AnonymousType3`1[[System.String, System.Private.CoreLib, Version=8.0.0.0, Culture=neutral, PublicKeyToken=7cec85d7bea7798e]]'.
2025-11-10 15:47:21.058 +01:00 [INF] Executed action HomeCareApp.Controllers.AuthController.Login (api) in 83.5818ms
2025-11-10 15:47:21.058 +01:00 [INF] Executed endpoint 'HomeCareApp.Controllers.AuthController.Login (api)'
2025-11-10 15:47:21.058 +01:00 [INF] Request finished HTTP/1.1 POST http://localhost:5090/api/Auth/login - 200 877 application/json; charset=utf-8 84.169ms
2025-11-10 15:47:21.063 +01:00 [INF] Request starting HTTP/1.1 OPTIONS http://localhost:5090/api/employee/user/cb609e86-64de-4c7a-a0aa-b402daef23be - null null
2025-11-10 15:47:21.063 +01:00 [INF] CORS policy execution successful.
2025-11-10 15:47:21.064 +01:00 [INF] Request finished HTTP/1.1 OPTIONS http://localhost:5090/api/employee/user/cb609e86-64de-4c7a-a0aa-b402daef23be - 204 null null 0.3649ms
2025-11-10 15:47:21.066 +01:00 [INF] Request starting HTTP/1.1 GET http://localhost:5090/api/employee/user/cb609e86-64de-4c7a-a0aa-b402daef23be - application/json null
2025-11-10 15:47:21.066 +01:00 [INF] CORS policy execution successful.
2025-11-10 15:47:21.066 +01:00 [INF] Executing endpoint 'HomeCareApp.Controllers.EmployeeController.GetEmployeeByUserId (api)'
2025-11-10 15:47:21.066 +01:00 [INF] Route matched with {action = "GetEmployeeByUserId", controller = "Employee"}. Executing controller action with signature System.Threading.Tasks.Task`1[Microsoft.AspNetCore.Mvc.ActionResult`1[HomeCareApp.DTOs.EmployeeDto]] GetEmployeeByUserId(System.String) on controller HomeCareApp.Controllers.EmployeeController (api).
2025-11-10 15:47:21.068 +01:00 [INF] Executing OkObjectResult, writing value of type 'HomeCareApp.DTOs.EmployeeDto'.
2025-11-10 15:47:21.068 +01:00 [INF] Executed action HomeCareApp.Controllers.EmployeeController.GetEmployeeByUserId (api) in 2.2856ms
2025-11-10 15:47:21.069 +01:00 [INF] Executed endpoint 'HomeCareApp.Controllers.EmployeeController.GetEmployeeByUserId (api)'
2025-11-10 15:47:21.069 +01:00 [INF] Request finished HTTP/1.1 GET http://localhost:5090/api/employee/user/cb609e86-64de-4c7a-a0aa-b402daef23be - 200 692 application/json; charset=utf-8 3.0605ms
2025-11-10 15:47:21.084 +01:00 [INF] Request starting HTTP/1.1 GET http://localhost:5090/api/Appointment - null null
2025-11-10 15:47:21.084 +01:00 [INF] CORS policy execution successful.
2025-11-10 15:47:21.084 +01:00 [INF] Executing endpoint 'HomeCareApp.Controllers.AppointmentController.GetAppointments (api)'
2025-11-10 15:47:21.084 +01:00 [INF] Route matched with {action = "GetAppointments", controller = "Appointment"}. Executing controller action with signature System.Threading.Tasks.Task`1[Microsoft.AspNetCore.Mvc.IActionResult] GetAppointments() on controller HomeCareApp.Controllers.AppointmentController (api).
2025-11-10 15:47:21.086 +01:00 [INF] Executing OkObjectResult, writing value of type 'System.Linq.Enumerable+SelectListIterator`2[[HomeCareApp.Models.Appointment, api, Version=1.0.0.0, Culture=neutral, PublicKeyToken=null],[HomeCareApp.DTOs.AppointmentDto, api, Version=1.0.0.0, Culture=neutral, PublicKeyToken=null]]'.
2025-11-10 15:47:21.086 +01:00 [INF] Executed action HomeCareApp.Controllers.AppointmentController.GetAppointments (api) in 2.2451ms
2025-11-10 15:47:21.086 +01:00 [INF] Executed endpoint 'HomeCareApp.Controllers.AppointmentController.GetAppointments (api)'
2025-11-10 15:47:21.086 +01:00 [INF] Request finished HTTP/1.1 GET http://localhost:5090/api/Appointment - 200 986 application/json; charset=utf-8 2.8464ms
2025-11-10 15:47:21.092 +01:00 [INF] Request starting HTTP/1.1 GET http://localhost:5090/api/Appointment - null null
2025-11-10 15:47:21.092 +01:00 [INF] CORS policy execution successful.
2025-11-10 15:47:21.092 +01:00 [INF] Executing endpoint 'HomeCareApp.Controllers.AppointmentController.GetAppointments (api)'
2025-11-10 15:47:21.092 +01:00 [INF] Route matched with {action = "GetAppointments", controller = "Appointment"}. Executing controller action with signature System.Threading.Tasks.Task`1[Microsoft.AspNetCore.Mvc.IActionResult] GetAppointments() on controller HomeCareApp.Controllers.AppointmentController (api).
2025-11-10 15:47:21.096 +01:00 [INF] Executing OkObjectResult, writing value of type 'System.Linq.Enumerable+SelectListIterator`2[[HomeCareApp.Models.Appointment, api, Version=1.0.0.0, Culture=neutral, PublicKeyToken=null],[HomeCareApp.DTOs.AppointmentDto, api, Version=1.0.0.0, Culture=neutral, PublicKeyToken=null]]'.
2025-11-10 15:47:21.096 +01:00 [INF] Executed action HomeCareApp.Controllers.AppointmentController.GetAppointments (api) in 4.0099ms
2025-11-10 15:47:21.097 +01:00 [INF] Executed endpoint 'HomeCareApp.Controllers.AppointmentController.GetAppointments (api)'
2025-11-10 15:47:21.097 +01:00 [INF] Request finished HTTP/1.1 GET http://localhost:5090/api/Appointment - 200 986 application/json; charset=utf-8 4.8752ms
2025-11-10 16:04:33.118 +01:00 [INF] Request starting HTTP/1.1 GET http://localhost:5090/api/Appointment - null null
2025-11-10 16:04:33.118 +01:00 [INF] CORS policy execution successful.
2025-11-10 16:04:33.118 +01:00 [INF] Executing endpoint 'HomeCareApp.Controllers.AppointmentController.GetAppointments (api)'
2025-11-10 16:04:33.118 +01:00 [INF] Route matched with {action = "GetAppointments", controller = "Appointment"}. Executing controller action with signature System.Threading.Tasks.Task`1[Microsoft.AspNetCore.Mvc.IActionResult] GetAppointments() on controller HomeCareApp.Controllers.AppointmentController (api).
2025-11-10 16:04:33.124 +01:00 [INF] Executing OkObjectResult, writing value of type 'System.Linq.Enumerable+SelectListIterator`2[[HomeCareApp.Models.Appointment, api, Version=1.0.0.0, Culture=neutral, PublicKeyToken=null],[HomeCareApp.DTOs.AppointmentDto, api, Version=1.0.0.0, Culture=neutral, PublicKeyToken=null]]'.
2025-11-10 16:04:33.125 +01:00 [INF] Executed action HomeCareApp.Controllers.AppointmentController.GetAppointments (api) in 6.0498ms
2025-11-10 16:04:33.125 +01:00 [INF] Executed endpoint 'HomeCareApp.Controllers.AppointmentController.GetAppointments (api)'
2025-11-10 16:04:33.125 +01:00 [INF] Request finished HTTP/1.1 GET http://localhost:5090/api/Appointment - 200 986 application/json; charset=utf-8 6.9235ms
2025-11-10 16:04:33.126 +01:00 [INF] Request starting HTTP/1.1 GET http://localhost:5090/api/Appointment - null null
2025-11-10 16:04:33.126 +01:00 [INF] CORS policy execution successful.
2025-11-10 16:04:33.126 +01:00 [INF] Executing endpoint 'HomeCareApp.Controllers.AppointmentController.GetAppointments (api)'
2025-11-10 16:04:33.127 +01:00 [INF] Route matched with {action = "GetAppointments", controller = "Appointment"}. Executing controller action with signature System.Threading.Tasks.Task`1[Microsoft.AspNetCore.Mvc.IActionResult] GetAppointments() on controller HomeCareApp.Controllers.AppointmentController (api).
2025-11-10 16:04:33.128 +01:00 [INF] Executing OkObjectResult, writing value of type 'System.Linq.Enumerable+SelectListIterator`2[[HomeCareApp.Models.Appointment, api, Version=1.0.0.0, Culture=neutral, PublicKeyToken=null],[HomeCareApp.DTOs.AppointmentDto, api, Version=1.0.0.0, Culture=neutral, PublicKeyToken=null]]'.
2025-11-10 16:04:33.128 +01:00 [INF] Executed action HomeCareApp.Controllers.AppointmentController.GetAppointments (api) in 1.5222ms
2025-11-10 16:04:33.128 +01:00 [INF] Executed endpoint 'HomeCareApp.Controllers.AppointmentController.GetAppointments (api)'
2025-11-10 16:04:33.128 +01:00 [INF] Request finished HTTP/1.1 GET http://localhost:5090/api/Appointment - 200 986 application/json; charset=utf-8 2.0486ms
