2025-11-26 09:45:53.883 +01:00 [INF] No migrations were applied. The database is already up to date.
2025-11-26 09:45:53.937 +01:00 [INF] No migrations were applied. The database is already up to date.
2025-11-26 09:45:54.249 +01:00 [INF] User profile is available. Using 'C:\Users\nahid\AppData\Local\ASP.NET\DataProtection-Keys' as key repository and Windows DPAPI to encrypt keys at rest.
2025-11-26 09:45:54.296 +01:00 [INF] Now listening on: http://localhost:5090
2025-11-26 09:45:54.298 +01:00 [INF] Application started. Press Ctrl+C to shut down.
2025-11-26 09:45:54.298 +01:00 [INF] Hosting environment: Development
2025-11-26 09:45:54.298 +01:00 [INF] Content root path: C:\Users\nahid\OneDrive\Dokumenter\GitHub\React-Homecare\api
2025-11-26 09:45:56.320 +01:00 [INF] Request starting HTTP/1.1 OPTIONS http://localhost:5090/api/Notification/unread-count - null null
2025-11-26 09:45:56.320 +01:00 [INF] Request starting HTTP/1.1 OPTIONS http://localhost:5090/api/Notification/unread-count - null null
2025-11-26 09:45:56.357 +01:00 [INF] CORS policy execution successful.
2025-11-26 09:45:56.357 +01:00 [INF] CORS policy execution successful.
2025-11-26 09:45:56.361 +01:00 [INF] Request finished HTTP/1.1 OPTIONS http://localhost:5090/api/Notification/unread-count - 204 null null 41.5471ms
2025-11-26 09:45:56.361 +01:00 [INF] Request finished HTTP/1.1 OPTIONS http://localhost:5090/api/Notification/unread-count - 204 null null 41.5475ms
2025-11-26 09:45:56.363 +01:00 [INF] Request starting HTTP/1.1 GET http://localhost:5090/api/Notification/unread-count - application/json null
2025-11-26 09:45:56.369 +01:00 [INF] CORS policy execution successful.
2025-11-26 09:45:56.436 +01:00 [INF] Executing endpoint 'HomeCareApp.Controllers.NotificationController.GetUnreadCount (api)'
2025-11-26 09:45:56.446 +01:00 [INF] Route matched with {action = "GetUnreadCount", controller = "Notification"}. Executing controller action with signature System.Threading.Tasks.Task`1[Microsoft.AspNetCore.Mvc.ActionResult`1[System.Int32]] GetUnreadCount() on controller HomeCareApp.Controllers.NotificationController (api).
2025-11-26 09:45:56.507 +01:00 [INF] Executing OkObjectResult, writing value of type 'System.Int32'.
2025-11-26 09:45:56.541 +01:00 [INF] Executed action HomeCareApp.Controllers.NotificationController.GetUnreadCount (api) in 91.5923ms
2025-11-26 09:45:56.541 +01:00 [INF] Executed endpoint 'HomeCareApp.Controllers.NotificationController.GetUnreadCount (api)'
2025-11-26 09:45:56.543 +01:00 [INF] Request finished HTTP/1.1 GET http://localhost:5090/api/Notification/unread-count - 200 1 application/json; charset=utf-8 180.4854ms
2025-11-26 09:45:56.544 +01:00 [INF] Request starting HTTP/1.1 GET http://localhost:5090/api/Notification/unread-count - application/json null
2025-11-26 09:45:56.544 +01:00 [INF] CORS policy execution successful.
2025-11-26 09:45:56.555 +01:00 [INF] Executing endpoint 'HomeCareApp.Controllers.NotificationController.GetUnreadCount (api)'
2025-11-26 09:45:56.555 +01:00 [INF] Route matched with {action = "GetUnreadCount", controller = "Notification"}. Executing controller action with signature System.Threading.Tasks.Task`1[Microsoft.AspNetCore.Mvc.ActionResult`1[System.Int32]] GetUnreadCount() on controller HomeCareApp.Controllers.NotificationController (api).
2025-11-26 09:45:56.560 +01:00 [INF] Executing OkObjectResult, writing value of type 'System.Int32'.
2025-11-26 09:45:56.561 +01:00 [INF] Executed action HomeCareApp.Controllers.NotificationController.GetUnreadCount (api) in 5.4125ms
2025-11-26 09:45:56.561 +01:00 [INF] Executed endpoint 'HomeCareApp.Controllers.NotificationController.GetUnreadCount (api)'
2025-11-26 09:45:56.561 +01:00 [INF] Request finished HTTP/1.1 GET http://localhost:5090/api/Notification/unread-count - 200 1 application/json; charset=utf-8 17.1788ms
2025-11-26 09:46:02.261 +01:00 [INF] Request starting HTTP/1.1 OPTIONS http://localhost:5090/api/medication - null null
2025-11-26 09:46:02.261 +01:00 [INF] Request starting HTTP/1.1 OPTIONS http://localhost:5090/api/medication - null null
2025-11-26 09:46:02.262 +01:00 [INF] CORS policy execution successful.
2025-11-26 09:46:02.262 +01:00 [INF] CORS policy execution successful.
2025-11-26 09:46:02.262 +01:00 [INF] Request finished HTTP/1.1 OPTIONS http://localhost:5090/api/medication - 204 null null 1.1011ms
2025-11-26 09:46:02.263 +01:00 [INF] Request finished HTTP/1.1 OPTIONS http://localhost:5090/api/medication - 204 null null 1.3041ms
2025-11-26 09:46:02.266 +01:00 [INF] Request starting HTTP/1.1 GET http://localhost:5090/api/medication - application/json null
2025-11-26 09:46:02.267 +01:00 [INF] CORS policy execution successful.
2025-11-26 09:46:02.270 +01:00 [INF] Executing endpoint 'HomeCareApp.Controllers.MedicationController.GetAll (api)'
2025-11-26 09:46:02.276 +01:00 [INF] Route matched with {action = "GetAll", controller = "Medication"}. Executing controller action with signature System.Threading.Tasks.Task`1[Microsoft.AspNetCore.Mvc.ActionResult`1[System.Collections.Generic.IEnumerable`1[HomeCareApp.DTOs.MedicationDto]]] GetAll() on controller HomeCareApp.Controllers.MedicationController (api).
2025-11-26 09:46:02.332 +01:00 [INF] Executing OkObjectResult, writing value of type 'System.Linq.Enumerable+SelectListIterator`2[[HomeCareApp.Models.Medication, api, Version=1.0.0.0, Culture=neutral, PublicKeyToken=null],[HomeCareApp.DTOs.MedicationDto, api, Version=1.0.0.0, Culture=neutral, PublicKeyToken=null]]'.
2025-11-26 09:46:02.354 +01:00 [INF] Executed action HomeCareApp.Controllers.MedicationController.GetAll (api) in 78.0308ms
2025-11-26 09:46:02.354 +01:00 [INF] Executed endpoint 'HomeCareApp.Controllers.MedicationController.GetAll (api)'
2025-11-26 09:46:02.354 +01:00 [INF] Request finished HTTP/1.1 GET http://localhost:5090/api/medication - 200 514 application/json; charset=utf-8 88.3943ms
2025-11-26 09:46:02.356 +01:00 [INF] Request starting HTTP/1.1 GET http://localhost:5090/api/medication - application/json null
2025-11-26 09:46:02.356 +01:00 [INF] CORS policy execution successful.
2025-11-26 09:46:02.356 +01:00 [INF] Executing endpoint 'HomeCareApp.Controllers.MedicationController.GetAll (api)'
2025-11-26 09:46:02.357 +01:00 [INF] Route matched with {action = "GetAll", controller = "Medication"}. Executing controller action with signature System.Threading.Tasks.Task`1[Microsoft.AspNetCore.Mvc.ActionResult`1[System.Collections.Generic.IEnumerable`1[HomeCareApp.DTOs.MedicationDto]]] GetAll() on controller HomeCareApp.Controllers.MedicationController (api).
2025-11-26 09:46:02.361 +01:00 [INF] Executing OkObjectResult, writing value of type 'System.Linq.Enumerable+SelectListIterator`2[[HomeCareApp.Models.Medication, api, Version=1.0.0.0, Culture=neutral, PublicKeyToken=null],[HomeCareApp.DTOs.MedicationDto, api, Version=1.0.0.0, Culture=neutral, PublicKeyToken=null]]'.
2025-11-26 09:46:02.362 +01:00 [INF] Executed action HomeCareApp.Controllers.MedicationController.GetAll (api) in 5.2758ms
2025-11-26 09:46:02.362 +01:00 [INF] Executed endpoint 'HomeCareApp.Controllers.MedicationController.GetAll (api)'
2025-11-26 09:46:02.362 +01:00 [INF] Request finished HTTP/1.1 GET http://localhost:5090/api/medication - 200 514 application/json; charset=utf-8 6.7549ms
2025-11-26 09:46:26.436 +01:00 [INF] Request starting HTTP/1.1 OPTIONS http://localhost:5090/api/Notification/unread-count - null null
2025-11-26 09:46:26.437 +01:00 [INF] CORS policy execution successful.
2025-11-26 09:46:26.437 +01:00 [INF] Request finished HTTP/1.1 OPTIONS http://localhost:5090/api/Notification/unread-count - 204 null null 0.8678ms
2025-11-26 09:46:26.438 +01:00 [INF] Request starting HTTP/1.1 GET http://localhost:5090/api/Notification/unread-count - application/json null
2025-11-26 09:46:26.439 +01:00 [INF] CORS policy execution successful.
2025-11-26 09:46:26.440 +01:00 [INF] Executing endpoint 'HomeCareApp.Controllers.NotificationController.GetUnreadCount (api)'
2025-11-26 09:46:26.441 +01:00 [INF] Route matched with {action = "GetUnreadCount", controller = "Notification"}. Executing controller action with signature System.Threading.Tasks.Task`1[Microsoft.AspNetCore.Mvc.ActionResult`1[System.Int32]] GetUnreadCount() on controller HomeCareApp.Controllers.NotificationController (api).
2025-11-26 09:46:26.444 +01:00 [INF] Executing OkObjectResult, writing value of type 'System.Int32'.
2025-11-26 09:46:26.445 +01:00 [INF] Executed action HomeCareApp.Controllers.NotificationController.GetUnreadCount (api) in 4.3652ms
2025-11-26 09:46:26.445 +01:00 [INF] Executed endpoint 'HomeCareApp.Controllers.NotificationController.GetUnreadCount (api)'
2025-11-26 09:46:26.445 +01:00 [INF] Request finished HTTP/1.1 GET http://localhost:5090/api/Notification/unread-count - 200 1 application/json; charset=utf-8 6.9867ms
2025-11-26 09:46:33.429 +01:00 [INF] Request starting HTTP/1.1 OPTIONS http://localhost:5090/api/Notification/unread-count - null null
2025-11-26 09:46:33.429 +01:00 [INF] CORS policy execution successful.
2025-11-26 09:46:33.430 +01:00 [INF] Request finished HTTP/1.1 OPTIONS http://localhost:5090/api/Notification/unread-count - 204 null null 0.5841ms
2025-11-26 09:46:33.431 +01:00 [INF] Request starting HTTP/1.1 GET http://localhost:5090/api/Notification/unread-count - application/json null
2025-11-26 09:46:33.431 +01:00 [INF] CORS policy execution successful.
2025-11-26 09:46:33.431 +01:00 [INF] Executing endpoint 'HomeCareApp.Controllers.NotificationController.GetUnreadCount (api)'
2025-11-26 09:46:33.432 +01:00 [INF] Route matched with {action = "GetUnreadCount", controller = "Notification"}. Executing controller action with signature System.Threading.Tasks.Task`1[Microsoft.AspNetCore.Mvc.ActionResult`1[System.Int32]] GetUnreadCount() on controller HomeCareApp.Controllers.NotificationController (api).
2025-11-26 09:46:33.434 +01:00 [INF] Executing OkObjectResult, writing value of type 'System.Int32'.
2025-11-26 09:46:33.434 +01:00 [INF] Executed action HomeCareApp.Controllers.NotificationController.GetUnreadCount (api) in 2.4862ms
2025-11-26 09:46:33.434 +01:00 [INF] Executed endpoint 'HomeCareApp.Controllers.NotificationController.GetUnreadCount (api)'
2025-11-26 09:46:33.434 +01:00 [INF] Request finished HTTP/1.1 GET http://localhost:5090/api/Notification/unread-count - 200 1 application/json; charset=utf-8 3.7988ms
2025-11-26 09:46:56.437 +01:00 [INF] Request starting HTTP/1.1 OPTIONS http://localhost:5090/api/Notification/unread-count - null null
2025-11-26 09:46:56.437 +01:00 [INF] CORS policy execution successful.
2025-11-26 09:46:56.437 +01:00 [INF] Request finished HTTP/1.1 OPTIONS http://localhost:5090/api/Notification/unread-count - 204 null null 0.8483ms
2025-11-26 09:46:56.438 +01:00 [INF] Request starting HTTP/1.1 GET http://localhost:5090/api/Notification/unread-count - application/json null
2025-11-26 09:46:56.439 +01:00 [INF] CORS policy execution successful.
2025-11-26 09:46:56.439 +01:00 [INF] Executing endpoint 'HomeCareApp.Controllers.NotificationController.GetUnreadCount (api)'
2025-11-26 09:46:56.439 +01:00 [INF] Route matched with {action = "GetUnreadCount", controller = "Notification"}. Executing controller action with signature System.Threading.Tasks.Task`1[Microsoft.AspNetCore.Mvc.ActionResult`1[System.Int32]] GetUnreadCount() on controller HomeCareApp.Controllers.NotificationController (api).
2025-11-26 09:46:56.441 +01:00 [INF] Executing OkObjectResult, writing value of type 'System.Int32'.
2025-11-26 09:46:56.442 +01:00 [INF] Executed action HomeCareApp.Controllers.NotificationController.GetUnreadCount (api) in 2.2527ms
2025-11-26 09:46:56.442 +01:00 [INF] Executed endpoint 'HomeCareApp.Controllers.NotificationController.GetUnreadCount (api)'
2025-11-26 09:46:56.442 +01:00 [INF] Request finished HTTP/1.1 GET http://localhost:5090/api/Notification/unread-count - 200 1 application/json; charset=utf-8 3.3378ms
