2025-11-27 11:39:22.857 +01:00 [INF] No migrations were applied. The database is already up to date.
2025-11-27 11:39:22.922 +01:00 [INF] No migrations were applied. The database is already up to date.
2025-11-27 11:39:22.992 +01:00 [INF] User profile is available. Using 'C:\Users\B\AppData\Local\ASP.NET\DataProtection-Keys' as key repository and Windows DPAPI to encrypt keys at rest.
2025-11-27 11:39:23.034 +01:00 [INF] Now listening on: http://localhost:5090
2025-11-27 11:39:23.036 +01:00 [INF] Application started. Press Ctrl+C to shut down.
2025-11-27 11:39:23.037 +01:00 [INF] Hosting environment: Development
2025-11-27 11:39:23.071 +01:00 [INF] Content root path: C:\Users\B\Documents\ITPE3200\React-Homecare\api
2025-11-27 11:39:25.368 +01:00 [INF] Request starting HTTP/1.1 OPTIONS http://localhost:5090/api/Notification/unread-count - null null
2025-11-27 11:39:25.368 +01:00 [INF] Request starting HTTP/1.1 OPTIONS http://localhost:5090/api/Notification/unread-count - null null
2025-11-27 11:39:25.396 +01:00 [INF] CORS policy execution successful.
2025-11-27 11:39:25.396 +01:00 [INF] CORS policy execution successful.
2025-11-27 11:39:25.400 +01:00 [INF] Request finished HTTP/1.1 OPTIONS http://localhost:5090/api/Notification/unread-count - 204 null null 33.1245ms
2025-11-27 11:39:25.400 +01:00 [INF] Request finished HTTP/1.1 OPTIONS http://localhost:5090/api/Notification/unread-count - 204 null null 33.4494ms
2025-11-27 11:39:25.403 +01:00 [INF] Request starting HTTP/1.1 GET http://localhost:5090/api/Notification/unread-count - application/json null
2025-11-27 11:39:25.412 +01:00 [INF] CORS policy execution successful.
2025-11-27 11:39:25.473 +01:00 [INF] Executing endpoint 'HomeCareApp.Controllers.NotificationController.GetUnreadCount (api)'
2025-11-27 11:39:25.489 +01:00 [INF] Route matched with {action = "GetUnreadCount", controller = "Notification"}. Executing controller action with signature System.Threading.Tasks.Task`1[Microsoft.AspNetCore.Mvc.ActionResult`1[System.Int32]] GetUnreadCount() on controller HomeCareApp.Controllers.NotificationController (api).
2025-11-27 11:39:25.699 +01:00 [INF] Executing OkObjectResult, writing value of type 'System.Int32'.
2025-11-27 11:39:25.736 +01:00 [INF] Executed action HomeCareApp.Controllers.NotificationController.GetUnreadCount (api) in 241.706ms
2025-11-27 11:39:25.736 +01:00 [INF] Executed endpoint 'HomeCareApp.Controllers.NotificationController.GetUnreadCount (api)'
2025-11-27 11:39:25.740 +01:00 [INF] Request finished HTTP/1.1 GET http://localhost:5090/api/Notification/unread-count - 200 1 application/json; charset=utf-8 336.6227ms
2025-11-27 11:39:25.741 +01:00 [INF] Request starting HTTP/1.1 GET http://localhost:5090/api/Notification/unread-count - application/json null
2025-11-27 11:39:25.742 +01:00 [INF] CORS policy execution successful.
2025-11-27 11:39:25.746 +01:00 [INF] Executing endpoint 'HomeCareApp.Controllers.NotificationController.GetUnreadCount (api)'
2025-11-27 11:39:25.746 +01:00 [INF] Route matched with {action = "GetUnreadCount", controller = "Notification"}. Executing controller action with signature System.Threading.Tasks.Task`1[Microsoft.AspNetCore.Mvc.ActionResult`1[System.Int32]] GetUnreadCount() on controller HomeCareApp.Controllers.NotificationController (api).
2025-11-27 11:39:25.751 +01:00 [INF] Executing OkObjectResult, writing value of type 'System.Int32'.
2025-11-27 11:39:25.751 +01:00 [INF] Executed action HomeCareApp.Controllers.NotificationController.GetUnreadCount (api) in 4.5662ms
2025-11-27 11:39:25.751 +01:00 [INF] Executed endpoint 'HomeCareApp.Controllers.NotificationController.GetUnreadCount (api)'
2025-11-27 11:39:25.751 +01:00 [INF] Request finished HTTP/1.1 GET http://localhost:5090/api/Notification/unread-count - 200 1 application/json; charset=utf-8 9.9193ms
2025-11-27 11:39:26.910 +01:00 [INF] Request starting HTTP/1.1 OPTIONS http://localhost:5090/api/employee/user/677750a1-a78d-4d43-bd3c-a6062e83dde0 - null null
2025-11-27 11:39:26.910 +01:00 [INF] Request starting HTTP/1.1 OPTIONS http://localhost:5090/api/employee/user/677750a1-a78d-4d43-bd3c-a6062e83dde0 - null null
2025-11-27 11:39:26.910 +01:00 [INF] CORS policy execution successful.
2025-11-27 11:39:26.910 +01:00 [INF] CORS policy execution successful.
2025-11-27 11:39:26.910 +01:00 [INF] Request finished HTTP/1.1 OPTIONS http://localhost:5090/api/employee/user/677750a1-a78d-4d43-bd3c-a6062e83dde0 - 204 null null 0.8995ms
2025-11-27 11:39:26.910 +01:00 [INF] Request finished HTTP/1.1 OPTIONS http://localhost:5090/api/employee/user/677750a1-a78d-4d43-bd3c-a6062e83dde0 - 204 null null 0.9004ms
2025-11-27 11:39:26.912 +01:00 [INF] Request starting HTTP/1.1 GET http://localhost:5090/api/employee/user/677750a1-a78d-4d43-bd3c-a6062e83dde0 - application/json null
2025-11-27 11:39:26.912 +01:00 [INF] CORS policy execution successful.
2025-11-27 11:39:26.916 +01:00 [INF] Executing endpoint 'HomeCareApp.Controllers.EmployeeController.GetEmployeeByUserId (api)'
2025-11-27 11:39:26.924 +01:00 [INF] Route matched with {action = "GetEmployeeByUserId", controller = "Employee"}. Executing controller action with signature System.Threading.Tasks.Task`1[Microsoft.AspNetCore.Mvc.ActionResult`1[HomeCareApp.DTOs.EmployeeDto]] GetEmployeeByUserId(System.String) on controller HomeCareApp.Controllers.EmployeeController (api).
2025-11-27 11:39:26.932 +01:00 [INF] [EmployeeController] Getting employee by UserId: 677750a1-a78d-4d43-bd3c-a6062e83dde0
2025-11-27 11:39:27.108 +01:00 [INF] [EmployeeController] Successfully retrieved employee 8 for UserId: 677750a1-a78d-4d43-bd3c-a6062e83dde0
2025-11-27 11:39:27.108 +01:00 [INF] Executing OkObjectResult, writing value of type 'HomeCareApp.DTOs.EmployeeDto'.
2025-11-27 11:39:27.141 +01:00 [INF] Executed action HomeCareApp.Controllers.EmployeeController.GetEmployeeByUserId (api) in 216.8751ms
2025-11-27 11:39:27.141 +01:00 [INF] Executed endpoint 'HomeCareApp.Controllers.EmployeeController.GetEmployeeByUserId (api)'
2025-11-27 11:39:27.142 +01:00 [INF] Request finished HTTP/1.1 GET http://localhost:5090/api/employee/user/677750a1-a78d-4d43-bd3c-a6062e83dde0 - 200 701 application/json; charset=utf-8 229.1851ms
2025-11-27 11:39:27.144 +01:00 [INF] Request starting HTTP/1.1 GET http://localhost:5090/api/employee/user/677750a1-a78d-4d43-bd3c-a6062e83dde0 - application/json null
2025-11-27 11:39:27.144 +01:00 [INF] CORS policy execution successful.
2025-11-27 11:39:27.145 +01:00 [INF] Executing endpoint 'HomeCareApp.Controllers.EmployeeController.GetEmployeeByUserId (api)'
2025-11-27 11:39:27.146 +01:00 [INF] Route matched with {action = "GetEmployeeByUserId", controller = "Employee"}. Executing controller action with signature System.Threading.Tasks.Task`1[Microsoft.AspNetCore.Mvc.ActionResult`1[HomeCareApp.DTOs.EmployeeDto]] GetEmployeeByUserId(System.String) on controller HomeCareApp.Controllers.EmployeeController (api).
2025-11-27 11:39:27.148 +01:00 [INF] [EmployeeController] Getting employee by UserId: 677750a1-a78d-4d43-bd3c-a6062e83dde0
2025-11-27 11:39:27.153 +01:00 [INF] [EmployeeController] Successfully retrieved employee 8 for UserId: 677750a1-a78d-4d43-bd3c-a6062e83dde0
2025-11-27 11:39:27.154 +01:00 [INF] Executing OkObjectResult, writing value of type 'HomeCareApp.DTOs.EmployeeDto'.
2025-11-27 11:39:27.155 +01:00 [INF] Executed action HomeCareApp.Controllers.EmployeeController.GetEmployeeByUserId (api) in 8.5937ms
2025-11-27 11:39:27.155 +01:00 [INF] Executed endpoint 'HomeCareApp.Controllers.EmployeeController.GetEmployeeByUserId (api)'
2025-11-27 11:39:27.155 +01:00 [INF] Request finished HTTP/1.1 GET http://localhost:5090/api/employee/user/677750a1-a78d-4d43-bd3c-a6062e83dde0 - 200 701 application/json; charset=utf-8 11.1843ms
2025-11-27 11:39:28.291 +01:00 [INF] Request starting HTTP/1.1 GET http://localhost:5090/api/Appointment - null null
2025-11-27 11:39:28.292 +01:00 [INF] CORS policy execution successful.
2025-11-27 11:39:28.293 +01:00 [INF] Executing endpoint 'HomeCareApp.Controllers.AppointmentController.GetAppointments (api)'
2025-11-27 11:39:28.297 +01:00 [INF] Route matched with {action = "GetAppointments", controller = "Appointment"}. Executing controller action with signature System.Threading.Tasks.Task`1[Microsoft.AspNetCore.Mvc.ActionResult`1[System.Collections.Generic.IEnumerable`1[HomeCareApp.DTOs.AppointmentDto]]] GetAppointments() on controller HomeCareApp.Controllers.AppointmentController (api).
2025-11-27 11:39:28.353 +01:00 [INF] [AppointmentController] Retrieved 5 appointments
2025-11-27 11:39:28.353 +01:00 [INF] Executing OkObjectResult, writing value of type 'System.Linq.Enumerable+SelectListIterator`2[[HomeCareApp.Models.Appointment, api, Version=1.0.0.0, Culture=neutral, PublicKeyToken=null],[HomeCareApp.DTOs.AppointmentDto, api, Version=1.0.0.0, Culture=neutral, PublicKeyToken=null]]'.
2025-11-27 11:39:28.368 +01:00 [INF] Executed action HomeCareApp.Controllers.AppointmentController.GetAppointments (api) in 70.2499ms
2025-11-27 11:39:28.368 +01:00 [INF] Executed endpoint 'HomeCareApp.Controllers.AppointmentController.GetAppointments (api)'
2025-11-27 11:39:28.368 +01:00 [INF] Request finished HTTP/1.1 GET http://localhost:5090/api/Appointment - 200 990 application/json; charset=utf-8 76.9675ms
2025-11-27 11:39:28.370 +01:00 [INF] Request starting HTTP/1.1 GET http://localhost:5090/api/Appointment - null null
2025-11-27 11:39:28.371 +01:00 [INF] CORS policy execution successful.
2025-11-27 11:39:28.371 +01:00 [INF] Executing endpoint 'HomeCareApp.Controllers.AppointmentController.GetAppointments (api)'
2025-11-27 11:39:28.371 +01:00 [INF] Route matched with {action = "GetAppointments", controller = "Appointment"}. Executing controller action with signature System.Threading.Tasks.Task`1[Microsoft.AspNetCore.Mvc.ActionResult`1[System.Collections.Generic.IEnumerable`1[HomeCareApp.DTOs.AppointmentDto]]] GetAppointments() on controller HomeCareApp.Controllers.AppointmentController (api).
2025-11-27 11:39:28.376 +01:00 [INF] [AppointmentController] Retrieved 5 appointments
2025-11-27 11:39:28.376 +01:00 [INF] Executing OkObjectResult, writing value of type 'System.Linq.Enumerable+SelectListIterator`2[[HomeCareApp.Models.Appointment, api, Version=1.0.0.0, Culture=neutral, PublicKeyToken=null],[HomeCareApp.DTOs.AppointmentDto, api, Version=1.0.0.0, Culture=neutral, PublicKeyToken=null]]'.
2025-11-27 11:39:28.377 +01:00 [INF] Executed action HomeCareApp.Controllers.AppointmentController.GetAppointments (api) in 4.9585ms
2025-11-27 11:39:28.377 +01:00 [INF] Executed endpoint 'HomeCareApp.Controllers.AppointmentController.GetAppointments (api)'
2025-11-27 11:39:28.377 +01:00 [INF] Request finished HTTP/1.1 GET http://localhost:5090/api/Appointment - 200 990 application/json; charset=utf-8 6.6171ms
2025-11-27 11:39:56.045 +01:00 [INF] Request starting HTTP/1.1 OPTIONS http://localhost:5090/api/Notification/unread-count - null null
2025-11-27 11:39:56.046 +01:00 [INF] CORS policy execution successful.
2025-11-27 11:39:56.046 +01:00 [INF] Request finished HTTP/1.1 OPTIONS http://localhost:5090/api/Notification/unread-count - 204 null null 0.7085ms
2025-11-27 11:39:56.047 +01:00 [INF] Request starting HTTP/1.1 GET http://localhost:5090/api/Notification/unread-count - application/json null
2025-11-27 11:39:56.047 +01:00 [INF] CORS policy execution successful.
2025-11-27 11:39:56.048 +01:00 [INF] Executing endpoint 'HomeCareApp.Controllers.NotificationController.GetUnreadCount (api)'
2025-11-27 11:39:56.048 +01:00 [INF] Route matched with {action = "GetUnreadCount", controller = "Notification"}. Executing controller action with signature System.Threading.Tasks.Task`1[Microsoft.AspNetCore.Mvc.ActionResult`1[System.Int32]] GetUnreadCount() on controller HomeCareApp.Controllers.NotificationController (api).
2025-11-27 11:39:56.050 +01:00 [INF] Executing OkObjectResult, writing value of type 'System.Int32'.
2025-11-27 11:39:56.051 +01:00 [INF] Executed action HomeCareApp.Controllers.NotificationController.GetUnreadCount (api) in 2.426ms
2025-11-27 11:39:56.051 +01:00 [INF] Executed endpoint 'HomeCareApp.Controllers.NotificationController.GetUnreadCount (api)'
2025-11-27 11:39:56.051 +01:00 [INF] Request finished HTTP/1.1 GET http://localhost:5090/api/Notification/unread-count - 200 1 application/json; charset=utf-8 3.4553ms
2025-11-27 11:40:03.703 +01:00 [INF] Application is shutting down...
