2025-10-30 20:47:16.689 +01:00 [INF] No migrations were applied. The database is already up to date.
2025-10-30 20:47:16.735 +01:00 [INF] No migrations were applied. The database is already up to date.
2025-10-30 20:47:17.046 +01:00 [INF] User profile is available. Using 'C:\Users\B\AppData\Local\ASP.NET\DataProtection-Keys' as key repository and Windows DPAPI to encrypt keys at rest.
2025-10-30 20:47:17.083 +01:00 [INF] Now listening on: http://localhost:5090
2025-10-30 20:47:17.085 +01:00 [INF] Application started. Press Ctrl+C to shut down.
2025-10-30 20:47:17.085 +01:00 [INF] Hosting environment: Development
2025-10-30 20:47:17.087 +01:00 [INF] Content root path: C:\Users\B\Documents\ITPE3200\React-Homecare\api
2025-10-30 20:47:52.317 +01:00 [INF] Request starting HTTP/1.1 GET http://localhost:5090/api/Appointment - null null
2025-10-30 20:47:52.361 +01:00 [INF] CORS policy execution successful.
2025-10-30 20:47:52.384 +01:00 [INF] Executing endpoint 'HomeCareApp.Controllers.AppointmentController.GetAppointments (api)'
2025-10-30 20:47:52.394 +01:00 [INF] Route matched with {action = "GetAppointments", controller = "Appointment"}. Executing controller action with signature System.Threading.Tasks.Task`1[Microsoft.AspNetCore.Mvc.IActionResult] GetAppointments() on controller HomeCareApp.Controllers.AppointmentController (api).
2025-10-30 20:47:52.477 +01:00 [INF] Executing OkObjectResult, writing value of type 'System.Linq.Enumerable+SelectListIterator`2[[HomeCareApp.Models.Appointment, api, Version=1.0.0.0, Culture=neutral, PublicKeyToken=null],[HomeCareApp.DTOs.AppointmentDto, api, Version=1.0.0.0, Culture=neutral, PublicKeyToken=null]]'.
2025-10-30 20:47:52.534 +01:00 [INF] Executed action HomeCareApp.Controllers.AppointmentController.GetAppointments (api) in 137.7998ms
2025-10-30 20:47:52.535 +01:00 [INF] Executed endpoint 'HomeCareApp.Controllers.AppointmentController.GetAppointments (api)'
2025-10-30 20:47:52.542 +01:00 [INF] Request finished HTTP/1.1 GET http://localhost:5090/api/Appointment - 200 847 application/json; charset=utf-8 226.549ms
2025-10-30 20:47:52.545 +01:00 [INF] Request starting HTTP/1.1 GET http://localhost:5090/api/Appointment - null null
2025-10-30 20:47:52.548 +01:00 [INF] CORS policy execution successful.
2025-10-30 20:47:52.549 +01:00 [INF] Executing endpoint 'HomeCareApp.Controllers.AppointmentController.GetAppointments (api)'
2025-10-30 20:47:52.550 +01:00 [INF] Route matched with {action = "GetAppointments", controller = "Appointment"}. Executing controller action with signature System.Threading.Tasks.Task`1[Microsoft.AspNetCore.Mvc.IActionResult] GetAppointments() on controller HomeCareApp.Controllers.AppointmentController (api).
2025-10-30 20:47:52.559 +01:00 [INF] Executing OkObjectResult, writing value of type 'System.Linq.Enumerable+SelectListIterator`2[[HomeCareApp.Models.Appointment, api, Version=1.0.0.0, Culture=neutral, PublicKeyToken=null],[HomeCareApp.DTOs.AppointmentDto, api, Version=1.0.0.0, Culture=neutral, PublicKeyToken=null]]'.
2025-10-30 20:47:52.560 +01:00 [INF] Executed action HomeCareApp.Controllers.AppointmentController.GetAppointments (api) in 9.9879ms
2025-10-30 20:47:52.560 +01:00 [INF] Executed endpoint 'HomeCareApp.Controllers.AppointmentController.GetAppointments (api)'
2025-10-30 20:47:52.560 +01:00 [INF] Request finished HTTP/1.1 GET http://localhost:5090/api/Appointment - 200 847 application/json; charset=utf-8 15.0602ms
2025-10-30 20:50:23.730 +01:00 [INF] Request starting HTTP/1.1 GET http://localhost:5090/api/Appointment - null null
2025-10-30 20:50:23.732 +01:00 [INF] CORS policy execution successful.
2025-10-30 20:50:23.734 +01:00 [INF] Executing endpoint 'HomeCareApp.Controllers.AppointmentController.GetAppointments (api)'
2025-10-30 20:50:23.734 +01:00 [INF] Route matched with {action = "GetAppointments", controller = "Appointment"}. Executing controller action with signature System.Threading.Tasks.Task`1[Microsoft.AspNetCore.Mvc.IActionResult] GetAppointments() on controller HomeCareApp.Controllers.AppointmentController (api).
2025-10-30 20:50:23.741 +01:00 [INF] Executing OkObjectResult, writing value of type 'System.Linq.Enumerable+SelectListIterator`2[[HomeCareApp.Models.Appointment, api, Version=1.0.0.0, Culture=neutral, PublicKeyToken=null],[HomeCareApp.DTOs.AppointmentDto, api, Version=1.0.0.0, Culture=neutral, PublicKeyToken=null]]'.
2025-10-30 20:50:23.742 +01:00 [INF] Executed action HomeCareApp.Controllers.AppointmentController.GetAppointments (api) in 7.6081ms
2025-10-30 20:50:23.742 +01:00 [INF] Executed endpoint 'HomeCareApp.Controllers.AppointmentController.GetAppointments (api)'
2025-10-30 20:50:23.743 +01:00 [INF] Request finished HTTP/1.1 GET http://localhost:5090/api/Appointment - 200 847 application/json; charset=utf-8 12.5707ms
2025-10-30 20:50:23.745 +01:00 [INF] Request starting HTTP/1.1 GET http://localhost:5090/api/Appointment - null null
2025-10-30 20:50:23.745 +01:00 [INF] CORS policy execution successful.
2025-10-30 20:50:23.746 +01:00 [INF] Executing endpoint 'HomeCareApp.Controllers.AppointmentController.GetAppointments (api)'
2025-10-30 20:50:23.746 +01:00 [INF] Route matched with {action = "GetAppointments", controller = "Appointment"}. Executing controller action with signature System.Threading.Tasks.Task`1[Microsoft.AspNetCore.Mvc.IActionResult] GetAppointments() on controller HomeCareApp.Controllers.AppointmentController (api).
2025-10-30 20:50:23.749 +01:00 [INF] Executing OkObjectResult, writing value of type 'System.Linq.Enumerable+SelectListIterator`2[[HomeCareApp.Models.Appointment, api, Version=1.0.0.0, Culture=neutral, PublicKeyToken=null],[HomeCareApp.DTOs.AppointmentDto, api, Version=1.0.0.0, Culture=neutral, PublicKeyToken=null]]'.
2025-10-30 20:50:23.750 +01:00 [INF] Executed action HomeCareApp.Controllers.AppointmentController.GetAppointments (api) in 4.2291ms
2025-10-30 20:50:23.750 +01:00 [INF] Executed endpoint 'HomeCareApp.Controllers.AppointmentController.GetAppointments (api)'
2025-10-30 20:50:23.751 +01:00 [INF] Request finished HTTP/1.1 GET http://localhost:5090/api/Appointment - 200 847 application/json; charset=utf-8 5.9081ms
2025-10-30 20:50:31.659 +01:00 [INF] Request starting HTTP/1.1 OPTIONS http://localhost:5090/api/Auth/login - null null
2025-10-30 20:50:31.659 +01:00 [INF] CORS policy execution successful.
2025-10-30 20:50:31.660 +01:00 [INF] Request finished HTTP/1.1 OPTIONS http://localhost:5090/api/Auth/login - 204 null null 1.3984ms
2025-10-30 20:50:31.661 +01:00 [INF] Request starting HTTP/1.1 POST http://localhost:5090/api/Auth/login - application/json 47
2025-10-30 20:50:31.662 +01:00 [INF] CORS policy execution successful.
2025-10-30 20:50:31.663 +01:00 [INF] Executing endpoint 'HomeCareApp.Controllers.AuthController.Login (api)'
2025-10-30 20:50:31.673 +01:00 [INF] Route matched with {action = "Login", controller = "Auth"}. Executing controller action with signature System.Threading.Tasks.Task`1[Microsoft.AspNetCore.Mvc.IActionResult] Login(HomeCareApp.DTOs.LoginDto) on controller HomeCareApp.Controllers.AuthController (api).
2025-10-30 20:50:31.791 +01:00 [INF] [AuthAPIController] user authorised for Employee1
2025-10-30 20:50:31.803 +01:00 [INF] [AuthAPIController] JWT token created for Employee1 with roles Employee
2025-10-30 20:50:31.829 +01:00 [INF] Executing OkObjectResult, writing value of type '<>f__AnonymousType3`1[[System.String, System.Private.CoreLib, Version=8.0.0.0, Culture=neutral, PublicKeyToken=7cec85d7bea7798e]]'.
2025-10-30 20:50:31.833 +01:00 [INF] Executed action HomeCareApp.Controllers.AuthController.Login (api) in 160.3395ms
2025-10-30 20:50:31.833 +01:00 [INF] Executed endpoint 'HomeCareApp.Controllers.AuthController.Login (api)'
2025-10-30 20:50:31.834 +01:00 [INF] Request finished HTTP/1.1 POST http://localhost:5090/api/Auth/login - 200 564 application/json; charset=utf-8 172.5271ms
2025-10-30 20:50:33.455 +01:00 [INF] Request starting HTTP/1.1 GET http://localhost:5090/api/Appointment - null null
2025-10-30 20:50:33.456 +01:00 [INF] CORS policy execution successful.
2025-10-30 20:50:33.456 +01:00 [INF] Executing endpoint 'HomeCareApp.Controllers.AppointmentController.GetAppointments (api)'
2025-10-30 20:50:33.456 +01:00 [INF] Route matched with {action = "GetAppointments", controller = "Appointment"}. Executing controller action with signature System.Threading.Tasks.Task`1[Microsoft.AspNetCore.Mvc.IActionResult] GetAppointments() on controller HomeCareApp.Controllers.AppointmentController (api).
2025-10-30 20:50:33.458 +01:00 [INF] Executing OkObjectResult, writing value of type 'System.Linq.Enumerable+SelectListIterator`2[[HomeCareApp.Models.Appointment, api, Version=1.0.0.0, Culture=neutral, PublicKeyToken=null],[HomeCareApp.DTOs.AppointmentDto, api, Version=1.0.0.0, Culture=neutral, PublicKeyToken=null]]'.
2025-10-30 20:50:33.458 +01:00 [INF] Executed action HomeCareApp.Controllers.AppointmentController.GetAppointments (api) in 1.8487ms
2025-10-30 20:50:33.458 +01:00 [INF] Executed endpoint 'HomeCareApp.Controllers.AppointmentController.GetAppointments (api)'
2025-10-30 20:50:33.458 +01:00 [INF] Request finished HTTP/1.1 GET http://localhost:5090/api/Appointment - 200 847 application/json; charset=utf-8 2.7802ms
2025-10-30 20:50:33.459 +01:00 [INF] Request starting HTTP/1.1 GET http://localhost:5090/api/Appointment - null null
2025-10-30 20:50:33.459 +01:00 [INF] CORS policy execution successful.
2025-10-30 20:50:33.459 +01:00 [INF] Executing endpoint 'HomeCareApp.Controllers.AppointmentController.GetAppointments (api)'
2025-10-30 20:50:33.459 +01:00 [INF] Route matched with {action = "GetAppointments", controller = "Appointment"}. Executing controller action with signature System.Threading.Tasks.Task`1[Microsoft.AspNetCore.Mvc.IActionResult] GetAppointments() on controller HomeCareApp.Controllers.AppointmentController (api).
2025-10-30 20:50:33.460 +01:00 [INF] Executing OkObjectResult, writing value of type 'System.Linq.Enumerable+SelectListIterator`2[[HomeCareApp.Models.Appointment, api, Version=1.0.0.0, Culture=neutral, PublicKeyToken=null],[HomeCareApp.DTOs.AppointmentDto, api, Version=1.0.0.0, Culture=neutral, PublicKeyToken=null]]'.
2025-10-30 20:50:33.460 +01:00 [INF] Executed action HomeCareApp.Controllers.AppointmentController.GetAppointments (api) in 1.17ms
2025-10-30 20:50:33.460 +01:00 [INF] Executed endpoint 'HomeCareApp.Controllers.AppointmentController.GetAppointments (api)'
2025-10-30 20:50:33.460 +01:00 [INF] Request finished HTTP/1.1 GET http://localhost:5090/api/Appointment - 200 847 application/json; charset=utf-8 1.5633ms
2025-10-30 20:50:41.093 +01:00 [INF] Request starting HTTP/1.1 OPTIONS http://localhost:5090/api/Auth/login - null null
2025-10-30 20:50:41.093 +01:00 [INF] CORS policy execution successful.
2025-10-30 20:50:41.093 +01:00 [INF] Request finished HTTP/1.1 OPTIONS http://localhost:5090/api/Auth/login - 204 null null 0.5363ms
2025-10-30 20:50:41.094 +01:00 [INF] Request starting HTTP/1.1 POST http://localhost:5090/api/Auth/login - application/json 46
2025-10-30 20:50:41.094 +01:00 [INF] CORS policy execution successful.
2025-10-30 20:50:41.094 +01:00 [INF] Executing endpoint 'HomeCareApp.Controllers.AuthController.Login (api)'
2025-10-30 20:50:41.095 +01:00 [INF] Route matched with {action = "Login", controller = "Auth"}. Executing controller action with signature System.Threading.Tasks.Task`1[Microsoft.AspNetCore.Mvc.IActionResult] Login(HomeCareApp.DTOs.LoginDto) on controller HomeCareApp.Controllers.AuthController (api).
2025-10-30 20:50:41.153 +01:00 [INF] [AuthAPIController] user authorised for Patient1
2025-10-30 20:50:41.155 +01:00 [INF] [AuthAPIController] JWT token created for Patient1 with roles Patient
2025-10-30 20:50:41.155 +01:00 [INF] Executing OkObjectResult, writing value of type '<>f__AnonymousType3`1[[System.String, System.Private.CoreLib, Version=8.0.0.0, Culture=neutral, PublicKeyToken=7cec85d7bea7798e]]'.
2025-10-30 20:50:41.156 +01:00 [INF] Executed action HomeCareApp.Controllers.AuthController.Login (api) in 60.8554ms
2025-10-30 20:50:41.156 +01:00 [INF] Executed endpoint 'HomeCareApp.Controllers.AuthController.Login (api)'
2025-10-30 20:50:41.156 +01:00 [INF] Request finished HTTP/1.1 POST http://localhost:5090/api/Auth/login - 200 560 application/json; charset=utf-8 61.6974ms
2025-10-30 20:50:55.011 +01:00 [INF] Request starting HTTP/1.1 GET http://localhost:5090/api/Appointment - null null
2025-10-30 20:50:55.011 +01:00 [INF] CORS policy execution successful.
2025-10-30 20:50:55.011 +01:00 [INF] Executing endpoint 'HomeCareApp.Controllers.AppointmentController.GetAppointments (api)'
2025-10-30 20:50:55.011 +01:00 [INF] Route matched with {action = "GetAppointments", controller = "Appointment"}. Executing controller action with signature System.Threading.Tasks.Task`1[Microsoft.AspNetCore.Mvc.IActionResult] GetAppointments() on controller HomeCareApp.Controllers.AppointmentController (api).
2025-10-30 20:50:55.014 +01:00 [INF] Executing OkObjectResult, writing value of type 'System.Linq.Enumerable+SelectListIterator`2[[HomeCareApp.Models.Appointment, api, Version=1.0.0.0, Culture=neutral, PublicKeyToken=null],[HomeCareApp.DTOs.AppointmentDto, api, Version=1.0.0.0, Culture=neutral, PublicKeyToken=null]]'.
2025-10-30 20:50:55.015 +01:00 [INF] Executed action HomeCareApp.Controllers.AppointmentController.GetAppointments (api) in 3.6583ms
2025-10-30 20:50:55.015 +01:00 [INF] Executed endpoint 'HomeCareApp.Controllers.AppointmentController.GetAppointments (api)'
2025-10-30 20:50:55.016 +01:00 [INF] Request finished HTTP/1.1 GET http://localhost:5090/api/Appointment - 200 847 application/json; charset=utf-8 4.7447ms
2025-10-30 20:50:55.017 +01:00 [INF] Request starting HTTP/1.1 GET http://localhost:5090/api/Appointment - null null
2025-10-30 20:50:55.018 +01:00 [INF] CORS policy execution successful.
2025-10-30 20:50:55.018 +01:00 [INF] Executing endpoint 'HomeCareApp.Controllers.AppointmentController.GetAppointments (api)'
2025-10-30 20:50:55.018 +01:00 [INF] Route matched with {action = "GetAppointments", controller = "Appointment"}. Executing controller action with signature System.Threading.Tasks.Task`1[Microsoft.AspNetCore.Mvc.IActionResult] GetAppointments() on controller HomeCareApp.Controllers.AppointmentController (api).
2025-10-30 20:50:55.021 +01:00 [INF] Executing OkObjectResult, writing value of type 'System.Linq.Enumerable+SelectListIterator`2[[HomeCareApp.Models.Appointment, api, Version=1.0.0.0, Culture=neutral, PublicKeyToken=null],[HomeCareApp.DTOs.AppointmentDto, api, Version=1.0.0.0, Culture=neutral, PublicKeyToken=null]]'.
2025-10-30 20:50:55.022 +01:00 [INF] Executed action HomeCareApp.Controllers.AppointmentController.GetAppointments (api) in 3.3823ms
2025-10-30 20:50:55.022 +01:00 [INF] Executed endpoint 'HomeCareApp.Controllers.AppointmentController.GetAppointments (api)'
2025-10-30 20:50:55.022 +01:00 [INF] Request finished HTTP/1.1 GET http://localhost:5090/api/Appointment - 200 847 application/json; charset=utf-8 4.4448ms
2025-10-30 20:53:22.670 +01:00 [INF] Request starting HTTP/1.1 GET http://localhost:5090/api/Appointment - null null
2025-10-30 20:53:22.670 +01:00 [INF] CORS policy execution successful.
2025-10-30 20:53:22.670 +01:00 [INF] Executing endpoint 'HomeCareApp.Controllers.AppointmentController.GetAppointments (api)'
2025-10-30 20:53:22.671 +01:00 [INF] Route matched with {action = "GetAppointments", controller = "Appointment"}. Executing controller action with signature System.Threading.Tasks.Task`1[Microsoft.AspNetCore.Mvc.IActionResult] GetAppointments() on controller HomeCareApp.Controllers.AppointmentController (api).
2025-10-30 20:53:22.673 +01:00 [INF] Executing OkObjectResult, writing value of type 'System.Linq.Enumerable+SelectListIterator`2[[HomeCareApp.Models.Appointment, api, Version=1.0.0.0, Culture=neutral, PublicKeyToken=null],[HomeCareApp.DTOs.AppointmentDto, api, Version=1.0.0.0, Culture=neutral, PublicKeyToken=null]]'.
2025-10-30 20:53:22.674 +01:00 [INF] Executed action HomeCareApp.Controllers.AppointmentController.GetAppointments (api) in 2.9848ms
2025-10-30 20:53:22.674 +01:00 [INF] Executed endpoint 'HomeCareApp.Controllers.AppointmentController.GetAppointments (api)'
2025-10-30 20:53:22.674 +01:00 [INF] Request finished HTTP/1.1 GET http://localhost:5090/api/Appointment - 200 847 application/json; charset=utf-8 4.2789ms
2025-10-30 20:53:22.675 +01:00 [INF] Request starting HTTP/1.1 GET http://localhost:5090/api/Appointment - null null
2025-10-30 20:53:22.675 +01:00 [INF] CORS policy execution successful.
2025-10-30 20:53:22.675 +01:00 [INF] Executing endpoint 'HomeCareApp.Controllers.AppointmentController.GetAppointments (api)'
2025-10-30 20:53:22.676 +01:00 [INF] Route matched with {action = "GetAppointments", controller = "Appointment"}. Executing controller action with signature System.Threading.Tasks.Task`1[Microsoft.AspNetCore.Mvc.IActionResult] GetAppointments() on controller HomeCareApp.Controllers.AppointmentController (api).
2025-10-30 20:53:22.679 +01:00 [INF] Executing OkObjectResult, writing value of type 'System.Linq.Enumerable+SelectListIterator`2[[HomeCareApp.Models.Appointment, api, Version=1.0.0.0, Culture=neutral, PublicKeyToken=null],[HomeCareApp.DTOs.AppointmentDto, api, Version=1.0.0.0, Culture=neutral, PublicKeyToken=null]]'.
2025-10-30 20:53:22.680 +01:00 [INF] Executed action HomeCareApp.Controllers.AppointmentController.GetAppointments (api) in 4.2077ms
2025-10-30 20:53:22.680 +01:00 [INF] Executed endpoint 'HomeCareApp.Controllers.AppointmentController.GetAppointments (api)'
2025-10-30 20:53:22.680 +01:00 [INF] Request finished HTTP/1.1 GET http://localhost:5090/api/Appointment - 200 847 application/json; charset=utf-8 5.0023ms
2025-10-30 20:53:25.861 +01:00 [INF] Request starting HTTP/1.1 GET http://localhost:5090/api/Appointment - null null
2025-10-30 20:53:25.861 +01:00 [INF] CORS policy execution successful.
2025-10-30 20:53:25.861 +01:00 [INF] Executing endpoint 'HomeCareApp.Controllers.AppointmentController.GetAppointments (api)'
2025-10-30 20:53:25.862 +01:00 [INF] Route matched with {action = "GetAppointments", controller = "Appointment"}. Executing controller action with signature System.Threading.Tasks.Task`1[Microsoft.AspNetCore.Mvc.IActionResult] GetAppointments() on controller HomeCareApp.Controllers.AppointmentController (api).
2025-10-30 20:53:25.864 +01:00 [INF] Executing OkObjectResult, writing value of type 'System.Linq.Enumerable+SelectListIterator`2[[HomeCareApp.Models.Appointment, api, Version=1.0.0.0, Culture=neutral, PublicKeyToken=null],[HomeCareApp.DTOs.AppointmentDto, api, Version=1.0.0.0, Culture=neutral, PublicKeyToken=null]]'.
2025-10-30 20:53:25.864 +01:00 [INF] Executed action HomeCareApp.Controllers.AppointmentController.GetAppointments (api) in 2.5315ms
2025-10-30 20:53:25.864 +01:00 [INF] Executed endpoint 'HomeCareApp.Controllers.AppointmentController.GetAppointments (api)'
2025-10-30 20:53:25.864 +01:00 [INF] Request finished HTTP/1.1 GET http://localhost:5090/api/Appointment - 200 847 application/json; charset=utf-8 3.69ms
2025-10-30 20:53:25.865 +01:00 [INF] Request starting HTTP/1.1 GET http://localhost:5090/api/Appointment - null null
2025-10-30 20:53:25.865 +01:00 [INF] CORS policy execution successful.
2025-10-30 20:53:25.865 +01:00 [INF] Executing endpoint 'HomeCareApp.Controllers.AppointmentController.GetAppointments (api)'
2025-10-30 20:53:25.865 +01:00 [INF] Route matched with {action = "GetAppointments", controller = "Appointment"}. Executing controller action with signature System.Threading.Tasks.Task`1[Microsoft.AspNetCore.Mvc.IActionResult] GetAppointments() on controller HomeCareApp.Controllers.AppointmentController (api).
2025-10-30 20:53:25.866 +01:00 [INF] Executing OkObjectResult, writing value of type 'System.Linq.Enumerable+SelectListIterator`2[[HomeCareApp.Models.Appointment, api, Version=1.0.0.0, Culture=neutral, PublicKeyToken=null],[HomeCareApp.DTOs.AppointmentDto, api, Version=1.0.0.0, Culture=neutral, PublicKeyToken=null]]'.
2025-10-30 20:53:25.867 +01:00 [INF] Executed action HomeCareApp.Controllers.AppointmentController.GetAppointments (api) in 1.0957ms
2025-10-30 20:53:25.867 +01:00 [INF] Executed endpoint 'HomeCareApp.Controllers.AppointmentController.GetAppointments (api)'
2025-10-30 20:53:25.867 +01:00 [INF] Request finished HTTP/1.1 GET http://localhost:5090/api/Appointment - 200 847 application/json; charset=utf-8 1.473ms
2025-10-30 20:54:01.303 +01:00 [INF] Request starting HTTP/1.1 GET http://localhost:5090/api/Appointment - null null
2025-10-30 20:54:01.303 +01:00 [INF] CORS policy execution successful.
2025-10-30 20:54:01.303 +01:00 [INF] Executing endpoint 'HomeCareApp.Controllers.AppointmentController.GetAppointments (api)'
2025-10-30 20:54:01.304 +01:00 [INF] Route matched with {action = "GetAppointments", controller = "Appointment"}. Executing controller action with signature System.Threading.Tasks.Task`1[Microsoft.AspNetCore.Mvc.IActionResult] GetAppointments() on controller HomeCareApp.Controllers.AppointmentController (api).
2025-10-30 20:54:01.305 +01:00 [INF] Executing OkObjectResult, writing value of type 'System.Linq.Enumerable+SelectListIterator`2[[HomeCareApp.Models.Appointment, api, Version=1.0.0.0, Culture=neutral, PublicKeyToken=null],[HomeCareApp.DTOs.AppointmentDto, api, Version=1.0.0.0, Culture=neutral, PublicKeyToken=null]]'.
2025-10-30 20:54:01.306 +01:00 [INF] Executed action HomeCareApp.Controllers.AppointmentController.GetAppointments (api) in 2.0727ms
2025-10-30 20:54:01.306 +01:00 [INF] Executed endpoint 'HomeCareApp.Controllers.AppointmentController.GetAppointments (api)'
2025-10-30 20:54:01.306 +01:00 [INF] Request finished HTTP/1.1 GET http://localhost:5090/api/Appointment - 200 847 application/json; charset=utf-8 2.8617ms
2025-10-30 20:54:01.307 +01:00 [INF] Request starting HTTP/1.1 GET http://localhost:5090/api/Appointment - null null
2025-10-30 20:54:01.307 +01:00 [INF] CORS policy execution successful.
2025-10-30 20:54:01.307 +01:00 [INF] Executing endpoint 'HomeCareApp.Controllers.AppointmentController.GetAppointments (api)'
2025-10-30 20:54:01.307 +01:00 [INF] Route matched with {action = "GetAppointments", controller = "Appointment"}. Executing controller action with signature System.Threading.Tasks.Task`1[Microsoft.AspNetCore.Mvc.IActionResult] GetAppointments() on controller HomeCareApp.Controllers.AppointmentController (api).
2025-10-30 20:54:01.309 +01:00 [INF] Executing OkObjectResult, writing value of type 'System.Linq.Enumerable+SelectListIterator`2[[HomeCareApp.Models.Appointment, api, Version=1.0.0.0, Culture=neutral, PublicKeyToken=null],[HomeCareApp.DTOs.AppointmentDto, api, Version=1.0.0.0, Culture=neutral, PublicKeyToken=null]]'.
2025-10-30 20:54:01.309 +01:00 [INF] Executed action HomeCareApp.Controllers.AppointmentController.GetAppointments (api) in 1.4931ms
2025-10-30 20:54:01.309 +01:00 [INF] Executed endpoint 'HomeCareApp.Controllers.AppointmentController.GetAppointments (api)'
2025-10-30 20:54:01.309 +01:00 [INF] Request finished HTTP/1.1 GET http://localhost:5090/api/Appointment - 200 847 application/json; charset=utf-8 2.1017ms
2025-10-30 20:54:14.973 +01:00 [INF] Request starting HTTP/1.1 GET http://localhost:5090/api/Appointment/4 - null null
2025-10-30 20:54:14.973 +01:00 [INF] CORS policy execution successful.
2025-10-30 20:54:14.973 +01:00 [INF] Executing endpoint 'HomeCareApp.Controllers.AppointmentController.GetAppointment (api)'
2025-10-30 20:54:14.977 +01:00 [INF] Route matched with {action = "GetAppointment", controller = "Appointment"}. Executing controller action with signature System.Threading.Tasks.Task`1[Microsoft.AspNetCore.Mvc.IActionResult] GetAppointment(Int32) on controller HomeCareApp.Controllers.AppointmentController (api).
2025-10-30 20:54:14.987 +01:00 [INF] Executing OkObjectResult, writing value of type 'HomeCareApp.DTOs.AppointmentDto'.
2025-10-30 20:54:14.987 +01:00 [INF] Executed action HomeCareApp.Controllers.AppointmentController.GetAppointment (api) in 10.3522ms
2025-10-30 20:54:14.988 +01:00 [INF] Executed endpoint 'HomeCareApp.Controllers.AppointmentController.GetAppointment (api)'
2025-10-30 20:54:14.988 +01:00 [INF] Request finished HTTP/1.1 GET http://localhost:5090/api/Appointment/4 - 200 190 application/json; charset=utf-8 15.1941ms
2025-10-30 20:54:14.990 +01:00 [INF] Request starting HTTP/1.1 GET http://localhost:5090/api/Appointment/4 - null null
2025-10-30 20:54:14.990 +01:00 [INF] CORS policy execution successful.
2025-10-30 20:54:14.990 +01:00 [INF] Executing endpoint 'HomeCareApp.Controllers.AppointmentController.GetAppointment (api)'
2025-10-30 20:54:14.990 +01:00 [INF] Route matched with {action = "GetAppointment", controller = "Appointment"}. Executing controller action with signature System.Threading.Tasks.Task`1[Microsoft.AspNetCore.Mvc.IActionResult] GetAppointment(Int32) on controller HomeCareApp.Controllers.AppointmentController (api).
2025-10-30 20:54:14.994 +01:00 [INF] Executing OkObjectResult, writing value of type 'HomeCareApp.DTOs.AppointmentDto'.
2025-10-30 20:54:14.994 +01:00 [INF] Executed action HomeCareApp.Controllers.AppointmentController.GetAppointment (api) in 3.6023ms
2025-10-30 20:54:14.994 +01:00 [INF] Executed endpoint 'HomeCareApp.Controllers.AppointmentController.GetAppointment (api)'
2025-10-30 20:54:14.994 +01:00 [INF] Request finished HTTP/1.1 GET http://localhost:5090/api/Appointment/4 - 200 190 application/json; charset=utf-8 4.2863ms
2025-10-30 20:54:17.444 +01:00 [INF] Request starting HTTP/1.1 OPTIONS http://localhost:5090/api/Appointment/4 - null null
2025-10-30 20:54:17.444 +01:00 [INF] CORS policy execution successful.
2025-10-30 20:54:17.444 +01:00 [INF] Request finished HTTP/1.1 OPTIONS http://localhost:5090/api/Appointment/4 - 204 null null 0.3738ms
2025-10-30 20:54:17.445 +01:00 [INF] Request starting HTTP/1.1 PUT http://localhost:5090/api/Appointment/4 - application/json 138
2025-10-30 20:54:17.445 +01:00 [INF] CORS policy execution successful.
2025-10-30 20:54:17.501 +01:00 [INF] Executing endpoint 'HomeCareApp.Controllers.AppointmentController.Update (api)'
2025-10-30 20:54:17.504 +01:00 [INF] Route matched with {action = "Update", controller = "Appointment"}. Executing controller action with signature System.Threading.Tasks.Task`1[Microsoft.AspNetCore.Mvc.IActionResult] Update(Int32, HomeCareApp.DTOs.AppointmentDto) on controller HomeCareApp.Controllers.AppointmentController (api).
2025-10-30 20:54:17.581 +01:00 [INF] Executing OkObjectResult, writing value of type 'HomeCareApp.Models.Appointment'.
2025-10-30 20:54:17.587 +01:00 [INF] Executed action HomeCareApp.Controllers.AppointmentController.Update (api) in 83.6454ms
2025-10-30 20:54:17.587 +01:00 [INF] Executed endpoint 'HomeCareApp.Controllers.AppointmentController.Update (api)'
2025-10-30 20:54:17.588 +01:00 [INF] Request finished HTTP/1.1 PUT http://localhost:5090/api/Appointment/4 - 200 548 application/json; charset=utf-8 142.2132ms
2025-10-30 20:54:17.598 +01:00 [INF] Request starting HTTP/1.1 GET http://localhost:5090/api/Appointment - null null
2025-10-30 20:54:17.598 +01:00 [INF] CORS policy execution successful.
2025-10-30 20:54:17.598 +01:00 [INF] Executing endpoint 'HomeCareApp.Controllers.AppointmentController.GetAppointments (api)'
2025-10-30 20:54:17.598 +01:00 [INF] Route matched with {action = "GetAppointments", controller = "Appointment"}. Executing controller action with signature System.Threading.Tasks.Task`1[Microsoft.AspNetCore.Mvc.IActionResult] GetAppointments() on controller HomeCareApp.Controllers.AppointmentController (api).
2025-10-30 20:54:17.599 +01:00 [INF] Executing OkObjectResult, writing value of type 'System.Linq.Enumerable+SelectListIterator`2[[HomeCareApp.Models.Appointment, api, Version=1.0.0.0, Culture=neutral, PublicKeyToken=null],[HomeCareApp.DTOs.AppointmentDto, api, Version=1.0.0.0, Culture=neutral, PublicKeyToken=null]]'.
2025-10-30 20:54:17.599 +01:00 [INF] Executed action HomeCareApp.Controllers.AppointmentController.GetAppointments (api) in 1.2207ms
2025-10-30 20:54:17.599 +01:00 [INF] Executed endpoint 'HomeCareApp.Controllers.AppointmentController.GetAppointments (api)'
2025-10-30 20:54:17.599 +01:00 [INF] Request finished HTTP/1.1 GET http://localhost:5090/api/Appointment - 200 847 application/json; charset=utf-8 1.7752ms
2025-10-30 20:54:17.601 +01:00 [INF] Request starting HTTP/1.1 GET http://localhost:5090/api/Appointment - null null
2025-10-30 20:54:17.601 +01:00 [INF] CORS policy execution successful.
2025-10-30 20:54:17.601 +01:00 [INF] Executing endpoint 'HomeCareApp.Controllers.AppointmentController.GetAppointments (api)'
2025-10-30 20:54:17.601 +01:00 [INF] Route matched with {action = "GetAppointments", controller = "Appointment"}. Executing controller action with signature System.Threading.Tasks.Task`1[Microsoft.AspNetCore.Mvc.IActionResult] GetAppointments() on controller HomeCareApp.Controllers.AppointmentController (api).
2025-10-30 20:54:17.602 +01:00 [INF] Executing OkObjectResult, writing value of type 'System.Linq.Enumerable+SelectListIterator`2[[HomeCareApp.Models.Appointment, api, Version=1.0.0.0, Culture=neutral, PublicKeyToken=null],[HomeCareApp.DTOs.AppointmentDto, api, Version=1.0.0.0, Culture=neutral, PublicKeyToken=null]]'.
2025-10-30 20:54:17.602 +01:00 [INF] Executed action HomeCareApp.Controllers.AppointmentController.GetAppointments (api) in 0.956ms
2025-10-30 20:54:17.602 +01:00 [INF] Executed endpoint 'HomeCareApp.Controllers.AppointmentController.GetAppointments (api)'
2025-10-30 20:54:17.602 +01:00 [INF] Request finished HTTP/1.1 GET http://localhost:5090/api/Appointment - 200 847 application/json; charset=utf-8 1.3861ms
2025-10-30 20:54:21.561 +01:00 [INF] Request starting HTTP/1.1 OPTIONS http://localhost:5090/api/Appointment/4 - null null
2025-10-30 20:54:21.561 +01:00 [INF] CORS policy execution successful.
2025-10-30 20:54:21.562 +01:00 [INF] Request finished HTTP/1.1 OPTIONS http://localhost:5090/api/Appointment/4 - 204 null null 0.3815ms
2025-10-30 20:54:21.562 +01:00 [INF] Request starting HTTP/1.1 DELETE http://localhost:5090/api/Appointment/4 - application/json null
2025-10-30 20:54:21.563 +01:00 [INF] CORS policy execution successful.
2025-10-30 20:54:21.565 +01:00 [INF] Executing endpoint 'HomeCareApp.Controllers.AppointmentController.Delete (api)'
2025-10-30 20:54:21.568 +01:00 [INF] Route matched with {action = "Delete", controller = "Appointment"}. Executing controller action with signature System.Threading.Tasks.Task`1[Microsoft.AspNetCore.Mvc.IActionResult] Delete(Int32) on controller HomeCareApp.Controllers.AppointmentController (api).
2025-10-30 20:54:21.590 +01:00 [INF] Executing StatusCodeResult, setting HTTP status code 204
2025-10-30 20:54:21.590 +01:00 [INF] Executed action HomeCareApp.Controllers.AppointmentController.Delete (api) in 21.4175ms
2025-10-30 20:54:21.590 +01:00 [INF] Executed endpoint 'HomeCareApp.Controllers.AppointmentController.Delete (api)'
2025-10-30 20:54:21.590 +01:00 [INF] Request finished HTTP/1.1 DELETE http://localhost:5090/api/Appointment/4 - 204 null null 27.5354ms
2025-10-30 20:54:24.661 +01:00 [INF] Request starting HTTP/1.1 GET http://localhost:5090/api/Appointment/3 - null null
2025-10-30 20:54:24.661 +01:00 [INF] CORS policy execution successful.
2025-10-30 20:54:24.662 +01:00 [INF] Executing endpoint 'HomeCareApp.Controllers.AppointmentController.GetAppointment (api)'
2025-10-30 20:54:24.662 +01:00 [INF] Route matched with {action = "GetAppointment", controller = "Appointment"}. Executing controller action with signature System.Threading.Tasks.Task`1[Microsoft.AspNetCore.Mvc.IActionResult] GetAppointment(Int32) on controller HomeCareApp.Controllers.AppointmentController (api).
2025-10-30 20:54:24.665 +01:00 [INF] Executing OkObjectResult, writing value of type 'HomeCareApp.DTOs.AppointmentDto'.
2025-10-30 20:54:24.665 +01:00 [INF] Executed action HomeCareApp.Controllers.AppointmentController.GetAppointment (api) in 3.0602ms
2025-10-30 20:54:24.665 +01:00 [INF] Executed endpoint 'HomeCareApp.Controllers.AppointmentController.GetAppointment (api)'
2025-10-30 20:54:24.665 +01:00 [INF] Request finished HTTP/1.1 GET http://localhost:5090/api/Appointment/3 - 200 222 application/json; charset=utf-8 3.9145ms
2025-10-30 20:54:24.666 +01:00 [INF] Request starting HTTP/1.1 GET http://localhost:5090/api/Appointment/3 - null null
2025-10-30 20:54:24.666 +01:00 [INF] CORS policy execution successful.
2025-10-30 20:54:24.667 +01:00 [INF] Executing endpoint 'HomeCareApp.Controllers.AppointmentController.GetAppointment (api)'
2025-10-30 20:54:24.667 +01:00 [INF] Route matched with {action = "GetAppointment", controller = "Appointment"}. Executing controller action with signature System.Threading.Tasks.Task`1[Microsoft.AspNetCore.Mvc.IActionResult] GetAppointment(Int32) on controller HomeCareApp.Controllers.AppointmentController (api).
2025-10-30 20:54:24.669 +01:00 [INF] Executing OkObjectResult, writing value of type 'HomeCareApp.DTOs.AppointmentDto'.
2025-10-30 20:54:24.669 +01:00 [INF] Executed action HomeCareApp.Controllers.AppointmentController.GetAppointment (api) in 1.9076ms
2025-10-30 20:54:24.669 +01:00 [INF] Executed endpoint 'HomeCareApp.Controllers.AppointmentController.GetAppointment (api)'
2025-10-30 20:54:24.669 +01:00 [INF] Request finished HTTP/1.1 GET http://localhost:5090/api/Appointment/3 - 200 222 application/json; charset=utf-8 2.6298ms
2025-10-30 20:54:25.963 +01:00 [INF] Request starting HTTP/1.1 GET http://localhost:5090/api/Appointment - null null
2025-10-30 20:54:25.963 +01:00 [INF] CORS policy execution successful.
2025-10-30 20:54:25.963 +01:00 [INF] Executing endpoint 'HomeCareApp.Controllers.AppointmentController.GetAppointments (api)'
2025-10-30 20:54:25.963 +01:00 [INF] Route matched with {action = "GetAppointments", controller = "Appointment"}. Executing controller action with signature System.Threading.Tasks.Task`1[Microsoft.AspNetCore.Mvc.IActionResult] GetAppointments() on controller HomeCareApp.Controllers.AppointmentController (api).
2025-10-30 20:54:25.964 +01:00 [INF] Executing OkObjectResult, writing value of type 'System.Linq.Enumerable+SelectListIterator`2[[HomeCareApp.Models.Appointment, api, Version=1.0.0.0, Culture=neutral, PublicKeyToken=null],[HomeCareApp.DTOs.AppointmentDto, api, Version=1.0.0.0, Culture=neutral, PublicKeyToken=null]]'.
2025-10-30 20:54:25.965 +01:00 [INF] Executed action HomeCareApp.Controllers.AppointmentController.GetAppointments (api) in 1.3214ms
2025-10-30 20:54:25.965 +01:00 [INF] Executed endpoint 'HomeCareApp.Controllers.AppointmentController.GetAppointments (api)'
2025-10-30 20:54:25.965 +01:00 [INF] Request finished HTTP/1.1 GET http://localhost:5090/api/Appointment - 200 656 application/json; charset=utf-8 1.8672ms
2025-10-30 20:54:25.966 +01:00 [INF] Request starting HTTP/1.1 GET http://localhost:5090/api/Appointment - null null
2025-10-30 20:54:25.967 +01:00 [INF] CORS policy execution successful.
2025-10-30 20:54:25.967 +01:00 [INF] Executing endpoint 'HomeCareApp.Controllers.AppointmentController.GetAppointments (api)'
2025-10-30 20:54:25.967 +01:00 [INF] Route matched with {action = "GetAppointments", controller = "Appointment"}. Executing controller action with signature System.Threading.Tasks.Task`1[Microsoft.AspNetCore.Mvc.IActionResult] GetAppointments() on controller HomeCareApp.Controllers.AppointmentController (api).
2025-10-30 20:54:25.968 +01:00 [INF] Executing OkObjectResult, writing value of type 'System.Linq.Enumerable+SelectListIterator`2[[HomeCareApp.Models.Appointment, api, Version=1.0.0.0, Culture=neutral, PublicKeyToken=null],[HomeCareApp.DTOs.AppointmentDto, api, Version=1.0.0.0, Culture=neutral, PublicKeyToken=null]]'.
2025-10-30 20:54:25.968 +01:00 [INF] Executed action HomeCareApp.Controllers.AppointmentController.GetAppointments (api) in 1.6257ms
2025-10-30 20:54:25.969 +01:00 [INF] Executed endpoint 'HomeCareApp.Controllers.AppointmentController.GetAppointments (api)'
2025-10-30 20:54:25.969 +01:00 [INF] Request finished HTTP/1.1 GET http://localhost:5090/api/Appointment - 200 656 application/json; charset=utf-8 2.229ms
2025-10-30 20:54:33.412 +01:00 [INF] Request starting HTTP/1.1 OPTIONS http://localhost:5090/api/Auth/login - null null
2025-10-30 20:54:33.412 +01:00 [INF] CORS policy execution successful.
2025-10-30 20:54:33.412 +01:00 [INF] Request finished HTTP/1.1 OPTIONS http://localhost:5090/api/Auth/login - 204 null null 0.2511ms
2025-10-30 20:54:33.413 +01:00 [INF] Request starting HTTP/1.1 POST http://localhost:5090/api/Auth/login - application/json 46
2025-10-30 20:54:33.413 +01:00 [INF] CORS policy execution successful.
2025-10-30 20:54:33.413 +01:00 [INF] Executing endpoint 'HomeCareApp.Controllers.AuthController.Login (api)'
2025-10-30 20:54:33.413 +01:00 [INF] Route matched with {action = "Login", controller = "Auth"}. Executing controller action with signature System.Threading.Tasks.Task`1[Microsoft.AspNetCore.Mvc.IActionResult] Login(HomeCareApp.DTOs.LoginDto) on controller HomeCareApp.Controllers.AuthController (api).
2025-10-30 20:54:33.496 +01:00 [INF] [AuthAPIController] user authorised for Patient1
2025-10-30 20:54:33.497 +01:00 [INF] [AuthAPIController] JWT token created for Patient1 with roles Patient
2025-10-30 20:54:33.497 +01:00 [INF] Executing OkObjectResult, writing value of type '<>f__AnonymousType3`1[[System.String, System.Private.CoreLib, Version=8.0.0.0, Culture=neutral, PublicKeyToken=7cec85d7bea7798e]]'.
2025-10-30 20:54:33.497 +01:00 [INF] Executed action HomeCareApp.Controllers.AuthController.Login (api) in 84.5823ms
2025-10-30 20:54:33.497 +01:00 [INF] Executed endpoint 'HomeCareApp.Controllers.AuthController.Login (api)'
2025-10-30 20:54:33.498 +01:00 [INF] Request finished HTTP/1.1 POST http://localhost:5090/api/Auth/login - 200 560 application/json; charset=utf-8 84.9976ms
2025-10-30 20:54:49.890 +01:00 [INF] Request starting HTTP/1.1 GET http://localhost:5090/api/Appointment - null null
2025-10-30 20:54:49.890 +01:00 [INF] CORS policy execution successful.
2025-10-30 20:54:49.890 +01:00 [INF] Executing endpoint 'HomeCareApp.Controllers.AppointmentController.GetAppointments (api)'
2025-10-30 20:54:49.890 +01:00 [INF] Route matched with {action = "GetAppointments", controller = "Appointment"}. Executing controller action with signature System.Threading.Tasks.Task`1[Microsoft.AspNetCore.Mvc.IActionResult] GetAppointments() on controller HomeCareApp.Controllers.AppointmentController (api).
2025-10-30 20:54:49.893 +01:00 [INF] Executing OkObjectResult, writing value of type 'System.Linq.Enumerable+SelectListIterator`2[[HomeCareApp.Models.Appointment, api, Version=1.0.0.0, Culture=neutral, PublicKeyToken=null],[HomeCareApp.DTOs.AppointmentDto, api, Version=1.0.0.0, Culture=neutral, PublicKeyToken=null]]'.
2025-10-30 20:54:49.893 +01:00 [INF] Executed action HomeCareApp.Controllers.AppointmentController.GetAppointments (api) in 2.4795ms
2025-10-30 20:54:49.893 +01:00 [INF] Executed endpoint 'HomeCareApp.Controllers.AppointmentController.GetAppointments (api)'
2025-10-30 20:54:49.893 +01:00 [INF] Request finished HTTP/1.1 GET http://localhost:5090/api/Appointment - 200 656 application/json; charset=utf-8 3.3744ms
2025-10-30 20:54:49.894 +01:00 [INF] Request starting HTTP/1.1 GET http://localhost:5090/api/Appointment - null null
2025-10-30 20:54:49.894 +01:00 [INF] CORS policy execution successful.
2025-10-30 20:54:49.894 +01:00 [INF] Executing endpoint 'HomeCareApp.Controllers.AppointmentController.GetAppointments (api)'
2025-10-30 20:54:49.894 +01:00 [INF] Route matched with {action = "GetAppointments", controller = "Appointment"}. Executing controller action with signature System.Threading.Tasks.Task`1[Microsoft.AspNetCore.Mvc.IActionResult] GetAppointments() on controller HomeCareApp.Controllers.AppointmentController (api).
2025-10-30 20:54:49.896 +01:00 [INF] Executing OkObjectResult, writing value of type 'System.Linq.Enumerable+SelectListIterator`2[[HomeCareApp.Models.Appointment, api, Version=1.0.0.0, Culture=neutral, PublicKeyToken=null],[HomeCareApp.DTOs.AppointmentDto, api, Version=1.0.0.0, Culture=neutral, PublicKeyToken=null]]'.
2025-10-30 20:54:49.897 +01:00 [INF] Executed action HomeCareApp.Controllers.AppointmentController.GetAppointments (api) in 2.001ms
2025-10-30 20:54:49.897 +01:00 [INF] Executed endpoint 'HomeCareApp.Controllers.AppointmentController.GetAppointments (api)'
2025-10-30 20:54:49.897 +01:00 [INF] Request finished HTTP/1.1 GET http://localhost:5090/api/Appointment - 200 656 application/json; charset=utf-8 2.4906ms
2025-10-31 12:48:02.780 +01:00 [INF] Request starting HTTP/1.1 GET http://localhost:5090/api/Appointment - null null
2025-10-31 12:48:02.781 +01:00 [INF] CORS policy execution successful.
2025-10-31 12:48:02.782 +01:00 [INF] Executing endpoint 'HomeCareApp.Controllers.AppointmentController.GetAppointments (api)'
2025-10-31 12:48:02.782 +01:00 [INF] Route matched with {action = "GetAppointments", controller = "Appointment"}. Executing controller action with signature System.Threading.Tasks.Task`1[Microsoft.AspNetCore.Mvc.IActionResult] GetAppointments() on controller HomeCareApp.Controllers.AppointmentController (api).
2025-10-31 12:48:02.802 +01:00 [INF] Executing OkObjectResult, writing value of type 'System.Linq.Enumerable+SelectListIterator`2[[HomeCareApp.Models.Appointment, api, Version=1.0.0.0, Culture=neutral, PublicKeyToken=null],[HomeCareApp.DTOs.AppointmentDto, api, Version=1.0.0.0, Culture=neutral, PublicKeyToken=null]]'.
2025-10-31 12:48:02.803 +01:00 [INF] Executed action HomeCareApp.Controllers.AppointmentController.GetAppointments (api) in 20.3965ms
2025-10-31 12:48:02.803 +01:00 [INF] Executed endpoint 'HomeCareApp.Controllers.AppointmentController.GetAppointments (api)'
2025-10-31 12:48:02.803 +01:00 [INF] Request finished HTTP/1.1 GET http://localhost:5090/api/Appointment - 200 656 application/json; charset=utf-8 22.9333ms
2025-10-31 12:48:02.867 +01:00 [INF] Request starting HTTP/1.1 GET http://localhost:5090/api/Appointment - null null
2025-10-31 12:48:02.867 +01:00 [INF] CORS policy execution successful.
2025-10-31 12:48:02.867 +01:00 [INF] Executing endpoint 'HomeCareApp.Controllers.AppointmentController.GetAppointments (api)'
2025-10-31 12:48:02.867 +01:00 [INF] Route matched with {action = "GetAppointments", controller = "Appointment"}. Executing controller action with signature System.Threading.Tasks.Task`1[Microsoft.AspNetCore.Mvc.IActionResult] GetAppointments() on controller HomeCareApp.Controllers.AppointmentController (api).
2025-10-31 12:48:02.871 +01:00 [INF] Executing OkObjectResult, writing value of type 'System.Linq.Enumerable+SelectListIterator`2[[HomeCareApp.Models.Appointment, api, Version=1.0.0.0, Culture=neutral, PublicKeyToken=null],[HomeCareApp.DTOs.AppointmentDto, api, Version=1.0.0.0, Culture=neutral, PublicKeyToken=null]]'.
2025-10-31 12:48:02.872 +01:00 [INF] Executed action HomeCareApp.Controllers.AppointmentController.GetAppointments (api) in 4.1637ms
2025-10-31 12:48:02.872 +01:00 [INF] Executed endpoint 'HomeCareApp.Controllers.AppointmentController.GetAppointments (api)'
2025-10-31 12:48:02.872 +01:00 [INF] Request finished HTTP/1.1 GET http://localhost:5090/api/Appointment - 200 656 application/json; charset=utf-8 5.1364ms
2025-10-31 12:48:04.165 +01:00 [INF] Request starting HTTP/1.1 GET http://localhost:5090/api/Appointment - null null
2025-10-31 12:48:04.166 +01:00 [INF] CORS policy execution successful.
2025-10-31 12:48:04.166 +01:00 [INF] Executing endpoint 'HomeCareApp.Controllers.AppointmentController.GetAppointments (api)'
2025-10-31 12:48:04.166 +01:00 [INF] Route matched with {action = "GetAppointments", controller = "Appointment"}. Executing controller action with signature System.Threading.Tasks.Task`1[Microsoft.AspNetCore.Mvc.IActionResult] GetAppointments() on controller HomeCareApp.Controllers.AppointmentController (api).
2025-10-31 12:48:04.168 +01:00 [INF] Executing OkObjectResult, writing value of type 'System.Linq.Enumerable+SelectListIterator`2[[HomeCareApp.Models.Appointment, api, Version=1.0.0.0, Culture=neutral, PublicKeyToken=null],[HomeCareApp.DTOs.AppointmentDto, api, Version=1.0.0.0, Culture=neutral, PublicKeyToken=null]]'.
2025-10-31 12:48:04.168 +01:00 [INF] Executed action HomeCareApp.Controllers.AppointmentController.GetAppointments (api) in 2.1004ms
2025-10-31 12:48:04.168 +01:00 [INF] Executed endpoint 'HomeCareApp.Controllers.AppointmentController.GetAppointments (api)'
2025-10-31 12:48:04.169 +01:00 [INF] Request finished HTTP/1.1 GET http://localhost:5090/api/Appointment - 200 656 application/json; charset=utf-8 3.225ms
2025-10-31 12:48:04.170 +01:00 [INF] Request starting HTTP/1.1 GET http://localhost:5090/api/Appointment - null null
2025-10-31 12:48:04.171 +01:00 [INF] CORS policy execution successful.
2025-10-31 12:48:04.171 +01:00 [INF] Executing endpoint 'HomeCareApp.Controllers.AppointmentController.GetAppointments (api)'
2025-10-31 12:48:04.171 +01:00 [INF] Route matched with {action = "GetAppointments", controller = "Appointment"}. Executing controller action with signature System.Threading.Tasks.Task`1[Microsoft.AspNetCore.Mvc.IActionResult] GetAppointments() on controller HomeCareApp.Controllers.AppointmentController (api).
2025-10-31 12:48:04.173 +01:00 [INF] Executing OkObjectResult, writing value of type 'System.Linq.Enumerable+SelectListIterator`2[[HomeCareApp.Models.Appointment, api, Version=1.0.0.0, Culture=neutral, PublicKeyToken=null],[HomeCareApp.DTOs.AppointmentDto, api, Version=1.0.0.0, Culture=neutral, PublicKeyToken=null]]'.
2025-10-31 12:48:04.173 +01:00 [INF] Executed action HomeCareApp.Controllers.AppointmentController.GetAppointments (api) in 2.2779ms
2025-10-31 12:48:04.173 +01:00 [INF] Executed endpoint 'HomeCareApp.Controllers.AppointmentController.GetAppointments (api)'
2025-10-31 12:48:04.173 +01:00 [INF] Request finished HTTP/1.1 GET http://localhost:5090/api/Appointment - 200 656 application/json; charset=utf-8 3.0845ms
2025-10-31 19:10:26.151 +01:00 [INF] Request starting HTTP/1.1 GET http://localhost:5090/api/Appointment - null null
2025-10-31 19:10:26.197 +01:00 [INF] CORS policy execution successful.
2025-10-31 19:10:26.198 +01:00 [INF] Executing endpoint 'HomeCareApp.Controllers.AppointmentController.GetAppointments (api)'
2025-10-31 19:10:26.199 +01:00 [INF] Route matched with {action = "GetAppointments", controller = "Appointment"}. Executing controller action with signature System.Threading.Tasks.Task`1[Microsoft.AspNetCore.Mvc.IActionResult] GetAppointments() on controller HomeCareApp.Controllers.AppointmentController (api).
2025-10-31 19:10:27.184 +01:00 [INF] Executing OkObjectResult, writing value of type 'System.Linq.Enumerable+SelectListIterator`2[[HomeCareApp.Models.Appointment, api, Version=1.0.0.0, Culture=neutral, PublicKeyToken=null],[HomeCareApp.DTOs.AppointmentDto, api, Version=1.0.0.0, Culture=neutral, PublicKeyToken=null]]'.
2025-10-31 19:10:27.185 +01:00 [INF] Executed action HomeCareApp.Controllers.AppointmentController.GetAppointments (api) in 986.5512ms
2025-10-31 19:10:27.185 +01:00 [INF] Executed endpoint 'HomeCareApp.Controllers.AppointmentController.GetAppointments (api)'
2025-10-31 19:10:27.186 +01:00 [INF] Request finished HTTP/1.1 GET http://localhost:5090/api/Appointment - 200 656 application/json; charset=utf-8 1035.1221ms
2025-10-31 19:10:27.187 +01:00 [INF] Request starting HTTP/1.1 GET http://localhost:5090/api/Appointment - null null
2025-10-31 19:10:27.187 +01:00 [INF] CORS policy execution successful.
2025-10-31 19:10:27.188 +01:00 [INF] Executing endpoint 'HomeCareApp.Controllers.AppointmentController.GetAppointments (api)'
2025-10-31 19:10:27.188 +01:00 [INF] Route matched with {action = "GetAppointments", controller = "Appointment"}. Executing controller action with signature System.Threading.Tasks.Task`1[Microsoft.AspNetCore.Mvc.IActionResult] GetAppointments() on controller HomeCareApp.Controllers.AppointmentController (api).
2025-10-31 19:10:27.189 +01:00 [INF] Executing OkObjectResult, writing value of type 'System.Linq.Enumerable+SelectListIterator`2[[HomeCareApp.Models.Appointment, api, Version=1.0.0.0, Culture=neutral, PublicKeyToken=null],[HomeCareApp.DTOs.AppointmentDto, api, Version=1.0.0.0, Culture=neutral, PublicKeyToken=null]]'.
2025-10-31 19:10:27.190 +01:00 [INF] Executed action HomeCareApp.Controllers.AppointmentController.GetAppointments (api) in 1.8607ms
2025-10-31 19:10:27.190 +01:00 [INF] Executed endpoint 'HomeCareApp.Controllers.AppointmentController.GetAppointments (api)'
2025-10-31 19:10:27.190 +01:00 [INF] Request finished HTTP/1.1 GET http://localhost:5090/api/Appointment - 200 656 application/json; charset=utf-8 2.5679ms
2025-10-31 19:10:27.191 +01:00 [INF] Request starting HTTP/1.1 GET http://localhost:5090/api/Appointment - null null
2025-10-31 19:10:27.191 +01:00 [INF] CORS policy execution successful.
2025-10-31 19:10:27.192 +01:00 [INF] Executing endpoint 'HomeCareApp.Controllers.AppointmentController.GetAppointments (api)'
2025-10-31 19:10:27.192 +01:00 [INF] Route matched with {action = "GetAppointments", controller = "Appointment"}. Executing controller action with signature System.Threading.Tasks.Task`1[Microsoft.AspNetCore.Mvc.IActionResult] GetAppointments() on controller HomeCareApp.Controllers.AppointmentController (api).
2025-10-31 19:10:27.194 +01:00 [INF] Executing OkObjectResult, writing value of type 'System.Linq.Enumerable+SelectListIterator`2[[HomeCareApp.Models.Appointment, api, Version=1.0.0.0, Culture=neutral, PublicKeyToken=null],[HomeCareApp.DTOs.AppointmentDto, api, Version=1.0.0.0, Culture=neutral, PublicKeyToken=null]]'.
2025-10-31 19:10:27.194 +01:00 [INF] Executed action HomeCareApp.Controllers.AppointmentController.GetAppointments (api) in 2.1526ms
2025-10-31 19:10:27.194 +01:00 [INF] Executed endpoint 'HomeCareApp.Controllers.AppointmentController.GetAppointments (api)'
2025-10-31 19:10:27.194 +01:00 [INF] Request finished HTTP/1.1 GET http://localhost:5090/api/Appointment - 200 656 application/json; charset=utf-8 2.8163ms
2025-10-31 19:10:27.197 +01:00 [INF] Request starting HTTP/1.1 GET http://localhost:5090/api/Appointment - null null
2025-10-31 19:10:27.198 +01:00 [INF] CORS policy execution successful.
2025-10-31 19:10:27.198 +01:00 [INF] Executing endpoint 'HomeCareApp.Controllers.AppointmentController.GetAppointments (api)'
2025-10-31 19:10:27.198 +01:00 [INF] Route matched with {action = "GetAppointments", controller = "Appointment"}. Executing controller action with signature System.Threading.Tasks.Task`1[Microsoft.AspNetCore.Mvc.IActionResult] GetAppointments() on controller HomeCareApp.Controllers.AppointmentController (api).
2025-10-31 19:10:27.200 +01:00 [INF] Executing OkObjectResult, writing value of type 'System.Linq.Enumerable+SelectListIterator`2[[HomeCareApp.Models.Appointment, api, Version=1.0.0.0, Culture=neutral, PublicKeyToken=null],[HomeCareApp.DTOs.AppointmentDto, api, Version=1.0.0.0, Culture=neutral, PublicKeyToken=null]]'.
2025-10-31 19:10:27.200 +01:00 [INF] Executed action HomeCareApp.Controllers.AppointmentController.GetAppointments (api) in 2.2074ms
2025-10-31 19:10:27.200 +01:00 [INF] Executed endpoint 'HomeCareApp.Controllers.AppointmentController.GetAppointments (api)'
2025-10-31 19:10:27.201 +01:00 [INF] Request finished HTTP/1.1 GET http://localhost:5090/api/Appointment - 200 656 application/json; charset=utf-8 3.0348ms
2025-11-04 09:21:42.790 +01:00 [INF] Request starting HTTP/1.1 GET http://localhost:5090/api/Appointment - null null
2025-11-04 09:21:42.792 +01:00 [INF] CORS policy execution successful.
2025-11-04 09:21:42.792 +01:00 [INF] Executing endpoint 'HomeCareApp.Controllers.AppointmentController.GetAppointments (api)'
2025-11-04 09:21:42.792 +01:00 [INF] Route matched with {action = "GetAppointments", controller = "Appointment"}. Executing controller action with signature System.Threading.Tasks.Task`1[Microsoft.AspNetCore.Mvc.IActionResult] GetAppointments() on controller HomeCareApp.Controllers.AppointmentController (api).
2025-11-04 09:21:42.796 +01:00 [INF] Executing OkObjectResult, writing value of type 'System.Linq.Enumerable+SelectListIterator`2[[HomeCareApp.Models.Appointment, api, Version=1.0.0.0, Culture=neutral, PublicKeyToken=null],[HomeCareApp.DTOs.AppointmentDto, api, Version=1.0.0.0, Culture=neutral, PublicKeyToken=null]]'.
2025-11-04 09:21:42.797 +01:00 [INF] Executed action HomeCareApp.Controllers.AppointmentController.GetAppointments (api) in 4.2409ms
2025-11-04 09:21:42.797 +01:00 [INF] Executed endpoint 'HomeCareApp.Controllers.AppointmentController.GetAppointments (api)'
2025-11-04 09:21:42.797 +01:00 [INF] Request finished HTTP/1.1 GET http://localhost:5090/api/Appointment - 200 656 application/json; charset=utf-8 6.9616ms
2025-11-04 09:21:42.799 +01:00 [INF] Request starting HTTP/1.1 GET http://localhost:5090/api/Appointment - null null
2025-11-04 09:21:42.799 +01:00 [INF] CORS policy execution successful.
2025-11-04 09:21:42.799 +01:00 [INF] Executing endpoint 'HomeCareApp.Controllers.AppointmentController.GetAppointments (api)'
2025-11-04 09:21:42.800 +01:00 [INF] Route matched with {action = "GetAppointments", controller = "Appointment"}. Executing controller action with signature System.Threading.Tasks.Task`1[Microsoft.AspNetCore.Mvc.IActionResult] GetAppointments() on controller HomeCareApp.Controllers.AppointmentController (api).
2025-11-04 09:21:42.802 +01:00 [INF] Executing OkObjectResult, writing value of type 'System.Linq.Enumerable+SelectListIterator`2[[HomeCareApp.Models.Appointment, api, Version=1.0.0.0, Culture=neutral, PublicKeyToken=null],[HomeCareApp.DTOs.AppointmentDto, api, Version=1.0.0.0, Culture=neutral, PublicKeyToken=null]]'.
2025-11-04 09:21:42.804 +01:00 [INF] Executed action HomeCareApp.Controllers.AppointmentController.GetAppointments (api) in 3.7161ms
2025-11-04 09:21:42.804 +01:00 [INF] Executed endpoint 'HomeCareApp.Controllers.AppointmentController.GetAppointments (api)'
2025-11-04 09:21:42.804 +01:00 [INF] Request finished HTTP/1.1 GET http://localhost:5090/api/Appointment - 200 656 application/json; charset=utf-8 5.4393ms
2025-11-04 09:22:18.565 +01:00 [INF] Request starting HTTP/1.1 GET http://localhost:5090/api/Appointment - null null
2025-11-04 09:22:18.565 +01:00 [INF] CORS policy execution successful.
2025-11-04 09:22:18.565 +01:00 [INF] Executing endpoint 'HomeCareApp.Controllers.AppointmentController.GetAppointments (api)'
2025-11-04 09:22:18.565 +01:00 [INF] Route matched with {action = "GetAppointments", controller = "Appointment"}. Executing controller action with signature System.Threading.Tasks.Task`1[Microsoft.AspNetCore.Mvc.IActionResult] GetAppointments() on controller HomeCareApp.Controllers.AppointmentController (api).
2025-11-04 09:22:18.567 +01:00 [INF] Executing OkObjectResult, writing value of type 'System.Linq.Enumerable+SelectListIterator`2[[HomeCareApp.Models.Appointment, api, Version=1.0.0.0, Culture=neutral, PublicKeyToken=null],[HomeCareApp.DTOs.AppointmentDto, api, Version=1.0.0.0, Culture=neutral, PublicKeyToken=null]]'.
2025-11-04 09:22:18.567 +01:00 [INF] Executed action HomeCareApp.Controllers.AppointmentController.GetAppointments (api) in 2.0652ms
2025-11-04 09:22:18.567 +01:00 [INF] Executed endpoint 'HomeCareApp.Controllers.AppointmentController.GetAppointments (api)'
2025-11-04 09:22:18.567 +01:00 [INF] Request finished HTTP/1.1 GET http://localhost:5090/api/Appointment - 200 656 application/json; charset=utf-8 2.8351ms
2025-11-04 09:22:18.570 +01:00 [INF] Request starting HTTP/1.1 GET http://localhost:5090/api/Appointment - null null
2025-11-04 09:22:18.570 +01:00 [INF] CORS policy execution successful.
2025-11-04 09:22:18.570 +01:00 [INF] Executing endpoint 'HomeCareApp.Controllers.AppointmentController.GetAppointments (api)'
2025-11-04 09:22:18.570 +01:00 [INF] Route matched with {action = "GetAppointments", controller = "Appointment"}. Executing controller action with signature System.Threading.Tasks.Task`1[Microsoft.AspNetCore.Mvc.IActionResult] GetAppointments() on controller HomeCareApp.Controllers.AppointmentController (api).
2025-11-04 09:22:18.574 +01:00 [INF] Executing OkObjectResult, writing value of type 'System.Linq.Enumerable+SelectListIterator`2[[HomeCareApp.Models.Appointment, api, Version=1.0.0.0, Culture=neutral, PublicKeyToken=null],[HomeCareApp.DTOs.AppointmentDto, api, Version=1.0.0.0, Culture=neutral, PublicKeyToken=null]]'.
2025-11-04 09:22:18.575 +01:00 [INF] Executed action HomeCareApp.Controllers.AppointmentController.GetAppointments (api) in 4.1075ms
2025-11-04 09:22:18.575 +01:00 [INF] Executed endpoint 'HomeCareApp.Controllers.AppointmentController.GetAppointments (api)'
2025-11-04 09:22:18.575 +01:00 [INF] Request finished HTTP/1.1 GET http://localhost:5090/api/Appointment - 200 656 application/json; charset=utf-8 5.1713ms
2025-11-04 09:22:20.265 +01:00 [INF] Request starting HTTP/1.1 GET http://localhost:5090/api/Appointment - null null
2025-11-04 09:22:20.266 +01:00 [INF] CORS policy execution successful.
2025-11-04 09:22:20.266 +01:00 [INF] Executing endpoint 'HomeCareApp.Controllers.AppointmentController.GetAppointments (api)'
2025-11-04 09:22:20.266 +01:00 [INF] Route matched with {action = "GetAppointments", controller = "Appointment"}. Executing controller action with signature System.Threading.Tasks.Task`1[Microsoft.AspNetCore.Mvc.IActionResult] GetAppointments() on controller HomeCareApp.Controllers.AppointmentController (api).
2025-11-04 09:22:20.268 +01:00 [INF] Executing OkObjectResult, writing value of type 'System.Linq.Enumerable+SelectListIterator`2[[HomeCareApp.Models.Appointment, api, Version=1.0.0.0, Culture=neutral, PublicKeyToken=null],[HomeCareApp.DTOs.AppointmentDto, api, Version=1.0.0.0, Culture=neutral, PublicKeyToken=null]]'.
2025-11-04 09:22:20.269 +01:00 [INF] Executed action HomeCareApp.Controllers.AppointmentController.GetAppointments (api) in 2.7162ms
2025-11-04 09:22:20.269 +01:00 [INF] Executed endpoint 'HomeCareApp.Controllers.AppointmentController.GetAppointments (api)'
2025-11-04 09:22:20.269 +01:00 [INF] Request finished HTTP/1.1 GET http://localhost:5090/api/Appointment - 200 656 application/json; charset=utf-8 3.6033ms
2025-11-04 09:22:20.271 +01:00 [INF] Request starting HTTP/1.1 GET http://localhost:5090/api/Appointment - null null
2025-11-04 09:22:20.271 +01:00 [INF] CORS policy execution successful.
2025-11-04 09:22:20.271 +01:00 [INF] Executing endpoint 'HomeCareApp.Controllers.AppointmentController.GetAppointments (api)'
2025-11-04 09:22:20.271 +01:00 [INF] Route matched with {action = "GetAppointments", controller = "Appointment"}. Executing controller action with signature System.Threading.Tasks.Task`1[Microsoft.AspNetCore.Mvc.IActionResult] GetAppointments() on controller HomeCareApp.Controllers.AppointmentController (api).
2025-11-04 09:22:20.273 +01:00 [INF] Executing OkObjectResult, writing value of type 'System.Linq.Enumerable+SelectListIterator`2[[HomeCareApp.Models.Appointment, api, Version=1.0.0.0, Culture=neutral, PublicKeyToken=null],[HomeCareApp.DTOs.AppointmentDto, api, Version=1.0.0.0, Culture=neutral, PublicKeyToken=null]]'.
2025-11-04 09:22:20.274 +01:00 [INF] Executed action HomeCareApp.Controllers.AppointmentController.GetAppointments (api) in 2.3615ms
2025-11-04 09:22:20.274 +01:00 [INF] Executed endpoint 'HomeCareApp.Controllers.AppointmentController.GetAppointments (api)'
2025-11-04 09:22:20.274 +01:00 [INF] Request finished HTTP/1.1 GET http://localhost:5090/api/Appointment - 200 656 application/json; charset=utf-8 3.1408ms
2025-11-04 09:22:22.403 +01:00 [INF] Request starting HTTP/1.1 GET http://localhost:5090/api/Appointment - null null
2025-11-04 09:22:22.404 +01:00 [INF] CORS policy execution successful.
2025-11-04 09:22:22.404 +01:00 [INF] Executing endpoint 'HomeCareApp.Controllers.AppointmentController.GetAppointments (api)'
2025-11-04 09:22:22.404 +01:00 [INF] Route matched with {action = "GetAppointments", controller = "Appointment"}. Executing controller action with signature System.Threading.Tasks.Task`1[Microsoft.AspNetCore.Mvc.IActionResult] GetAppointments() on controller HomeCareApp.Controllers.AppointmentController (api).
2025-11-04 09:22:22.407 +01:00 [INF] Executing OkObjectResult, writing value of type 'System.Linq.Enumerable+SelectListIterator`2[[HomeCareApp.Models.Appointment, api, Version=1.0.0.0, Culture=neutral, PublicKeyToken=null],[HomeCareApp.DTOs.AppointmentDto, api, Version=1.0.0.0, Culture=neutral, PublicKeyToken=null]]'.
2025-11-04 09:22:22.408 +01:00 [INF] Executed action HomeCareApp.Controllers.AppointmentController.GetAppointments (api) in 3.2392ms
2025-11-04 09:22:22.408 +01:00 [INF] Executed endpoint 'HomeCareApp.Controllers.AppointmentController.GetAppointments (api)'
2025-11-04 09:22:22.408 +01:00 [INF] Request finished HTTP/1.1 GET http://localhost:5090/api/Appointment - 200 656 application/json; charset=utf-8 6.1946ms
2025-11-04 09:24:21.795 +01:00 [INF] Request starting HTTP/1.1 OPTIONS http://localhost:5090/api/Auth/login - null null
2025-11-04 09:24:21.796 +01:00 [INF] CORS policy execution successful.
2025-11-04 09:24:21.796 +01:00 [INF] Request finished HTTP/1.1 OPTIONS http://localhost:5090/api/Auth/login - 204 null null 1.6873ms
2025-11-04 09:24:21.799 +01:00 [INF] Request starting HTTP/1.1 POST http://localhost:5090/api/Auth/login - application/json 46
2025-11-04 09:24:21.799 +01:00 [INF] CORS policy execution successful.
2025-11-04 09:24:21.799 +01:00 [INF] Executing endpoint 'HomeCareApp.Controllers.AuthController.Login (api)'
2025-11-04 09:24:21.799 +01:00 [INF] Route matched with {action = "Login", controller = "Auth"}. Executing controller action with signature System.Threading.Tasks.Task`1[Microsoft.AspNetCore.Mvc.IActionResult] Login(HomeCareApp.DTOs.LoginDto) on controller HomeCareApp.Controllers.AuthController (api).
2025-11-04 09:24:21.923 +01:00 [INF] [AuthAPIController] user authorised for Patient1
2025-11-04 09:24:21.926 +01:00 [INF] [AuthAPIController] JWT token created for Patient1 with roles Patient
2025-11-04 09:24:21.929 +01:00 [INF] Executing OkObjectResult, writing value of type '<>f__AnonymousType3`1[[System.String, System.Private.CoreLib, Version=8.0.0.0, Culture=neutral, PublicKeyToken=7cec85d7bea7798e]]'.
2025-11-04 09:24:21.929 +01:00 [INF] Executed action HomeCareApp.Controllers.AuthController.Login (api) in 129.5573ms
2025-11-04 09:24:21.929 +01:00 [INF] Executed endpoint 'HomeCareApp.Controllers.AuthController.Login (api)'
2025-11-04 09:24:21.929 +01:00 [INF] Request finished HTTP/1.1 POST http://localhost:5090/api/Auth/login - 200 560 application/json; charset=utf-8 130.3662ms
2025-11-04 09:24:23.417 +01:00 [INF] Request starting HTTP/1.1 GET http://localhost:5090/api/Appointment - null null
2025-11-04 09:24:23.417 +01:00 [INF] CORS policy execution successful.
2025-11-04 09:24:23.417 +01:00 [INF] Executing endpoint 'HomeCareApp.Controllers.AppointmentController.GetAppointments (api)'
2025-11-04 09:24:23.417 +01:00 [INF] Route matched with {action = "GetAppointments", controller = "Appointment"}. Executing controller action with signature System.Threading.Tasks.Task`1[Microsoft.AspNetCore.Mvc.IActionResult] GetAppointments() on controller HomeCareApp.Controllers.AppointmentController (api).
2025-11-04 09:24:23.419 +01:00 [INF] Executing OkObjectResult, writing value of type 'System.Linq.Enumerable+SelectListIterator`2[[HomeCareApp.Models.Appointment, api, Version=1.0.0.0, Culture=neutral, PublicKeyToken=null],[HomeCareApp.DTOs.AppointmentDto, api, Version=1.0.0.0, Culture=neutral, PublicKeyToken=null]]'.
2025-11-04 09:24:23.420 +01:00 [INF] Executed action HomeCareApp.Controllers.AppointmentController.GetAppointments (api) in 2.3217ms
2025-11-04 09:24:23.420 +01:00 [INF] Executed endpoint 'HomeCareApp.Controllers.AppointmentController.GetAppointments (api)'
2025-11-04 09:24:23.420 +01:00 [INF] Request finished HTTP/1.1 GET http://localhost:5090/api/Appointment - 200 656 application/json; charset=utf-8 3.1869ms
2025-11-04 09:24:23.421 +01:00 [INF] Request starting HTTP/1.1 GET http://localhost:5090/api/Appointment - null null
2025-11-04 09:24:23.421 +01:00 [INF] CORS policy execution successful.
2025-11-04 09:24:23.421 +01:00 [INF] Executing endpoint 'HomeCareApp.Controllers.AppointmentController.GetAppointments (api)'
2025-11-04 09:24:23.421 +01:00 [INF] Route matched with {action = "GetAppointments", controller = "Appointment"}. Executing controller action with signature System.Threading.Tasks.Task`1[Microsoft.AspNetCore.Mvc.IActionResult] GetAppointments() on controller HomeCareApp.Controllers.AppointmentController (api).
2025-11-04 09:24:23.423 +01:00 [INF] Executing OkObjectResult, writing value of type 'System.Linq.Enumerable+SelectListIterator`2[[HomeCareApp.Models.Appointment, api, Version=1.0.0.0, Culture=neutral, PublicKeyToken=null],[HomeCareApp.DTOs.AppointmentDto, api, Version=1.0.0.0, Culture=neutral, PublicKeyToken=null]]'.
2025-11-04 09:24:23.424 +01:00 [INF] Executed action HomeCareApp.Controllers.AppointmentController.GetAppointments (api) in 2.2276ms
2025-11-04 09:24:23.424 +01:00 [INF] Executed endpoint 'HomeCareApp.Controllers.AppointmentController.GetAppointments (api)'
2025-11-04 09:24:23.424 +01:00 [INF] Request finished HTTP/1.1 GET http://localhost:5090/api/Appointment - 200 656 application/json; charset=utf-8 3.0632ms
2025-11-04 09:24:58.116 +01:00 [INF] Request starting HTTP/1.1 OPTIONS http://localhost:5090/api/Auth/login - null null
2025-11-04 09:24:58.116 +01:00 [INF] CORS policy execution successful.
2025-11-04 09:24:58.116 +01:00 [INF] Request finished HTTP/1.1 OPTIONS http://localhost:5090/api/Auth/login - 204 null null 0.5414ms
2025-11-04 09:24:58.117 +01:00 [INF] Request starting HTTP/1.1 POST http://localhost:5090/api/Auth/login - application/json 46
2025-11-04 09:24:58.117 +01:00 [INF] CORS policy execution successful.
2025-11-04 09:24:58.117 +01:00 [INF] Executing endpoint 'HomeCareApp.Controllers.AuthController.Login (api)'
2025-11-04 09:24:58.117 +01:00 [INF] Route matched with {action = "Login", controller = "Auth"}. Executing controller action with signature System.Threading.Tasks.Task`1[Microsoft.AspNetCore.Mvc.IActionResult] Login(HomeCareApp.DTOs.LoginDto) on controller HomeCareApp.Controllers.AuthController (api).
2025-11-04 09:24:58.196 +01:00 [INF] [AuthAPIController] user authorised for Patient1
2025-11-04 09:24:58.197 +01:00 [INF] [AuthAPIController] JWT token created for Patient1 with roles Patient
2025-11-04 09:24:58.197 +01:00 [INF] Executing OkObjectResult, writing value of type '<>f__AnonymousType3`1[[System.String, System.Private.CoreLib, Version=8.0.0.0, Culture=neutral, PublicKeyToken=7cec85d7bea7798e]]'.
2025-11-04 09:24:58.197 +01:00 [INF] Executed action HomeCareApp.Controllers.AuthController.Login (api) in 79.6046ms
2025-11-04 09:24:58.197 +01:00 [INF] Executed endpoint 'HomeCareApp.Controllers.AuthController.Login (api)'
2025-11-04 09:24:58.198 +01:00 [INF] Request finished HTTP/1.1 POST http://localhost:5090/api/Auth/login - 200 560 application/json; charset=utf-8 80.3621ms
2025-11-04 09:25:00.103 +01:00 [INF] Request starting HTTP/1.1 GET http://localhost:5090/api/Appointment - null null
2025-11-04 09:25:00.103 +01:00 [INF] CORS policy execution successful.
2025-11-04 09:25:00.104 +01:00 [INF] Executing endpoint 'HomeCareApp.Controllers.AppointmentController.GetAppointments (api)'
2025-11-04 09:25:00.104 +01:00 [INF] Route matched with {action = "GetAppointments", controller = "Appointment"}. Executing controller action with signature System.Threading.Tasks.Task`1[Microsoft.AspNetCore.Mvc.IActionResult] GetAppointments() on controller HomeCareApp.Controllers.AppointmentController (api).
2025-11-04 09:25:00.105 +01:00 [INF] Executing OkObjectResult, writing value of type 'System.Linq.Enumerable+SelectListIterator`2[[HomeCareApp.Models.Appointment, api, Version=1.0.0.0, Culture=neutral, PublicKeyToken=null],[HomeCareApp.DTOs.AppointmentDto, api, Version=1.0.0.0, Culture=neutral, PublicKeyToken=null]]'.
2025-11-04 09:25:00.105 +01:00 [INF] Executed action HomeCareApp.Controllers.AppointmentController.GetAppointments (api) in 1.6312ms
2025-11-04 09:25:00.105 +01:00 [INF] Executed endpoint 'HomeCareApp.Controllers.AppointmentController.GetAppointments (api)'
2025-11-04 09:25:00.106 +01:00 [INF] Request finished HTTP/1.1 GET http://localhost:5090/api/Appointment - 200 656 application/json; charset=utf-8 2.4128ms
2025-11-04 09:25:00.107 +01:00 [INF] Request starting HTTP/1.1 GET http://localhost:5090/api/Appointment - null null
2025-11-04 09:25:00.107 +01:00 [INF] CORS policy execution successful.
2025-11-04 09:25:00.107 +01:00 [INF] Executing endpoint 'HomeCareApp.Controllers.AppointmentController.GetAppointments (api)'
2025-11-04 09:25:00.107 +01:00 [INF] Route matched with {action = "GetAppointments", controller = "Appointment"}. Executing controller action with signature System.Threading.Tasks.Task`1[Microsoft.AspNetCore.Mvc.IActionResult] GetAppointments() on controller HomeCareApp.Controllers.AppointmentController (api).
2025-11-04 09:25:00.108 +01:00 [INF] Executing OkObjectResult, writing value of type 'System.Linq.Enumerable+SelectListIterator`2[[HomeCareApp.Models.Appointment, api, Version=1.0.0.0, Culture=neutral, PublicKeyToken=null],[HomeCareApp.DTOs.AppointmentDto, api, Version=1.0.0.0, Culture=neutral, PublicKeyToken=null]]'.
2025-11-04 09:25:00.108 +01:00 [INF] Executed action HomeCareApp.Controllers.AppointmentController.GetAppointments (api) in 1.269ms
2025-11-04 09:25:00.108 +01:00 [INF] Executed endpoint 'HomeCareApp.Controllers.AppointmentController.GetAppointments (api)'
2025-11-04 09:25:00.108 +01:00 [INF] Request finished HTTP/1.1 GET http://localhost:5090/api/Appointment - 200 656 application/json; charset=utf-8 1.7404ms
2025-11-04 09:25:33.000 +01:00 [INF] Request starting HTTP/1.1 GET http://localhost:5090/api/Appointment/3 - null null
2025-11-04 09:25:33.001 +01:00 [INF] CORS policy execution successful.
2025-11-04 09:25:33.001 +01:00 [INF] Executing endpoint 'HomeCareApp.Controllers.AppointmentController.GetAppointment (api)'
2025-11-04 09:25:33.002 +01:00 [INF] Route matched with {action = "GetAppointment", controller = "Appointment"}. Executing controller action with signature System.Threading.Tasks.Task`1[Microsoft.AspNetCore.Mvc.IActionResult] GetAppointment(Int32) on controller HomeCareApp.Controllers.AppointmentController (api).
2025-11-04 09:25:33.004 +01:00 [INF] Executing OkObjectResult, writing value of type 'HomeCareApp.DTOs.AppointmentDto'.
2025-11-04 09:25:33.005 +01:00 [INF] Executed action HomeCareApp.Controllers.AppointmentController.GetAppointment (api) in 2.9622ms
2025-11-04 09:25:33.005 +01:00 [INF] Executed endpoint 'HomeCareApp.Controllers.AppointmentController.GetAppointment (api)'
2025-11-04 09:25:33.005 +01:00 [INF] Request finished HTTP/1.1 GET http://localhost:5090/api/Appointment/3 - 200 222 application/json; charset=utf-8 4.2027ms
2025-11-04 09:25:33.006 +01:00 [INF] Request starting HTTP/1.1 GET http://localhost:5090/api/Appointment/3 - null null
2025-11-04 09:25:33.006 +01:00 [INF] CORS policy execution successful.
2025-11-04 09:25:33.006 +01:00 [INF] Executing endpoint 'HomeCareApp.Controllers.AppointmentController.GetAppointment (api)'
2025-11-04 09:25:33.006 +01:00 [INF] Route matched with {action = "GetAppointment", controller = "Appointment"}. Executing controller action with signature System.Threading.Tasks.Task`1[Microsoft.AspNetCore.Mvc.IActionResult] GetAppointment(Int32) on controller HomeCareApp.Controllers.AppointmentController (api).
2025-11-04 09:25:33.008 +01:00 [INF] Executing OkObjectResult, writing value of type 'HomeCareApp.DTOs.AppointmentDto'.
2025-11-04 09:25:33.008 +01:00 [INF] Executed action HomeCareApp.Controllers.AppointmentController.GetAppointment (api) in 1.6433ms
2025-11-04 09:25:33.008 +01:00 [INF] Executed endpoint 'HomeCareApp.Controllers.AppointmentController.GetAppointment (api)'
2025-11-04 09:25:33.008 +01:00 [INF] Request finished HTTP/1.1 GET http://localhost:5090/api/Appointment/3 - 200 222 application/json; charset=utf-8 2.2977ms
2025-11-04 09:25:38.123 +01:00 [INF] Request starting HTTP/1.1 GET http://localhost:5090/api/Appointment - null null
2025-11-04 09:25:38.123 +01:00 [INF] CORS policy execution successful.
2025-11-04 09:25:38.123 +01:00 [INF] Executing endpoint 'HomeCareApp.Controllers.AppointmentController.GetAppointments (api)'
2025-11-04 09:25:38.123 +01:00 [INF] Route matched with {action = "GetAppointments", controller = "Appointment"}. Executing controller action with signature System.Threading.Tasks.Task`1[Microsoft.AspNetCore.Mvc.IActionResult] GetAppointments() on controller HomeCareApp.Controllers.AppointmentController (api).
2025-11-04 09:25:38.125 +01:00 [INF] Executing OkObjectResult, writing value of type 'System.Linq.Enumerable+SelectListIterator`2[[HomeCareApp.Models.Appointment, api, Version=1.0.0.0, Culture=neutral, PublicKeyToken=null],[HomeCareApp.DTOs.AppointmentDto, api, Version=1.0.0.0, Culture=neutral, PublicKeyToken=null]]'.
2025-11-04 09:25:38.125 +01:00 [INF] Executed action HomeCareApp.Controllers.AppointmentController.GetAppointments (api) in 1.8666ms
2025-11-04 09:25:38.125 +01:00 [INF] Executed endpoint 'HomeCareApp.Controllers.AppointmentController.GetAppointments (api)'
2025-11-04 09:25:38.125 +01:00 [INF] Request finished HTTP/1.1 GET http://localhost:5090/api/Appointment - 200 656 application/json; charset=utf-8 2.5343ms
2025-11-04 09:25:38.127 +01:00 [INF] Request starting HTTP/1.1 GET http://localhost:5090/api/Appointment - null null
2025-11-04 09:25:38.127 +01:00 [INF] CORS policy execution successful.
2025-11-04 09:25:38.127 +01:00 [INF] Executing endpoint 'HomeCareApp.Controllers.AppointmentController.GetAppointments (api)'
2025-11-04 09:25:38.127 +01:00 [INF] Route matched with {action = "GetAppointments", controller = "Appointment"}. Executing controller action with signature System.Threading.Tasks.Task`1[Microsoft.AspNetCore.Mvc.IActionResult] GetAppointments() on controller HomeCareApp.Controllers.AppointmentController (api).
2025-11-04 09:25:38.128 +01:00 [INF] Executing OkObjectResult, writing value of type 'System.Linq.Enumerable+SelectListIterator`2[[HomeCareApp.Models.Appointment, api, Version=1.0.0.0, Culture=neutral, PublicKeyToken=null],[HomeCareApp.DTOs.AppointmentDto, api, Version=1.0.0.0, Culture=neutral, PublicKeyToken=null]]'.
2025-11-04 09:25:38.128 +01:00 [INF] Executed action HomeCareApp.Controllers.AppointmentController.GetAppointments (api) in 1.1344ms
2025-11-04 09:25:38.128 +01:00 [INF] Executed endpoint 'HomeCareApp.Controllers.AppointmentController.GetAppointments (api)'
2025-11-04 09:25:38.128 +01:00 [INF] Request finished HTTP/1.1 GET http://localhost:5090/api/Appointment - 200 656 application/json; charset=utf-8 1.7413ms
2025-11-04 09:25:57.935 +01:00 [INF] Request starting HTTP/1.1 OPTIONS http://localhost:5090/api/Auth/login - null null
2025-11-04 09:25:57.936 +01:00 [INF] CORS policy execution successful.
2025-11-04 09:25:57.936 +01:00 [INF] Request finished HTTP/1.1 OPTIONS http://localhost:5090/api/Auth/login - 204 null null 1.8061ms
2025-11-04 09:25:57.938 +01:00 [INF] Request starting HTTP/1.1 POST http://localhost:5090/api/Auth/login - application/json 47
2025-11-04 09:25:57.938 +01:00 [INF] CORS policy execution successful.
2025-11-04 09:25:57.938 +01:00 [INF] Executing endpoint 'HomeCareApp.Controllers.AuthController.Login (api)'
2025-11-04 09:25:57.938 +01:00 [INF] Route matched with {action = "Login", controller = "Auth"}. Executing controller action with signature System.Threading.Tasks.Task`1[Microsoft.AspNetCore.Mvc.IActionResult] Login(HomeCareApp.DTOs.LoginDto) on controller HomeCareApp.Controllers.AuthController (api).
2025-11-04 09:25:58.014 +01:00 [INF] [AuthAPIController] user authorised for Employee1
2025-11-04 09:25:58.016 +01:00 [INF] [AuthAPIController] JWT token created for Employee1 with roles Employee
2025-11-04 09:25:58.016 +01:00 [INF] Executing OkObjectResult, writing value of type '<>f__AnonymousType3`1[[System.String, System.Private.CoreLib, Version=8.0.0.0, Culture=neutral, PublicKeyToken=7cec85d7bea7798e]]'.
2025-11-04 09:25:58.017 +01:00 [INF] Executed action HomeCareApp.Controllers.AuthController.Login (api) in 78.145ms
2025-11-04 09:25:58.017 +01:00 [INF] Executed endpoint 'HomeCareApp.Controllers.AuthController.Login (api)'
2025-11-04 09:25:58.017 +01:00 [INF] Request finished HTTP/1.1 POST http://localhost:5090/api/Auth/login - 200 564 application/json; charset=utf-8 79.3212ms
2025-11-04 09:26:00.251 +01:00 [INF] Request starting HTTP/1.1 GET http://localhost:5090/api/Appointment - null null
2025-11-04 09:26:00.251 +01:00 [INF] CORS policy execution successful.
2025-11-04 09:26:00.251 +01:00 [INF] Executing endpoint 'HomeCareApp.Controllers.AppointmentController.GetAppointments (api)'
2025-11-04 09:26:00.251 +01:00 [INF] Route matched with {action = "GetAppointments", controller = "Appointment"}. Executing controller action with signature System.Threading.Tasks.Task`1[Microsoft.AspNetCore.Mvc.IActionResult] GetAppointments() on controller HomeCareApp.Controllers.AppointmentController (api).
2025-11-04 09:26:00.253 +01:00 [INF] Executing OkObjectResult, writing value of type 'System.Linq.Enumerable+SelectListIterator`2[[HomeCareApp.Models.Appointment, api, Version=1.0.0.0, Culture=neutral, PublicKeyToken=null],[HomeCareApp.DTOs.AppointmentDto, api, Version=1.0.0.0, Culture=neutral, PublicKeyToken=null]]'.
2025-11-04 09:26:00.254 +01:00 [INF] Executed action HomeCareApp.Controllers.AppointmentController.GetAppointments (api) in 2.4159ms
2025-11-04 09:26:00.254 +01:00 [INF] Executed endpoint 'HomeCareApp.Controllers.AppointmentController.GetAppointments (api)'
2025-11-04 09:26:00.254 +01:00 [INF] Request finished HTTP/1.1 GET http://localhost:5090/api/Appointment - 200 656 application/json; charset=utf-8 2.9944ms
2025-11-04 09:26:00.255 +01:00 [INF] Request starting HTTP/1.1 GET http://localhost:5090/api/Appointment - null null
2025-11-04 09:26:00.255 +01:00 [INF] CORS policy execution successful.
2025-11-04 09:26:00.255 +01:00 [INF] Executing endpoint 'HomeCareApp.Controllers.AppointmentController.GetAppointments (api)'
2025-11-04 09:26:00.255 +01:00 [INF] Route matched with {action = "GetAppointments", controller = "Appointment"}. Executing controller action with signature System.Threading.Tasks.Task`1[Microsoft.AspNetCore.Mvc.IActionResult] GetAppointments() on controller HomeCareApp.Controllers.AppointmentController (api).
2025-11-04 09:26:00.256 +01:00 [INF] Executing OkObjectResult, writing value of type 'System.Linq.Enumerable+SelectListIterator`2[[HomeCareApp.Models.Appointment, api, Version=1.0.0.0, Culture=neutral, PublicKeyToken=null],[HomeCareApp.DTOs.AppointmentDto, api, Version=1.0.0.0, Culture=neutral, PublicKeyToken=null]]'.
2025-11-04 09:26:00.256 +01:00 [INF] Executed action HomeCareApp.Controllers.AppointmentController.GetAppointments (api) in 1.5766ms
2025-11-04 09:26:00.257 +01:00 [INF] Executed endpoint 'HomeCareApp.Controllers.AppointmentController.GetAppointments (api)'
2025-11-04 09:26:00.257 +01:00 [INF] Request finished HTTP/1.1 GET http://localhost:5090/api/Appointment - 200 656 application/json; charset=utf-8 2.0123ms
2025-11-04 09:30:14.613 +01:00 [INF] Request starting HTTP/1.1 GET http://localhost:5090/api/Appointment - null null
2025-11-04 09:30:14.613 +01:00 [INF] CORS policy execution successful.
2025-11-04 09:30:14.613 +01:00 [INF] Executing endpoint 'HomeCareApp.Controllers.AppointmentController.GetAppointments (api)'
2025-11-04 09:30:14.613 +01:00 [INF] Route matched with {action = "GetAppointments", controller = "Appointment"}. Executing controller action with signature System.Threading.Tasks.Task`1[Microsoft.AspNetCore.Mvc.IActionResult] GetAppointments() on controller HomeCareApp.Controllers.AppointmentController (api).
2025-11-04 09:30:14.615 +01:00 [INF] Executing OkObjectResult, writing value of type 'System.Linq.Enumerable+SelectListIterator`2[[HomeCareApp.Models.Appointment, api, Version=1.0.0.0, Culture=neutral, PublicKeyToken=null],[HomeCareApp.DTOs.AppointmentDto, api, Version=1.0.0.0, Culture=neutral, PublicKeyToken=null]]'.
2025-11-04 09:30:14.615 +01:00 [INF] Executed action HomeCareApp.Controllers.AppointmentController.GetAppointments (api) in 1.9054ms
2025-11-04 09:30:14.615 +01:00 [INF] Executed endpoint 'HomeCareApp.Controllers.AppointmentController.GetAppointments (api)'
2025-11-04 09:30:14.616 +01:00 [INF] Request finished HTTP/1.1 GET http://localhost:5090/api/Appointment - 200 656 application/json; charset=utf-8 2.6183ms
2025-11-04 09:30:14.617 +01:00 [INF] Request starting HTTP/1.1 GET http://localhost:5090/api/Appointment - null null
2025-11-04 09:30:14.617 +01:00 [INF] CORS policy execution successful.
2025-11-04 09:30:14.617 +01:00 [INF] Executing endpoint 'HomeCareApp.Controllers.AppointmentController.GetAppointments (api)'
2025-11-04 09:30:14.617 +01:00 [INF] Route matched with {action = "GetAppointments", controller = "Appointment"}. Executing controller action with signature System.Threading.Tasks.Task`1[Microsoft.AspNetCore.Mvc.IActionResult] GetAppointments() on controller HomeCareApp.Controllers.AppointmentController (api).
2025-11-04 09:30:14.618 +01:00 [INF] Executing OkObjectResult, writing value of type 'System.Linq.Enumerable+SelectListIterator`2[[HomeCareApp.Models.Appointment, api, Version=1.0.0.0, Culture=neutral, PublicKeyToken=null],[HomeCareApp.DTOs.AppointmentDto, api, Version=1.0.0.0, Culture=neutral, PublicKeyToken=null]]'.
2025-11-04 09:30:14.619 +01:00 [INF] Executed action HomeCareApp.Controllers.AppointmentController.GetAppointments (api) in 1.5845ms
2025-11-04 09:30:14.619 +01:00 [INF] Executed endpoint 'HomeCareApp.Controllers.AppointmentController.GetAppointments (api)'
2025-11-04 09:30:14.619 +01:00 [INF] Request finished HTTP/1.1 GET http://localhost:5090/api/Appointment - 200 656 application/json; charset=utf-8 2.177ms
2025-11-04 09:30:24.622 +01:00 [INF] Request starting HTTP/1.1 GET http://localhost:5090/api/Appointment/1 - null null
2025-11-04 09:30:24.622 +01:00 [INF] CORS policy execution successful.
2025-11-04 09:30:24.622 +01:00 [INF] Executing endpoint 'HomeCareApp.Controllers.AppointmentController.GetAppointment (api)'
2025-11-04 09:30:24.622 +01:00 [INF] Route matched with {action = "GetAppointment", controller = "Appointment"}. Executing controller action with signature System.Threading.Tasks.Task`1[Microsoft.AspNetCore.Mvc.IActionResult] GetAppointment(Int32) on controller HomeCareApp.Controllers.AppointmentController (api).
2025-11-04 09:30:24.625 +01:00 [INF] Executing OkObjectResult, writing value of type 'HomeCareApp.DTOs.AppointmentDto'.
2025-11-04 09:30:24.625 +01:00 [INF] Executed action HomeCareApp.Controllers.AppointmentController.GetAppointment (api) in 2.197ms
2025-11-04 09:30:24.625 +01:00 [INF] Executed endpoint 'HomeCareApp.Controllers.AppointmentController.GetAppointment (api)'
2025-11-04 09:30:24.625 +01:00 [INF] Request finished HTTP/1.1 GET http://localhost:5090/api/Appointment/1 - 200 222 application/json; charset=utf-8 2.7231ms
2025-11-04 09:30:24.626 +01:00 [INF] Request starting HTTP/1.1 GET http://localhost:5090/api/Appointment/1 - null null
2025-11-04 09:30:24.626 +01:00 [INF] CORS policy execution successful.
2025-11-04 09:30:24.626 +01:00 [INF] Executing endpoint 'HomeCareApp.Controllers.AppointmentController.GetAppointment (api)'
2025-11-04 09:30:24.626 +01:00 [INF] Route matched with {action = "GetAppointment", controller = "Appointment"}. Executing controller action with signature System.Threading.Tasks.Task`1[Microsoft.AspNetCore.Mvc.IActionResult] GetAppointment(Int32) on controller HomeCareApp.Controllers.AppointmentController (api).
2025-11-04 09:30:24.628 +01:00 [INF] Executing OkObjectResult, writing value of type 'HomeCareApp.DTOs.AppointmentDto'.
2025-11-04 09:30:24.628 +01:00 [INF] Executed action HomeCareApp.Controllers.AppointmentController.GetAppointment (api) in 1.8946ms
2025-11-04 09:30:24.628 +01:00 [INF] Executed endpoint 'HomeCareApp.Controllers.AppointmentController.GetAppointment (api)'
2025-11-04 09:30:24.628 +01:00 [INF] Request finished HTTP/1.1 GET http://localhost:5090/api/Appointment/1 - 200 222 application/json; charset=utf-8 2.6023ms
2025-11-04 09:30:36.790 +01:00 [INF] Request starting HTTP/1.1 GET http://localhost:5090/api/Appointment - null null
2025-11-04 09:30:36.790 +01:00 [INF] CORS policy execution successful.
2025-11-04 09:30:36.790 +01:00 [INF] Executing endpoint 'HomeCareApp.Controllers.AppointmentController.GetAppointments (api)'
2025-11-04 09:30:36.790 +01:00 [INF] Route matched with {action = "GetAppointments", controller = "Appointment"}. Executing controller action with signature System.Threading.Tasks.Task`1[Microsoft.AspNetCore.Mvc.IActionResult] GetAppointments() on controller HomeCareApp.Controllers.AppointmentController (api).
2025-11-04 09:30:36.792 +01:00 [INF] Executing OkObjectResult, writing value of type 'System.Linq.Enumerable+SelectListIterator`2[[HomeCareApp.Models.Appointment, api, Version=1.0.0.0, Culture=neutral, PublicKeyToken=null],[HomeCareApp.DTOs.AppointmentDto, api, Version=1.0.0.0, Culture=neutral, PublicKeyToken=null]]'.
2025-11-04 09:30:36.792 +01:00 [INF] Executed action HomeCareApp.Controllers.AppointmentController.GetAppointments (api) in 1.9628ms
2025-11-04 09:30:36.792 +01:00 [INF] Executed endpoint 'HomeCareApp.Controllers.AppointmentController.GetAppointments (api)'
2025-11-04 09:30:36.792 +01:00 [INF] Request finished HTTP/1.1 GET http://localhost:5090/api/Appointment - 200 656 application/json; charset=utf-8 2.6749ms
2025-11-04 09:30:36.794 +01:00 [INF] Request starting HTTP/1.1 GET http://localhost:5090/api/Appointment - null null
2025-11-04 09:30:36.794 +01:00 [INF] CORS policy execution successful.
2025-11-04 09:30:36.794 +01:00 [INF] Executing endpoint 'HomeCareApp.Controllers.AppointmentController.GetAppointments (api)'
2025-11-04 09:30:36.794 +01:00 [INF] Route matched with {action = "GetAppointments", controller = "Appointment"}. Executing controller action with signature System.Threading.Tasks.Task`1[Microsoft.AspNetCore.Mvc.IActionResult] GetAppointments() on controller HomeCareApp.Controllers.AppointmentController (api).
2025-11-04 09:30:36.795 +01:00 [INF] Executing OkObjectResult, writing value of type 'System.Linq.Enumerable+SelectListIterator`2[[HomeCareApp.Models.Appointment, api, Version=1.0.0.0, Culture=neutral, PublicKeyToken=null],[HomeCareApp.DTOs.AppointmentDto, api, Version=1.0.0.0, Culture=neutral, PublicKeyToken=null]]'.
2025-11-04 09:30:36.796 +01:00 [INF] Executed action HomeCareApp.Controllers.AppointmentController.GetAppointments (api) in 1.5121ms
2025-11-04 09:30:36.796 +01:00 [INF] Executed endpoint 'HomeCareApp.Controllers.AppointmentController.GetAppointments (api)'
2025-11-04 09:30:36.796 +01:00 [INF] Request finished HTTP/1.1 GET http://localhost:5090/api/Appointment - 200 656 application/json; charset=utf-8 2.022ms
2025-11-04 09:30:46.646 +01:00 [INF] Request starting HTTP/1.1 GET http://localhost:5090/api/Appointment - null null
2025-11-04 09:30:46.646 +01:00 [INF] CORS policy execution successful.
2025-11-04 09:30:46.646 +01:00 [INF] Executing endpoint 'HomeCareApp.Controllers.AppointmentController.GetAppointments (api)'
2025-11-04 09:30:46.646 +01:00 [INF] Route matched with {action = "GetAppointments", controller = "Appointment"}. Executing controller action with signature System.Threading.Tasks.Task`1[Microsoft.AspNetCore.Mvc.IActionResult] GetAppointments() on controller HomeCareApp.Controllers.AppointmentController (api).
2025-11-04 09:30:46.648 +01:00 [INF] Executing OkObjectResult, writing value of type 'System.Linq.Enumerable+SelectListIterator`2[[HomeCareApp.Models.Appointment, api, Version=1.0.0.0, Culture=neutral, PublicKeyToken=null],[HomeCareApp.DTOs.AppointmentDto, api, Version=1.0.0.0, Culture=neutral, PublicKeyToken=null]]'.
2025-11-04 09:30:46.648 +01:00 [INF] Executed action HomeCareApp.Controllers.AppointmentController.GetAppointments (api) in 2.1596ms
2025-11-04 09:30:46.648 +01:00 [INF] Executed endpoint 'HomeCareApp.Controllers.AppointmentController.GetAppointments (api)'
2025-11-04 09:30:46.648 +01:00 [INF] Request finished HTTP/1.1 GET http://localhost:5090/api/Appointment - 200 656 application/json; charset=utf-8 2.9522ms
2025-11-04 09:59:50.119 +01:00 [INF] Request starting HTTP/1.1 OPTIONS http://localhost:5090/api/Auth/register - null null
2025-11-04 09:59:50.120 +01:00 [INF] CORS policy execution successful.
2025-11-04 09:59:50.120 +01:00 [INF] Request finished HTTP/1.1 OPTIONS http://localhost:5090/api/Auth/register - 204 null null 1.2491ms
2025-11-04 09:59:50.123 +01:00 [INF] Request starting HTTP/1.1 POST http://localhost:5090/api/Auth/register - application/json 93
2025-11-04 09:59:50.124 +01:00 [INF] CORS policy execution successful.
2025-11-04 09:59:50.124 +01:00 [INF] Executing endpoint 'HomeCareApp.Controllers.AuthController.Register (api)'
2025-11-04 09:59:50.155 +01:00 [INF] Route matched with {action = "Register", controller = "Auth"}. Executing controller action with signature System.Threading.Tasks.Task`1[Microsoft.AspNetCore.Mvc.IActionResult] Register(HomeCareApp.DTOs.RegisterDto) on controller HomeCareApp.Controllers.AuthController (api).
2025-11-04 09:59:50.379 +01:00 [INF] [AuthAPIController] user registered for Patient2 with role Patient
2025-11-04 09:59:50.380 +01:00 [INF] Executing OkObjectResult, writing value of type '<>f__AnonymousType2`1[[System.String, System.Private.CoreLib, Version=8.0.0.0, Culture=neutral, PublicKeyToken=7cec85d7bea7798e]]'.
2025-11-04 09:59:50.381 +01:00 [INF] Executed action HomeCareApp.Controllers.AuthController.Register (api) in 226.3952ms
2025-11-04 09:59:50.381 +01:00 [INF] Executed endpoint 'HomeCareApp.Controllers.AuthController.Register (api)'
2025-11-04 09:59:50.381 +01:00 [INF] Request finished HTTP/1.1 POST http://localhost:5090/api/Auth/register - 200 42 application/json; charset=utf-8 258.5558ms
2025-11-04 10:00:07.974 +01:00 [INF] Request starting HTTP/1.1 OPTIONS http://localhost:5090/api/Auth/login - null null
2025-11-04 10:00:07.974 +01:00 [INF] CORS policy execution successful.
2025-11-04 10:00:07.974 +01:00 [INF] Request finished HTTP/1.1 OPTIONS http://localhost:5090/api/Auth/login - 204 null null 0.7594ms
2025-11-04 10:00:07.976 +01:00 [INF] Request starting HTTP/1.1 POST http://localhost:5090/api/Auth/login - application/json 48
2025-11-04 10:00:07.976 +01:00 [INF] CORS policy execution successful.
2025-11-04 10:00:07.976 +01:00 [INF] Executing endpoint 'HomeCareApp.Controllers.AuthController.Login (api)'
2025-11-04 10:00:07.976 +01:00 [INF] Route matched with {action = "Login", controller = "Auth"}. Executing controller action with signature System.Threading.Tasks.Task`1[Microsoft.AspNetCore.Mvc.IActionResult] Login(HomeCareApp.DTOs.LoginDto) on controller HomeCareApp.Controllers.AuthController (api).
2025-11-04 10:00:08.052 +01:00 [INF] [AuthAPIController] user authorised for Patient2
2025-11-04 10:00:08.053 +01:00 [INF] [AuthAPIController] JWT token created for Patient2 with roles Patient
2025-11-04 10:00:08.054 +01:00 [INF] Executing OkObjectResult, writing value of type '<>f__AnonymousType3`1[[System.String, System.Private.CoreLib, Version=8.0.0.0, Culture=neutral, PublicKeyToken=7cec85d7bea7798e]]'.
2025-11-04 10:00:08.054 +01:00 [INF] Executed action HomeCareApp.Controllers.AuthController.Login (api) in 77.8942ms
2025-11-04 10:00:08.054 +01:00 [INF] Executed endpoint 'HomeCareApp.Controllers.AuthController.Login (api)'
2025-11-04 10:00:08.054 +01:00 [INF] Request finished HTTP/1.1 POST http://localhost:5090/api/Auth/login - 200 560 application/json; charset=utf-8 78.2721ms
