2025-11-11 09:23:47.935 +01:00 [INF] No migrations were applied. The database is already up to date.
2025-11-11 09:23:48.031 +01:00 [INF] No migrations were applied. The database is already up to date.
2025-11-11 09:23:48.691 +01:00 [INF] User profile is available. Using 'C:\Users\B\AppData\Local\ASP.NET\DataProtection-Keys' as key repository and Windows DPAPI to encrypt keys at rest.
2025-11-11 09:23:48.749 +01:00 [INF] Now listening on: http://localhost:5090
2025-11-11 09:23:48.752 +01:00 [INF] Application started. Press Ctrl+C to shut down.
2025-11-11 09:23:48.753 +01:00 [INF] Hosting environment: Development
2025-11-11 09:23:48.753 +01:00 [INF] Content root path: C:\Users\B\Documents\ITPE3200\React-Homecare\api
2025-11-11 09:23:57.249 +01:00 [INF] Request starting HTTP/1.1 OPTIONS http://localhost:5090/api/Auth/login - null null
2025-11-11 09:23:57.277 +01:00 [INF] CORS policy execution successful.
2025-11-11 09:23:57.282 +01:00 [INF] Request finished HTTP/1.1 OPTIONS http://localhost:5090/api/Auth/login - 204 null null 33.2226ms
2025-11-11 09:23:57.284 +01:00 [INF] Request starting HTTP/1.1 POST http://localhost:5090/api/Auth/login - application/json 47
2025-11-11 09:23:57.287 +01:00 [INF] CORS policy execution successful.
2025-11-11 09:23:57.306 +01:00 [INF] Executing endpoint 'HomeCareApp.Controllers.AuthController.Login (api)'
2025-11-11 09:23:57.320 +01:00 [INF] Route matched with {action = "Login", controller = "Auth"}. Executing controller action with signature System.Threading.Tasks.Task`1[Microsoft.AspNetCore.Mvc.IActionResult] Login(HomeCareApp.DTOs.LoginDto) on controller HomeCareApp.Controllers.AuthController (api).
2025-11-11 09:23:57.608 +01:00 [INF] [AuthAPIController] user authorised for Susanne
2025-11-11 09:23:57.650 +01:00 [INF] [AuthAPIController] JWT token created for Susanne with roles Employee
2025-11-11 09:23:57.650 +01:00 [INF] [AuthAPIController] JWT token claims: sub=cb609e86-64de-4c7a-a0aa-b402daef23be, email=susanne@employee.com, http://schemas.xmlsoap.org/ws/2005/05/identity/claims/nameidentifier=cb609e86-64de-4c7a-a0aa-b402daef23be, http://schemas.xmlsoap.org/ws/2005/05/identity/claims/name=Susanne, username=Susanne, userid=cb609e86-64de-4c7a-a0aa-b402daef23be, nameid=cb609e86-64de-4c7a-a0aa-b402daef23be, jti=31bbeeb1-4e55-490d-957c-097176d56266, iat=1762849437, http://schemas.microsoft.com/ws/2008/06/identity/claims/role=Employee, role=Employee
2025-11-11 09:23:57.709 +01:00 [INF] Executing OkObjectResult, writing value of type '<>f__AnonymousType3`1[[System.String, System.Private.CoreLib, Version=8.0.0.0, Culture=neutral, PublicKeyToken=7cec85d7bea7798e]]'.
2025-11-11 09:23:57.734 +01:00 [INF] Executed action HomeCareApp.Controllers.AuthController.Login (api) in 410.5294ms
2025-11-11 09:23:57.734 +01:00 [INF] Executed endpoint 'HomeCareApp.Controllers.AuthController.Login (api)'
2025-11-11 09:23:57.739 +01:00 [INF] Request finished HTTP/1.1 POST http://localhost:5090/api/Auth/login - 200 877 application/json; charset=utf-8 454.3206ms
2025-11-11 09:23:57.739 +01:00 [INF] Request starting HTTP/1.1 OPTIONS http://localhost:5090/api/employee/user/cb609e86-64de-4c7a-a0aa-b402daef23be - null null
2025-11-11 09:23:57.740 +01:00 [INF] CORS policy execution successful.
2025-11-11 09:23:57.740 +01:00 [INF] Request finished HTTP/1.1 OPTIONS http://localhost:5090/api/employee/user/cb609e86-64de-4c7a-a0aa-b402daef23be - 204 null null 1.0872ms
2025-11-11 09:23:57.744 +01:00 [INF] Request starting HTTP/1.1 GET http://localhost:5090/api/employee/user/cb609e86-64de-4c7a-a0aa-b402daef23be - application/json null
2025-11-11 09:23:57.748 +01:00 [INF] CORS policy execution successful.
2025-11-11 09:23:57.782 +01:00 [INF] Executing endpoint 'HomeCareApp.Controllers.EmployeeController.GetEmployeeByUserId (api)'
2025-11-11 09:23:57.786 +01:00 [INF] Route matched with {action = "GetEmployeeByUserId", controller = "Employee"}. Executing controller action with signature System.Threading.Tasks.Task`1[Microsoft.AspNetCore.Mvc.ActionResult`1[HomeCareApp.DTOs.EmployeeDto]] GetEmployeeByUserId(System.String) on controller HomeCareApp.Controllers.EmployeeController (api).
2025-11-11 09:23:57.838 +01:00 [INF] Executing OkObjectResult, writing value of type 'HomeCareApp.DTOs.EmployeeDto'.
2025-11-11 09:23:57.846 +01:00 [INF] Executed action HomeCareApp.Controllers.EmployeeController.GetEmployeeByUserId (api) in 59.9738ms
2025-11-11 09:23:57.846 +01:00 [INF] Executed endpoint 'HomeCareApp.Controllers.EmployeeController.GetEmployeeByUserId (api)'
2025-11-11 09:23:57.846 +01:00 [INF] Request finished HTTP/1.1 GET http://localhost:5090/api/employee/user/cb609e86-64de-4c7a-a0aa-b402daef23be - 200 692 application/json; charset=utf-8 102.2005ms
2025-11-11 09:23:57.884 +01:00 [INF] Request starting HTTP/1.1 GET http://localhost:5090/api/Appointment - null null
2025-11-11 09:23:57.885 +01:00 [INF] CORS policy execution successful.
2025-11-11 09:23:57.890 +01:00 [INF] Executing endpoint 'HomeCareApp.Controllers.AppointmentController.GetAppointments (api)'
2025-11-11 09:23:57.894 +01:00 [INF] Route matched with {action = "GetAppointments", controller = "Appointment"}. Executing controller action with signature System.Threading.Tasks.Task`1[Microsoft.AspNetCore.Mvc.IActionResult] GetAppointments() on controller HomeCareApp.Controllers.AppointmentController (api).
2025-11-11 09:23:57.938 +01:00 [INF] Executing OkObjectResult, writing value of type 'System.Linq.Enumerable+SelectListIterator`2[[HomeCareApp.Models.Appointment, api, Version=1.0.0.0, Culture=neutral, PublicKeyToken=null],[HomeCareApp.DTOs.AppointmentDto, api, Version=1.0.0.0, Culture=neutral, PublicKeyToken=null]]'.
2025-11-11 09:23:57.946 +01:00 [INF] Executed action HomeCareApp.Controllers.AppointmentController.GetAppointments (api) in 51.697ms
2025-11-11 09:23:57.946 +01:00 [INF] Executed endpoint 'HomeCareApp.Controllers.AppointmentController.GetAppointments (api)'
2025-11-11 09:23:57.947 +01:00 [INF] Request finished HTTP/1.1 GET http://localhost:5090/api/Appointment - 200 986 application/json; charset=utf-8 62.1969ms
2025-11-11 09:23:57.950 +01:00 [INF] Request starting HTTP/1.1 GET http://localhost:5090/api/Appointment - null null
2025-11-11 09:23:57.950 +01:00 [INF] CORS policy execution successful.
2025-11-11 09:23:57.950 +01:00 [INF] Executing endpoint 'HomeCareApp.Controllers.AppointmentController.GetAppointments (api)'
2025-11-11 09:23:57.951 +01:00 [INF] Route matched with {action = "GetAppointments", controller = "Appointment"}. Executing controller action with signature System.Threading.Tasks.Task`1[Microsoft.AspNetCore.Mvc.IActionResult] GetAppointments() on controller HomeCareApp.Controllers.AppointmentController (api).
2025-11-11 09:23:57.959 +01:00 [INF] Executing OkObjectResult, writing value of type 'System.Linq.Enumerable+SelectListIterator`2[[HomeCareApp.Models.Appointment, api, Version=1.0.0.0, Culture=neutral, PublicKeyToken=null],[HomeCareApp.DTOs.AppointmentDto, api, Version=1.0.0.0, Culture=neutral, PublicKeyToken=null]]'.
2025-11-11 09:23:57.959 +01:00 [INF] Executed action HomeCareApp.Controllers.AppointmentController.GetAppointments (api) in 8.5645ms
2025-11-11 09:23:57.960 +01:00 [INF] Executed endpoint 'HomeCareApp.Controllers.AppointmentController.GetAppointments (api)'
2025-11-11 09:23:57.960 +01:00 [INF] Request finished HTTP/1.1 GET http://localhost:5090/api/Appointment - 200 986 application/json; charset=utf-8 10.2708ms
2025-11-11 09:24:07.746 +01:00 [INF] Request starting HTTP/1.1 OPTIONS http://localhost:5090/api/employee/user/cb609e86-64de-4c7a-a0aa-b402daef23be - null null
2025-11-11 09:24:07.747 +01:00 [INF] CORS policy execution successful.
2025-11-11 09:24:07.747 +01:00 [INF] Request starting HTTP/1.1 OPTIONS http://localhost:5090/api/employee/user/cb609e86-64de-4c7a-a0aa-b402daef23be - null null
2025-11-11 09:24:07.747 +01:00 [INF] CORS policy execution successful.
2025-11-11 09:24:07.748 +01:00 [INF] Request finished HTTP/1.1 OPTIONS http://localhost:5090/api/employee/user/cb609e86-64de-4c7a-a0aa-b402daef23be - 204 null null 1.5621ms
2025-11-11 09:24:07.748 +01:00 [INF] Request finished HTTP/1.1 OPTIONS http://localhost:5090/api/employee/user/cb609e86-64de-4c7a-a0aa-b402daef23be - 204 null null 0.6151ms
2025-11-11 09:24:07.750 +01:00 [INF] Request starting HTTP/1.1 GET http://localhost:5090/api/employee/user/cb609e86-64de-4c7a-a0aa-b402daef23be - application/json null
2025-11-11 09:24:07.750 +01:00 [INF] CORS policy execution successful.
2025-11-11 09:24:07.755 +01:00 [INF] Executing endpoint 'HomeCareApp.Controllers.EmployeeController.GetEmployeeByUserId (api)'
2025-11-11 09:24:07.756 +01:00 [INF] Route matched with {action = "GetEmployeeByUserId", controller = "Employee"}. Executing controller action with signature System.Threading.Tasks.Task`1[Microsoft.AspNetCore.Mvc.ActionResult`1[HomeCareApp.DTOs.EmployeeDto]] GetEmployeeByUserId(System.String) on controller HomeCareApp.Controllers.EmployeeController (api).
2025-11-11 09:24:07.761 +01:00 [INF] Executing OkObjectResult, writing value of type 'HomeCareApp.DTOs.EmployeeDto'.
2025-11-11 09:24:07.762 +01:00 [INF] Executed action HomeCareApp.Controllers.EmployeeController.GetEmployeeByUserId (api) in 5.9457ms
2025-11-11 09:24:07.762 +01:00 [INF] Executed endpoint 'HomeCareApp.Controllers.EmployeeController.GetEmployeeByUserId (api)'
2025-11-11 09:24:07.762 +01:00 [INF] Request finished HTTP/1.1 GET http://localhost:5090/api/employee/user/cb609e86-64de-4c7a-a0aa-b402daef23be - 200 692 application/json; charset=utf-8 12.0285ms
2025-11-11 09:24:07.763 +01:00 [INF] Request starting HTTP/1.1 GET http://localhost:5090/api/employee/user/cb609e86-64de-4c7a-a0aa-b402daef23be - application/json null
2025-11-11 09:24:07.764 +01:00 [INF] CORS policy execution successful.
2025-11-11 09:24:07.765 +01:00 [INF] Executing endpoint 'HomeCareApp.Controllers.EmployeeController.GetEmployeeByUserId (api)'
2025-11-11 09:24:07.766 +01:00 [INF] Route matched with {action = "GetEmployeeByUserId", controller = "Employee"}. Executing controller action with signature System.Threading.Tasks.Task`1[Microsoft.AspNetCore.Mvc.ActionResult`1[HomeCareApp.DTOs.EmployeeDto]] GetEmployeeByUserId(System.String) on controller HomeCareApp.Controllers.EmployeeController (api).
2025-11-11 09:24:07.769 +01:00 [INF] Executing OkObjectResult, writing value of type 'HomeCareApp.DTOs.EmployeeDto'.
2025-11-11 09:24:07.769 +01:00 [INF] Executed action HomeCareApp.Controllers.EmployeeController.GetEmployeeByUserId (api) in 3.5757ms
2025-11-11 09:24:07.770 +01:00 [INF] Executed endpoint 'HomeCareApp.Controllers.EmployeeController.GetEmployeeByUserId (api)'
2025-11-11 09:24:07.770 +01:00 [INF] Request finished HTTP/1.1 GET http://localhost:5090/api/employee/user/cb609e86-64de-4c7a-a0aa-b402daef23be - 200 692 application/json; charset=utf-8 6.4914ms
2025-11-11 09:24:11.967 +01:00 [INF] Request starting HTTP/1.1 GET http://localhost:5090/api/Appointment - null null
2025-11-11 09:24:11.967 +01:00 [INF] CORS policy execution successful.
2025-11-11 09:24:11.967 +01:00 [INF] Executing endpoint 'HomeCareApp.Controllers.AppointmentController.GetAppointments (api)'
2025-11-11 09:24:11.967 +01:00 [INF] Route matched with {action = "GetAppointments", controller = "Appointment"}. Executing controller action with signature System.Threading.Tasks.Task`1[Microsoft.AspNetCore.Mvc.IActionResult] GetAppointments() on controller HomeCareApp.Controllers.AppointmentController (api).
2025-11-11 09:24:11.971 +01:00 [INF] Executing OkObjectResult, writing value of type 'System.Linq.Enumerable+SelectListIterator`2[[HomeCareApp.Models.Appointment, api, Version=1.0.0.0, Culture=neutral, PublicKeyToken=null],[HomeCareApp.DTOs.AppointmentDto, api, Version=1.0.0.0, Culture=neutral, PublicKeyToken=null]]'.
2025-11-11 09:24:11.972 +01:00 [INF] Executed action HomeCareApp.Controllers.AppointmentController.GetAppointments (api) in 4.3507ms
2025-11-11 09:24:11.972 +01:00 [INF] Executed endpoint 'HomeCareApp.Controllers.AppointmentController.GetAppointments (api)'
2025-11-11 09:24:11.972 +01:00 [INF] Request finished HTTP/1.1 GET http://localhost:5090/api/Appointment - 200 986 application/json; charset=utf-8 5.2995ms
2025-11-11 09:24:11.974 +01:00 [INF] Request starting HTTP/1.1 GET http://localhost:5090/api/Appointment - null null
2025-11-11 09:24:11.974 +01:00 [INF] CORS policy execution successful.
2025-11-11 09:24:11.974 +01:00 [INF] Executing endpoint 'HomeCareApp.Controllers.AppointmentController.GetAppointments (api)'
2025-11-11 09:24:11.975 +01:00 [INF] Route matched with {action = "GetAppointments", controller = "Appointment"}. Executing controller action with signature System.Threading.Tasks.Task`1[Microsoft.AspNetCore.Mvc.IActionResult] GetAppointments() on controller HomeCareApp.Controllers.AppointmentController (api).
2025-11-11 09:24:11.976 +01:00 [INF] Executing OkObjectResult, writing value of type 'System.Linq.Enumerable+SelectListIterator`2[[HomeCareApp.Models.Appointment, api, Version=1.0.0.0, Culture=neutral, PublicKeyToken=null],[HomeCareApp.DTOs.AppointmentDto, api, Version=1.0.0.0, Culture=neutral, PublicKeyToken=null]]'.
2025-11-11 09:24:11.976 +01:00 [INF] Executed action HomeCareApp.Controllers.AppointmentController.GetAppointments (api) in 1.7451ms
2025-11-11 09:24:11.976 +01:00 [INF] Executed endpoint 'HomeCareApp.Controllers.AppointmentController.GetAppointments (api)'
2025-11-11 09:24:11.977 +01:00 [INF] Request finished HTTP/1.1 GET http://localhost:5090/api/Appointment - 200 986 application/json; charset=utf-8 2.5742ms
2025-11-11 09:25:02.256 +01:00 [INF] Request starting HTTP/1.1 OPTIONS http://localhost:5090/api/Employee - null null
2025-11-11 09:25:02.256 +01:00 [INF] Request starting HTTP/1.1 OPTIONS http://localhost:5090/api/Employee - null null
2025-11-11 09:25:02.256 +01:00 [INF] CORS policy execution successful.
2025-11-11 09:25:02.256 +01:00 [INF] CORS policy execution successful.
2025-11-11 09:25:02.256 +01:00 [INF] Request finished HTTP/1.1 OPTIONS http://localhost:5090/api/Employee - 204 null null 0.6995ms
2025-11-11 09:25:02.256 +01:00 [INF] Request finished HTTP/1.1 OPTIONS http://localhost:5090/api/Employee - 204 null null 0.865ms
2025-11-11 09:25:02.262 +01:00 [INF] Request starting HTTP/1.1 GET http://localhost:5090/api/Employee - application/json null
2025-11-11 09:25:02.263 +01:00 [INF] CORS policy execution successful.
2025-11-11 09:25:02.265 +01:00 [INF] Executing endpoint 'HomeCareApp.Controllers.EmployeeController.GetEmployees (api)'
2025-11-11 09:25:02.271 +01:00 [INF] Route matched with {action = "GetEmployees", controller = "Employee"}. Executing controller action with signature System.Threading.Tasks.Task`1[Microsoft.AspNetCore.Mvc.ActionResult`1[System.Collections.Generic.IEnumerable`1[HomeCareApp.DTOs.EmployeeDto]]] GetEmployees() on controller HomeCareApp.Controllers.EmployeeController (api).
2025-11-11 09:25:02.288 +01:00 [INF] Executing OkObjectResult, writing value of type 'System.Linq.Enumerable+SelectListIterator`2[[HomeCareApp.Models.Employee, api, Version=1.0.0.0, Culture=neutral, PublicKeyToken=null],[HomeCareApp.DTOs.EmployeeDto, api, Version=1.0.0.0, Culture=neutral, PublicKeyToken=null]]'.
2025-11-11 09:25:02.289 +01:00 [INF] Executed action HomeCareApp.Controllers.EmployeeController.GetEmployees (api) in 17.8079ms
2025-11-11 09:25:02.289 +01:00 [INF] Executed endpoint 'HomeCareApp.Controllers.EmployeeController.GetEmployees (api)'
2025-11-11 09:25:02.289 +01:00 [INF] Request finished HTTP/1.1 GET http://localhost:5090/api/Employee - 200 1795 application/json; charset=utf-8 26.7301ms
2025-11-11 09:25:02.291 +01:00 [INF] Request starting HTTP/1.1 GET http://localhost:5090/api/Employee - application/json null
2025-11-11 09:25:02.292 +01:00 [INF] CORS policy execution successful.
2025-11-11 09:25:02.292 +01:00 [INF] Executing endpoint 'HomeCareApp.Controllers.EmployeeController.GetEmployees (api)'
2025-11-11 09:25:02.292 +01:00 [INF] Route matched with {action = "GetEmployees", controller = "Employee"}. Executing controller action with signature System.Threading.Tasks.Task`1[Microsoft.AspNetCore.Mvc.ActionResult`1[System.Collections.Generic.IEnumerable`1[HomeCareApp.DTOs.EmployeeDto]]] GetEmployees() on controller HomeCareApp.Controllers.EmployeeController (api).
2025-11-11 09:25:02.293 +01:00 [INF] Request starting HTTP/1.1 OPTIONS http://localhost:5090/api/Patient - null null
2025-11-11 09:25:02.293 +01:00 [INF] CORS policy execution successful.
2025-11-11 09:25:02.294 +01:00 [INF] Request finished HTTP/1.1 OPTIONS http://localhost:5090/api/Patient - 204 null null 0.4255ms
2025-11-11 09:25:02.296 +01:00 [INF] Executing OkObjectResult, writing value of type 'System.Linq.Enumerable+SelectListIterator`2[[HomeCareApp.Models.Employee, api, Version=1.0.0.0, Culture=neutral, PublicKeyToken=null],[HomeCareApp.DTOs.EmployeeDto, api, Version=1.0.0.0, Culture=neutral, PublicKeyToken=null]]'.
2025-11-11 09:25:02.296 +01:00 [INF] Request starting HTTP/1.1 GET http://localhost:5090/api/Patient - application/json null
2025-11-11 09:25:02.296 +01:00 [INF] CORS policy execution successful.
2025-11-11 09:25:02.296 +01:00 [INF] Executed action HomeCareApp.Controllers.EmployeeController.GetEmployees (api) in 3.356ms
2025-11-11 09:25:02.296 +01:00 [INF] Executed endpoint 'HomeCareApp.Controllers.EmployeeController.GetEmployees (api)'
2025-11-11 09:25:02.296 +01:00 [INF] Request finished HTTP/1.1 GET http://localhost:5090/api/Employee - 200 1795 application/json; charset=utf-8 4.6072ms
2025-11-11 09:25:02.297 +01:00 [INF] Executing endpoint 'HomeCareApp.Controllers.PatientController.GetPatients (api)'
2025-11-11 09:25:02.303 +01:00 [INF] Route matched with {action = "GetPatients", controller = "Patient"}. Executing controller action with signature System.Threading.Tasks.Task`1[Microsoft.AspNetCore.Mvc.ActionResult`1[System.Collections.Generic.IEnumerable`1[HomeCareApp.DTOs.PatientDto]]] GetPatients() on controller HomeCareApp.Controllers.PatientController (api).
2025-11-11 09:25:02.310 +01:00 [INF] Executing OkObjectResult, writing value of type 'System.Linq.Enumerable+SelectListIterator`2[[HomeCareApp.Models.Patient, api, Version=1.0.0.0, Culture=neutral, PublicKeyToken=null],[HomeCareApp.DTOs.PatientDto, api, Version=1.0.0.0, Culture=neutral, PublicKeyToken=null]]'.
2025-11-11 09:25:02.313 +01:00 [INF] Executed action HomeCareApp.Controllers.PatientController.GetPatients (api) in 9.1571ms
2025-11-11 09:25:02.313 +01:00 [INF] Executed endpoint 'HomeCareApp.Controllers.PatientController.GetPatients (api)'
2025-11-11 09:25:02.313 +01:00 [INF] Request finished HTTP/1.1 GET http://localhost:5090/api/Patient - 200 668 application/json; charset=utf-8 17.4259ms
2025-11-11 09:25:02.315 +01:00 [INF] Request starting HTTP/1.1 GET http://localhost:5090/api/Patient - application/json null
2025-11-11 09:25:02.316 +01:00 [INF] CORS policy execution successful.
2025-11-11 09:25:02.316 +01:00 [INF] Executing endpoint 'HomeCareApp.Controllers.PatientController.GetPatients (api)'
2025-11-11 09:25:02.316 +01:00 [INF] Route matched with {action = "GetPatients", controller = "Patient"}. Executing controller action with signature System.Threading.Tasks.Task`1[Microsoft.AspNetCore.Mvc.ActionResult`1[System.Collections.Generic.IEnumerable`1[HomeCareApp.DTOs.PatientDto]]] GetPatients() on controller HomeCareApp.Controllers.PatientController (api).
2025-11-11 09:25:02.318 +01:00 [INF] Executing OkObjectResult, writing value of type 'System.Linq.Enumerable+SelectListIterator`2[[HomeCareApp.Models.Patient, api, Version=1.0.0.0, Culture=neutral, PublicKeyToken=null],[HomeCareApp.DTOs.PatientDto, api, Version=1.0.0.0, Culture=neutral, PublicKeyToken=null]]'.
2025-11-11 09:25:02.318 +01:00 [INF] Executed action HomeCareApp.Controllers.PatientController.GetPatients (api) in 1.9849ms
2025-11-11 09:25:02.319 +01:00 [INF] Executed endpoint 'HomeCareApp.Controllers.PatientController.GetPatients (api)'
2025-11-11 09:25:02.319 +01:00 [INF] Request finished HTTP/1.1 GET http://localhost:5090/api/Patient - 200 668 application/json; charset=utf-8 3.7073ms
2025-11-11 09:25:10.166 +01:00 [INF] Request starting HTTP/1.1 GET http://localhost:5090/api/Appointment - null null
2025-11-11 09:25:10.166 +01:00 [INF] CORS policy execution successful.
2025-11-11 09:25:10.166 +01:00 [INF] Executing endpoint 'HomeCareApp.Controllers.AppointmentController.GetAppointments (api)'
2025-11-11 09:25:10.166 +01:00 [INF] Route matched with {action = "GetAppointments", controller = "Appointment"}. Executing controller action with signature System.Threading.Tasks.Task`1[Microsoft.AspNetCore.Mvc.IActionResult] GetAppointments() on controller HomeCareApp.Controllers.AppointmentController (api).
2025-11-11 09:25:10.169 +01:00 [INF] Executing OkObjectResult, writing value of type 'System.Linq.Enumerable+SelectListIterator`2[[HomeCareApp.Models.Appointment, api, Version=1.0.0.0, Culture=neutral, PublicKeyToken=null],[HomeCareApp.DTOs.AppointmentDto, api, Version=1.0.0.0, Culture=neutral, PublicKeyToken=null]]'.
2025-11-11 09:25:10.169 +01:00 [INF] Executed action HomeCareApp.Controllers.AppointmentController.GetAppointments (api) in 2.7066ms
2025-11-11 09:25:10.169 +01:00 [INF] Executed endpoint 'HomeCareApp.Controllers.AppointmentController.GetAppointments (api)'
2025-11-11 09:25:10.169 +01:00 [INF] Request finished HTTP/1.1 GET http://localhost:5090/api/Appointment - 200 986 application/json; charset=utf-8 3.66ms
2025-11-11 09:25:10.170 +01:00 [INF] Request starting HTTP/1.1 GET http://localhost:5090/api/Appointment - null null
2025-11-11 09:25:10.171 +01:00 [INF] CORS policy execution successful.
2025-11-11 09:25:10.171 +01:00 [INF] Executing endpoint 'HomeCareApp.Controllers.AppointmentController.GetAppointments (api)'
2025-11-11 09:25:10.171 +01:00 [INF] Route matched with {action = "GetAppointments", controller = "Appointment"}. Executing controller action with signature System.Threading.Tasks.Task`1[Microsoft.AspNetCore.Mvc.IActionResult] GetAppointments() on controller HomeCareApp.Controllers.AppointmentController (api).
2025-11-11 09:25:10.172 +01:00 [INF] Executing OkObjectResult, writing value of type 'System.Linq.Enumerable+SelectListIterator`2[[HomeCareApp.Models.Appointment, api, Version=1.0.0.0, Culture=neutral, PublicKeyToken=null],[HomeCareApp.DTOs.AppointmentDto, api, Version=1.0.0.0, Culture=neutral, PublicKeyToken=null]]'.
2025-11-11 09:25:10.172 +01:00 [INF] Executed action HomeCareApp.Controllers.AppointmentController.GetAppointments (api) in 1.6488ms
2025-11-11 09:25:10.172 +01:00 [INF] Executed endpoint 'HomeCareApp.Controllers.AppointmentController.GetAppointments (api)'
2025-11-11 09:25:10.173 +01:00 [INF] Request finished HTTP/1.1 GET http://localhost:5090/api/Appointment - 200 986 application/json; charset=utf-8 2.2479ms
2025-11-11 09:26:51.988 +01:00 [INF] Request starting HTTP/1.1 OPTIONS http://localhost:5090/api/employee/user/cb609e86-64de-4c7a-a0aa-b402daef23be - null null
2025-11-11 09:26:51.988 +01:00 [INF] Request starting HTTP/1.1 OPTIONS http://localhost:5090/api/employee/user/cb609e86-64de-4c7a-a0aa-b402daef23be - null null
2025-11-11 09:26:51.988 +01:00 [INF] CORS policy execution successful.
2025-11-11 09:26:51.988 +01:00 [INF] CORS policy execution successful.
2025-11-11 09:26:51.989 +01:00 [INF] Request finished HTTP/1.1 OPTIONS http://localhost:5090/api/employee/user/cb609e86-64de-4c7a-a0aa-b402daef23be - 204 null null 1.196ms
2025-11-11 09:26:51.989 +01:00 [INF] Request finished HTTP/1.1 OPTIONS http://localhost:5090/api/employee/user/cb609e86-64de-4c7a-a0aa-b402daef23be - 204 null null 1.3017ms
2025-11-11 09:26:51.991 +01:00 [INF] Request starting HTTP/1.1 GET http://localhost:5090/api/employee/user/cb609e86-64de-4c7a-a0aa-b402daef23be - application/json null
2025-11-11 09:26:51.991 +01:00 [INF] CORS policy execution successful.
2025-11-11 09:26:51.992 +01:00 [INF] Executing endpoint 'HomeCareApp.Controllers.EmployeeController.GetEmployeeByUserId (api)'
2025-11-11 09:26:51.992 +01:00 [INF] Route matched with {action = "GetEmployeeByUserId", controller = "Employee"}. Executing controller action with signature System.Threading.Tasks.Task`1[Microsoft.AspNetCore.Mvc.ActionResult`1[HomeCareApp.DTOs.EmployeeDto]] GetEmployeeByUserId(System.String) on controller HomeCareApp.Controllers.EmployeeController (api).
2025-11-11 09:26:51.995 +01:00 [INF] Executing OkObjectResult, writing value of type 'HomeCareApp.DTOs.EmployeeDto'.
2025-11-11 09:26:51.995 +01:00 [INF] Executed action HomeCareApp.Controllers.EmployeeController.GetEmployeeByUserId (api) in 2.9004ms
2025-11-11 09:26:51.996 +01:00 [INF] Executed endpoint 'HomeCareApp.Controllers.EmployeeController.GetEmployeeByUserId (api)'
2025-11-11 09:26:51.996 +01:00 [INF] Request finished HTTP/1.1 GET http://localhost:5090/api/employee/user/cb609e86-64de-4c7a-a0aa-b402daef23be - 200 692 application/json; charset=utf-8 4.5244ms
2025-11-11 09:26:51.998 +01:00 [INF] Request starting HTTP/1.1 GET http://localhost:5090/api/employee/user/cb609e86-64de-4c7a-a0aa-b402daef23be - application/json null
2025-11-11 09:26:51.998 +01:00 [INF] CORS policy execution successful.
2025-11-11 09:26:51.999 +01:00 [INF] Executing endpoint 'HomeCareApp.Controllers.EmployeeController.GetEmployeeByUserId (api)'
2025-11-11 09:26:51.999 +01:00 [INF] Route matched with {action = "GetEmployeeByUserId", controller = "Employee"}. Executing controller action with signature System.Threading.Tasks.Task`1[Microsoft.AspNetCore.Mvc.ActionResult`1[HomeCareApp.DTOs.EmployeeDto]] GetEmployeeByUserId(System.String) on controller HomeCareApp.Controllers.EmployeeController (api).
2025-11-11 09:26:52.001 +01:00 [INF] Executing OkObjectResult, writing value of type 'HomeCareApp.DTOs.EmployeeDto'.
2025-11-11 09:26:52.002 +01:00 [INF] Executed action HomeCareApp.Controllers.EmployeeController.GetEmployeeByUserId (api) in 2.7813ms
2025-11-11 09:26:52.002 +01:00 [INF] Executed endpoint 'HomeCareApp.Controllers.EmployeeController.GetEmployeeByUserId (api)'
2025-11-11 09:26:52.002 +01:00 [INF] Request finished HTTP/1.1 GET http://localhost:5090/api/employee/user/cb609e86-64de-4c7a-a0aa-b402daef23be - 200 692 application/json; charset=utf-8 4.4555ms
2025-11-11 09:27:39.785 +01:00 [INF] Request starting HTTP/1.1 GET http://localhost:5090/api/Appointment - null null
2025-11-11 09:27:39.786 +01:00 [INF] CORS policy execution successful.
2025-11-11 09:27:39.786 +01:00 [INF] Executing endpoint 'HomeCareApp.Controllers.AppointmentController.GetAppointments (api)'
2025-11-11 09:27:39.786 +01:00 [INF] Route matched with {action = "GetAppointments", controller = "Appointment"}. Executing controller action with signature System.Threading.Tasks.Task`1[Microsoft.AspNetCore.Mvc.IActionResult] GetAppointments() on controller HomeCareApp.Controllers.AppointmentController (api).
2025-11-11 09:27:39.788 +01:00 [INF] Executing OkObjectResult, writing value of type 'System.Linq.Enumerable+SelectListIterator`2[[HomeCareApp.Models.Appointment, api, Version=1.0.0.0, Culture=neutral, PublicKeyToken=null],[HomeCareApp.DTOs.AppointmentDto, api, Version=1.0.0.0, Culture=neutral, PublicKeyToken=null]]'.
2025-11-11 09:27:39.788 +01:00 [INF] Executed action HomeCareApp.Controllers.AppointmentController.GetAppointments (api) in 2.2588ms
2025-11-11 09:27:39.788 +01:00 [INF] Executed endpoint 'HomeCareApp.Controllers.AppointmentController.GetAppointments (api)'
2025-11-11 09:27:39.789 +01:00 [INF] Request finished HTTP/1.1 GET http://localhost:5090/api/Appointment - 200 986 application/json; charset=utf-8 3.4324ms
2025-11-11 09:27:39.790 +01:00 [INF] Request starting HTTP/1.1 GET http://localhost:5090/api/Appointment - null null
2025-11-11 09:27:39.790 +01:00 [INF] CORS policy execution successful.
2025-11-11 09:27:39.790 +01:00 [INF] Executing endpoint 'HomeCareApp.Controllers.AppointmentController.GetAppointments (api)'
2025-11-11 09:27:39.791 +01:00 [INF] Route matched with {action = "GetAppointments", controller = "Appointment"}. Executing controller action with signature System.Threading.Tasks.Task`1[Microsoft.AspNetCore.Mvc.IActionResult] GetAppointments() on controller HomeCareApp.Controllers.AppointmentController (api).
2025-11-11 09:27:39.792 +01:00 [INF] Executing OkObjectResult, writing value of type 'System.Linq.Enumerable+SelectListIterator`2[[HomeCareApp.Models.Appointment, api, Version=1.0.0.0, Culture=neutral, PublicKeyToken=null],[HomeCareApp.DTOs.AppointmentDto, api, Version=1.0.0.0, Culture=neutral, PublicKeyToken=null]]'.
2025-11-11 09:27:39.792 +01:00 [INF] Executed action HomeCareApp.Controllers.AppointmentController.GetAppointments (api) in 1.7508ms
2025-11-11 09:27:39.792 +01:00 [INF] Executed endpoint 'HomeCareApp.Controllers.AppointmentController.GetAppointments (api)'
2025-11-11 09:27:39.793 +01:00 [INF] Request finished HTTP/1.1 GET http://localhost:5090/api/Appointment - 200 986 application/json; charset=utf-8 2.4444ms
2025-11-11 09:27:41.364 +01:00 [INF] Request starting HTTP/1.1 OPTIONS http://localhost:5090/api/Employee - null null
2025-11-11 09:27:41.365 +01:00 [INF] Request starting HTTP/1.1 OPTIONS http://localhost:5090/api/Employee - null null
2025-11-11 09:27:41.365 +01:00 [INF] CORS policy execution successful.
2025-11-11 09:27:41.365 +01:00 [INF] CORS policy execution successful.
2025-11-11 09:27:41.365 +01:00 [INF] Request finished HTTP/1.1 OPTIONS http://localhost:5090/api/Employee - 204 null null 0.5315ms
2025-11-11 09:27:41.365 +01:00 [INF] Request finished HTTP/1.1 OPTIONS http://localhost:5090/api/Employee - 204 null null 1.1236ms
2025-11-11 09:27:41.368 +01:00 [INF] Request starting HTTP/1.1 GET http://localhost:5090/api/Employee - application/json null
2025-11-11 09:27:41.369 +01:00 [INF] CORS policy execution successful.
2025-11-11 09:27:41.370 +01:00 [INF] Executing endpoint 'HomeCareApp.Controllers.EmployeeController.GetEmployees (api)'
2025-11-11 09:27:41.370 +01:00 [INF] Route matched with {action = "GetEmployees", controller = "Employee"}. Executing controller action with signature System.Threading.Tasks.Task`1[Microsoft.AspNetCore.Mvc.ActionResult`1[System.Collections.Generic.IEnumerable`1[HomeCareApp.DTOs.EmployeeDto]]] GetEmployees() on controller HomeCareApp.Controllers.EmployeeController (api).
2025-11-11 09:27:41.373 +01:00 [INF] Executing OkObjectResult, writing value of type 'System.Linq.Enumerable+SelectListIterator`2[[HomeCareApp.Models.Employee, api, Version=1.0.0.0, Culture=neutral, PublicKeyToken=null],[HomeCareApp.DTOs.EmployeeDto, api, Version=1.0.0.0, Culture=neutral, PublicKeyToken=null]]'.
2025-11-11 09:27:41.374 +01:00 [INF] Executed action HomeCareApp.Controllers.EmployeeController.GetEmployees (api) in 3.4732ms
2025-11-11 09:27:41.374 +01:00 [INF] Executed endpoint 'HomeCareApp.Controllers.EmployeeController.GetEmployees (api)'
2025-11-11 09:27:41.374 +01:00 [INF] Request finished HTTP/1.1 GET http://localhost:5090/api/Employee - 200 1795 application/json; charset=utf-8 5.6247ms
2025-11-11 09:27:41.376 +01:00 [INF] Request starting HTTP/1.1 GET http://localhost:5090/api/Employee - application/json null
2025-11-11 09:27:41.376 +01:00 [INF] CORS policy execution successful.
2025-11-11 09:27:41.377 +01:00 [INF] Executing endpoint 'HomeCareApp.Controllers.EmployeeController.GetEmployees (api)'
2025-11-11 09:27:41.377 +01:00 [INF] Route matched with {action = "GetEmployees", controller = "Employee"}. Executing controller action with signature System.Threading.Tasks.Task`1[Microsoft.AspNetCore.Mvc.ActionResult`1[System.Collections.Generic.IEnumerable`1[HomeCareApp.DTOs.EmployeeDto]]] GetEmployees() on controller HomeCareApp.Controllers.EmployeeController (api).
2025-11-11 09:27:41.377 +01:00 [INF] Request starting HTTP/1.1 OPTIONS http://localhost:5090/api/Patient - null null
2025-11-11 09:27:41.377 +01:00 [INF] CORS policy execution successful.
2025-11-11 09:27:41.378 +01:00 [INF] Request finished HTTP/1.1 OPTIONS http://localhost:5090/api/Patient - 204 null null 0.2997ms
2025-11-11 09:27:41.379 +01:00 [INF] Executing OkObjectResult, writing value of type 'System.Linq.Enumerable+SelectListIterator`2[[HomeCareApp.Models.Employee, api, Version=1.0.0.0, Culture=neutral, PublicKeyToken=null],[HomeCareApp.DTOs.EmployeeDto, api, Version=1.0.0.0, Culture=neutral, PublicKeyToken=null]]'.
2025-11-11 09:27:41.379 +01:00 [INF] Executed action HomeCareApp.Controllers.EmployeeController.GetEmployees (api) in 2.0033ms
2025-11-11 09:27:41.379 +01:00 [INF] Executed endpoint 'HomeCareApp.Controllers.EmployeeController.GetEmployees (api)'
2025-11-11 09:27:41.379 +01:00 [INF] Request finished HTTP/1.1 GET http://localhost:5090/api/Employee - 200 1795 application/json; charset=utf-8 3.0553ms
2025-11-11 09:27:41.379 +01:00 [INF] Request starting HTTP/1.1 GET http://localhost:5090/api/Patient - application/json null
2025-11-11 09:27:41.379 +01:00 [INF] CORS policy execution successful.
2025-11-11 09:27:41.380 +01:00 [INF] Executing endpoint 'HomeCareApp.Controllers.PatientController.GetPatients (api)'
2025-11-11 09:27:41.380 +01:00 [INF] Route matched with {action = "GetPatients", controller = "Patient"}. Executing controller action with signature System.Threading.Tasks.Task`1[Microsoft.AspNetCore.Mvc.ActionResult`1[System.Collections.Generic.IEnumerable`1[HomeCareApp.DTOs.PatientDto]]] GetPatients() on controller HomeCareApp.Controllers.PatientController (api).
2025-11-11 09:27:41.382 +01:00 [INF] Executing OkObjectResult, writing value of type 'System.Linq.Enumerable+SelectListIterator`2[[HomeCareApp.Models.Patient, api, Version=1.0.0.0, Culture=neutral, PublicKeyToken=null],[HomeCareApp.DTOs.PatientDto, api, Version=1.0.0.0, Culture=neutral, PublicKeyToken=null]]'.
2025-11-11 09:27:41.382 +01:00 [INF] Executed action HomeCareApp.Controllers.PatientController.GetPatients (api) in 2.0403ms
2025-11-11 09:27:41.382 +01:00 [INF] Executed endpoint 'HomeCareApp.Controllers.PatientController.GetPatients (api)'
2025-11-11 09:27:41.383 +01:00 [INF] Request finished HTTP/1.1 GET http://localhost:5090/api/Patient - 200 668 application/json; charset=utf-8 3.1363ms
2025-11-11 09:27:41.384 +01:00 [INF] Request starting HTTP/1.1 GET http://localhost:5090/api/Patient - application/json null
2025-11-11 09:27:41.384 +01:00 [INF] CORS policy execution successful.
2025-11-11 09:27:41.385 +01:00 [INF] Executing endpoint 'HomeCareApp.Controllers.PatientController.GetPatients (api)'
2025-11-11 09:27:41.385 +01:00 [INF] Route matched with {action = "GetPatients", controller = "Patient"}. Executing controller action with signature System.Threading.Tasks.Task`1[Microsoft.AspNetCore.Mvc.ActionResult`1[System.Collections.Generic.IEnumerable`1[HomeCareApp.DTOs.PatientDto]]] GetPatients() on controller HomeCareApp.Controllers.PatientController (api).
2025-11-11 09:27:41.386 +01:00 [INF] Executing OkObjectResult, writing value of type 'System.Linq.Enumerable+SelectListIterator`2[[HomeCareApp.Models.Patient, api, Version=1.0.0.0, Culture=neutral, PublicKeyToken=null],[HomeCareApp.DTOs.PatientDto, api, Version=1.0.0.0, Culture=neutral, PublicKeyToken=null]]'.
2025-11-11 09:27:41.386 +01:00 [INF] Executed action HomeCareApp.Controllers.PatientController.GetPatients (api) in 1.3387ms
2025-11-11 09:27:41.387 +01:00 [INF] Executed endpoint 'HomeCareApp.Controllers.PatientController.GetPatients (api)'
2025-11-11 09:27:41.387 +01:00 [INF] Request finished HTTP/1.1 GET http://localhost:5090/api/Patient - 200 668 application/json; charset=utf-8 2.7538ms
