2025-11-06 14:48:46.607 +01:00 [INF] No migrations were applied. The database is already up to date.
2025-11-06 14:48:46.702 +01:00 [INF] No migrations were applied. The database is already up to date.
2025-11-06 14:48:47.370 +01:00 [INF] User profile is available. Using 'C:\Users\vilde\AppData\Local\ASP.NET\DataProtection-Keys' as key repository and Windows DPAPI to encrypt keys at rest.
2025-11-06 14:48:47.466 +01:00 [INF] Now listening on: http://localhost:5090
2025-11-06 14:48:47.470 +01:00 [INF] Application started. Press Ctrl+C to shut down.
2025-11-06 14:48:47.470 +01:00 [INF] Hosting environment: Development
2025-11-06 14:48:47.472 +01:00 [INF] Content root path: C:\Users\vilde\OneDrive\Documents\Homecare React\React-Homecare\api
2025-11-06 14:49:32.844 +01:00 [INF] Request starting HTTP/1.1 OPTIONS http://localhost:5090/api/Auth/login - null null
2025-11-06 14:49:32.883 +01:00 [INF] CORS policy execution successful.
2025-11-06 14:49:32.887 +01:00 [INF] Request finished HTTP/1.1 OPTIONS http://localhost:5090/api/Auth/login - 204 null null 45.0982ms
2025-11-06 14:49:32.891 +01:00 [INF] Request starting HTTP/1.1 POST http://localhost:5090/api/Auth/login - application/json 53
2025-11-06 14:49:32.896 +01:00 [INF] CORS policy execution successful.
2025-11-06 14:49:32.920 +01:00 [INF] Executing endpoint 'HomeCareApp.Controllers.AuthController.Login (api)'
2025-11-06 14:49:32.937 +01:00 [INF] Route matched with {action = "Login", controller = "Auth"}. Executing controller action with signature System.Threading.Tasks.Task`1[Microsoft.AspNetCore.Mvc.IActionResult] Login(HomeCareApp.DTOs.LoginDto) on controller HomeCareApp.Controllers.AuthController (api).
2025-11-06 14:49:33.195 +01:00 [INF] [AuthAPIController] user authorised for TestVilde
2025-11-06 14:49:33.244 +01:00 [INF] [AuthAPIController] JWT token created for TestVilde with roles Patient
2025-11-06 14:49:33.245 +01:00 [INF] [AuthAPIController] JWT token claims: sub=ea72dd84-773a-4e83-ac16-0eb80be61cc9, email=vilde@test.no, http://schemas.xmlsoap.org/ws/2005/05/identity/claims/nameidentifier=ea72dd84-773a-4e83-ac16-0eb80be61cc9, http://schemas.xmlsoap.org/ws/2005/05/identity/claims/name=TestVilde, username=TestVilde, userid=ea72dd84-773a-4e83-ac16-0eb80be61cc9, nameid=ea72dd84-773a-4e83-ac16-0eb80be61cc9, jti=ee851565-12ab-49c2-8356-b8980771853a, iat=1762436973, http://schemas.microsoft.com/ws/2008/06/identity/claims/role=Patient, role=Patient
2025-11-06 14:49:33.271 +01:00 [INF] Executing OkObjectResult, writing value of type '<>f__AnonymousType4`1[[System.String, System.Private.CoreLib, Version=8.0.0.0, Culture=neutral, PublicKeyToken=7cec85d7bea7798e]]'.
2025-11-06 14:49:33.297 +01:00 [INF] Executed action HomeCareApp.Controllers.AuthController.Login (api) in 356.132ms
2025-11-06 14:49:33.297 +01:00 [INF] Executed endpoint 'HomeCareApp.Controllers.AuthController.Login (api)'
2025-11-06 14:49:33.300 +01:00 [INF] Request finished HTTP/1.1 POST http://localhost:5090/api/Auth/login - 200 871 application/json; charset=utf-8 409.0461ms
2025-11-06 14:49:33.300 +01:00 [INF] Request starting HTTP/1.1 OPTIONS http://localhost:5090/api/patient/user/ea72dd84-773a-4e83-ac16-0eb80be61cc9 - null null
2025-11-06 14:49:33.301 +01:00 [INF] CORS policy execution successful.
2025-11-06 14:49:33.301 +01:00 [INF] Request finished HTTP/1.1 OPTIONS http://localhost:5090/api/patient/user/ea72dd84-773a-4e83-ac16-0eb80be61cc9 - 204 null null 1.0903ms
2025-11-06 14:49:33.303 +01:00 [INF] Request starting HTTP/1.1 GET http://localhost:5090/api/patient/user/ea72dd84-773a-4e83-ac16-0eb80be61cc9 - application/json null
2025-11-06 14:49:33.308 +01:00 [INF] CORS policy execution successful.
2025-11-06 14:49:33.373 +01:00 [INF] Executing endpoint 'HomeCareApp.Controllers.PatientController.GetPatientByUserId (api)'
2025-11-06 14:49:33.383 +01:00 [INF] Route matched with {action = "GetPatientByUserId", controller = "Patient"}. Executing controller action with signature System.Threading.Tasks.Task`1[Microsoft.AspNetCore.Mvc.ActionResult`1[HomeCareApp.DTOs.PatientDto]] GetPatientByUserId(System.String) on controller HomeCareApp.Controllers.PatientController (api).
2025-11-06 14:49:33.405 +01:00 [INF] Executing OkObjectResult, writing value of type 'HomeCareApp.DTOs.PatientDto'.
2025-11-06 14:49:33.425 +01:00 [INF] Executed action HomeCareApp.Controllers.PatientController.GetPatientByUserId (api) in 41.4531ms
2025-11-06 14:49:33.425 +01:00 [INF] Executed endpoint 'HomeCareApp.Controllers.PatientController.GetPatientByUserId (api)'
2025-11-06 14:49:33.426 +01:00 [INF] Request finished HTTP/1.1 GET http://localhost:5090/api/patient/user/ea72dd84-773a-4e83-ac16-0eb80be61cc9 - 200 228 application/json; charset=utf-8 122.675ms
2025-11-06 14:49:33.493 +01:00 [INF] Request starting HTTP/1.1 GET http://localhost:5090/api/Appointment - null null
2025-11-06 14:49:33.494 +01:00 [INF] CORS policy execution successful.
2025-11-06 14:49:33.496 +01:00 [INF] Executing endpoint 'HomeCareApp.Controllers.AppointmentController.GetAppointments (api)'
2025-11-06 14:49:33.500 +01:00 [INF] Route matched with {action = "GetAppointments", controller = "Appointment"}. Executing controller action with signature System.Threading.Tasks.Task`1[Microsoft.AspNetCore.Mvc.IActionResult] GetAppointments() on controller HomeCareApp.Controllers.AppointmentController (api).
2025-11-06 14:49:33.567 +01:00 [INF] Executing OkObjectResult, writing value of type 'System.Linq.Enumerable+SelectListIterator`2[[HomeCareApp.Models.Appointment, api, Version=1.0.0.0, Culture=neutral, PublicKeyToken=null],[HomeCareApp.DTOs.AppointmentDto, api, Version=1.0.0.0, Culture=neutral, PublicKeyToken=null]]'.
2025-11-06 14:49:33.578 +01:00 [INF] Executed action HomeCareApp.Controllers.AppointmentController.GetAppointments (api) in 78.3716ms
2025-11-06 14:49:33.579 +01:00 [INF] Executed endpoint 'HomeCareApp.Controllers.AppointmentController.GetAppointments (api)'
2025-11-06 14:49:33.579 +01:00 [INF] Request finished HTTP/1.1 GET http://localhost:5090/api/Appointment - 200 656 application/json; charset=utf-8 86.2145ms
2025-11-06 14:49:33.580 +01:00 [INF] Request starting HTTP/1.1 GET http://localhost:5090/api/Appointment - null null
2025-11-06 14:49:33.580 +01:00 [INF] CORS policy execution successful.
2025-11-06 14:49:33.581 +01:00 [INF] Executing endpoint 'HomeCareApp.Controllers.AppointmentController.GetAppointments (api)'
2025-11-06 14:49:33.581 +01:00 [INF] Route matched with {action = "GetAppointments", controller = "Appointment"}. Executing controller action with signature System.Threading.Tasks.Task`1[Microsoft.AspNetCore.Mvc.IActionResult] GetAppointments() on controller HomeCareApp.Controllers.AppointmentController (api).
2025-11-06 14:49:33.586 +01:00 [INF] Executing OkObjectResult, writing value of type 'System.Linq.Enumerable+SelectListIterator`2[[HomeCareApp.Models.Appointment, api, Version=1.0.0.0, Culture=neutral, PublicKeyToken=null],[HomeCareApp.DTOs.AppointmentDto, api, Version=1.0.0.0, Culture=neutral, PublicKeyToken=null]]'.
2025-11-06 14:49:33.586 +01:00 [INF] Executed action HomeCareApp.Controllers.AppointmentController.GetAppointments (api) in 5.3151ms
2025-11-06 14:49:33.586 +01:00 [INF] Executed endpoint 'HomeCareApp.Controllers.AppointmentController.GetAppointments (api)'
2025-11-06 14:49:33.587 +01:00 [INF] Request finished HTTP/1.1 GET http://localhost:5090/api/Appointment - 200 656 application/json; charset=utf-8 6.3759ms
2025-11-06 14:49:51.999 +01:00 [INF] Request starting HTTP/1.1 GET http://localhost:5090/api/Appointment - null null
2025-11-06 14:49:51.999 +01:00 [INF] CORS policy execution successful.
2025-11-06 14:49:52.000 +01:00 [INF] Executing endpoint 'HomeCareApp.Controllers.AppointmentController.GetAppointments (api)'
2025-11-06 14:49:52.000 +01:00 [INF] Route matched with {action = "GetAppointments", controller = "Appointment"}. Executing controller action with signature System.Threading.Tasks.Task`1[Microsoft.AspNetCore.Mvc.IActionResult] GetAppointments() on controller HomeCareApp.Controllers.AppointmentController (api).
2025-11-06 14:49:52.009 +01:00 [INF] Executing OkObjectResult, writing value of type 'System.Linq.Enumerable+SelectListIterator`2[[HomeCareApp.Models.Appointment, api, Version=1.0.0.0, Culture=neutral, PublicKeyToken=null],[HomeCareApp.DTOs.AppointmentDto, api, Version=1.0.0.0, Culture=neutral, PublicKeyToken=null]]'.
2025-11-06 14:49:52.010 +01:00 [INF] Executed action HomeCareApp.Controllers.AppointmentController.GetAppointments (api) in 9.5662ms
2025-11-06 14:49:52.010 +01:00 [INF] Executed endpoint 'HomeCareApp.Controllers.AppointmentController.GetAppointments (api)'
2025-11-06 14:49:52.011 +01:00 [INF] Request finished HTTP/1.1 GET http://localhost:5090/api/Appointment - 200 656 application/json; charset=utf-8 11.9308ms
2025-11-06 14:49:52.011 +01:00 [INF] Request starting HTTP/1.1 GET http://localhost:5090/api/Appointment - null null
2025-11-06 14:49:52.011 +01:00 [INF] CORS policy execution successful.
2025-11-06 14:49:52.012 +01:00 [INF] Executing endpoint 'HomeCareApp.Controllers.AppointmentController.GetAppointments (api)'
2025-11-06 14:49:52.012 +01:00 [INF] Route matched with {action = "GetAppointments", controller = "Appointment"}. Executing controller action with signature System.Threading.Tasks.Task`1[Microsoft.AspNetCore.Mvc.IActionResult] GetAppointments() on controller HomeCareApp.Controllers.AppointmentController (api).
2025-11-06 14:49:52.016 +01:00 [INF] Executing OkObjectResult, writing value of type 'System.Linq.Enumerable+SelectListIterator`2[[HomeCareApp.Models.Appointment, api, Version=1.0.0.0, Culture=neutral, PublicKeyToken=null],[HomeCareApp.DTOs.AppointmentDto, api, Version=1.0.0.0, Culture=neutral, PublicKeyToken=null]]'.
2025-11-06 14:49:52.017 +01:00 [INF] Executed action HomeCareApp.Controllers.AppointmentController.GetAppointments (api) in 5.3712ms
2025-11-06 14:49:52.018 +01:00 [INF] Executed endpoint 'HomeCareApp.Controllers.AppointmentController.GetAppointments (api)'
2025-11-06 14:49:52.018 +01:00 [INF] Request finished HTTP/1.1 GET http://localhost:5090/api/Appointment - 200 656 application/json; charset=utf-8 6.5199ms
2025-11-06 14:49:57.754 +01:00 [INF] Request starting HTTP/1.1 GET http://localhost:5090/api/Employee/names - null null
2025-11-06 14:49:57.754 +01:00 [INF] CORS policy execution successful.
2025-11-06 14:49:57.756 +01:00 [INF] Executing endpoint 'HomeCareApp.Controllers.EmployeeController.GetEmployeeNames (api)'
2025-11-06 14:49:57.760 +01:00 [INF] Route matched with {action = "GetEmployeeNames", controller = "Employee"}. Executing controller action with signature System.Threading.Tasks.Task`1[Microsoft.AspNetCore.Mvc.IActionResult] GetEmployeeNames() on controller HomeCareApp.Controllers.EmployeeController (api).
2025-11-06 14:49:57.815 +01:00 [INF] Executing OkObjectResult, writing value of type 'System.Linq.Enumerable+SelectListIterator`2[[HomeCareApp.Models.Employee, api, Version=1.0.0.0, Culture=neutral, PublicKeyToken=null],[<>f__AnonymousType0`2[[System.Int32, System.Private.CoreLib, Version=8.0.0.0, Culture=neutral, PublicKeyToken=7cec85d7bea7798e],[System.String, System.Private.CoreLib, Version=8.0.0.0, Culture=neutral, PublicKeyToken=7cec85d7bea7798e]], api, Version=1.0.0.0, Culture=neutral, PublicKeyToken=null]]'.
2025-11-06 14:49:57.820 +01:00 [INF] Executed action HomeCareApp.Controllers.EmployeeController.GetEmployeeNames (api) in 59.2764ms
2025-11-06 14:49:57.820 +01:00 [INF] Executed endpoint 'HomeCareApp.Controllers.EmployeeController.GetEmployeeNames (api)'
2025-11-06 14:49:57.821 +01:00 [INF] Request finished HTTP/1.1 GET http://localhost:5090/api/Employee/names - 200 137 application/json; charset=utf-8 66.8913ms
2025-11-06 14:49:57.821 +01:00 [INF] Request starting HTTP/1.1 GET http://localhost:5090/api/Employee/names - null null
2025-11-06 14:49:57.823 +01:00 [INF] CORS policy execution successful.
2025-11-06 14:49:57.824 +01:00 [INF] Executing endpoint 'HomeCareApp.Controllers.EmployeeController.GetEmployeeNames (api)'
2025-11-06 14:49:57.824 +01:00 [INF] Route matched with {action = "GetEmployeeNames", controller = "Employee"}. Executing controller action with signature System.Threading.Tasks.Task`1[Microsoft.AspNetCore.Mvc.IActionResult] GetEmployeeNames() on controller HomeCareApp.Controllers.EmployeeController (api).
2025-11-06 14:49:57.828 +01:00 [INF] Executing OkObjectResult, writing value of type 'System.Linq.Enumerable+SelectListIterator`2[[HomeCareApp.Models.Employee, api, Version=1.0.0.0, Culture=neutral, PublicKeyToken=null],[<>f__AnonymousType0`2[[System.Int32, System.Private.CoreLib, Version=8.0.0.0, Culture=neutral, PublicKeyToken=7cec85d7bea7798e],[System.String, System.Private.CoreLib, Version=8.0.0.0, Culture=neutral, PublicKeyToken=7cec85d7bea7798e]], api, Version=1.0.0.0, Culture=neutral, PublicKeyToken=null]]'.
2025-11-06 14:49:57.829 +01:00 [INF] Executed action HomeCareApp.Controllers.EmployeeController.GetEmployeeNames (api) in 4.4617ms
2025-11-06 14:49:57.829 +01:00 [INF] Executed endpoint 'HomeCareApp.Controllers.EmployeeController.GetEmployeeNames (api)'
2025-11-06 14:49:57.829 +01:00 [INF] Request finished HTTP/1.1 GET http://localhost:5090/api/Employee/names - 200 137 application/json; charset=utf-8 8.2713ms
2025-11-06 14:50:31.387 +01:00 [INF] Request starting HTTP/1.1 OPTIONS http://localhost:5090/api/Appointment - null null
2025-11-06 14:50:31.388 +01:00 [INF] CORS policy execution successful.
2025-11-06 14:50:31.388 +01:00 [INF] Request finished HTTP/1.1 OPTIONS http://localhost:5090/api/Appointment - 204 null null 0.6519ms
2025-11-06 14:50:31.390 +01:00 [INF] Request starting HTTP/1.1 POST http://localhost:5090/api/Appointment - application/json 97
2025-11-06 14:50:31.390 +01:00 [INF] CORS policy execution successful.
2025-11-06 14:50:31.391 +01:00 [INF] Executing endpoint 'HomeCareApp.Controllers.AppointmentController.Create (api)'
2025-11-06 14:50:31.394 +01:00 [INF] Route matched with {action = "Create", controller = "Appointment"}. Executing controller action with signature System.Threading.Tasks.Task`1[Microsoft.AspNetCore.Mvc.IActionResult] Create(HomeCareApp.DTOs.AppointmentDto) on controller HomeCareApp.Controllers.AppointmentController (api).
2025-11-06 14:50:31.407 +01:00 [INF] Executing BadRequestObjectResult, writing value of type 'System.String'.
2025-11-06 14:50:31.407 +01:00 [INF] Executed action HomeCareApp.Controllers.AppointmentController.Create (api) in 13.2643ms
2025-11-06 14:50:31.407 +01:00 [INF] Executed endpoint 'HomeCareApp.Controllers.AppointmentController.Create (api)'
2025-11-06 14:50:31.407 +01:00 [INF] Request finished HTTP/1.1 POST http://localhost:5090/api/Appointment - 400 null text/plain; charset=utf-8 17.4872ms
2025-11-06 14:50:35.448 +01:00 [INF] Request starting HTTP/1.1 POST http://localhost:5090/api/Appointment - application/json 97
2025-11-06 14:50:35.448 +01:00 [INF] CORS policy execution successful.
2025-11-06 14:50:35.448 +01:00 [INF] Executing endpoint 'HomeCareApp.Controllers.AppointmentController.Create (api)'
2025-11-06 14:50:35.449 +01:00 [INF] Route matched with {action = "Create", controller = "Appointment"}. Executing controller action with signature System.Threading.Tasks.Task`1[Microsoft.AspNetCore.Mvc.IActionResult] Create(HomeCareApp.DTOs.AppointmentDto) on controller HomeCareApp.Controllers.AppointmentController (api).
2025-11-06 14:50:35.450 +01:00 [INF] Executing BadRequestObjectResult, writing value of type 'System.String'.
2025-11-06 14:50:35.450 +01:00 [INF] Executed action HomeCareApp.Controllers.AppointmentController.Create (api) in 1.2237ms
2025-11-06 14:50:35.450 +01:00 [INF] Executed endpoint 'HomeCareApp.Controllers.AppointmentController.Create (api)'
2025-11-06 14:50:35.450 +01:00 [INF] Request finished HTTP/1.1 POST http://localhost:5090/api/Appointment - 400 null text/plain; charset=utf-8 2.4756ms
2025-11-06 14:50:36.297 +01:00 [INF] Request starting HTTP/1.1 POST http://localhost:5090/api/Appointment - application/json 97
2025-11-06 14:50:36.297 +01:00 [INF] CORS policy execution successful.
2025-11-06 14:50:36.297 +01:00 [INF] Executing endpoint 'HomeCareApp.Controllers.AppointmentController.Create (api)'
2025-11-06 14:50:36.298 +01:00 [INF] Route matched with {action = "Create", controller = "Appointment"}. Executing controller action with signature System.Threading.Tasks.Task`1[Microsoft.AspNetCore.Mvc.IActionResult] Create(HomeCareApp.DTOs.AppointmentDto) on controller HomeCareApp.Controllers.AppointmentController (api).
2025-11-06 14:50:36.298 +01:00 [INF] Executing BadRequestObjectResult, writing value of type 'System.String'.
2025-11-06 14:50:36.298 +01:00 [INF] Executed action HomeCareApp.Controllers.AppointmentController.Create (api) in 0.6835ms
2025-11-06 14:50:36.298 +01:00 [INF] Executed endpoint 'HomeCareApp.Controllers.AppointmentController.Create (api)'
2025-11-06 14:50:36.299 +01:00 [INF] Request finished HTTP/1.1 POST http://localhost:5090/api/Appointment - 400 null text/plain; charset=utf-8 1.6463ms
2025-11-06 14:50:36.615 +01:00 [INF] Request starting HTTP/1.1 OPTIONS http://localhost:5090/api/Appointment - null null
2025-11-06 14:50:36.616 +01:00 [INF] CORS policy execution successful.
2025-11-06 14:50:36.616 +01:00 [INF] Request finished HTTP/1.1 OPTIONS http://localhost:5090/api/Appointment - 204 null null 0.602ms
2025-11-06 14:50:36.618 +01:00 [INF] Request starting HTTP/1.1 POST http://localhost:5090/api/Appointment - application/json 97
2025-11-06 14:50:36.618 +01:00 [INF] CORS policy execution successful.
2025-11-06 14:50:36.618 +01:00 [INF] Executing endpoint 'HomeCareApp.Controllers.AppointmentController.Create (api)'
2025-11-06 14:50:36.619 +01:00 [INF] Route matched with {action = "Create", controller = "Appointment"}. Executing controller action with signature System.Threading.Tasks.Task`1[Microsoft.AspNetCore.Mvc.IActionResult] Create(HomeCareApp.DTOs.AppointmentDto) on controller HomeCareApp.Controllers.AppointmentController (api).
2025-11-06 14:50:36.619 +01:00 [INF] Executing BadRequestObjectResult, writing value of type 'System.String'.
2025-11-06 14:50:36.619 +01:00 [INF] Executed action HomeCareApp.Controllers.AppointmentController.Create (api) in 0.7057ms
2025-11-06 14:50:36.619 +01:00 [INF] Executed endpoint 'HomeCareApp.Controllers.AppointmentController.Create (api)'
2025-11-06 14:50:36.619 +01:00 [INF] Request finished HTTP/1.1 POST http://localhost:5090/api/Appointment - 400 null text/plain; charset=utf-8 1.54ms
2025-11-06 14:50:36.998 +01:00 [INF] Request starting HTTP/1.1 POST http://localhost:5090/api/Appointment - application/json 97
2025-11-06 14:50:36.998 +01:00 [INF] CORS policy execution successful.
2025-11-06 14:50:36.999 +01:00 [INF] Executing endpoint 'HomeCareApp.Controllers.AppointmentController.Create (api)'
2025-11-06 14:50:36.999 +01:00 [INF] Route matched with {action = "Create", controller = "Appointment"}. Executing controller action with signature System.Threading.Tasks.Task`1[Microsoft.AspNetCore.Mvc.IActionResult] Create(HomeCareApp.DTOs.AppointmentDto) on controller HomeCareApp.Controllers.AppointmentController (api).
2025-11-06 14:50:37.000 +01:00 [INF] Executing BadRequestObjectResult, writing value of type 'System.String'.
2025-11-06 14:50:37.000 +01:00 [INF] Executed action HomeCareApp.Controllers.AppointmentController.Create (api) in 1.1907ms
2025-11-06 14:50:37.000 +01:00 [INF] Executed endpoint 'HomeCareApp.Controllers.AppointmentController.Create (api)'
2025-11-06 14:50:37.000 +01:00 [INF] Request finished HTTP/1.1 POST http://localhost:5090/api/Appointment - 400 null text/plain; charset=utf-8 2.3037ms
2025-11-06 14:52:18.931 +01:00 [INF] Request starting HTTP/1.1 GET http://localhost:5090/swagger/index.html - null null
2025-11-06 14:52:18.993 +01:00 [INF] Request finished HTTP/1.1 GET http://localhost:5090/swagger/index.html - 200 null text/html;charset=utf-8 61.895ms
2025-11-06 14:52:19.108 +01:00 [INF] Request starting HTTP/1.1 GET http://localhost:5090/swagger/v1/swagger.json - null null
2025-11-06 14:52:19.233 +01:00 [INF] Request finished HTTP/1.1 GET http://localhost:5090/swagger/v1/swagger.json - 200 null application/json;charset=utf-8 124.9593ms
2025-11-06 14:54:12.641 +01:00 [INF] Request starting HTTP/1.1 GET http://localhost:5090/api/Employee/names - null null
2025-11-06 14:54:12.641 +01:00 [INF] Executing endpoint 'HomeCareApp.Controllers.EmployeeController.GetEmployeeNames (api)'
2025-11-06 14:54:12.642 +01:00 [INF] Route matched with {action = "GetEmployeeNames", controller = "Employee"}. Executing controller action with signature System.Threading.Tasks.Task`1[Microsoft.AspNetCore.Mvc.IActionResult] GetEmployeeNames() on controller HomeCareApp.Controllers.EmployeeController (api).
2025-11-06 14:54:12.647 +01:00 [INF] Executing OkObjectResult, writing value of type 'System.Linq.Enumerable+SelectListIterator`2[[HomeCareApp.Models.Employee, api, Version=1.0.0.0, Culture=neutral, PublicKeyToken=null],[<>f__AnonymousType0`2[[System.Int32, System.Private.CoreLib, Version=8.0.0.0, Culture=neutral, PublicKeyToken=7cec85d7bea7798e],[System.String, System.Private.CoreLib, Version=8.0.0.0, Culture=neutral, PublicKeyToken=7cec85d7bea7798e]], api, Version=1.0.0.0, Culture=neutral, PublicKeyToken=null]]'.
2025-11-06 14:54:12.647 +01:00 [INF] Executed action HomeCareApp.Controllers.EmployeeController.GetEmployeeNames (api) in 5.2063ms
2025-11-06 14:54:12.647 +01:00 [INF] Executed endpoint 'HomeCareApp.Controllers.EmployeeController.GetEmployeeNames (api)'
2025-11-06 14:54:12.647 +01:00 [INF] Request finished HTTP/1.1 GET http://localhost:5090/api/Employee/names - 200 137 application/json; charset=utf-8 6.2825ms
2025-11-06 15:13:47.539 +01:00 [INF] Application is shutting down...
