2025-11-27 15:06:20.922 +01:00 [INF] Applying migration '20251104093338_InitialAppMigration'.
2025-11-27 15:06:20.969 +01:00 [INF] Applying migration '20251111125603_AddMedicationTable'.
2025-11-27 15:06:20.979 +01:00 [INF] Applying migration '20251111155442_AddNotificationTable'.
2025-11-27 15:06:20.991 +01:00 [INF] Applying migration '20251127103728_RemoveTestData'.
2025-11-27 15:06:21.059 +01:00 [INF] Applying migration '20251104093324_InitialAuthMigration'.
2025-11-27 15:06:21.076 +01:00 [INF] Applying migration '20251127103744_RemoveTestData'.
2025-11-27 15:06:21.144 +01:00 [INF] User profile is available. Using 'C:\Users\vilde\AppData\Local\ASP.NET\DataProtection-Keys' as key repository and Windows DPAPI to encrypt keys at rest.
2025-11-27 15:06:21.180 +01:00 [INF] Now listening on: http://localhost:5090
2025-11-27 15:06:21.182 +01:00 [INF] Application started. Press Ctrl+C to shut down.
2025-11-27 15:06:21.182 +01:00 [INF] Hosting environment: Development
2025-11-27 15:06:21.182 +01:00 [INF] Content root path: C:\Users\vilde\OneDrive\Documents\Homecare React\React-Homecare\api
2025-11-27 15:06:27.262 +01:00 [INF] Request starting HTTP/1.1 GET http://localhost:5090/ - null null
2025-11-27 15:06:27.349 +01:00 [INF] Request finished HTTP/1.1 GET http://localhost:5090/ - 404 0 null 87.4522ms
2025-11-27 15:06:27.354 +01:00 [INF] Request reached the end of the middleware pipeline without being handled by application code. Request path: GET http://localhost:5090/, Response status code: 404
2025-11-27 15:06:29.218 +01:00 [INF] Request starting HTTP/1.1 OPTIONS http://localhost:5090/api/Notification/unread-count - null null
2025-11-27 15:06:29.224 +01:00 [INF] CORS policy execution successful.
2025-11-27 15:06:29.227 +01:00 [INF] Request finished HTTP/1.1 OPTIONS http://localhost:5090/api/Notification/unread-count - 204 null null 8.1556ms
2025-11-27 15:06:29.233 +01:00 [INF] Request starting HTTP/1.1 GET http://localhost:5090/api/Notification/unread-count - application/json null
2025-11-27 15:06:29.236 +01:00 [INF] CORS policy execution successful.
2025-11-27 15:06:29.299 +01:00 [INF] Executing endpoint 'HomeCareApp.Controllers.NotificationController.GetUnreadCount (api)'
2025-11-27 15:06:29.323 +01:00 [INF] Route matched with {action = "GetUnreadCount", controller = "Notification"}. Executing controller action with signature System.Threading.Tasks.Task`1[Microsoft.AspNetCore.Mvc.ActionResult`1[System.Int32]] GetUnreadCount() on controller HomeCareApp.Controllers.NotificationController (api).
2025-11-27 15:06:29.327 +01:00 [INF] [NotificationController] Getting unread count for UserId: 3e910976-dd6e-460f-8989-036062624ad9
2025-11-27 15:06:29.331 +01:00 [INF] [NotificationRepository] GetUnreadCountAsync(3e910976-dd6e-460f-8989-036062624ad9) - Getting unread count for user
2025-11-27 15:06:29.611 +01:00 [INF] [NotificationRepository] GetUnreadCountAsync(3e910976-dd6e-460f-8989-036062624ad9) - User has 0 unread notifications
2025-11-27 15:06:29.611 +01:00 [INF] [NotificationController] Found 0 unread notifications for UserId: 3e910976-dd6e-460f-8989-036062624ad9
2025-11-27 15:06:29.616 +01:00 [INF] Executing OkObjectResult, writing value of type 'System.Int32'.
2025-11-27 15:06:29.669 +01:00 [INF] Executed action HomeCareApp.Controllers.NotificationController.GetUnreadCount (api) in 340.9839ms
2025-11-27 15:06:29.669 +01:00 [INF] Executed endpoint 'HomeCareApp.Controllers.NotificationController.GetUnreadCount (api)'
2025-11-27 15:06:29.673 +01:00 [INF] Request finished HTTP/1.1 GET http://localhost:5090/api/Notification/unread-count - 200 1 application/json; charset=utf-8 440.8896ms
2025-11-27 15:06:33.341 +01:00 [INF] Application is shutting down...
