2025-11-10 23:24:33.139 +01:00 [INF] No migrations were applied. The database is already up to date.
2025-11-10 23:24:33.195 +01:00 [INF] No migrations were applied. The database is already up to date.
2025-11-10 23:24:33.509 +01:00 [INF] User profile is available. Using 'C:\Users\nahid\AppData\Local\ASP.NET\DataProtection-Keys' as key repository and Windows DPAPI to encrypt keys at rest.
2025-11-10 23:24:33.549 +01:00 [INF] Now listening on: http://localhost:5090
2025-11-10 23:24:33.551 +01:00 [INF] Application started. Press Ctrl+C to shut down.
2025-11-10 23:24:33.551 +01:00 [INF] Hosting environment: Development
2025-11-10 23:24:33.559 +01:00 [INF] Content root path: C:\Users\nahid\OneDrive\Dokumenter\GitHub\React-Homecare\api
2025-11-10 23:24:44.126 +01:00 [INF] Request starting HTTP/1.1 OPTIONS http://localhost:5090/api/Auth/login - null null
2025-11-10 23:24:44.155 +01:00 [INF] CORS policy execution successful.
2025-11-10 23:24:44.158 +01:00 [INF] Request finished HTTP/1.1 OPTIONS http://localhost:5090/api/Auth/login - 204 null null 32.611ms
2025-11-10 23:24:44.160 +01:00 [INF] Request starting HTTP/1.1 POST http://localhost:5090/api/Auth/login - application/json 46
2025-11-10 23:24:44.163 +01:00 [INF] CORS policy execution successful.
2025-11-10 23:24:44.177 +01:00 [INF] Executing endpoint 'HomeCareApp.Controllers.AuthController.Login (api)'
2025-11-10 23:24:44.189 +01:00 [INF] Route matched with {action = "Login", controller = "Auth"}. Executing controller action with signature System.Threading.Tasks.Task`1[Microsoft.AspNetCore.Mvc.IActionResult] Login(HomeCareApp.DTOs.LoginDto) on controller HomeCareApp.Controllers.AuthController (api).
2025-11-10 23:24:44.340 +01:00 [INF] [AuthAPIController] user authorised for Nahid1
2025-11-10 23:24:44.380 +01:00 [INF] [AuthAPIController] JWT token created for Nahid1 with roles Employee
2025-11-10 23:24:44.380 +01:00 [INF] [AuthAPIController] JWT token claims: sub=8defb5b4-0933-4a85-ae20-736f5c955fc2, email=nahid@test.no, http://schemas.xmlsoap.org/ws/2005/05/identity/claims/nameidentifier=8defb5b4-0933-4a85-ae20-736f5c955fc2, http://schemas.xmlsoap.org/ws/2005/05/identity/claims/name=Nahid1, username=Nahid1, userid=8defb5b4-0933-4a85-ae20-736f5c955fc2, nameid=8defb5b4-0933-4a85-ae20-736f5c955fc2, jti=8875297d-60c9-4d87-bd40-f3d07c6b153f, iat=1762813484, http://schemas.microsoft.com/ws/2008/06/identity/claims/role=Employee, role=Employee
2025-11-10 23:24:44.397 +01:00 [INF] Executing OkObjectResult, writing value of type '<>f__AnonymousType3`1[[System.String, System.Private.CoreLib, Version=8.0.0.0, Culture=neutral, PublicKeyToken=7cec85d7bea7798e]]'.
2025-11-10 23:24:44.417 +01:00 [INF] Executed action HomeCareApp.Controllers.AuthController.Login (api) in 226.2547ms
2025-11-10 23:24:44.418 +01:00 [INF] Executed endpoint 'HomeCareApp.Controllers.AuthController.Login (api)'
2025-11-10 23:24:44.420 +01:00 [INF] Request finished HTTP/1.1 POST http://localhost:5090/api/Auth/login - 200 865 application/json; charset=utf-8 260.3901ms
2025-11-10 23:24:44.421 +01:00 [INF] Request starting HTTP/1.1 OPTIONS http://localhost:5090/api/employee/user/8defb5b4-0933-4a85-ae20-736f5c955fc2 - null null
2025-11-10 23:24:44.422 +01:00 [INF] CORS policy execution successful.
2025-11-10 23:24:44.422 +01:00 [INF] Request finished HTTP/1.1 OPTIONS http://localhost:5090/api/employee/user/8defb5b4-0933-4a85-ae20-736f5c955fc2 - 204 null null 1.2328ms
2025-11-10 23:24:44.424 +01:00 [INF] Request starting HTTP/1.1 GET http://localhost:5090/api/employee/user/8defb5b4-0933-4a85-ae20-736f5c955fc2 - application/json null
2025-11-10 23:24:44.430 +01:00 [INF] CORS policy execution successful.
2025-11-10 23:24:44.465 +01:00 [INF] Executing endpoint 'HomeCareApp.Controllers.EmployeeController.GetEmployeeByUserId (api)'
2025-11-10 23:24:44.469 +01:00 [INF] Route matched with {action = "GetEmployeeByUserId", controller = "Employee"}. Executing controller action with signature System.Threading.Tasks.Task`1[Microsoft.AspNetCore.Mvc.ActionResult`1[HomeCareApp.DTOs.EmployeeDto]] GetEmployeeByUserId(System.String) on controller HomeCareApp.Controllers.EmployeeController (api).
2025-11-10 23:24:44.519 +01:00 [INF] Executing OkObjectResult, writing value of type 'HomeCareApp.DTOs.EmployeeDto'.
2025-11-10 23:24:44.527 +01:00 [INF] Executed action HomeCareApp.Controllers.EmployeeController.GetEmployeeByUserId (api) in 58.3253ms
2025-11-10 23:24:44.528 +01:00 [INF] Executed endpoint 'HomeCareApp.Controllers.EmployeeController.GetEmployeeByUserId (api)'
2025-11-10 23:24:44.528 +01:00 [INF] Request finished HTTP/1.1 GET http://localhost:5090/api/employee/user/8defb5b4-0933-4a85-ae20-736f5c955fc2 - 200 666 application/json; charset=utf-8 103.5436ms
2025-11-10 23:24:44.549 +01:00 [INF] Request starting HTTP/1.1 GET http://localhost:5090/api/Appointment - null null
2025-11-10 23:24:44.550 +01:00 [INF] CORS policy execution successful.
2025-11-10 23:24:44.552 +01:00 [INF] Executing endpoint 'HomeCareApp.Controllers.AppointmentController.GetAppointments (api)'
2025-11-10 23:24:44.556 +01:00 [INF] Route matched with {action = "GetAppointments", controller = "Appointment"}. Executing controller action with signature System.Threading.Tasks.Task`1[Microsoft.AspNetCore.Mvc.IActionResult] GetAppointments() on controller HomeCareApp.Controllers.AppointmentController (api).
2025-11-10 23:24:44.589 +01:00 [INF] Executing OkObjectResult, writing value of type 'System.Linq.Enumerable+SelectListIterator`2[[HomeCareApp.Models.Appointment, api, Version=1.0.0.0, Culture=neutral, PublicKeyToken=null],[HomeCareApp.DTOs.AppointmentDto, api, Version=1.0.0.0, Culture=neutral, PublicKeyToken=null]]'.
2025-11-10 23:24:44.598 +01:00 [INF] Executed action HomeCareApp.Controllers.AppointmentController.GetAppointments (api) in 41.3518ms
2025-11-10 23:24:44.598 +01:00 [INF] Executed endpoint 'HomeCareApp.Controllers.AppointmentController.GetAppointments (api)'
2025-11-10 23:24:44.598 +01:00 [INF] Request finished HTTP/1.1 GET http://localhost:5090/api/Appointment - 200 656 application/json; charset=utf-8 49.7158ms
2025-11-10 23:24:44.600 +01:00 [INF] Request starting HTTP/1.1 GET http://localhost:5090/api/Appointment - null null
2025-11-10 23:24:44.600 +01:00 [INF] CORS policy execution successful.
2025-11-10 23:24:44.600 +01:00 [INF] Executing endpoint 'HomeCareApp.Controllers.AppointmentController.GetAppointments (api)'
2025-11-10 23:24:44.601 +01:00 [INF] Route matched with {action = "GetAppointments", controller = "Appointment"}. Executing controller action with signature System.Threading.Tasks.Task`1[Microsoft.AspNetCore.Mvc.IActionResult] GetAppointments() on controller HomeCareApp.Controllers.AppointmentController (api).
2025-11-10 23:24:44.605 +01:00 [INF] Executing OkObjectResult, writing value of type 'System.Linq.Enumerable+SelectListIterator`2[[HomeCareApp.Models.Appointment, api, Version=1.0.0.0, Culture=neutral, PublicKeyToken=null],[HomeCareApp.DTOs.AppointmentDto, api, Version=1.0.0.0, Culture=neutral, PublicKeyToken=null]]'.
2025-11-10 23:24:44.605 +01:00 [INF] Executed action HomeCareApp.Controllers.AppointmentController.GetAppointments (api) in 4.4544ms
2025-11-10 23:24:44.605 +01:00 [INF] Executed endpoint 'HomeCareApp.Controllers.AppointmentController.GetAppointments (api)'
2025-11-10 23:24:44.605 +01:00 [INF] Request finished HTTP/1.1 GET http://localhost:5090/api/Appointment - 200 656 application/json; charset=utf-8 5.411ms
2025-11-10 23:24:47.673 +01:00 [INF] Request starting HTTP/1.1 OPTIONS http://localhost:5090/api/medication - null null
2025-11-10 23:24:47.674 +01:00 [INF] CORS policy execution successful.
2025-11-10 23:24:47.674 +01:00 [INF] Request starting HTTP/1.1 OPTIONS http://localhost:5090/api/medication - null null
2025-11-10 23:24:47.674 +01:00 [INF] Request finished HTTP/1.1 OPTIONS http://localhost:5090/api/medication - 204 null null 0.788ms
2025-11-10 23:24:47.674 +01:00 [INF] CORS policy execution successful.
2025-11-10 23:24:47.675 +01:00 [INF] Request finished HTTP/1.1 OPTIONS http://localhost:5090/api/medication - 204 null null 0.9281ms
2025-11-10 23:24:47.677 +01:00 [INF] Request starting HTTP/1.1 GET http://localhost:5090/api/medication - application/json null
2025-11-10 23:24:47.677 +01:00 [INF] CORS policy execution successful.
2025-11-10 23:24:47.681 +01:00 [INF] Authorization failed. These requirements were not met:
RolesAuthorizationRequirement:User.IsInRole must be true for one of the following roles: (Employee)
2025-11-10 23:24:47.682 +01:00 [INF] AuthenticationScheme: Bearer was forbidden.
2025-11-10 23:24:47.683 +01:00 [INF] Request finished HTTP/1.1 GET http://localhost:5090/api/medication - 403 0 null 6.0469ms
2025-11-10 23:24:47.684 +01:00 [INF] Request starting HTTP/1.1 GET http://localhost:5090/api/medication - application/json null
2025-11-10 23:24:47.684 +01:00 [INF] CORS policy execution successful.
2025-11-10 23:24:47.686 +01:00 [INF] Authorization failed. These requirements were not met:
RolesAuthorizationRequirement:User.IsInRole must be true for one of the following roles: (Employee)
2025-11-10 23:24:47.686 +01:00 [INF] AuthenticationScheme: Bearer was forbidden.
2025-11-10 23:24:47.686 +01:00 [INF] Request finished HTTP/1.1 GET http://localhost:5090/api/medication - 403 0 null 2.5303ms
