2025-11-10 22:59:57.984 +01:00 [INF] No migrations were applied. The database is already up to date.
2025-11-10 22:59:58.030 +01:00 [INF] No migrations were applied. The database is already up to date.
2025-11-10 22:59:58.367 +01:00 [INF] User profile is available. Using 'C:\Users\nahid\AppData\Local\ASP.NET\DataProtection-Keys' as key repository and Windows DPAPI to encrypt keys at rest.
2025-11-10 22:59:58.407 +01:00 [INF] Now listening on: http://localhost:5090
2025-11-10 22:59:58.410 +01:00 [INF] Application started. Press Ctrl+C to shut down.
2025-11-10 22:59:58.410 +01:00 [INF] Hosting environment: Development
2025-11-10 22:59:58.418 +01:00 [INF] Content root path: C:\Users\nahid\OneDrive\Dokumenter\GitHub\React-Homecare\api
2025-11-10 23:00:01.983 +01:00 [INF] Request starting HTTP/1.1 GET http://localhost:5090/api/Appointment - null null
2025-11-10 23:00:02.015 +01:00 [INF] CORS policy execution successful.
2025-11-10 23:00:02.028 +01:00 [INF] Executing endpoint 'HomeCareApp.Controllers.AppointmentController.GetAppointments (api)'
2025-11-10 23:00:02.036 +01:00 [INF] Route matched with {action = "GetAppointments", controller = "Appointment"}. Executing controller action with signature System.Threading.Tasks.Task`1[Microsoft.AspNetCore.Mvc.IActionResult] GetAppointments() on controller HomeCareApp.Controllers.AppointmentController (api).
2025-11-10 23:00:02.100 +01:00 [INF] Executing OkObjectResult, writing value of type 'System.Linq.Enumerable+SelectListIterator`2[[HomeCareApp.Models.Appointment, api, Version=1.0.0.0, Culture=neutral, PublicKeyToken=null],[HomeCareApp.DTOs.AppointmentDto, api, Version=1.0.0.0, Culture=neutral, PublicKeyToken=null]]'.
2025-11-10 23:00:02.149 +01:00 [INF] Executed action HomeCareApp.Controllers.AppointmentController.GetAppointments (api) in 110.0298ms
2025-11-10 23:00:02.149 +01:00 [INF] Executed endpoint 'HomeCareApp.Controllers.AppointmentController.GetAppointments (api)'
2025-11-10 23:00:02.152 +01:00 [INF] Request finished HTTP/1.1 GET http://localhost:5090/api/Appointment - 200 656 application/json; charset=utf-8 170.4945ms
2025-11-10 23:00:02.153 +01:00 [INF] Request starting HTTP/1.1 GET http://localhost:5090/api/Appointment - null null
2025-11-10 23:00:02.154 +01:00 [INF] CORS policy execution successful.
2025-11-10 23:00:02.155 +01:00 [INF] Executing endpoint 'HomeCareApp.Controllers.AppointmentController.GetAppointments (api)'
2025-11-10 23:00:02.155 +01:00 [INF] Route matched with {action = "GetAppointments", controller = "Appointment"}. Executing controller action with signature System.Threading.Tasks.Task`1[Microsoft.AspNetCore.Mvc.IActionResult] GetAppointments() on controller HomeCareApp.Controllers.AppointmentController (api).
2025-11-10 23:00:02.159 +01:00 [INF] Executing OkObjectResult, writing value of type 'System.Linq.Enumerable+SelectListIterator`2[[HomeCareApp.Models.Appointment, api, Version=1.0.0.0, Culture=neutral, PublicKeyToken=null],[HomeCareApp.DTOs.AppointmentDto, api, Version=1.0.0.0, Culture=neutral, PublicKeyToken=null]]'.
2025-11-10 23:00:02.160 +01:00 [INF] Executed action HomeCareApp.Controllers.AppointmentController.GetAppointments (api) in 4.7781ms
2025-11-10 23:00:02.160 +01:00 [INF] Executed endpoint 'HomeCareApp.Controllers.AppointmentController.GetAppointments (api)'
2025-11-10 23:00:02.160 +01:00 [INF] Request finished HTTP/1.1 GET http://localhost:5090/api/Appointment - 200 656 application/json; charset=utf-8 7.6169ms
2025-11-10 23:00:03.157 +01:00 [INF] Request starting HTTP/1.1 OPTIONS http://localhost:5090/api/medication - null null
2025-11-10 23:00:03.158 +01:00 [INF] Request starting HTTP/1.1 OPTIONS http://localhost:5090/api/medication - null null
2025-11-10 23:00:03.159 +01:00 [INF] CORS policy execution successful.
2025-11-10 23:00:03.159 +01:00 [INF] CORS policy execution successful.
2025-11-10 23:00:03.159 +01:00 [INF] Request finished HTTP/1.1 OPTIONS http://localhost:5090/api/medication - 204 null null 2.0258ms
2025-11-10 23:00:03.159 +01:00 [INF] Request finished HTTP/1.1 OPTIONS http://localhost:5090/api/medication - 204 null null 1.7745ms
2025-11-10 23:00:03.161 +01:00 [INF] Request starting HTTP/1.1 GET http://localhost:5090/api/medication - application/json null
2025-11-10 23:00:03.162 +01:00 [INF] CORS policy execution successful.
2025-11-10 23:00:03.209 +01:00 [INF] Authorization failed. These requirements were not met:
RolesAuthorizationRequirement:User.IsInRole must be true for one of the following roles: (Employee)
2025-11-10 23:00:03.210 +01:00 [INF] AuthenticationScheme: Bearer was forbidden.
2025-11-10 23:00:03.210 +01:00 [INF] Request finished HTTP/1.1 GET http://localhost:5090/api/medication - 403 0 null 49.0577ms
2025-11-10 23:00:03.213 +01:00 [INF] Request starting HTTP/1.1 GET http://localhost:5090/api/medication - application/json null
2025-11-10 23:00:03.213 +01:00 [INF] CORS policy execution successful.
2025-11-10 23:00:03.215 +01:00 [INF] Authorization failed. These requirements were not met:
RolesAuthorizationRequirement:User.IsInRole must be true for one of the following roles: (Employee)
2025-11-10 23:00:03.216 +01:00 [INF] AuthenticationScheme: Bearer was forbidden.
2025-11-10 23:00:03.216 +01:00 [INF] Request finished HTTP/1.1 GET http://localhost:5090/api/medication - 403 0 null 3.4971ms
2025-11-10 23:00:56.948 +01:00 [INF] Request starting HTTP/1.1 OPTIONS http://localhost:5090/api/Auth/login - null null
2025-11-10 23:00:56.949 +01:00 [INF] CORS policy execution successful.
2025-11-10 23:00:56.949 +01:00 [INF] Request finished HTTP/1.1 OPTIONS http://localhost:5090/api/Auth/login - 204 null null 0.8066ms
2025-11-10 23:00:56.950 +01:00 [INF] Request starting HTTP/1.1 POST http://localhost:5090/api/Auth/login - application/json 46
2025-11-10 23:00:56.951 +01:00 [INF] CORS policy execution successful.
2025-11-10 23:00:56.952 +01:00 [INF] Executing endpoint 'HomeCareApp.Controllers.AuthController.Login (api)'
2025-11-10 23:00:56.959 +01:00 [INF] Route matched with {action = "Login", controller = "Auth"}. Executing controller action with signature System.Threading.Tasks.Task`1[Microsoft.AspNetCore.Mvc.IActionResult] Login(HomeCareApp.DTOs.LoginDto) on controller HomeCareApp.Controllers.AuthController (api).
2025-11-10 23:00:57.014 +01:00 [WRN] [AuthAPIController] user not authorised for patient6
2025-11-10 23:00:57.015 +01:00 [INF] Executing ObjectResult, writing value of type 'Microsoft.AspNetCore.Mvc.ProblemDetails'.
2025-11-10 23:00:57.023 +01:00 [INF] Executed action HomeCareApp.Controllers.AuthController.Login (api) in 64.3079ms
2025-11-10 23:00:57.023 +01:00 [INF] Executed endpoint 'HomeCareApp.Controllers.AuthController.Login (api)'
2025-11-10 23:00:57.023 +01:00 [INF] Request finished HTTP/1.1 POST http://localhost:5090/api/Auth/login - 401 165 application/problem+json; charset=utf-8 73.0053ms
2025-11-10 23:01:00.329 +01:00 [INF] Request starting HTTP/1.1 POST http://localhost:5090/api/Auth/login - application/json 46
2025-11-10 23:01:00.330 +01:00 [INF] CORS policy execution successful.
2025-11-10 23:01:00.330 +01:00 [INF] Executing endpoint 'HomeCareApp.Controllers.AuthController.Login (api)'
2025-11-10 23:01:00.330 +01:00 [INF] Route matched with {action = "Login", controller = "Auth"}. Executing controller action with signature System.Threading.Tasks.Task`1[Microsoft.AspNetCore.Mvc.IActionResult] Login(HomeCareApp.DTOs.LoginDto) on controller HomeCareApp.Controllers.AuthController (api).
2025-11-10 23:01:00.339 +01:00 [WRN] [AuthAPIController] user not authorised for patient6
2025-11-10 23:01:00.339 +01:00 [INF] Executing ObjectResult, writing value of type 'Microsoft.AspNetCore.Mvc.ProblemDetails'.
2025-11-10 23:01:00.339 +01:00 [INF] Executed action HomeCareApp.Controllers.AuthController.Login (api) in 8.8323ms
2025-11-10 23:01:00.339 +01:00 [INF] Executed endpoint 'HomeCareApp.Controllers.AuthController.Login (api)'
2025-11-10 23:01:00.339 +01:00 [INF] Request finished HTTP/1.1 POST http://localhost:5090/api/Auth/login - 401 165 application/problem+json; charset=utf-8 10.2068ms
2025-11-10 23:01:08.952 +01:00 [INF] Request starting HTTP/1.1 OPTIONS http://localhost:5090/api/Auth/login - null null
2025-11-10 23:01:08.953 +01:00 [INF] CORS policy execution successful.
2025-11-10 23:01:08.953 +01:00 [INF] Request finished HTTP/1.1 OPTIONS http://localhost:5090/api/Auth/login - 204 null null 0.6943ms
2025-11-10 23:01:08.954 +01:00 [INF] Request starting HTTP/1.1 POST http://localhost:5090/api/Auth/login - application/json 43
2025-11-10 23:01:08.955 +01:00 [INF] CORS policy execution successful.
2025-11-10 23:01:08.955 +01:00 [INF] Executing endpoint 'HomeCareApp.Controllers.AuthController.Login (api)'
2025-11-10 23:01:08.955 +01:00 [INF] Route matched with {action = "Login", controller = "Auth"}. Executing controller action with signature System.Threading.Tasks.Task`1[Microsoft.AspNetCore.Mvc.IActionResult] Login(HomeCareApp.DTOs.LoginDto) on controller HomeCareApp.Controllers.AuthController (api).
2025-11-10 23:01:09.047 +01:00 [WRN] [AuthAPIController] user not authorised for Nahid
2025-11-10 23:01:09.047 +01:00 [INF] Executing ObjectResult, writing value of type 'Microsoft.AspNetCore.Mvc.ProblemDetails'.
2025-11-10 23:01:09.048 +01:00 [INF] Executed action HomeCareApp.Controllers.AuthController.Login (api) in 92.9005ms
2025-11-10 23:01:09.048 +01:00 [INF] Executed endpoint 'HomeCareApp.Controllers.AuthController.Login (api)'
2025-11-10 23:01:09.048 +01:00 [INF] Request finished HTTP/1.1 POST http://localhost:5090/api/Auth/login - 401 165 application/problem+json; charset=utf-8 93.8128ms
2025-11-10 23:01:14.390 +01:00 [INF] Request starting HTTP/1.1 OPTIONS http://localhost:5090/api/Auth/login - null null
2025-11-10 23:01:14.391 +01:00 [INF] CORS policy execution successful.
2025-11-10 23:01:14.391 +01:00 [INF] Request finished HTTP/1.1 OPTIONS http://localhost:5090/api/Auth/login - 204 null null 0.6601ms
2025-11-10 23:01:14.392 +01:00 [INF] Request starting HTTP/1.1 POST http://localhost:5090/api/Auth/login - application/json 43
2025-11-10 23:01:14.392 +01:00 [INF] CORS policy execution successful.
2025-11-10 23:01:14.393 +01:00 [INF] Executing endpoint 'HomeCareApp.Controllers.AuthController.Login (api)'
2025-11-10 23:01:14.393 +01:00 [INF] Route matched with {action = "Login", controller = "Auth"}. Executing controller action with signature System.Threading.Tasks.Task`1[Microsoft.AspNetCore.Mvc.IActionResult] Login(HomeCareApp.DTOs.LoginDto) on controller HomeCareApp.Controllers.AuthController (api).
2025-11-10 23:01:14.446 +01:00 [WRN] [AuthAPIController] user not authorised for Nahid
2025-11-10 23:01:14.447 +01:00 [INF] Executing ObjectResult, writing value of type 'Microsoft.AspNetCore.Mvc.ProblemDetails'.
2025-11-10 23:01:14.447 +01:00 [INF] Executed action HomeCareApp.Controllers.AuthController.Login (api) in 54.2398ms
2025-11-10 23:01:14.447 +01:00 [INF] Executed endpoint 'HomeCareApp.Controllers.AuthController.Login (api)'
2025-11-10 23:01:14.447 +01:00 [INF] Request finished HTTP/1.1 POST http://localhost:5090/api/Auth/login - 401 165 application/problem+json; charset=utf-8 55.1801ms
2025-11-10 23:01:18.668 +01:00 [INF] Request starting HTTP/1.1 POST http://localhost:5090/api/Auth/login - application/json 45
2025-11-10 23:01:18.668 +01:00 [INF] CORS policy execution successful.
2025-11-10 23:01:18.668 +01:00 [INF] Executing endpoint 'HomeCareApp.Controllers.AuthController.Login (api)'
2025-11-10 23:01:18.668 +01:00 [INF] Route matched with {action = "Login", controller = "Auth"}. Executing controller action with signature System.Threading.Tasks.Task`1[Microsoft.AspNetCore.Mvc.IActionResult] Login(HomeCareApp.DTOs.LoginDto) on controller HomeCareApp.Controllers.AuthController (api).
2025-11-10 23:01:18.720 +01:00 [WRN] [AuthAPIController] user not authorised for Nahid
2025-11-10 23:01:18.721 +01:00 [INF] Executing ObjectResult, writing value of type 'Microsoft.AspNetCore.Mvc.ProblemDetails'.
2025-11-10 23:01:18.721 +01:00 [INF] Executed action HomeCareApp.Controllers.AuthController.Login (api) in 52.3454ms
2025-11-10 23:01:18.721 +01:00 [INF] Executed endpoint 'HomeCareApp.Controllers.AuthController.Login (api)'
2025-11-10 23:01:18.721 +01:00 [INF] Request finished HTTP/1.1 POST http://localhost:5090/api/Auth/login - 401 165 application/problem+json; charset=utf-8 53.7324ms
2025-11-10 23:01:20.034 +01:00 [INF] Request starting HTTP/1.1 OPTIONS http://localhost:5090/api/Auth/login - null null
2025-11-10 23:01:20.034 +01:00 [INF] CORS policy execution successful.
2025-11-10 23:01:20.035 +01:00 [INF] Request finished HTTP/1.1 OPTIONS http://localhost:5090/api/Auth/login - 204 null null 0.6662ms
2025-11-10 23:01:20.036 +01:00 [INF] Request starting HTTP/1.1 POST http://localhost:5090/api/Auth/login - application/json 45
2025-11-10 23:01:20.036 +01:00 [INF] CORS policy execution successful.
2025-11-10 23:01:20.036 +01:00 [INF] Executing endpoint 'HomeCareApp.Controllers.AuthController.Login (api)'
2025-11-10 23:01:20.036 +01:00 [INF] Route matched with {action = "Login", controller = "Auth"}. Executing controller action with signature System.Threading.Tasks.Task`1[Microsoft.AspNetCore.Mvc.IActionResult] Login(HomeCareApp.DTOs.LoginDto) on controller HomeCareApp.Controllers.AuthController (api).
2025-11-10 23:01:20.087 +01:00 [INF] [AuthAPIController] user authorised for Nahid
2025-11-10 23:01:20.103 +01:00 [INF] [AuthAPIController] JWT token created for Nahid with roles Patient
2025-11-10 23:01:20.104 +01:00 [INF] [AuthAPIController] JWT token claims: sub=33df34d7-f48b-4179-a811-92d3aee27a65, email=Nahid@employee.com, http://schemas.xmlsoap.org/ws/2005/05/identity/claims/nameidentifier=33df34d7-f48b-4179-a811-92d3aee27a65, http://schemas.xmlsoap.org/ws/2005/05/identity/claims/name=Nahid, username=Nahid, userid=33df34d7-f48b-4179-a811-92d3aee27a65, nameid=33df34d7-f48b-4179-a811-92d3aee27a65, jti=e6c9eab9-40c0-459b-b313-e6e4a06a27e9, iat=1762812080, http://schemas.microsoft.com/ws/2008/06/identity/claims/role=Patient, role=Patient
2025-11-10 23:01:20.110 +01:00 [INF] Executing OkObjectResult, writing value of type '<>f__AnonymousType3`1[[System.String, System.Private.CoreLib, Version=8.0.0.0, Culture=neutral, PublicKeyToken=7cec85d7bea7798e]]'.
2025-11-10 23:01:20.112 +01:00 [INF] Executed action HomeCareApp.Controllers.AuthController.Login (api) in 76.1324ms
2025-11-10 23:01:20.113 +01:00 [INF] Executed endpoint 'HomeCareApp.Controllers.AuthController.Login (api)'
2025-11-10 23:01:20.113 +01:00 [INF] Request finished HTTP/1.1 POST http://localhost:5090/api/Auth/login - 200 867 application/json; charset=utf-8 76.9653ms
2025-11-10 23:01:20.117 +01:00 [INF] Request starting HTTP/1.1 OPTIONS http://localhost:5090/api/patient/user/33df34d7-f48b-4179-a811-92d3aee27a65 - null null
2025-11-10 23:01:20.117 +01:00 [INF] CORS policy execution successful.
2025-11-10 23:01:20.117 +01:00 [INF] Request finished HTTP/1.1 OPTIONS http://localhost:5090/api/patient/user/33df34d7-f48b-4179-a811-92d3aee27a65 - 204 null null 0.6362ms
2025-11-10 23:01:20.119 +01:00 [INF] Request starting HTTP/1.1 GET http://localhost:5090/api/patient/user/33df34d7-f48b-4179-a811-92d3aee27a65 - application/json null
2025-11-10 23:01:20.119 +01:00 [INF] CORS policy execution successful.
2025-11-10 23:01:20.123 +01:00 [INF] Executing endpoint 'HomeCareApp.Controllers.PatientController.GetPatientByUserId (api)'
2025-11-10 23:01:20.127 +01:00 [INF] Route matched with {action = "GetPatientByUserId", controller = "Patient"}. Executing controller action with signature System.Threading.Tasks.Task`1[Microsoft.AspNetCore.Mvc.ActionResult`1[HomeCareApp.DTOs.PatientDto]] GetPatientByUserId(System.String) on controller HomeCareApp.Controllers.PatientController (api).
2025-11-10 23:01:20.136 +01:00 [INF] Executing OkObjectResult, writing value of type 'HomeCareApp.DTOs.PatientDto'.
2025-11-10 23:01:20.140 +01:00 [INF] Executed action HomeCareApp.Controllers.PatientController.GetPatientByUserId (api) in 13.2735ms
2025-11-10 23:01:20.140 +01:00 [INF] Executed endpoint 'HomeCareApp.Controllers.PatientController.GetPatientByUserId (api)'
2025-11-10 23:01:20.140 +01:00 [INF] Request finished HTTP/1.1 GET http://localhost:5090/api/patient/user/33df34d7-f48b-4179-a811-92d3aee27a65 - 200 197 application/json; charset=utf-8 21.5977ms
2025-11-10 23:01:21.741 +01:00 [INF] Request starting HTTP/1.1 OPTIONS http://localhost:5090/api/medication/my - null null
2025-11-10 23:01:21.741 +01:00 [INF] CORS policy execution successful.
2025-11-10 23:01:21.742 +01:00 [INF] Request starting HTTP/1.1 OPTIONS http://localhost:5090/api/medication/my - null null
2025-11-10 23:01:21.742 +01:00 [INF] CORS policy execution successful.
2025-11-10 23:01:21.742 +01:00 [INF] Request finished HTTP/1.1 OPTIONS http://localhost:5090/api/medication/my - 204 null null 0.1822ms
2025-11-10 23:01:21.742 +01:00 [INF] Request finished HTTP/1.1 OPTIONS http://localhost:5090/api/medication/my - 204 null null 1.2108ms
2025-11-10 23:01:21.743 +01:00 [INF] Request starting HTTP/1.1 GET http://localhost:5090/api/medication/my - application/json null
2025-11-10 23:01:21.744 +01:00 [INF] CORS policy execution successful.
2025-11-10 23:01:21.745 +01:00 [INF] Authorization failed. These requirements were not met:
RolesAuthorizationRequirement:User.IsInRole must be true for one of the following roles: (Patient)
2025-11-10 23:01:21.745 +01:00 [INF] AuthenticationScheme: Bearer was forbidden.
2025-11-10 23:01:21.745 +01:00 [INF] Request finished HTTP/1.1 GET http://localhost:5090/api/medication/my - 403 0 null 1.6276ms
2025-11-10 23:01:21.746 +01:00 [INF] Request starting HTTP/1.1 GET http://localhost:5090/api/medication/my - application/json null
2025-11-10 23:01:21.747 +01:00 [INF] CORS policy execution successful.
2025-11-10 23:01:21.748 +01:00 [INF] Authorization failed. These requirements were not met:
RolesAuthorizationRequirement:User.IsInRole must be true for one of the following roles: (Patient)
2025-11-10 23:01:21.748 +01:00 [INF] AuthenticationScheme: Bearer was forbidden.
2025-11-10 23:01:21.748 +01:00 [INF] Request finished HTTP/1.1 GET http://localhost:5090/api/medication/my - 403 0 null 1.7955ms
2025-11-10 23:01:22.728 +01:00 [INF] Request starting HTTP/1.1 GET http://localhost:5090/api/Appointment - null null
2025-11-10 23:01:22.729 +01:00 [INF] CORS policy execution successful.
2025-11-10 23:01:22.729 +01:00 [INF] Executing endpoint 'HomeCareApp.Controllers.AppointmentController.GetAppointments (api)'
2025-11-10 23:01:22.729 +01:00 [INF] Route matched with {action = "GetAppointments", controller = "Appointment"}. Executing controller action with signature System.Threading.Tasks.Task`1[Microsoft.AspNetCore.Mvc.IActionResult] GetAppointments() on controller HomeCareApp.Controllers.AppointmentController (api).
2025-11-10 23:01:22.733 +01:00 [INF] Executing OkObjectResult, writing value of type 'System.Linq.Enumerable+SelectListIterator`2[[HomeCareApp.Models.Appointment, api, Version=1.0.0.0, Culture=neutral, PublicKeyToken=null],[HomeCareApp.DTOs.AppointmentDto, api, Version=1.0.0.0, Culture=neutral, PublicKeyToken=null]]'.
2025-11-10 23:01:22.734 +01:00 [INF] Executed action HomeCareApp.Controllers.AppointmentController.GetAppointments (api) in 4.926ms
2025-11-10 23:01:22.734 +01:00 [INF] Executed endpoint 'HomeCareApp.Controllers.AppointmentController.GetAppointments (api)'
2025-11-10 23:01:22.734 +01:00 [INF] Request finished HTTP/1.1 GET http://localhost:5090/api/Appointment - 200 656 application/json; charset=utf-8 5.9947ms
2025-11-10 23:01:22.736 +01:00 [INF] Request starting HTTP/1.1 GET http://localhost:5090/api/Appointment - null null
2025-11-10 23:01:22.736 +01:00 [INF] CORS policy execution successful.
2025-11-10 23:01:22.736 +01:00 [INF] Executing endpoint 'HomeCareApp.Controllers.AppointmentController.GetAppointments (api)'
2025-11-10 23:01:22.736 +01:00 [INF] Route matched with {action = "GetAppointments", controller = "Appointment"}. Executing controller action with signature System.Threading.Tasks.Task`1[Microsoft.AspNetCore.Mvc.IActionResult] GetAppointments() on controller HomeCareApp.Controllers.AppointmentController (api).
2025-11-10 23:01:22.739 +01:00 [INF] Executing OkObjectResult, writing value of type 'System.Linq.Enumerable+SelectListIterator`2[[HomeCareApp.Models.Appointment, api, Version=1.0.0.0, Culture=neutral, PublicKeyToken=null],[HomeCareApp.DTOs.AppointmentDto, api, Version=1.0.0.0, Culture=neutral, PublicKeyToken=null]]'.
2025-11-10 23:01:22.740 +01:00 [INF] Executed action HomeCareApp.Controllers.AppointmentController.GetAppointments (api) in 3.5752ms
2025-11-10 23:01:22.740 +01:00 [INF] Executed endpoint 'HomeCareApp.Controllers.AppointmentController.GetAppointments (api)'
2025-11-10 23:01:22.740 +01:00 [INF] Request finished HTTP/1.1 GET http://localhost:5090/api/Appointment - 200 656 application/json; charset=utf-8 4.4731ms
2025-11-10 23:01:23.937 +01:00 [INF] Request starting HTTP/1.1 GET http://localhost:5090/api/medication/my - application/json null
2025-11-10 23:01:23.938 +01:00 [INF] CORS policy execution successful.
2025-11-10 23:01:23.938 +01:00 [INF] Authorization failed. These requirements were not met:
RolesAuthorizationRequirement:User.IsInRole must be true for one of the following roles: (Patient)
2025-11-10 23:01:23.939 +01:00 [INF] AuthenticationScheme: Bearer was forbidden.
2025-11-10 23:01:23.939 +01:00 [INF] Request finished HTTP/1.1 GET http://localhost:5090/api/medication/my - 403 0 null 1.4402ms
2025-11-10 23:01:23.940 +01:00 [INF] Request starting HTTP/1.1 GET http://localhost:5090/api/medication/my - application/json null
2025-11-10 23:01:23.940 +01:00 [INF] CORS policy execution successful.
2025-11-10 23:01:23.941 +01:00 [INF] Authorization failed. These requirements were not met:
RolesAuthorizationRequirement:User.IsInRole must be true for one of the following roles: (Patient)
2025-11-10 23:01:23.941 +01:00 [INF] AuthenticationScheme: Bearer was forbidden.
2025-11-10 23:01:23.941 +01:00 [INF] Request finished HTTP/1.1 GET http://localhost:5090/api/medication/my - 403 0 null 0.9917ms
2025-11-10 23:02:08.199 +01:00 [INF] Request starting HTTP/1.1 OPTIONS http://localhost:5090/api/Auth/login - null null
2025-11-10 23:02:08.199 +01:00 [INF] CORS policy execution successful.
2025-11-10 23:02:08.199 +01:00 [INF] Request finished HTTP/1.1 OPTIONS http://localhost:5090/api/Auth/login - 204 null null 0.5065ms
2025-11-10 23:02:08.200 +01:00 [INF] Request starting HTTP/1.1 POST http://localhost:5090/api/Auth/login - application/json 46
2025-11-10 23:02:08.200 +01:00 [INF] CORS policy execution successful.
2025-11-10 23:02:08.200 +01:00 [INF] Executing endpoint 'HomeCareApp.Controllers.AuthController.Login (api)'
2025-11-10 23:02:08.201 +01:00 [INF] Route matched with {action = "Login", controller = "Auth"}. Executing controller action with signature System.Threading.Tasks.Task`1[Microsoft.AspNetCore.Mvc.IActionResult] Login(HomeCareApp.DTOs.LoginDto) on controller HomeCareApp.Controllers.AuthController (api).
2025-11-10 23:02:08.253 +01:00 [INF] [AuthAPIController] user authorised for Nahid1
2025-11-10 23:02:08.256 +01:00 [INF] [AuthAPIController] JWT token created for Nahid1 with roles Employee
2025-11-10 23:02:08.256 +01:00 [INF] [AuthAPIController] JWT token claims: sub=8defb5b4-0933-4a85-ae20-736f5c955fc2, email=nahid@test.no, http://schemas.xmlsoap.org/ws/2005/05/identity/claims/nameidentifier=8defb5b4-0933-4a85-ae20-736f5c955fc2, http://schemas.xmlsoap.org/ws/2005/05/identity/claims/name=Nahid1, username=Nahid1, userid=8defb5b4-0933-4a85-ae20-736f5c955fc2, nameid=8defb5b4-0933-4a85-ae20-736f5c955fc2, jti=bbbeaa81-cb08-4325-9318-c451ecdb902a, iat=1762812128, http://schemas.microsoft.com/ws/2008/06/identity/claims/role=Employee, role=Employee
2025-11-10 23:02:08.256 +01:00 [INF] Executing OkObjectResult, writing value of type '<>f__AnonymousType3`1[[System.String, System.Private.CoreLib, Version=8.0.0.0, Culture=neutral, PublicKeyToken=7cec85d7bea7798e]]'.
2025-11-10 23:02:08.257 +01:00 [INF] Executed action HomeCareApp.Controllers.AuthController.Login (api) in 55.9692ms
2025-11-10 23:02:08.257 +01:00 [INF] Executed endpoint 'HomeCareApp.Controllers.AuthController.Login (api)'
2025-11-10 23:02:08.257 +01:00 [INF] Request finished HTTP/1.1 POST http://localhost:5090/api/Auth/login - 200 865 application/json; charset=utf-8 56.6049ms
2025-11-10 23:02:08.260 +01:00 [INF] Request starting HTTP/1.1 OPTIONS http://localhost:5090/api/employee/user/8defb5b4-0933-4a85-ae20-736f5c955fc2 - null null
2025-11-10 23:02:08.261 +01:00 [INF] CORS policy execution successful.
2025-11-10 23:02:08.261 +01:00 [INF] Request finished HTTP/1.1 OPTIONS http://localhost:5090/api/employee/user/8defb5b4-0933-4a85-ae20-736f5c955fc2 - 204 null null 0.4102ms
2025-11-10 23:02:08.262 +01:00 [INF] Request starting HTTP/1.1 GET http://localhost:5090/api/employee/user/8defb5b4-0933-4a85-ae20-736f5c955fc2 - application/json null
2025-11-10 23:02:08.263 +01:00 [INF] CORS policy execution successful.
2025-11-10 23:02:08.264 +01:00 [INF] Executing endpoint 'HomeCareApp.Controllers.EmployeeController.GetEmployeeByUserId (api)'
2025-11-10 23:02:08.268 +01:00 [INF] Route matched with {action = "GetEmployeeByUserId", controller = "Employee"}. Executing controller action with signature System.Threading.Tasks.Task`1[Microsoft.AspNetCore.Mvc.ActionResult`1[HomeCareApp.DTOs.EmployeeDto]] GetEmployeeByUserId(System.String) on controller HomeCareApp.Controllers.EmployeeController (api).
2025-11-10 23:02:08.312 +01:00 [INF] Executing OkObjectResult, writing value of type 'HomeCareApp.DTOs.EmployeeDto'.
2025-11-10 23:02:08.316 +01:00 [INF] Executed action HomeCareApp.Controllers.EmployeeController.GetEmployeeByUserId (api) in 47.544ms
2025-11-10 23:02:08.316 +01:00 [INF] Executed endpoint 'HomeCareApp.Controllers.EmployeeController.GetEmployeeByUserId (api)'
2025-11-10 23:02:08.316 +01:00 [INF] Request finished HTTP/1.1 GET http://localhost:5090/api/employee/user/8defb5b4-0933-4a85-ae20-736f5c955fc2 - 200 666 application/json; charset=utf-8 53.3818ms
2025-11-10 23:02:08.330 +01:00 [INF] Request starting HTTP/1.1 GET http://localhost:5090/api/Appointment - null null
2025-11-10 23:02:08.330 +01:00 [INF] CORS policy execution successful.
2025-11-10 23:02:08.330 +01:00 [INF] Executing endpoint 'HomeCareApp.Controllers.AppointmentController.GetAppointments (api)'
2025-11-10 23:02:08.330 +01:00 [INF] Route matched with {action = "GetAppointments", controller = "Appointment"}. Executing controller action with signature System.Threading.Tasks.Task`1[Microsoft.AspNetCore.Mvc.IActionResult] GetAppointments() on controller HomeCareApp.Controllers.AppointmentController (api).
2025-11-10 23:02:08.333 +01:00 [INF] Executing OkObjectResult, writing value of type 'System.Linq.Enumerable+SelectListIterator`2[[HomeCareApp.Models.Appointment, api, Version=1.0.0.0, Culture=neutral, PublicKeyToken=null],[HomeCareApp.DTOs.AppointmentDto, api, Version=1.0.0.0, Culture=neutral, PublicKeyToken=null]]'.
2025-11-10 23:02:08.334 +01:00 [INF] Executed action HomeCareApp.Controllers.AppointmentController.GetAppointments (api) in 3.5821ms
2025-11-10 23:02:08.334 +01:00 [INF] Executed endpoint 'HomeCareApp.Controllers.AppointmentController.GetAppointments (api)'
2025-11-10 23:02:08.334 +01:00 [INF] Request finished HTTP/1.1 GET http://localhost:5090/api/Appointment - 200 656 application/json; charset=utf-8 4.7226ms
2025-11-10 23:02:08.338 +01:00 [INF] Request starting HTTP/1.1 GET http://localhost:5090/api/Appointment - null null
2025-11-10 23:02:08.339 +01:00 [INF] CORS policy execution successful.
2025-11-10 23:02:08.339 +01:00 [INF] Executing endpoint 'HomeCareApp.Controllers.AppointmentController.GetAppointments (api)'
2025-11-10 23:02:08.339 +01:00 [INF] Route matched with {action = "GetAppointments", controller = "Appointment"}. Executing controller action with signature System.Threading.Tasks.Task`1[Microsoft.AspNetCore.Mvc.IActionResult] GetAppointments() on controller HomeCareApp.Controllers.AppointmentController (api).
2025-11-10 23:02:08.343 +01:00 [INF] Executing OkObjectResult, writing value of type 'System.Linq.Enumerable+SelectListIterator`2[[HomeCareApp.Models.Appointment, api, Version=1.0.0.0, Culture=neutral, PublicKeyToken=null],[HomeCareApp.DTOs.AppointmentDto, api, Version=1.0.0.0, Culture=neutral, PublicKeyToken=null]]'.
2025-11-10 23:02:08.343 +01:00 [INF] Executed action HomeCareApp.Controllers.AppointmentController.GetAppointments (api) in 4.0042ms
2025-11-10 23:02:08.343 +01:00 [INF] Executed endpoint 'HomeCareApp.Controllers.AppointmentController.GetAppointments (api)'
2025-11-10 23:02:08.344 +01:00 [INF] Request finished HTTP/1.1 GET http://localhost:5090/api/Appointment - 200 656 application/json; charset=utf-8 5.3569ms
2025-11-10 23:02:09.684 +01:00 [INF] Request starting HTTP/1.1 OPTIONS http://localhost:5090/api/medication - null null
2025-11-10 23:02:09.684 +01:00 [INF] Request starting HTTP/1.1 OPTIONS http://localhost:5090/api/medication - null null
2025-11-10 23:02:09.685 +01:00 [INF] CORS policy execution successful.
2025-11-10 23:02:09.685 +01:00 [INF] CORS policy execution successful.
2025-11-10 23:02:09.685 +01:00 [INF] Request finished HTTP/1.1 OPTIONS http://localhost:5090/api/medication - 204 null null 0.8377ms
2025-11-10 23:02:09.685 +01:00 [INF] Request finished HTTP/1.1 OPTIONS http://localhost:5090/api/medication - 204 null null 1.0654ms
2025-11-10 23:02:09.688 +01:00 [INF] Request starting HTTP/1.1 GET http://localhost:5090/api/medication - application/json null
2025-11-10 23:02:09.688 +01:00 [INF] CORS policy execution successful.
2025-11-10 23:02:09.689 +01:00 [INF] Authorization failed. These requirements were not met:
RolesAuthorizationRequirement:User.IsInRole must be true for one of the following roles: (Employee)
2025-11-10 23:02:09.689 +01:00 [INF] AuthenticationScheme: Bearer was forbidden.
2025-11-10 23:02:09.689 +01:00 [INF] Request finished HTTP/1.1 GET http://localhost:5090/api/medication - 403 0 null 1.2381ms
2025-11-10 23:02:09.690 +01:00 [INF] Request starting HTTP/1.1 GET http://localhost:5090/api/medication - application/json null
2025-11-10 23:02:09.690 +01:00 [INF] CORS policy execution successful.
2025-11-10 23:02:09.691 +01:00 [INF] Authorization failed. These requirements were not met:
RolesAuthorizationRequirement:User.IsInRole must be true for one of the following roles: (Employee)
2025-11-10 23:02:09.691 +01:00 [INF] AuthenticationScheme: Bearer was forbidden.
2025-11-10 23:02:09.691 +01:00 [INF] Request finished HTTP/1.1 GET http://localhost:5090/api/medication - 403 0 null 1.0805ms
2025-11-10 23:02:18.782 +01:00 [INF] Request starting HTTP/1.1 OPTIONS http://localhost:5090/api/medication - null null
2025-11-10 23:02:18.782 +01:00 [INF] CORS policy execution successful.
2025-11-10 23:02:18.782 +01:00 [INF] Request finished HTTP/1.1 OPTIONS http://localhost:5090/api/medication - 204 null null 0.5005ms
2025-11-10 23:02:18.783 +01:00 [INF] Request starting HTTP/1.1 OPTIONS http://localhost:5090/api/medication - null null
2025-11-10 23:02:18.783 +01:00 [INF] CORS policy execution successful.
2025-11-10 23:02:18.783 +01:00 [INF] Request finished HTTP/1.1 OPTIONS http://localhost:5090/api/medication - 204 null null 0.8622ms
2025-11-10 23:02:18.784 +01:00 [INF] Request starting HTTP/1.1 GET http://localhost:5090/api/medication - application/json null
2025-11-10 23:02:18.784 +01:00 [INF] Request starting HTTP/1.1 GET http://localhost:5090/api/medication - application/json null
2025-11-10 23:02:18.784 +01:00 [INF] CORS policy execution successful.
2025-11-10 23:02:18.784 +01:00 [INF] CORS policy execution successful.
2025-11-10 23:02:18.785 +01:00 [INF] Authorization failed. These requirements were not met:
RolesAuthorizationRequirement:User.IsInRole must be true for one of the following roles: (Employee)
2025-11-10 23:02:18.785 +01:00 [INF] Authorization failed. These requirements were not met:
RolesAuthorizationRequirement:User.IsInRole must be true for one of the following roles: (Employee)
2025-11-10 23:02:18.785 +01:00 [INF] AuthenticationScheme: Bearer was forbidden.
2025-11-10 23:02:18.785 +01:00 [INF] AuthenticationScheme: Bearer was forbidden.
2025-11-10 23:02:18.785 +01:00 [INF] Request finished HTTP/1.1 GET http://localhost:5090/api/medication - 403 0 null 1.1741ms
2025-11-10 23:02:18.785 +01:00 [INF] Request finished HTTP/1.1 GET http://localhost:5090/api/medication - 403 0 null 1.2744ms
2025-11-10 23:02:23.854 +01:00 [INF] Request starting HTTP/1.1 OPTIONS http://localhost:5090/api/medication - null null
2025-11-10 23:02:23.855 +01:00 [INF] CORS policy execution successful.
2025-11-10 23:02:23.855 +01:00 [INF] Request finished HTTP/1.1 OPTIONS http://localhost:5090/api/medication - 204 null null 0.4599ms
2025-11-10 23:02:23.856 +01:00 [INF] Request starting HTTP/1.1 OPTIONS http://localhost:5090/api/medication - null null
2025-11-10 23:02:23.856 +01:00 [INF] CORS policy execution successful.
2025-11-10 23:02:23.856 +01:00 [INF] Request finished HTTP/1.1 OPTIONS http://localhost:5090/api/medication - 204 null null 0.2321ms
2025-11-10 23:02:23.857 +01:00 [INF] Request starting HTTP/1.1 GET http://localhost:5090/api/medication - application/json null
2025-11-10 23:02:23.857 +01:00 [INF] Request starting HTTP/1.1 GET http://localhost:5090/api/medication - application/json null
2025-11-10 23:02:23.857 +01:00 [INF] CORS policy execution successful.
2025-11-10 23:02:23.857 +01:00 [INF] CORS policy execution successful.
2025-11-10 23:02:23.857 +01:00 [INF] Authorization failed. These requirements were not met:
RolesAuthorizationRequirement:User.IsInRole must be true for one of the following roles: (Employee)
2025-11-10 23:02:23.857 +01:00 [INF] Authorization failed. These requirements were not met:
RolesAuthorizationRequirement:User.IsInRole must be true for one of the following roles: (Employee)
2025-11-10 23:02:23.857 +01:00 [INF] AuthenticationScheme: Bearer was forbidden.
2025-11-10 23:02:23.857 +01:00 [INF] AuthenticationScheme: Bearer was forbidden.
2025-11-10 23:02:23.857 +01:00 [INF] Request finished HTTP/1.1 GET http://localhost:5090/api/medication - 403 0 null 0.7866ms
2025-11-10 23:02:23.857 +01:00 [INF] Request finished HTTP/1.1 GET http://localhost:5090/api/medication - 403 0 null 0.6819ms
2025-11-10 23:02:28.031 +01:00 [INF] Request starting HTTP/1.1 OPTIONS http://localhost:5090/api/medication - null null
2025-11-10 23:02:28.031 +01:00 [INF] CORS policy execution successful.
2025-11-10 23:02:28.031 +01:00 [INF] Request finished HTTP/1.1 OPTIONS http://localhost:5090/api/medication - 204 null null 0.5969ms
2025-11-10 23:02:28.032 +01:00 [INF] Request starting HTTP/1.1 OPTIONS http://localhost:5090/api/medication - null null
2025-11-10 23:02:28.033 +01:00 [INF] Request starting HTTP/1.1 GET http://localhost:5090/api/medication - application/json null
2025-11-10 23:02:28.033 +01:00 [INF] CORS policy execution successful.
2025-11-10 23:02:28.033 +01:00 [INF] CORS policy execution successful.
2025-11-10 23:02:28.033 +01:00 [INF] Request finished HTTP/1.1 OPTIONS http://localhost:5090/api/medication - 204 null null 0.1797ms
2025-11-10 23:02:28.033 +01:00 [INF] Authorization failed. These requirements were not met:
RolesAuthorizationRequirement:User.IsInRole must be true for one of the following roles: (Employee)
2025-11-10 23:02:28.033 +01:00 [INF] AuthenticationScheme: Bearer was forbidden.
2025-11-10 23:02:28.033 +01:00 [INF] Request starting HTTP/1.1 GET http://localhost:5090/api/medication - application/json null
2025-11-10 23:02:28.033 +01:00 [INF] Request finished HTTP/1.1 GET http://localhost:5090/api/medication - 403 0 null 0.9363ms
2025-11-10 23:02:28.034 +01:00 [INF] CORS policy execution successful.
2025-11-10 23:02:28.034 +01:00 [INF] Authorization failed. These requirements were not met:
RolesAuthorizationRequirement:User.IsInRole must be true for one of the following roles: (Employee)
2025-11-10 23:02:28.034 +01:00 [INF] AuthenticationScheme: Bearer was forbidden.
2025-11-10 23:02:28.034 +01:00 [INF] Request finished HTTP/1.1 GET http://localhost:5090/api/medication - 403 0 null 0.4757ms
2025-11-10 23:04:59.300 +01:00 [INF] Application is shutting down...
