2025-11-27 14:16:22.083 +01:00 [INF] No migrations were applied. The database is already up to date.
2025-11-27 14:16:22.151 +01:00 [INF] No migrations were applied. The database is already up to date.
2025-11-27 14:16:22.230 +01:00 [INF] User profile is available. Using 'C:\Users\vilde\AppData\Local\ASP.NET\DataProtection-Keys' as key repository and Windows DPAPI to encrypt keys at rest.
2025-11-27 14:16:22.274 +01:00 [INF] Now listening on: http://localhost:5090
2025-11-27 14:16:22.276 +01:00 [INF] Application started. Press Ctrl+C to shut down.
2025-11-27 14:16:22.277 +01:00 [INF] Hosting environment: Development
2025-11-27 14:16:22.278 +01:00 [INF] Content root path: C:\Users\vilde\OneDrive\Documents\Homecare React\React-Homecare\api
2025-11-27 14:16:25.031 +01:00 [INF] Request starting HTTP/1.1 OPTIONS http://localhost:5090/api/Notification/unread-count - null null
2025-11-27 14:16:25.031 +01:00 [INF] Request starting HTTP/1.1 OPTIONS http://localhost:5090/api/Notification/unread-count - null null
2025-11-27 14:16:25.066 +01:00 [INF] CORS policy execution successful.
2025-11-27 14:16:25.066 +01:00 [INF] CORS policy execution successful.
2025-11-27 14:16:25.070 +01:00 [INF] Request finished HTTP/1.1 OPTIONS http://localhost:5090/api/Notification/unread-count - 204 null null 40.6145ms
2025-11-27 14:16:25.071 +01:00 [INF] Request finished HTTP/1.1 OPTIONS http://localhost:5090/api/Notification/unread-count - 204 null null 41.5424ms
2025-11-27 14:16:25.080 +01:00 [INF] Request starting HTTP/1.1 GET http://localhost:5090/api/Notification/unread-count - application/json null
2025-11-27 14:16:25.091 +01:00 [INF] CORS policy execution successful.
2025-11-27 14:16:25.183 +01:00 [INF] Executing endpoint 'HomeCareApp.Controllers.NotificationController.GetUnreadCount (api)'
2025-11-27 14:16:25.205 +01:00 [INF] Route matched with {action = "GetUnreadCount", controller = "Notification"}. Executing controller action with signature System.Threading.Tasks.Task`1[Microsoft.AspNetCore.Mvc.ActionResult`1[System.Int32]] GetUnreadCount() on controller HomeCareApp.Controllers.NotificationController (api).
2025-11-27 14:16:25.210 +01:00 [INF] [NotificationController] Getting unread count for UserId: 3e910976-dd6e-460f-8989-036062624ad9
2025-11-27 14:16:25.215 +01:00 [INF] [NotificationRepository] GetUnreadCountAsync(3e910976-dd6e-460f-8989-036062624ad9) - Getting unread count for user
2025-11-27 14:16:25.600 +01:00 [INF] [NotificationRepository] GetUnreadCountAsync(3e910976-dd6e-460f-8989-036062624ad9) - User has 2 unread notifications
2025-11-27 14:16:25.600 +01:00 [INF] [NotificationController] Found 2 unread notifications for UserId: 3e910976-dd6e-460f-8989-036062624ad9
2025-11-27 14:16:25.610 +01:00 [INF] Executing OkObjectResult, writing value of type 'System.Int32'.
2025-11-27 14:16:25.695 +01:00 [INF] Request starting HTTP/1.1 GET http://localhost:5090/api/Notification/unread-count - application/json null
2025-11-27 14:16:25.696 +01:00 [INF] CORS policy execution successful.
2025-11-27 14:16:25.701 +01:00 [INF] Executed action HomeCareApp.Controllers.NotificationController.GetUnreadCount (api) in 488.8839ms
2025-11-27 14:16:25.701 +01:00 [INF] Executed endpoint 'HomeCareApp.Controllers.NotificationController.GetUnreadCount (api)'
2025-11-27 14:16:25.702 +01:00 [INF] Executing endpoint 'HomeCareApp.Controllers.NotificationController.GetUnreadCount (api)'
2025-11-27 14:16:25.702 +01:00 [INF] Route matched with {action = "GetUnreadCount", controller = "Notification"}. Executing controller action with signature System.Threading.Tasks.Task`1[Microsoft.AspNetCore.Mvc.ActionResult`1[System.Int32]] GetUnreadCount() on controller HomeCareApp.Controllers.NotificationController (api).
2025-11-27 14:16:25.703 +01:00 [INF] [NotificationController] Getting unread count for UserId: 3e910976-dd6e-460f-8989-036062624ad9
2025-11-27 14:16:25.703 +01:00 [INF] [NotificationRepository] GetUnreadCountAsync(3e910976-dd6e-460f-8989-036062624ad9) - Getting unread count for user
2025-11-27 14:16:25.707 +01:00 [INF] Request finished HTTP/1.1 GET http://localhost:5090/api/Notification/unread-count - 200 1 application/json; charset=utf-8 627.3673ms
2025-11-27 14:16:25.712 +01:00 [INF] [NotificationRepository] GetUnreadCountAsync(3e910976-dd6e-460f-8989-036062624ad9) - User has 2 unread notifications
2025-11-27 14:16:25.712 +01:00 [INF] [NotificationController] Found 2 unread notifications for UserId: 3e910976-dd6e-460f-8989-036062624ad9
2025-11-27 14:16:25.713 +01:00 [INF] Executing OkObjectResult, writing value of type 'System.Int32'.
2025-11-27 14:16:25.714 +01:00 [INF] Executed action HomeCareApp.Controllers.NotificationController.GetUnreadCount (api) in 11.426ms
2025-11-27 14:16:25.714 +01:00 [INF] Executed endpoint 'HomeCareApp.Controllers.NotificationController.GetUnreadCount (api)'
2025-11-27 14:16:25.715 +01:00 [INF] Request finished HTTP/1.1 GET http://localhost:5090/api/Notification/unread-count - 200 1 application/json; charset=utf-8 19.5005ms
2025-11-27 14:16:27.951 +01:00 [INF] Request starting HTTP/1.1 OPTIONS http://localhost:5090/api/patient/user/3e910976-dd6e-460f-8989-036062624ad9 - null null
2025-11-27 14:16:27.951 +01:00 [INF] Request starting HTTP/1.1 OPTIONS http://localhost:5090/api/patient/user/3e910976-dd6e-460f-8989-036062624ad9 - null null
2025-11-27 14:16:27.951 +01:00 [INF] CORS policy execution successful.
2025-11-27 14:16:27.951 +01:00 [INF] CORS policy execution successful.
2025-11-27 14:16:27.951 +01:00 [INF] Request finished HTTP/1.1 OPTIONS http://localhost:5090/api/patient/user/3e910976-dd6e-460f-8989-036062624ad9 - 204 null null 0.8146ms
2025-11-27 14:16:27.951 +01:00 [INF] Request finished HTTP/1.1 OPTIONS http://localhost:5090/api/patient/user/3e910976-dd6e-460f-8989-036062624ad9 - 204 null null 0.8082ms
2025-11-27 14:16:27.954 +01:00 [INF] Request starting HTTP/1.1 GET http://localhost:5090/api/patient/user/3e910976-dd6e-460f-8989-036062624ad9 - application/json null
2025-11-27 14:16:27.954 +01:00 [INF] CORS policy execution successful.
2025-11-27 14:16:27.958 +01:00 [INF] Executing endpoint 'HomeCareApp.Controllers.PatientController.GetPatientByUserId (api)'
2025-11-27 14:16:27.969 +01:00 [INF] Route matched with {action = "GetPatientByUserId", controller = "Patient"}. Executing controller action with signature System.Threading.Tasks.Task`1[Microsoft.AspNetCore.Mvc.ActionResult`1[HomeCareApp.DTOs.PatientDto]] GetPatientByUserId(System.String) on controller HomeCareApp.Controllers.PatientController (api).
2025-11-27 14:16:27.981 +01:00 [INF] [PatientController] Getting patient by UserId: 3e910976-dd6e-460f-8989-036062624ad9
2025-11-27 14:16:27.982 +01:00 [INF] [PatientRepository] GetAll() - Retrieving all patients
2025-11-27 14:16:28.045 +01:00 [INF] [PatientRepository] GetAll() - Successfully retrieved 2 patients
2025-11-27 14:16:28.045 +01:00 [INF] [PatientController] Total patients in database: 2
2025-11-27 14:16:28.048 +01:00 [INF] [PatientController] Successfully retrieved patient 2 for UserId: 3e910976-dd6e-460f-8989-036062624ad9
2025-11-27 14:16:28.049 +01:00 [INF] Executing OkObjectResult, writing value of type 'HomeCareApp.DTOs.PatientDto'.
2025-11-27 14:16:28.109 +01:00 [INF] Executed action HomeCareApp.Controllers.PatientController.GetPatientByUserId (api) in 140.2672ms
2025-11-27 14:16:28.109 +01:00 [INF] Executed endpoint 'HomeCareApp.Controllers.PatientController.GetPatientByUserId (api)'
2025-11-27 14:16:28.110 +01:00 [INF] Request finished HTTP/1.1 GET http://localhost:5090/api/patient/user/3e910976-dd6e-460f-8989-036062624ad9 - 200 218 application/json; charset=utf-8 155.8422ms
2025-11-27 14:16:28.111 +01:00 [INF] Request starting HTTP/1.1 GET http://localhost:5090/api/patient/user/3e910976-dd6e-460f-8989-036062624ad9 - application/json null
2025-11-27 14:16:28.111 +01:00 [INF] CORS policy execution successful.
2025-11-27 14:16:28.112 +01:00 [INF] Executing endpoint 'HomeCareApp.Controllers.PatientController.GetPatientByUserId (api)'
2025-11-27 14:16:28.113 +01:00 [INF] Route matched with {action = "GetPatientByUserId", controller = "Patient"}. Executing controller action with signature System.Threading.Tasks.Task`1[Microsoft.AspNetCore.Mvc.ActionResult`1[HomeCareApp.DTOs.PatientDto]] GetPatientByUserId(System.String) on controller HomeCareApp.Controllers.PatientController (api).
2025-11-27 14:16:28.114 +01:00 [INF] [PatientController] Getting patient by UserId: 3e910976-dd6e-460f-8989-036062624ad9
2025-11-27 14:16:28.114 +01:00 [INF] [PatientRepository] GetAll() - Retrieving all patients
2025-11-27 14:16:28.115 +01:00 [INF] [PatientRepository] GetAll() - Successfully retrieved 2 patients
2025-11-27 14:16:28.115 +01:00 [INF] [PatientController] Total patients in database: 2
2025-11-27 14:16:28.115 +01:00 [INF] [PatientController] Successfully retrieved patient 2 for UserId: 3e910976-dd6e-460f-8989-036062624ad9
2025-11-27 14:16:28.116 +01:00 [INF] Executing OkObjectResult, writing value of type 'HomeCareApp.DTOs.PatientDto'.
2025-11-27 14:16:28.116 +01:00 [INF] Executed action HomeCareApp.Controllers.PatientController.GetPatientByUserId (api) in 3.3251ms
2025-11-27 14:16:28.116 +01:00 [INF] Executed endpoint 'HomeCareApp.Controllers.PatientController.GetPatientByUserId (api)'
2025-11-27 14:16:28.116 +01:00 [INF] Request finished HTTP/1.1 GET http://localhost:5090/api/patient/user/3e910976-dd6e-460f-8989-036062624ad9 - 200 218 application/json; charset=utf-8 5.4786ms
2025-11-27 14:16:34.114 +01:00 [INF] Request starting HTTP/1.1 OPTIONS http://localhost:5090/api/patient/2 - null null
2025-11-27 14:16:34.114 +01:00 [INF] CORS policy execution successful.
2025-11-27 14:16:34.114 +01:00 [INF] Request finished HTTP/1.1 OPTIONS http://localhost:5090/api/patient/2 - 204 null null 0.5002ms
2025-11-27 14:16:34.117 +01:00 [INF] Request starting HTTP/1.1 PUT http://localhost:5090/api/patient/2 - application/json 263
2025-11-27 14:16:34.117 +01:00 [INF] CORS policy execution successful.
2025-11-27 14:16:34.118 +01:00 [INF] Executing endpoint 'HomeCareApp.Controllers.PatientController.Update (api)'
2025-11-27 14:16:34.124 +01:00 [INF] Route matched with {action = "Update", controller = "Patient"}. Executing controller action with signature System.Threading.Tasks.Task`1[Microsoft.AspNetCore.Mvc.IActionResult] Update(Int32, HomeCareApp.DTOs.PatientDto) on controller HomeCareApp.Controllers.PatientController (api).
2025-11-27 14:16:34.169 +01:00 [INF] Executing BadRequestObjectResult, writing value of type 'Microsoft.AspNetCore.Mvc.ValidationProblemDetails'.
2025-11-27 14:16:34.184 +01:00 [INF] Executed action HomeCareApp.Controllers.PatientController.Update (api) in 60.0853ms
2025-11-27 14:16:34.184 +01:00 [INF] Executed endpoint 'HomeCareApp.Controllers.PatientController.Update (api)'
2025-11-27 14:16:34.184 +01:00 [INF] Request finished HTTP/1.1 PUT http://localhost:5090/api/patient/2 - 400 270 application/problem+json; charset=utf-8 67.5244ms
2025-11-27 14:16:41.775 +01:00 [INF] Request starting HTTP/1.1 OPTIONS http://localhost:5090/api/patient/2 - null null
2025-11-27 14:16:41.775 +01:00 [INF] CORS policy execution successful.
2025-11-27 14:16:41.776 +01:00 [INF] Request finished HTTP/1.1 OPTIONS http://localhost:5090/api/patient/2 - 204 null null 0.4242ms
2025-11-27 14:16:41.778 +01:00 [INF] Request starting HTTP/1.1 PUT http://localhost:5090/api/patient/2 - application/json 266
2025-11-27 14:16:41.778 +01:00 [INF] CORS policy execution successful.
2025-11-27 14:16:41.779 +01:00 [INF] Executing endpoint 'HomeCareApp.Controllers.PatientController.Update (api)'
2025-11-27 14:16:41.779 +01:00 [INF] Route matched with {action = "Update", controller = "Patient"}. Executing controller action with signature System.Threading.Tasks.Task`1[Microsoft.AspNetCore.Mvc.IActionResult] Update(Int32, HomeCareApp.DTOs.PatientDto) on controller HomeCareApp.Controllers.PatientController (api).
2025-11-27 14:16:41.782 +01:00 [INF] [PatientRepository] GetPatientById(2) - Retrieving patient
2025-11-27 14:16:41.893 +01:00 [INF] [PatientRepository] GetPatientById(2) - Patient found: Vilde Nerem
2025-11-27 14:16:41.895 +01:00 [INF] [PatientRepository] Update() - Updating patient: Vilde Nerem (ID: 2)
2025-11-27 14:16:42.007 +01:00 [INF] [PatientRepository] Update() - Successfully updated patient: Vilde Nerem (ID: 2)
2025-11-27 14:16:42.008 +01:00 [INF] Executing OkObjectResult, writing value of type 'HomeCareApp.DTOs.PatientDto'.
2025-11-27 14:16:42.008 +01:00 [INF] Executed action HomeCareApp.Controllers.PatientController.Update (api) in 228.9957ms
2025-11-27 14:16:42.008 +01:00 [INF] Executed endpoint 'HomeCareApp.Controllers.PatientController.Update (api)'
2025-11-27 14:16:42.008 +01:00 [INF] Request finished HTTP/1.1 PUT http://localhost:5090/api/patient/2 - 200 218 application/json; charset=utf-8 230.3662ms
2025-11-27 14:16:42.013 +01:00 [INF] Request starting HTTP/1.1 OPTIONS http://localhost:5090/api/patient/user/3e910976-dd6e-460f-8989-036062624ad9 - null null
2025-11-27 14:16:42.013 +01:00 [INF] CORS policy execution successful.
2025-11-27 14:16:42.013 +01:00 [INF] Request finished HTTP/1.1 OPTIONS http://localhost:5090/api/patient/user/3e910976-dd6e-460f-8989-036062624ad9 - 204 null null 0.4154ms
2025-11-27 14:16:42.015 +01:00 [INF] Request starting HTTP/1.1 GET http://localhost:5090/api/patient/user/3e910976-dd6e-460f-8989-036062624ad9 - application/json null
2025-11-27 14:16:42.015 +01:00 [INF] CORS policy execution successful.
2025-11-27 14:16:42.015 +01:00 [INF] Executing endpoint 'HomeCareApp.Controllers.PatientController.GetPatientByUserId (api)'
2025-11-27 14:16:42.016 +01:00 [INF] Route matched with {action = "GetPatientByUserId", controller = "Patient"}. Executing controller action with signature System.Threading.Tasks.Task`1[Microsoft.AspNetCore.Mvc.ActionResult`1[HomeCareApp.DTOs.PatientDto]] GetPatientByUserId(System.String) on controller HomeCareApp.Controllers.PatientController (api).
2025-11-27 14:16:42.016 +01:00 [INF] [PatientController] Getting patient by UserId: 3e910976-dd6e-460f-8989-036062624ad9
2025-11-27 14:16:42.016 +01:00 [INF] [PatientRepository] GetAll() - Retrieving all patients
2025-11-27 14:16:42.019 +01:00 [INF] [PatientRepository] GetAll() - Successfully retrieved 2 patients
2025-11-27 14:16:42.019 +01:00 [INF] [PatientController] Total patients in database: 2
2025-11-27 14:16:42.020 +01:00 [INF] [PatientController] Successfully retrieved patient 2 for UserId: 3e910976-dd6e-460f-8989-036062624ad9
2025-11-27 14:16:42.020 +01:00 [INF] Executing OkObjectResult, writing value of type 'HomeCareApp.DTOs.PatientDto'.
2025-11-27 14:16:42.020 +01:00 [INF] Executed action HomeCareApp.Controllers.PatientController.GetPatientByUserId (api) in 4.7014ms
2025-11-27 14:16:42.021 +01:00 [INF] Executed endpoint 'HomeCareApp.Controllers.PatientController.GetPatientByUserId (api)'
2025-11-27 14:16:42.021 +01:00 [INF] Request finished HTTP/1.1 GET http://localhost:5090/api/patient/user/3e910976-dd6e-460f-8989-036062624ad9 - 200 217 application/json; charset=utf-8 6.8001ms
2025-11-27 14:16:48.681 +01:00 [INF] Request starting HTTP/1.1 OPTIONS http://localhost:5090/api/Notification/unread-count - null null
2025-11-27 14:16:48.681 +01:00 [INF] CORS policy execution successful.
2025-11-27 14:16:48.681 +01:00 [INF] Request finished HTTP/1.1 OPTIONS http://localhost:5090/api/Notification/unread-count - 204 null null 0.3973ms
2025-11-27 14:16:48.683 +01:00 [INF] Request starting HTTP/1.1 GET http://localhost:5090/api/Notification/unread-count - application/json null
2025-11-27 14:16:48.683 +01:00 [INF] CORS policy execution successful.
2025-11-27 14:16:48.684 +01:00 [INF] Executing endpoint 'HomeCareApp.Controllers.NotificationController.GetUnreadCount (api)'
2025-11-27 14:16:48.684 +01:00 [INF] Route matched with {action = "GetUnreadCount", controller = "Notification"}. Executing controller action with signature System.Threading.Tasks.Task`1[Microsoft.AspNetCore.Mvc.ActionResult`1[System.Int32]] GetUnreadCount() on controller HomeCareApp.Controllers.NotificationController (api).
2025-11-27 14:16:48.685 +01:00 [INF] [NotificationController] Getting unread count for UserId: 3e910976-dd6e-460f-8989-036062624ad9
2025-11-27 14:16:48.685 +01:00 [INF] [NotificationRepository] GetUnreadCountAsync(3e910976-dd6e-460f-8989-036062624ad9) - Getting unread count for user
2025-11-27 14:16:48.687 +01:00 [INF] [NotificationRepository] GetUnreadCountAsync(3e910976-dd6e-460f-8989-036062624ad9) - User has 2 unread notifications
2025-11-27 14:16:48.687 +01:00 [INF] [NotificationController] Found 2 unread notifications for UserId: 3e910976-dd6e-460f-8989-036062624ad9
2025-11-27 14:16:48.687 +01:00 [INF] Executing OkObjectResult, writing value of type 'System.Int32'.
2025-11-27 14:16:48.687 +01:00 [INF] Executed action HomeCareApp.Controllers.NotificationController.GetUnreadCount (api) in 3.3355ms
2025-11-27 14:16:48.687 +01:00 [INF] Executed endpoint 'HomeCareApp.Controllers.NotificationController.GetUnreadCount (api)'
2025-11-27 14:16:48.687 +01:00 [INF] Request finished HTTP/1.1 GET http://localhost:5090/api/Notification/unread-count - 200 1 application/json; charset=utf-8 4.4784ms
2025-11-27 14:16:53.152 +01:00 [INF] Request starting HTTP/1.1 OPTIONS http://localhost:5090/api/patient/2 - null null
2025-11-27 14:16:53.152 +01:00 [INF] CORS policy execution successful.
2025-11-27 14:16:53.152 +01:00 [INF] Request finished HTTP/1.1 OPTIONS http://localhost:5090/api/patient/2 - 204 null null 0.2917ms
2025-11-27 14:16:53.154 +01:00 [INF] Request starting HTTP/1.1 PUT http://localhost:5090/api/patient/2 - application/json 265
2025-11-27 14:16:53.154 +01:00 [INF] CORS policy execution successful.
2025-11-27 14:16:53.155 +01:00 [INF] Executing endpoint 'HomeCareApp.Controllers.PatientController.Update (api)'
2025-11-27 14:16:53.155 +01:00 [INF] Route matched with {action = "Update", controller = "Patient"}. Executing controller action with signature System.Threading.Tasks.Task`1[Microsoft.AspNetCore.Mvc.IActionResult] Update(Int32, HomeCareApp.DTOs.PatientDto) on controller HomeCareApp.Controllers.PatientController (api).
2025-11-27 14:16:53.156 +01:00 [INF] [PatientRepository] GetPatientById(2) - Retrieving patient
2025-11-27 14:16:53.159 +01:00 [INF] [PatientRepository] GetPatientById(2) - Patient found: Vilde Nerem
2025-11-27 14:16:53.159 +01:00 [INF] [PatientRepository] Update() - Updating patient: Vilde Nerem (ID: 2)
2025-11-27 14:16:53.163 +01:00 [INF] [PatientRepository] Update() - Successfully updated patient: Vilde Nerem (ID: 2)
2025-11-27 14:16:53.164 +01:00 [INF] Executing OkObjectResult, writing value of type 'HomeCareApp.DTOs.PatientDto'.
2025-11-27 14:16:53.164 +01:00 [INF] Executed action HomeCareApp.Controllers.PatientController.Update (api) in 9.314ms
2025-11-27 14:16:53.164 +01:00 [INF] Executed endpoint 'HomeCareApp.Controllers.PatientController.Update (api)'
2025-11-27 14:16:53.164 +01:00 [INF] Request finished HTTP/1.1 PUT http://localhost:5090/api/patient/2 - 200 218 application/json; charset=utf-8 10.6175ms
2025-11-27 14:16:53.183 +01:00 [INF] Request starting HTTP/1.1 OPTIONS http://localhost:5090/api/patient/user/3e910976-dd6e-460f-8989-036062624ad9 - null null
2025-11-27 14:16:53.183 +01:00 [INF] CORS policy execution successful.
2025-11-27 14:16:53.183 +01:00 [INF] Request finished HTTP/1.1 OPTIONS http://localhost:5090/api/patient/user/3e910976-dd6e-460f-8989-036062624ad9 - 204 null null 0.4467ms
2025-11-27 14:16:53.186 +01:00 [INF] Request starting HTTP/1.1 GET http://localhost:5090/api/patient/user/3e910976-dd6e-460f-8989-036062624ad9 - application/json null
2025-11-27 14:16:53.186 +01:00 [INF] CORS policy execution successful.
2025-11-27 14:16:53.186 +01:00 [INF] Executing endpoint 'HomeCareApp.Controllers.PatientController.GetPatientByUserId (api)'
2025-11-27 14:16:53.186 +01:00 [INF] Route matched with {action = "GetPatientByUserId", controller = "Patient"}. Executing controller action with signature System.Threading.Tasks.Task`1[Microsoft.AspNetCore.Mvc.ActionResult`1[HomeCareApp.DTOs.PatientDto]] GetPatientByUserId(System.String) on controller HomeCareApp.Controllers.PatientController (api).
2025-11-27 14:16:53.187 +01:00 [INF] [PatientController] Getting patient by UserId: 3e910976-dd6e-460f-8989-036062624ad9
2025-11-27 14:16:53.187 +01:00 [INF] [PatientRepository] GetAll() - Retrieving all patients
2025-11-27 14:16:53.188 +01:00 [INF] [PatientRepository] GetAll() - Successfully retrieved 2 patients
2025-11-27 14:16:53.188 +01:00 [INF] [PatientController] Total patients in database: 2
2025-11-27 14:16:53.188 +01:00 [INF] [PatientController] Successfully retrieved patient 2 for UserId: 3e910976-dd6e-460f-8989-036062624ad9
2025-11-27 14:16:53.188 +01:00 [INF] Executing OkObjectResult, writing value of type 'HomeCareApp.DTOs.PatientDto'.
2025-11-27 14:16:53.188 +01:00 [INF] Executed action HomeCareApp.Controllers.PatientController.GetPatientByUserId (api) in 1.5284ms
2025-11-27 14:16:53.188 +01:00 [INF] Executed endpoint 'HomeCareApp.Controllers.PatientController.GetPatientByUserId (api)'
2025-11-27 14:16:53.188 +01:00 [INF] Request finished HTTP/1.1 GET http://localhost:5090/api/patient/user/3e910976-dd6e-460f-8989-036062624ad9 - 200 217 application/json; charset=utf-8 2.3632ms
2025-11-27 14:16:55.017 +01:00 [INF] Request starting HTTP/1.1 OPTIONS http://localhost:5090/api/Notification/unread-count - null null
2025-11-27 14:16:55.017 +01:00 [INF] CORS policy execution successful.
2025-11-27 14:16:55.017 +01:00 [INF] Request finished HTTP/1.1 OPTIONS http://localhost:5090/api/Notification/unread-count - 204 null null 0.538ms
2025-11-27 14:16:55.020 +01:00 [INF] Request starting HTTP/1.1 GET http://localhost:5090/api/Notification/unread-count - application/json null
2025-11-27 14:16:55.020 +01:00 [INF] CORS policy execution successful.
2025-11-27 14:16:55.020 +01:00 [INF] Executing endpoint 'HomeCareApp.Controllers.NotificationController.GetUnreadCount (api)'
2025-11-27 14:16:55.020 +01:00 [INF] Route matched with {action = "GetUnreadCount", controller = "Notification"}. Executing controller action with signature System.Threading.Tasks.Task`1[Microsoft.AspNetCore.Mvc.ActionResult`1[System.Int32]] GetUnreadCount() on controller HomeCareApp.Controllers.NotificationController (api).
2025-11-27 14:16:55.021 +01:00 [INF] [NotificationController] Getting unread count for UserId: 3e910976-dd6e-460f-8989-036062624ad9
2025-11-27 14:16:55.021 +01:00 [INF] [NotificationRepository] GetUnreadCountAsync(3e910976-dd6e-460f-8989-036062624ad9) - Getting unread count for user
2025-11-27 14:16:55.022 +01:00 [INF] [NotificationRepository] GetUnreadCountAsync(3e910976-dd6e-460f-8989-036062624ad9) - User has 2 unread notifications
2025-11-27 14:16:55.022 +01:00 [INF] [NotificationController] Found 2 unread notifications for UserId: 3e910976-dd6e-460f-8989-036062624ad9
2025-11-27 14:16:55.022 +01:00 [INF] Executing OkObjectResult, writing value of type 'System.Int32'.
2025-11-27 14:16:55.023 +01:00 [INF] Executed action HomeCareApp.Controllers.NotificationController.GetUnreadCount (api) in 2.0071ms
2025-11-27 14:16:55.023 +01:00 [INF] Executed endpoint 'HomeCareApp.Controllers.NotificationController.GetUnreadCount (api)'
2025-11-27 14:16:55.023 +01:00 [INF] Request finished HTTP/1.1 GET http://localhost:5090/api/Notification/unread-count - 200 1 application/json; charset=utf-8 2.6421ms
2025-11-27 14:17:25.694 +01:00 [INF] Request starting HTTP/1.1 OPTIONS http://localhost:5090/api/Notification/unread-count - null null
2025-11-27 14:17:25.694 +01:00 [INF] CORS policy execution successful.
2025-11-27 14:17:25.694 +01:00 [INF] Request finished HTTP/1.1 OPTIONS http://localhost:5090/api/Notification/unread-count - 204 null null 0.549ms
2025-11-27 14:17:25.698 +01:00 [INF] Request starting HTTP/1.1 GET http://localhost:5090/api/Notification/unread-count - application/json null
2025-11-27 14:17:25.698 +01:00 [INF] CORS policy execution successful.
2025-11-27 14:17:25.699 +01:00 [INF] Executing endpoint 'HomeCareApp.Controllers.NotificationController.GetUnreadCount (api)'
2025-11-27 14:17:25.700 +01:00 [INF] Route matched with {action = "GetUnreadCount", controller = "Notification"}. Executing controller action with signature System.Threading.Tasks.Task`1[Microsoft.AspNetCore.Mvc.ActionResult`1[System.Int32]] GetUnreadCount() on controller HomeCareApp.Controllers.NotificationController (api).
2025-11-27 14:17:25.700 +01:00 [INF] [NotificationController] Getting unread count for UserId: 3e910976-dd6e-460f-8989-036062624ad9
2025-11-27 14:17:25.700 +01:00 [INF] [NotificationRepository] GetUnreadCountAsync(3e910976-dd6e-460f-8989-036062624ad9) - Getting unread count for user
2025-11-27 14:17:25.703 +01:00 [INF] [NotificationRepository] GetUnreadCountAsync(3e910976-dd6e-460f-8989-036062624ad9) - User has 2 unread notifications
2025-11-27 14:17:25.703 +01:00 [INF] [NotificationController] Found 2 unread notifications for UserId: 3e910976-dd6e-460f-8989-036062624ad9
2025-11-27 14:17:25.703 +01:00 [INF] Executing OkObjectResult, writing value of type 'System.Int32'.
2025-11-27 14:17:25.703 +01:00 [INF] Executed action HomeCareApp.Controllers.NotificationController.GetUnreadCount (api) in 3.7978ms
2025-11-27 14:17:25.704 +01:00 [INF] Executed endpoint 'HomeCareApp.Controllers.NotificationController.GetUnreadCount (api)'
2025-11-27 14:17:25.704 +01:00 [INF] Request finished HTTP/1.1 GET http://localhost:5090/api/Notification/unread-count - 200 1 application/json; charset=utf-8 6.0078ms
2025-11-27 14:17:48.684 +01:00 [INF] Request starting HTTP/1.1 OPTIONS http://localhost:5090/api/Notification/unread-count - null null
2025-11-27 14:17:48.685 +01:00 [INF] CORS policy execution successful.
2025-11-27 14:17:48.685 +01:00 [INF] Request finished HTTP/1.1 OPTIONS http://localhost:5090/api/Notification/unread-count - 204 null null 0.6811ms
2025-11-27 14:17:48.689 +01:00 [INF] Request starting HTTP/1.1 GET http://localhost:5090/api/Notification/unread-count - application/json null
2025-11-27 14:17:48.689 +01:00 [INF] CORS policy execution successful.
2025-11-27 14:17:48.690 +01:00 [INF] Executing endpoint 'HomeCareApp.Controllers.NotificationController.GetUnreadCount (api)'
2025-11-27 14:17:48.690 +01:00 [INF] Route matched with {action = "GetUnreadCount", controller = "Notification"}. Executing controller action with signature System.Threading.Tasks.Task`1[Microsoft.AspNetCore.Mvc.ActionResult`1[System.Int32]] GetUnreadCount() on controller HomeCareApp.Controllers.NotificationController (api).
2025-11-27 14:17:48.690 +01:00 [INF] [NotificationController] Getting unread count for UserId: 3e910976-dd6e-460f-8989-036062624ad9
2025-11-27 14:17:48.690 +01:00 [INF] [NotificationRepository] GetUnreadCountAsync(3e910976-dd6e-460f-8989-036062624ad9) - Getting unread count for user
2025-11-27 14:17:48.692 +01:00 [INF] [NotificationRepository] GetUnreadCountAsync(3e910976-dd6e-460f-8989-036062624ad9) - User has 2 unread notifications
2025-11-27 14:17:48.693 +01:00 [INF] [NotificationController] Found 2 unread notifications for UserId: 3e910976-dd6e-460f-8989-036062624ad9
2025-11-27 14:17:48.693 +01:00 [INF] Executing OkObjectResult, writing value of type 'System.Int32'.
2025-11-27 14:17:48.693 +01:00 [INF] Executed action HomeCareApp.Controllers.NotificationController.GetUnreadCount (api) in 2.9651ms
2025-11-27 14:17:48.693 +01:00 [INF] Executed endpoint 'HomeCareApp.Controllers.NotificationController.GetUnreadCount (api)'
2025-11-27 14:17:48.693 +01:00 [INF] Request finished HTTP/1.1 GET http://localhost:5090/api/Notification/unread-count - 200 1 application/json; charset=utf-8 4.3383ms
2025-11-27 14:17:55.686 +01:00 [INF] Request starting HTTP/1.1 OPTIONS http://localhost:5090/api/Notification/unread-count - null null
2025-11-27 14:17:55.686 +01:00 [INF] CORS policy execution successful.
2025-11-27 14:17:55.686 +01:00 [INF] Request finished HTTP/1.1 OPTIONS http://localhost:5090/api/Notification/unread-count - 204 null null 0.2817ms
2025-11-27 14:17:55.688 +01:00 [INF] Request starting HTTP/1.1 GET http://localhost:5090/api/Notification/unread-count - application/json null
2025-11-27 14:17:55.688 +01:00 [INF] CORS policy execution successful.
2025-11-27 14:17:55.688 +01:00 [INF] Executing endpoint 'HomeCareApp.Controllers.NotificationController.GetUnreadCount (api)'
2025-11-27 14:17:55.688 +01:00 [INF] Route matched with {action = "GetUnreadCount", controller = "Notification"}. Executing controller action with signature System.Threading.Tasks.Task`1[Microsoft.AspNetCore.Mvc.ActionResult`1[System.Int32]] GetUnreadCount() on controller HomeCareApp.Controllers.NotificationController (api).
2025-11-27 14:17:55.688 +01:00 [INF] [NotificationController] Getting unread count for UserId: 3e910976-dd6e-460f-8989-036062624ad9
2025-11-27 14:17:55.689 +01:00 [INF] [NotificationRepository] GetUnreadCountAsync(3e910976-dd6e-460f-8989-036062624ad9) - Getting unread count for user
2025-11-27 14:17:55.690 +01:00 [INF] [NotificationRepository] GetUnreadCountAsync(3e910976-dd6e-460f-8989-036062624ad9) - User has 2 unread notifications
2025-11-27 14:17:55.690 +01:00 [INF] [NotificationController] Found 2 unread notifications for UserId: 3e910976-dd6e-460f-8989-036062624ad9
2025-11-27 14:17:55.690 +01:00 [INF] Executing OkObjectResult, writing value of type 'System.Int32'.
2025-11-27 14:17:55.691 +01:00 [INF] Executed action HomeCareApp.Controllers.NotificationController.GetUnreadCount (api) in 2.4408ms
2025-11-27 14:17:55.691 +01:00 [INF] Executed endpoint 'HomeCareApp.Controllers.NotificationController.GetUnreadCount (api)'
2025-11-27 14:17:55.691 +01:00 [INF] Request finished HTTP/1.1 GET http://localhost:5090/api/Notification/unread-count - 200 1 application/json; charset=utf-8 3.177ms
2025-11-27 14:18:25.692 +01:00 [INF] Request starting HTTP/1.1 OPTIONS http://localhost:5090/api/Notification/unread-count - null null
2025-11-27 14:18:25.692 +01:00 [INF] CORS policy execution successful.
2025-11-27 14:18:25.693 +01:00 [INF] Request finished HTTP/1.1 OPTIONS http://localhost:5090/api/Notification/unread-count - 204 null null 0.8201ms
2025-11-27 14:18:25.696 +01:00 [INF] Request starting HTTP/1.1 GET http://localhost:5090/api/Notification/unread-count - application/json null
2025-11-27 14:18:25.696 +01:00 [INF] CORS policy execution successful.
2025-11-27 14:18:25.697 +01:00 [INF] Executing endpoint 'HomeCareApp.Controllers.NotificationController.GetUnreadCount (api)'
2025-11-27 14:18:25.697 +01:00 [INF] Route matched with {action = "GetUnreadCount", controller = "Notification"}. Executing controller action with signature System.Threading.Tasks.Task`1[Microsoft.AspNetCore.Mvc.ActionResult`1[System.Int32]] GetUnreadCount() on controller HomeCareApp.Controllers.NotificationController (api).
2025-11-27 14:18:25.697 +01:00 [INF] [NotificationController] Getting unread count for UserId: 3e910976-dd6e-460f-8989-036062624ad9
2025-11-27 14:18:25.698 +01:00 [INF] [NotificationRepository] GetUnreadCountAsync(3e910976-dd6e-460f-8989-036062624ad9) - Getting unread count for user
2025-11-27 14:18:25.699 +01:00 [INF] [NotificationRepository] GetUnreadCountAsync(3e910976-dd6e-460f-8989-036062624ad9) - User has 2 unread notifications
2025-11-27 14:18:25.699 +01:00 [INF] [NotificationController] Found 2 unread notifications for UserId: 3e910976-dd6e-460f-8989-036062624ad9
2025-11-27 14:18:25.700 +01:00 [INF] Executing OkObjectResult, writing value of type 'System.Int32'.
2025-11-27 14:18:25.700 +01:00 [INF] Executed action HomeCareApp.Controllers.NotificationController.GetUnreadCount (api) in 2.8821ms
2025-11-27 14:18:25.700 +01:00 [INF] Executed endpoint 'HomeCareApp.Controllers.NotificationController.GetUnreadCount (api)'
2025-11-27 14:18:25.700 +01:00 [INF] Request finished HTTP/1.1 GET http://localhost:5090/api/Notification/unread-count - 200 1 application/json; charset=utf-8 4.2099ms
2025-11-27 14:18:48.678 +01:00 [INF] Request starting HTTP/1.1 OPTIONS http://localhost:5090/api/Notification/unread-count - null null
2025-11-27 14:18:48.679 +01:00 [INF] CORS policy execution successful.
2025-11-27 14:18:48.679 +01:00 [INF] Request finished HTTP/1.1 OPTIONS http://localhost:5090/api/Notification/unread-count - 204 null null 0.4354ms
2025-11-27 14:18:48.681 +01:00 [INF] Request starting HTTP/1.1 GET http://localhost:5090/api/Notification/unread-count - application/json null
2025-11-27 14:18:48.681 +01:00 [INF] CORS policy execution successful.
2025-11-27 14:18:48.682 +01:00 [INF] Executing endpoint 'HomeCareApp.Controllers.NotificationController.GetUnreadCount (api)'
2025-11-27 14:18:48.682 +01:00 [INF] Route matched with {action = "GetUnreadCount", controller = "Notification"}. Executing controller action with signature System.Threading.Tasks.Task`1[Microsoft.AspNetCore.Mvc.ActionResult`1[System.Int32]] GetUnreadCount() on controller HomeCareApp.Controllers.NotificationController (api).
2025-11-27 14:18:48.682 +01:00 [INF] [NotificationController] Getting unread count for UserId: 3e910976-dd6e-460f-8989-036062624ad9
2025-11-27 14:18:48.682 +01:00 [INF] [NotificationRepository] GetUnreadCountAsync(3e910976-dd6e-460f-8989-036062624ad9) - Getting unread count for user
2025-11-27 14:18:48.683 +01:00 [INF] [NotificationRepository] GetUnreadCountAsync(3e910976-dd6e-460f-8989-036062624ad9) - User has 2 unread notifications
2025-11-27 14:18:48.683 +01:00 [INF] [NotificationController] Found 2 unread notifications for UserId: 3e910976-dd6e-460f-8989-036062624ad9
2025-11-27 14:18:48.683 +01:00 [INF] Executing OkObjectResult, writing value of type 'System.Int32'.
2025-11-27 14:18:48.684 +01:00 [INF] Executed action HomeCareApp.Controllers.NotificationController.GetUnreadCount (api) in 1.6222ms
2025-11-27 14:18:48.684 +01:00 [INF] Executed endpoint 'HomeCareApp.Controllers.NotificationController.GetUnreadCount (api)'
2025-11-27 14:18:48.684 +01:00 [INF] Request finished HTTP/1.1 GET http://localhost:5090/api/Notification/unread-count - 200 1 application/json; charset=utf-8 2.7978ms
2025-11-27 14:18:55.677 +01:00 [INF] Request starting HTTP/1.1 OPTIONS http://localhost:5090/api/Notification/unread-count - null null
2025-11-27 14:18:55.677 +01:00 [INF] CORS policy execution successful.
2025-11-27 14:18:55.677 +01:00 [INF] Request finished HTTP/1.1 OPTIONS http://localhost:5090/api/Notification/unread-count - 204 null null 0.4092ms
2025-11-27 14:18:55.679 +01:00 [INF] Request starting HTTP/1.1 GET http://localhost:5090/api/Notification/unread-count - application/json null
2025-11-27 14:18:55.679 +01:00 [INF] CORS policy execution successful.
2025-11-27 14:18:55.680 +01:00 [INF] Executing endpoint 'HomeCareApp.Controllers.NotificationController.GetUnreadCount (api)'
2025-11-27 14:18:55.680 +01:00 [INF] Route matched with {action = "GetUnreadCount", controller = "Notification"}. Executing controller action with signature System.Threading.Tasks.Task`1[Microsoft.AspNetCore.Mvc.ActionResult`1[System.Int32]] GetUnreadCount() on controller HomeCareApp.Controllers.NotificationController (api).
2025-11-27 14:18:55.681 +01:00 [INF] [NotificationController] Getting unread count for UserId: 3e910976-dd6e-460f-8989-036062624ad9
2025-11-27 14:18:55.681 +01:00 [INF] [NotificationRepository] GetUnreadCountAsync(3e910976-dd6e-460f-8989-036062624ad9) - Getting unread count for user
2025-11-27 14:18:55.683 +01:00 [INF] [NotificationRepository] GetUnreadCountAsync(3e910976-dd6e-460f-8989-036062624ad9) - User has 2 unread notifications
2025-11-27 14:18:55.683 +01:00 [INF] [NotificationController] Found 2 unread notifications for UserId: 3e910976-dd6e-460f-8989-036062624ad9
2025-11-27 14:18:55.683 +01:00 [INF] Executing OkObjectResult, writing value of type 'System.Int32'.
2025-11-27 14:18:55.684 +01:00 [INF] Executed action HomeCareApp.Controllers.NotificationController.GetUnreadCount (api) in 3.3304ms
2025-11-27 14:18:55.684 +01:00 [INF] Executed endpoint 'HomeCareApp.Controllers.NotificationController.GetUnreadCount (api)'
2025-11-27 14:18:55.684 +01:00 [INF] Request finished HTTP/1.1 GET http://localhost:5090/api/Notification/unread-count - 200 1 application/json; charset=utf-8 4.998ms
2025-11-27 14:19:25.690 +01:00 [INF] Request starting HTTP/1.1 OPTIONS http://localhost:5090/api/Notification/unread-count - null null
2025-11-27 14:19:25.690 +01:00 [INF] CORS policy execution successful.
2025-11-27 14:19:25.690 +01:00 [INF] Request finished HTTP/1.1 OPTIONS http://localhost:5090/api/Notification/unread-count - 204 null null 0.5204ms
2025-11-27 14:19:25.693 +01:00 [INF] Request starting HTTP/1.1 GET http://localhost:5090/api/Notification/unread-count - application/json null
2025-11-27 14:19:25.693 +01:00 [INF] CORS policy execution successful.
2025-11-27 14:19:25.694 +01:00 [INF] Executing endpoint 'HomeCareApp.Controllers.NotificationController.GetUnreadCount (api)'
2025-11-27 14:19:25.694 +01:00 [INF] Route matched with {action = "GetUnreadCount", controller = "Notification"}. Executing controller action with signature System.Threading.Tasks.Task`1[Microsoft.AspNetCore.Mvc.ActionResult`1[System.Int32]] GetUnreadCount() on controller HomeCareApp.Controllers.NotificationController (api).
2025-11-27 14:19:25.694 +01:00 [INF] [NotificationController] Getting unread count for UserId: 3e910976-dd6e-460f-8989-036062624ad9
2025-11-27 14:19:25.694 +01:00 [INF] [NotificationRepository] GetUnreadCountAsync(3e910976-dd6e-460f-8989-036062624ad9) - Getting unread count for user
2025-11-27 14:19:25.696 +01:00 [INF] [NotificationRepository] GetUnreadCountAsync(3e910976-dd6e-460f-8989-036062624ad9) - User has 2 unread notifications
2025-11-27 14:19:25.696 +01:00 [INF] [NotificationController] Found 2 unread notifications for UserId: 3e910976-dd6e-460f-8989-036062624ad9
2025-11-27 14:19:25.696 +01:00 [INF] Executing OkObjectResult, writing value of type 'System.Int32'.
2025-11-27 14:19:25.697 +01:00 [INF] Executed action HomeCareApp.Controllers.NotificationController.GetUnreadCount (api) in 2.7319ms
2025-11-27 14:19:25.697 +01:00 [INF] Executed endpoint 'HomeCareApp.Controllers.NotificationController.GetUnreadCount (api)'
2025-11-27 14:19:25.697 +01:00 [INF] Request finished HTTP/1.1 GET http://localhost:5090/api/Notification/unread-count - 200 1 application/json; charset=utf-8 3.8917ms
2025-11-27 14:19:48.685 +01:00 [INF] Request starting HTTP/1.1 OPTIONS http://localhost:5090/api/Notification/unread-count - null null
2025-11-27 14:19:48.686 +01:00 [INF] CORS policy execution successful.
2025-11-27 14:19:48.686 +01:00 [INF] Request finished HTTP/1.1 OPTIONS http://localhost:5090/api/Notification/unread-count - 204 null null 0.3673ms
2025-11-27 14:19:48.688 +01:00 [INF] Request starting HTTP/1.1 GET http://localhost:5090/api/Notification/unread-count - application/json null
2025-11-27 14:19:48.688 +01:00 [INF] CORS policy execution successful.
2025-11-27 14:19:48.689 +01:00 [INF] Executing endpoint 'HomeCareApp.Controllers.NotificationController.GetUnreadCount (api)'
2025-11-27 14:19:48.689 +01:00 [INF] Route matched with {action = "GetUnreadCount", controller = "Notification"}. Executing controller action with signature System.Threading.Tasks.Task`1[Microsoft.AspNetCore.Mvc.ActionResult`1[System.Int32]] GetUnreadCount() on controller HomeCareApp.Controllers.NotificationController (api).
2025-11-27 14:19:48.690 +01:00 [INF] [NotificationController] Getting unread count for UserId: 3e910976-dd6e-460f-8989-036062624ad9
2025-11-27 14:19:48.690 +01:00 [INF] [NotificationRepository] GetUnreadCountAsync(3e910976-dd6e-460f-8989-036062624ad9) - Getting unread count for user
2025-11-27 14:19:48.692 +01:00 [INF] [NotificationRepository] GetUnreadCountAsync(3e910976-dd6e-460f-8989-036062624ad9) - User has 2 unread notifications
2025-11-27 14:19:48.692 +01:00 [INF] [NotificationController] Found 2 unread notifications for UserId: 3e910976-dd6e-460f-8989-036062624ad9
2025-11-27 14:19:48.692 +01:00 [INF] Executing OkObjectResult, writing value of type 'System.Int32'.
2025-11-27 14:19:48.692 +01:00 [INF] Executed action HomeCareApp.Controllers.NotificationController.GetUnreadCount (api) in 2.9537ms
2025-11-27 14:19:48.692 +01:00 [INF] Executed endpoint 'HomeCareApp.Controllers.NotificationController.GetUnreadCount (api)'
2025-11-27 14:19:48.692 +01:00 [INF] Request finished HTTP/1.1 GET http://localhost:5090/api/Notification/unread-count - 200 1 application/json; charset=utf-8 4.3507ms
2025-11-27 14:20:48.683 +01:00 [INF] Request starting HTTP/1.1 OPTIONS http://localhost:5090/api/Notification/unread-count - null null
2025-11-27 14:20:48.683 +01:00 [INF] CORS policy execution successful.
2025-11-27 14:20:48.684 +01:00 [INF] Request finished HTTP/1.1 OPTIONS http://localhost:5090/api/Notification/unread-count - 204 null null 0.327ms
2025-11-27 14:20:48.684 +01:00 [INF] Request starting HTTP/1.1 OPTIONS http://localhost:5090/api/Notification/unread-count - null null
2025-11-27 14:20:48.684 +01:00 [INF] CORS policy execution successful.
2025-11-27 14:20:48.684 +01:00 [INF] Request finished HTTP/1.1 OPTIONS http://localhost:5090/api/Notification/unread-count - 204 null null 0.1014ms
2025-11-27 14:20:48.686 +01:00 [INF] Request starting HTTP/1.1 GET http://localhost:5090/api/Notification/unread-count - application/json null
2025-11-27 14:20:48.686 +01:00 [INF] CORS policy execution successful.
2025-11-27 14:20:48.686 +01:00 [INF] Executing endpoint 'HomeCareApp.Controllers.NotificationController.GetUnreadCount (api)'
2025-11-27 14:20:48.686 +01:00 [INF] Route matched with {action = "GetUnreadCount", controller = "Notification"}. Executing controller action with signature System.Threading.Tasks.Task`1[Microsoft.AspNetCore.Mvc.ActionResult`1[System.Int32]] GetUnreadCount() on controller HomeCareApp.Controllers.NotificationController (api).
2025-11-27 14:20:48.687 +01:00 [INF] [NotificationController] Getting unread count for UserId: 3e910976-dd6e-460f-8989-036062624ad9
2025-11-27 14:20:48.687 +01:00 [INF] [NotificationRepository] GetUnreadCountAsync(3e910976-dd6e-460f-8989-036062624ad9) - Getting unread count for user
2025-11-27 14:20:48.688 +01:00 [INF] [NotificationRepository] GetUnreadCountAsync(3e910976-dd6e-460f-8989-036062624ad9) - User has 2 unread notifications
2025-11-27 14:20:48.688 +01:00 [INF] [NotificationController] Found 2 unread notifications for UserId: 3e910976-dd6e-460f-8989-036062624ad9
2025-11-27 14:20:48.688 +01:00 [INF] Executing OkObjectResult, writing value of type 'System.Int32'.
2025-11-27 14:20:48.688 +01:00 [INF] Executed action HomeCareApp.Controllers.NotificationController.GetUnreadCount (api) in 1.926ms
2025-11-27 14:20:48.688 +01:00 [INF] Executed endpoint 'HomeCareApp.Controllers.NotificationController.GetUnreadCount (api)'
2025-11-27 14:20:48.689 +01:00 [INF] Request finished HTTP/1.1 GET http://localhost:5090/api/Notification/unread-count - 200 1 application/json; charset=utf-8 2.7472ms
2025-11-27 14:20:48.689 +01:00 [INF] Request starting HTTP/1.1 GET http://localhost:5090/api/Notification/unread-count - application/json null
2025-11-27 14:20:48.690 +01:00 [INF] CORS policy execution successful.
2025-11-27 14:20:48.690 +01:00 [INF] Executing endpoint 'HomeCareApp.Controllers.NotificationController.GetUnreadCount (api)'
2025-11-27 14:20:48.690 +01:00 [INF] Route matched with {action = "GetUnreadCount", controller = "Notification"}. Executing controller action with signature System.Threading.Tasks.Task`1[Microsoft.AspNetCore.Mvc.ActionResult`1[System.Int32]] GetUnreadCount() on controller HomeCareApp.Controllers.NotificationController (api).
2025-11-27 14:20:48.691 +01:00 [INF] [NotificationController] Getting unread count for UserId: 3e910976-dd6e-460f-8989-036062624ad9
2025-11-27 14:20:48.691 +01:00 [INF] [NotificationRepository] GetUnreadCountAsync(3e910976-dd6e-460f-8989-036062624ad9) - Getting unread count for user
2025-11-27 14:20:48.692 +01:00 [INF] [NotificationRepository] GetUnreadCountAsync(3e910976-dd6e-460f-8989-036062624ad9) - User has 2 unread notifications
2025-11-27 14:20:48.692 +01:00 [INF] [NotificationController] Found 2 unread notifications for UserId: 3e910976-dd6e-460f-8989-036062624ad9
2025-11-27 14:20:48.692 +01:00 [INF] Executing OkObjectResult, writing value of type 'System.Int32'.
2025-11-27 14:20:48.692 +01:00 [INF] Executed action HomeCareApp.Controllers.NotificationController.GetUnreadCount (api) in 1.9637ms
2025-11-27 14:20:48.692 +01:00 [INF] Executed endpoint 'HomeCareApp.Controllers.NotificationController.GetUnreadCount (api)'
2025-11-27 14:20:48.692 +01:00 [INF] Request finished HTTP/1.1 GET http://localhost:5090/api/Notification/unread-count - 200 1 application/json; charset=utf-8 2.9297ms
2025-11-27 14:21:48.682 +01:00 [INF] Request starting HTTP/1.1 OPTIONS http://localhost:5090/api/Notification/unread-count - null null
2025-11-27 14:21:48.682 +01:00 [INF] Request starting HTTP/1.1 OPTIONS http://localhost:5090/api/Notification/unread-count - null null
2025-11-27 14:21:48.682 +01:00 [INF] CORS policy execution successful.
2025-11-27 14:21:48.682 +01:00 [INF] CORS policy execution successful.
2025-11-27 14:21:48.682 +01:00 [INF] Request finished HTTP/1.1 OPTIONS http://localhost:5090/api/Notification/unread-count - 204 null null 0.2964ms
2025-11-27 14:21:48.682 +01:00 [INF] Request finished HTTP/1.1 OPTIONS http://localhost:5090/api/Notification/unread-count - 204 null null 0.5371ms
2025-11-27 14:21:48.688 +01:00 [INF] Request starting HTTP/1.1 GET http://localhost:5090/api/Notification/unread-count - application/json null
2025-11-27 14:21:48.689 +01:00 [INF] CORS policy execution successful.
2025-11-27 14:21:48.689 +01:00 [INF] Executing endpoint 'HomeCareApp.Controllers.NotificationController.GetUnreadCount (api)'
2025-11-27 14:21:48.689 +01:00 [INF] Route matched with {action = "GetUnreadCount", controller = "Notification"}. Executing controller action with signature System.Threading.Tasks.Task`1[Microsoft.AspNetCore.Mvc.ActionResult`1[System.Int32]] GetUnreadCount() on controller HomeCareApp.Controllers.NotificationController (api).
2025-11-27 14:21:48.689 +01:00 [INF] [NotificationController] Getting unread count for UserId: 3e910976-dd6e-460f-8989-036062624ad9
2025-11-27 14:21:48.689 +01:00 [INF] [NotificationRepository] GetUnreadCountAsync(3e910976-dd6e-460f-8989-036062624ad9) - Getting unread count for user
2025-11-27 14:21:48.690 +01:00 [INF] [NotificationRepository] GetUnreadCountAsync(3e910976-dd6e-460f-8989-036062624ad9) - User has 2 unread notifications
2025-11-27 14:21:48.691 +01:00 [INF] [NotificationController] Found 2 unread notifications for UserId: 3e910976-dd6e-460f-8989-036062624ad9
2025-11-27 14:21:48.691 +01:00 [INF] Executing OkObjectResult, writing value of type 'System.Int32'.
2025-11-27 14:21:48.691 +01:00 [INF] Executed action HomeCareApp.Controllers.NotificationController.GetUnreadCount (api) in 1.4446ms
2025-11-27 14:21:48.691 +01:00 [INF] Executed endpoint 'HomeCareApp.Controllers.NotificationController.GetUnreadCount (api)'
2025-11-27 14:21:48.691 +01:00 [INF] Request finished HTTP/1.1 GET http://localhost:5090/api/Notification/unread-count - 200 1 application/json; charset=utf-8 2.7861ms
2025-11-27 14:21:48.692 +01:00 [INF] Request starting HTTP/1.1 GET http://localhost:5090/api/Notification/unread-count - application/json null
2025-11-27 14:21:48.692 +01:00 [INF] CORS policy execution successful.
2025-11-27 14:21:48.693 +01:00 [INF] Executing endpoint 'HomeCareApp.Controllers.NotificationController.GetUnreadCount (api)'
2025-11-27 14:21:48.693 +01:00 [INF] Route matched with {action = "GetUnreadCount", controller = "Notification"}. Executing controller action with signature System.Threading.Tasks.Task`1[Microsoft.AspNetCore.Mvc.ActionResult`1[System.Int32]] GetUnreadCount() on controller HomeCareApp.Controllers.NotificationController (api).
2025-11-27 14:21:48.693 +01:00 [INF] [NotificationController] Getting unread count for UserId: 3e910976-dd6e-460f-8989-036062624ad9
2025-11-27 14:21:48.693 +01:00 [INF] [NotificationRepository] GetUnreadCountAsync(3e910976-dd6e-460f-8989-036062624ad9) - Getting unread count for user
2025-11-27 14:21:48.694 +01:00 [INF] [NotificationRepository] GetUnreadCountAsync(3e910976-dd6e-460f-8989-036062624ad9) - User has 2 unread notifications
2025-11-27 14:21:48.694 +01:00 [INF] [NotificationController] Found 2 unread notifications for UserId: 3e910976-dd6e-460f-8989-036062624ad9
2025-11-27 14:21:48.694 +01:00 [INF] Executing OkObjectResult, writing value of type 'System.Int32'.
2025-11-27 14:21:48.695 +01:00 [INF] Executed action HomeCareApp.Controllers.NotificationController.GetUnreadCount (api) in 1.647ms
2025-11-27 14:21:48.695 +01:00 [INF] Executed endpoint 'HomeCareApp.Controllers.NotificationController.GetUnreadCount (api)'
2025-11-27 14:21:48.695 +01:00 [INF] Request finished HTTP/1.1 GET http://localhost:5090/api/Notification/unread-count - 200 1 application/json; charset=utf-8 2.6569ms
2025-11-27 14:22:36.749 +01:00 [INF] Request starting HTTP/1.1 OPTIONS http://localhost:5090/api/Notification/unread-count - null null
2025-11-27 14:22:36.749 +01:00 [INF] CORS policy execution successful.
2025-11-27 14:22:36.749 +01:00 [INF] Request finished HTTP/1.1 OPTIONS http://localhost:5090/api/Notification/unread-count - 204 null null 0.3133ms
2025-11-27 14:22:36.761 +01:00 [INF] Request starting HTTP/1.1 GET http://localhost:5090/api/Notification/unread-count - application/json null
2025-11-27 14:22:36.761 +01:00 [INF] CORS policy execution successful.
2025-11-27 14:22:36.761 +01:00 [INF] Executing endpoint 'HomeCareApp.Controllers.NotificationController.GetUnreadCount (api)'
2025-11-27 14:22:36.761 +01:00 [INF] Route matched with {action = "GetUnreadCount", controller = "Notification"}. Executing controller action with signature System.Threading.Tasks.Task`1[Microsoft.AspNetCore.Mvc.ActionResult`1[System.Int32]] GetUnreadCount() on controller HomeCareApp.Controllers.NotificationController (api).
2025-11-27 14:22:36.762 +01:00 [INF] [NotificationController] Getting unread count for UserId: 3e910976-dd6e-460f-8989-036062624ad9
2025-11-27 14:22:36.762 +01:00 [INF] [NotificationRepository] GetUnreadCountAsync(3e910976-dd6e-460f-8989-036062624ad9) - Getting unread count for user
2025-11-27 14:22:36.763 +01:00 [INF] [NotificationRepository] GetUnreadCountAsync(3e910976-dd6e-460f-8989-036062624ad9) - User has 2 unread notifications
2025-11-27 14:22:36.763 +01:00 [INF] [NotificationController] Found 2 unread notifications for UserId: 3e910976-dd6e-460f-8989-036062624ad9
2025-11-27 14:22:36.763 +01:00 [INF] Executing OkObjectResult, writing value of type 'System.Int32'.
2025-11-27 14:22:36.763 +01:00 [INF] Executed action HomeCareApp.Controllers.NotificationController.GetUnreadCount (api) in 1.5817ms
2025-11-27 14:22:36.763 +01:00 [INF] Executed endpoint 'HomeCareApp.Controllers.NotificationController.GetUnreadCount (api)'
2025-11-27 14:22:36.763 +01:00 [INF] Request finished HTTP/1.1 GET http://localhost:5090/api/Notification/unread-count - 200 1 application/json; charset=utf-8 2.4297ms
2025-11-27 14:22:48.681 +01:00 [INF] Request starting HTTP/1.1 OPTIONS http://localhost:5090/api/Notification/unread-count - null null
2025-11-27 14:22:48.682 +01:00 [INF] CORS policy execution successful.
2025-11-27 14:22:48.682 +01:00 [INF] Request finished HTTP/1.1 OPTIONS http://localhost:5090/api/Notification/unread-count - 204 null null 0.7063ms
2025-11-27 14:22:48.684 +01:00 [INF] Request starting HTTP/1.1 GET http://localhost:5090/api/Notification/unread-count - application/json null
2025-11-27 14:22:48.684 +01:00 [INF] CORS policy execution successful.
2025-11-27 14:22:48.685 +01:00 [INF] Executing endpoint 'HomeCareApp.Controllers.NotificationController.GetUnreadCount (api)'
2025-11-27 14:22:48.685 +01:00 [INF] Route matched with {action = "GetUnreadCount", controller = "Notification"}. Executing controller action with signature System.Threading.Tasks.Task`1[Microsoft.AspNetCore.Mvc.ActionResult`1[System.Int32]] GetUnreadCount() on controller HomeCareApp.Controllers.NotificationController (api).
2025-11-27 14:22:48.685 +01:00 [INF] [NotificationController] Getting unread count for UserId: 3e910976-dd6e-460f-8989-036062624ad9
2025-11-27 14:22:48.685 +01:00 [INF] [NotificationRepository] GetUnreadCountAsync(3e910976-dd6e-460f-8989-036062624ad9) - Getting unread count for user
2025-11-27 14:22:48.687 +01:00 [INF] [NotificationRepository] GetUnreadCountAsync(3e910976-dd6e-460f-8989-036062624ad9) - User has 2 unread notifications
2025-11-27 14:22:48.687 +01:00 [INF] [NotificationController] Found 2 unread notifications for UserId: 3e910976-dd6e-460f-8989-036062624ad9
2025-11-27 14:22:48.687 +01:00 [INF] Executing OkObjectResult, writing value of type 'System.Int32'.
2025-11-27 14:22:48.687 +01:00 [INF] Executed action HomeCareApp.Controllers.NotificationController.GetUnreadCount (api) in 2.3771ms
2025-11-27 14:22:48.687 +01:00 [INF] Executed endpoint 'HomeCareApp.Controllers.NotificationController.GetUnreadCount (api)'
2025-11-27 14:22:48.687 +01:00 [INF] Request finished HTTP/1.1 GET http://localhost:5090/api/Notification/unread-count - 200 1 application/json; charset=utf-8 3.1806ms
2025-11-27 14:22:55.678 +01:00 [INF] Request starting HTTP/1.1 OPTIONS http://localhost:5090/api/Notification/unread-count - null null
2025-11-27 14:22:55.678 +01:00 [INF] CORS policy execution successful.
2025-11-27 14:22:55.678 +01:00 [INF] Request finished HTTP/1.1 OPTIONS http://localhost:5090/api/Notification/unread-count - 204 null null 0.299ms
2025-11-27 14:22:55.680 +01:00 [INF] Request starting HTTP/1.1 GET http://localhost:5090/api/Notification/unread-count - application/json null
2025-11-27 14:22:55.680 +01:00 [INF] CORS policy execution successful.
2025-11-27 14:22:55.680 +01:00 [INF] Executing endpoint 'HomeCareApp.Controllers.NotificationController.GetUnreadCount (api)'
2025-11-27 14:22:55.680 +01:00 [INF] Route matched with {action = "GetUnreadCount", controller = "Notification"}. Executing controller action with signature System.Threading.Tasks.Task`1[Microsoft.AspNetCore.Mvc.ActionResult`1[System.Int32]] GetUnreadCount() on controller HomeCareApp.Controllers.NotificationController (api).
2025-11-27 14:22:55.681 +01:00 [INF] [NotificationController] Getting unread count for UserId: 3e910976-dd6e-460f-8989-036062624ad9
2025-11-27 14:22:55.681 +01:00 [INF] [NotificationRepository] GetUnreadCountAsync(3e910976-dd6e-460f-8989-036062624ad9) - Getting unread count for user
2025-11-27 14:22:55.682 +01:00 [INF] [NotificationRepository] GetUnreadCountAsync(3e910976-dd6e-460f-8989-036062624ad9) - User has 2 unread notifications
2025-11-27 14:22:55.682 +01:00 [INF] [NotificationController] Found 2 unread notifications for UserId: 3e910976-dd6e-460f-8989-036062624ad9
2025-11-27 14:22:55.682 +01:00 [INF] Executing OkObjectResult, writing value of type 'System.Int32'.
2025-11-27 14:22:55.683 +01:00 [INF] Executed action HomeCareApp.Controllers.NotificationController.GetUnreadCount (api) in 2.3892ms
2025-11-27 14:22:55.683 +01:00 [INF] Executed endpoint 'HomeCareApp.Controllers.NotificationController.GetUnreadCount (api)'
2025-11-27 14:22:55.683 +01:00 [INF] Request finished HTTP/1.1 GET http://localhost:5090/api/Notification/unread-count - 200 1 application/json; charset=utf-8 3.2664ms
2025-11-27 14:23:04.027 +01:00 [INF] Request starting HTTP/1.1 GET http://localhost:5090/api/patient/{id} - null null
2025-11-27 14:23:04.028 +01:00 [INF] Executing endpoint '405 HTTP Method Not Supported'
2025-11-27 14:23:04.028 +01:00 [INF] Executed endpoint '405 HTTP Method Not Supported'
2025-11-27 14:23:04.028 +01:00 [INF] Request finished HTTP/1.1 GET http://localhost:5090/api/patient/{id} - 405 0 null 0.6107ms
2025-11-27 14:23:25.684 +01:00 [INF] Request starting HTTP/1.1 OPTIONS http://localhost:5090/api/Notification/unread-count - null null
2025-11-27 14:23:25.684 +01:00 [INF] CORS policy execution successful.
2025-11-27 14:23:25.684 +01:00 [INF] Request finished HTTP/1.1 OPTIONS http://localhost:5090/api/Notification/unread-count - 204 null null 0.2217ms
2025-11-27 14:23:25.686 +01:00 [INF] Request starting HTTP/1.1 GET http://localhost:5090/api/Notification/unread-count - application/json null
2025-11-27 14:23:25.686 +01:00 [INF] CORS policy execution successful.
2025-11-27 14:23:25.686 +01:00 [INF] Executing endpoint 'HomeCareApp.Controllers.NotificationController.GetUnreadCount (api)'
2025-11-27 14:23:25.686 +01:00 [INF] Route matched with {action = "GetUnreadCount", controller = "Notification"}. Executing controller action with signature System.Threading.Tasks.Task`1[Microsoft.AspNetCore.Mvc.ActionResult`1[System.Int32]] GetUnreadCount() on controller HomeCareApp.Controllers.NotificationController (api).
2025-11-27 14:23:25.686 +01:00 [INF] [NotificationController] Getting unread count for UserId: 3e910976-dd6e-460f-8989-036062624ad9
2025-11-27 14:23:25.686 +01:00 [INF] [NotificationRepository] GetUnreadCountAsync(3e910976-dd6e-460f-8989-036062624ad9) - Getting unread count for user
2025-11-27 14:23:25.687 +01:00 [INF] [NotificationRepository] GetUnreadCountAsync(3e910976-dd6e-460f-8989-036062624ad9) - User has 2 unread notifications
2025-11-27 14:23:25.687 +01:00 [INF] [NotificationController] Found 2 unread notifications for UserId: 3e910976-dd6e-460f-8989-036062624ad9
2025-11-27 14:23:25.687 +01:00 [INF] Executing OkObjectResult, writing value of type 'System.Int32'.
2025-11-27 14:23:25.688 +01:00 [INF] Executed action HomeCareApp.Controllers.NotificationController.GetUnreadCount (api) in 1.4282ms
2025-11-27 14:23:25.688 +01:00 [INF] Executed endpoint 'HomeCareApp.Controllers.NotificationController.GetUnreadCount (api)'
2025-11-27 14:23:25.688 +01:00 [INF] Request finished HTTP/1.1 GET http://localhost:5090/api/Notification/unread-count - 200 1 application/json; charset=utf-8 2.256ms
2025-11-27 14:23:48.685 +01:00 [INF] Request starting HTTP/1.1 OPTIONS http://localhost:5090/api/Notification/unread-count - null null
2025-11-27 14:23:48.685 +01:00 [INF] CORS policy execution successful.
2025-11-27 14:23:48.686 +01:00 [INF] Request finished HTTP/1.1 OPTIONS http://localhost:5090/api/Notification/unread-count - 204 null null 0.4439ms
2025-11-27 14:23:48.692 +01:00 [INF] Request starting HTTP/1.1 GET http://localhost:5090/api/Notification/unread-count - application/json null
2025-11-27 14:23:48.693 +01:00 [INF] CORS policy execution successful.
2025-11-27 14:23:48.694 +01:00 [INF] Executing endpoint 'HomeCareApp.Controllers.NotificationController.GetUnreadCount (api)'
2025-11-27 14:23:48.694 +01:00 [INF] Route matched with {action = "GetUnreadCount", controller = "Notification"}. Executing controller action with signature System.Threading.Tasks.Task`1[Microsoft.AspNetCore.Mvc.ActionResult`1[System.Int32]] GetUnreadCount() on controller HomeCareApp.Controllers.NotificationController (api).
2025-11-27 14:23:48.694 +01:00 [INF] [NotificationController] Getting unread count for UserId: 3e910976-dd6e-460f-8989-036062624ad9
2025-11-27 14:23:48.694 +01:00 [INF] [NotificationRepository] GetUnreadCountAsync(3e910976-dd6e-460f-8989-036062624ad9) - Getting unread count for user
2025-11-27 14:23:48.697 +01:00 [INF] [NotificationRepository] GetUnreadCountAsync(3e910976-dd6e-460f-8989-036062624ad9) - User has 2 unread notifications
2025-11-27 14:23:48.697 +01:00 [INF] [NotificationController] Found 2 unread notifications for UserId: 3e910976-dd6e-460f-8989-036062624ad9
2025-11-27 14:23:48.697 +01:00 [INF] Executing OkObjectResult, writing value of type 'System.Int32'.
2025-11-27 14:23:48.698 +01:00 [INF] Executed action HomeCareApp.Controllers.NotificationController.GetUnreadCount (api) in 3.6402ms
2025-11-27 14:23:48.698 +01:00 [INF] Executed endpoint 'HomeCareApp.Controllers.NotificationController.GetUnreadCount (api)'
2025-11-27 14:23:48.698 +01:00 [INF] Request finished HTTP/1.1 GET http://localhost:5090/api/Notification/unread-count - 200 1 application/json; charset=utf-8 5.3355ms
2025-11-27 14:24:26.689 +01:00 [INF] Request starting HTTP/1.1 OPTIONS http://localhost:5090/api/Notification/unread-count - null null
2025-11-27 14:24:26.689 +01:00 [INF] CORS policy execution successful.
2025-11-27 14:24:26.689 +01:00 [INF] Request finished HTTP/1.1 OPTIONS http://localhost:5090/api/Notification/unread-count - 204 null null 0.2686ms
2025-11-27 14:24:26.692 +01:00 [INF] Request starting HTTP/1.1 GET http://localhost:5090/api/Notification/unread-count - application/json null
2025-11-27 14:24:26.692 +01:00 [INF] CORS policy execution successful.
2025-11-27 14:24:26.692 +01:00 [INF] Executing endpoint 'HomeCareApp.Controllers.NotificationController.GetUnreadCount (api)'
2025-11-27 14:24:26.692 +01:00 [INF] Route matched with {action = "GetUnreadCount", controller = "Notification"}. Executing controller action with signature System.Threading.Tasks.Task`1[Microsoft.AspNetCore.Mvc.ActionResult`1[System.Int32]] GetUnreadCount() on controller HomeCareApp.Controllers.NotificationController (api).
2025-11-27 14:24:26.693 +01:00 [INF] [NotificationController] Getting unread count for UserId: 3e910976-dd6e-460f-8989-036062624ad9
2025-11-27 14:24:26.693 +01:00 [INF] [NotificationRepository] GetUnreadCountAsync(3e910976-dd6e-460f-8989-036062624ad9) - Getting unread count for user
2025-11-27 14:24:26.695 +01:00 [INF] [NotificationRepository] GetUnreadCountAsync(3e910976-dd6e-460f-8989-036062624ad9) - User has 2 unread notifications
2025-11-27 14:24:26.695 +01:00 [INF] [NotificationController] Found 2 unread notifications for UserId: 3e910976-dd6e-460f-8989-036062624ad9
2025-11-27 14:24:26.695 +01:00 [INF] Executing OkObjectResult, writing value of type 'System.Int32'.
2025-11-27 14:24:26.695 +01:00 [INF] Executed action HomeCareApp.Controllers.NotificationController.GetUnreadCount (api) in 2.6266ms
2025-11-27 14:24:26.695 +01:00 [INF] Executed endpoint 'HomeCareApp.Controllers.NotificationController.GetUnreadCount (api)'
2025-11-27 14:24:26.695 +01:00 [INF] Request finished HTTP/1.1 GET http://localhost:5090/api/Notification/unread-count - 200 1 application/json; charset=utf-8 3.4536ms
2025-11-27 14:24:48.691 +01:00 [INF] Request starting HTTP/1.1 OPTIONS http://localhost:5090/api/Notification/unread-count - null null
2025-11-27 14:24:48.691 +01:00 [INF] CORS policy execution successful.
2025-11-27 14:24:48.692 +01:00 [INF] Request finished HTTP/1.1 OPTIONS http://localhost:5090/api/Notification/unread-count - 204 null null 0.7572ms
2025-11-27 14:24:48.693 +01:00 [INF] Request starting HTTP/1.1 GET http://localhost:5090/api/Notification/unread-count - application/json null
2025-11-27 14:24:48.694 +01:00 [INF] CORS policy execution successful.
2025-11-27 14:24:48.694 +01:00 [INF] Executing endpoint 'HomeCareApp.Controllers.NotificationController.GetUnreadCount (api)'
2025-11-27 14:24:48.694 +01:00 [INF] Route matched with {action = "GetUnreadCount", controller = "Notification"}. Executing controller action with signature System.Threading.Tasks.Task`1[Microsoft.AspNetCore.Mvc.ActionResult`1[System.Int32]] GetUnreadCount() on controller HomeCareApp.Controllers.NotificationController (api).
2025-11-27 14:24:48.695 +01:00 [INF] [NotificationController] Getting unread count for UserId: 3e910976-dd6e-460f-8989-036062624ad9
2025-11-27 14:24:48.695 +01:00 [INF] [NotificationRepository] GetUnreadCountAsync(3e910976-dd6e-460f-8989-036062624ad9) - Getting unread count for user
2025-11-27 14:24:48.696 +01:00 [INF] [NotificationRepository] GetUnreadCountAsync(3e910976-dd6e-460f-8989-036062624ad9) - User has 2 unread notifications
2025-11-27 14:24:48.696 +01:00 [INF] [NotificationController] Found 2 unread notifications for UserId: 3e910976-dd6e-460f-8989-036062624ad9
2025-11-27 14:24:48.696 +01:00 [INF] Executing OkObjectResult, writing value of type 'System.Int32'.
2025-11-27 14:24:48.697 +01:00 [INF] Executed action HomeCareApp.Controllers.NotificationController.GetUnreadCount (api) in 2.2517ms
2025-11-27 14:24:48.697 +01:00 [INF] Executed endpoint 'HomeCareApp.Controllers.NotificationController.GetUnreadCount (api)'
2025-11-27 14:24:48.697 +01:00 [INF] Request finished HTTP/1.1 GET http://localhost:5090/api/Notification/unread-count - 200 1 application/json; charset=utf-8 3.2215ms
2025-11-27 14:25:04.339 +01:00 [INF] Request starting HTTP/1.1 GET http://localhost:5090/api/patient/2 - null null
2025-11-27 14:25:04.340 +01:00 [INF] Executing endpoint '405 HTTP Method Not Supported'
2025-11-27 14:25:04.340 +01:00 [INF] Executed endpoint '405 HTTP Method Not Supported'
2025-11-27 14:25:04.340 +01:00 [INF] Request finished HTTP/1.1 GET http://localhost:5090/api/patient/2 - 405 0 null 0.5566ms
2025-11-27 14:25:24.157 +01:00 [INF] Request starting HTTP/1.1 OPTIONS http://localhost:5090/api/Notification/unread-count - null null
2025-11-27 14:25:24.157 +01:00 [INF] CORS policy execution successful.
2025-11-27 14:25:24.157 +01:00 [INF] Request finished HTTP/1.1 OPTIONS http://localhost:5090/api/Notification/unread-count - 204 null null 0.2848ms
2025-11-27 14:25:24.160 +01:00 [INF] Request starting HTTP/1.1 GET http://localhost:5090/api/Notification/unread-count - application/json null
2025-11-27 14:25:24.160 +01:00 [INF] CORS policy execution successful.
2025-11-27 14:25:24.160 +01:00 [INF] Executing endpoint 'HomeCareApp.Controllers.NotificationController.GetUnreadCount (api)'
2025-11-27 14:25:24.160 +01:00 [INF] Route matched with {action = "GetUnreadCount", controller = "Notification"}. Executing controller action with signature System.Threading.Tasks.Task`1[Microsoft.AspNetCore.Mvc.ActionResult`1[System.Int32]] GetUnreadCount() on controller HomeCareApp.Controllers.NotificationController (api).
2025-11-27 14:25:24.160 +01:00 [INF] [NotificationController] Getting unread count for UserId: 3e910976-dd6e-460f-8989-036062624ad9
2025-11-27 14:25:24.160 +01:00 [INF] [NotificationRepository] GetUnreadCountAsync(3e910976-dd6e-460f-8989-036062624ad9) - Getting unread count for user
2025-11-27 14:25:24.162 +01:00 [INF] [NotificationRepository] GetUnreadCountAsync(3e910976-dd6e-460f-8989-036062624ad9) - User has 2 unread notifications
2025-11-27 14:25:24.162 +01:00 [INF] [NotificationController] Found 2 unread notifications for UserId: 3e910976-dd6e-460f-8989-036062624ad9
2025-11-27 14:25:24.162 +01:00 [INF] Executing OkObjectResult, writing value of type 'System.Int32'.
2025-11-27 14:25:24.163 +01:00 [INF] Executed action HomeCareApp.Controllers.NotificationController.GetUnreadCount (api) in 2.2472ms
2025-11-27 14:25:24.163 +01:00 [INF] Executed endpoint 'HomeCareApp.Controllers.NotificationController.GetUnreadCount (api)'
2025-11-27 14:25:24.163 +01:00 [INF] Request finished HTTP/1.1 GET http://localhost:5090/api/Notification/unread-count - 200 1 application/json; charset=utf-8 3.1574ms
2025-11-27 14:25:48.678 +01:00 [INF] Request starting HTTP/1.1 OPTIONS http://localhost:5090/api/Notification/unread-count - null null
2025-11-27 14:25:48.678 +01:00 [INF] CORS policy execution successful.
2025-11-27 14:25:48.679 +01:00 [INF] Request finished HTTP/1.1 OPTIONS http://localhost:5090/api/Notification/unread-count - 204 null null 0.5729ms
2025-11-27 14:25:48.680 +01:00 [INF] Request starting HTTP/1.1 GET http://localhost:5090/api/Notification/unread-count - application/json null
2025-11-27 14:25:48.680 +01:00 [INF] CORS policy execution successful.
2025-11-27 14:25:48.681 +01:00 [INF] Executing endpoint 'HomeCareApp.Controllers.NotificationController.GetUnreadCount (api)'
2025-11-27 14:25:48.681 +01:00 [INF] Route matched with {action = "GetUnreadCount", controller = "Notification"}. Executing controller action with signature System.Threading.Tasks.Task`1[Microsoft.AspNetCore.Mvc.ActionResult`1[System.Int32]] GetUnreadCount() on controller HomeCareApp.Controllers.NotificationController (api).
2025-11-27 14:25:48.681 +01:00 [INF] [NotificationController] Getting unread count for UserId: 3e910976-dd6e-460f-8989-036062624ad9
2025-11-27 14:25:48.681 +01:00 [INF] [NotificationRepository] GetUnreadCountAsync(3e910976-dd6e-460f-8989-036062624ad9) - Getting unread count for user
2025-11-27 14:25:48.682 +01:00 [INF] [NotificationRepository] GetUnreadCountAsync(3e910976-dd6e-460f-8989-036062624ad9) - User has 2 unread notifications
2025-11-27 14:25:48.683 +01:00 [INF] [NotificationController] Found 2 unread notifications for UserId: 3e910976-dd6e-460f-8989-036062624ad9
2025-11-27 14:25:48.683 +01:00 [INF] Executing OkObjectResult, writing value of type 'System.Int32'.
2025-11-27 14:25:48.683 +01:00 [INF] Executed action HomeCareApp.Controllers.NotificationController.GetUnreadCount (api) in 1.8733ms
2025-11-27 14:25:48.683 +01:00 [INF] Executed endpoint 'HomeCareApp.Controllers.NotificationController.GetUnreadCount (api)'
2025-11-27 14:25:48.683 +01:00 [INF] Request finished HTTP/1.1 GET http://localhost:5090/api/Notification/unread-count - 200 1 application/json; charset=utf-8 2.6622ms
2025-11-27 14:25:55.682 +01:00 [INF] Request starting HTTP/1.1 OPTIONS http://localhost:5090/api/Notification/unread-count - null null
2025-11-27 14:25:55.682 +01:00 [INF] CORS policy execution successful.
2025-11-27 14:25:55.682 +01:00 [INF] Request finished HTTP/1.1 OPTIONS http://localhost:5090/api/Notification/unread-count - 204 null null 0.2347ms
2025-11-27 14:25:55.684 +01:00 [INF] Request starting HTTP/1.1 GET http://localhost:5090/api/Notification/unread-count - application/json null
2025-11-27 14:25:55.684 +01:00 [INF] CORS policy execution successful.
2025-11-27 14:25:55.685 +01:00 [INF] Executing endpoint 'HomeCareApp.Controllers.NotificationController.GetUnreadCount (api)'
2025-11-27 14:25:55.685 +01:00 [INF] Route matched with {action = "GetUnreadCount", controller = "Notification"}. Executing controller action with signature System.Threading.Tasks.Task`1[Microsoft.AspNetCore.Mvc.ActionResult`1[System.Int32]] GetUnreadCount() on controller HomeCareApp.Controllers.NotificationController (api).
2025-11-27 14:25:55.685 +01:00 [INF] [NotificationController] Getting unread count for UserId: 3e910976-dd6e-460f-8989-036062624ad9
2025-11-27 14:25:55.685 +01:00 [INF] [NotificationRepository] GetUnreadCountAsync(3e910976-dd6e-460f-8989-036062624ad9) - Getting unread count for user
2025-11-27 14:25:55.686 +01:00 [INF] [NotificationRepository] GetUnreadCountAsync(3e910976-dd6e-460f-8989-036062624ad9) - User has 2 unread notifications
2025-11-27 14:25:55.686 +01:00 [INF] [NotificationController] Found 2 unread notifications for UserId: 3e910976-dd6e-460f-8989-036062624ad9
2025-11-27 14:25:55.687 +01:00 [INF] Executing OkObjectResult, writing value of type 'System.Int32'.
2025-11-27 14:25:55.687 +01:00 [INF] Executed action HomeCareApp.Controllers.NotificationController.GetUnreadCount (api) in 1.799ms
2025-11-27 14:25:55.687 +01:00 [INF] Executed endpoint 'HomeCareApp.Controllers.NotificationController.GetUnreadCount (api)'
2025-11-27 14:25:55.687 +01:00 [INF] Request finished HTTP/1.1 GET http://localhost:5090/api/Notification/unread-count - 200 1 application/json; charset=utf-8 2.9682ms
2025-11-27 14:26:25.690 +01:00 [INF] Request starting HTTP/1.1 OPTIONS http://localhost:5090/api/Notification/unread-count - null null
2025-11-27 14:26:25.690 +01:00 [INF] CORS policy execution successful.
2025-11-27 14:26:25.691 +01:00 [INF] Request finished HTTP/1.1 OPTIONS http://localhost:5090/api/Notification/unread-count - 204 null null 0.3928ms
2025-11-27 14:26:25.693 +01:00 [INF] Request starting HTTP/1.1 GET http://localhost:5090/api/Notification/unread-count - application/json null
2025-11-27 14:26:25.693 +01:00 [INF] CORS policy execution successful.
2025-11-27 14:26:25.694 +01:00 [INF] Executing endpoint 'HomeCareApp.Controllers.NotificationController.GetUnreadCount (api)'
2025-11-27 14:26:25.694 +01:00 [INF] Route matched with {action = "GetUnreadCount", controller = "Notification"}. Executing controller action with signature System.Threading.Tasks.Task`1[Microsoft.AspNetCore.Mvc.ActionResult`1[System.Int32]] GetUnreadCount() on controller HomeCareApp.Controllers.NotificationController (api).
2025-11-27 14:26:25.694 +01:00 [INF] [NotificationController] Getting unread count for UserId: 3e910976-dd6e-460f-8989-036062624ad9
2025-11-27 14:26:25.694 +01:00 [INF] [NotificationRepository] GetUnreadCountAsync(3e910976-dd6e-460f-8989-036062624ad9) - Getting unread count for user
2025-11-27 14:26:25.696 +01:00 [INF] [NotificationRepository] GetUnreadCountAsync(3e910976-dd6e-460f-8989-036062624ad9) - User has 2 unread notifications
2025-11-27 14:26:25.696 +01:00 [INF] [NotificationController] Found 2 unread notifications for UserId: 3e910976-dd6e-460f-8989-036062624ad9
2025-11-27 14:26:25.696 +01:00 [INF] Executing OkObjectResult, writing value of type 'System.Int32'.
2025-11-27 14:26:25.696 +01:00 [INF] Executed action HomeCareApp.Controllers.NotificationController.GetUnreadCount (api) in 1.8854ms
2025-11-27 14:26:25.696 +01:00 [INF] Executed endpoint 'HomeCareApp.Controllers.NotificationController.GetUnreadCount (api)'
2025-11-27 14:26:25.696 +01:00 [INF] Request finished HTTP/1.1 GET http://localhost:5090/api/Notification/unread-count - 200 1 application/json; charset=utf-8 3.4228ms
2025-11-27 14:26:48.681 +01:00 [INF] Request starting HTTP/1.1 OPTIONS http://localhost:5090/api/Notification/unread-count - null null
2025-11-27 14:26:48.681 +01:00 [INF] CORS policy execution successful.
2025-11-27 14:26:48.681 +01:00 [INF] Request finished HTTP/1.1 OPTIONS http://localhost:5090/api/Notification/unread-count - 204 null null 0.3273ms
2025-11-27 14:26:48.683 +01:00 [INF] Request starting HTTP/1.1 GET http://localhost:5090/api/Notification/unread-count - application/json null
2025-11-27 14:26:48.683 +01:00 [INF] CORS policy execution successful.
2025-11-27 14:26:48.683 +01:00 [INF] Executing endpoint 'HomeCareApp.Controllers.NotificationController.GetUnreadCount (api)'
2025-11-27 14:26:48.684 +01:00 [INF] Route matched with {action = "GetUnreadCount", controller = "Notification"}. Executing controller action with signature System.Threading.Tasks.Task`1[Microsoft.AspNetCore.Mvc.ActionResult`1[System.Int32]] GetUnreadCount() on controller HomeCareApp.Controllers.NotificationController (api).
2025-11-27 14:26:48.684 +01:00 [INF] [NotificationController] Getting unread count for UserId: 3e910976-dd6e-460f-8989-036062624ad9
2025-11-27 14:26:48.684 +01:00 [INF] [NotificationRepository] GetUnreadCountAsync(3e910976-dd6e-460f-8989-036062624ad9) - Getting unread count for user
2025-11-27 14:26:48.685 +01:00 [INF] [NotificationRepository] GetUnreadCountAsync(3e910976-dd6e-460f-8989-036062624ad9) - User has 2 unread notifications
2025-11-27 14:26:48.685 +01:00 [INF] [NotificationController] Found 2 unread notifications for UserId: 3e910976-dd6e-460f-8989-036062624ad9
2025-11-27 14:26:48.685 +01:00 [INF] Executing OkObjectResult, writing value of type 'System.Int32'.
2025-11-27 14:26:48.685 +01:00 [INF] Executed action HomeCareApp.Controllers.NotificationController.GetUnreadCount (api) in 1.8599ms
2025-11-27 14:26:48.686 +01:00 [INF] Executed endpoint 'HomeCareApp.Controllers.NotificationController.GetUnreadCount (api)'
2025-11-27 14:26:48.686 +01:00 [INF] Request finished HTTP/1.1 GET http://localhost:5090/api/Notification/unread-count - 200 1 application/json; charset=utf-8 2.4691ms
2025-11-27 14:27:01.386 +01:00 [INF] Application is shutting down...
