2025-11-11 08:33:42.258 +01:00 [INF] No migrations were applied. The database is already up to date.
2025-11-11 08:33:42.307 +01:00 [INF] No migrations were applied. The database is already up to date.
2025-11-11 08:33:42.625 +01:00 [INF] User profile is available. Using 'C:\Users\nahid\AppData\Local\ASP.NET\DataProtection-Keys' as key repository and Windows DPAPI to encrypt keys at rest.
2025-11-11 08:33:42.661 +01:00 [INF] Now listening on: http://localhost:5090
2025-11-11 08:33:42.663 +01:00 [INF] Application started. Press Ctrl+C to shut down.
2025-11-11 08:33:42.663 +01:00 [INF] Hosting environment: Development
2025-11-11 08:33:42.671 +01:00 [INF] Content root path: C:\Users\nahid\OneDrive\Dokumenter\GitHub\React-Homecare\api
2025-11-11 08:33:53.341 +01:00 [INF] Request starting HTTP/1.1 OPTIONS http://localhost:5090/api/Auth/login - null null
2025-11-11 08:33:53.368 +01:00 [INF] CORS policy execution successful.
2025-11-11 08:33:53.371 +01:00 [INF] Request finished HTTP/1.1 OPTIONS http://localhost:5090/api/Auth/login - 204 null null 31.122ms
2025-11-11 08:33:53.373 +01:00 [INF] Request starting HTTP/1.1 POST http://localhost:5090/api/Auth/login - application/json 46
2025-11-11 08:33:53.374 +01:00 [INF] CORS policy execution successful.
2025-11-11 08:33:53.388 +01:00 [INF] Executing endpoint 'HomeCareApp.Controllers.AuthController.Login (api)'
2025-11-11 08:33:53.401 +01:00 [INF] Route matched with {action = "Login", controller = "Auth"}. Executing controller action with signature System.Threading.Tasks.Task`1[Microsoft.AspNetCore.Mvc.IActionResult] Login(HomeCareApp.DTOs.LoginDto) on controller HomeCareApp.Controllers.AuthController (api).
2025-11-11 08:33:53.555 +01:00 [INF] [AuthAPIController] user authorised for Nahid1
2025-11-11 08:33:53.588 +01:00 [INF] [AuthAPIController] JWT token created for Nahid1 with roles Employee
2025-11-11 08:33:53.588 +01:00 [INF] [AuthAPIController] JWT token claims: sub=8defb5b4-0933-4a85-ae20-736f5c955fc2, email=nahid@test.no, http://schemas.xmlsoap.org/ws/2005/05/identity/claims/nameidentifier=8defb5b4-0933-4a85-ae20-736f5c955fc2, http://schemas.xmlsoap.org/ws/2005/05/identity/claims/name=Nahid1, username=Nahid1, userid=8defb5b4-0933-4a85-ae20-736f5c955fc2, nameid=8defb5b4-0933-4a85-ae20-736f5c955fc2, jti=e5758656-2c8d-42e9-b637-ab1cfd3aab75, iat=1762846433, http://schemas.microsoft.com/ws/2008/06/identity/claims/role=Employee, role=Employee
2025-11-11 08:33:53.606 +01:00 [INF] Executing OkObjectResult, writing value of type '<>f__AnonymousType3`1[[System.String, System.Private.CoreLib, Version=8.0.0.0, Culture=neutral, PublicKeyToken=7cec85d7bea7798e]]'.
2025-11-11 08:33:53.627 +01:00 [INF] Executed action HomeCareApp.Controllers.AuthController.Login (api) in 223.7193ms
2025-11-11 08:33:53.628 +01:00 [INF] Executed endpoint 'HomeCareApp.Controllers.AuthController.Login (api)'
2025-11-11 08:33:53.631 +01:00 [INF] Request finished HTTP/1.1 POST http://localhost:5090/api/Auth/login - 200 865 application/json; charset=utf-8 257.6591ms
2025-11-11 08:33:53.638 +01:00 [INF] Request starting HTTP/1.1 OPTIONS http://localhost:5090/api/employee/user/8defb5b4-0933-4a85-ae20-736f5c955fc2 - null null
2025-11-11 08:33:53.640 +01:00 [INF] CORS policy execution successful.
2025-11-11 08:33:53.640 +01:00 [INF] Request finished HTTP/1.1 OPTIONS http://localhost:5090/api/employee/user/8defb5b4-0933-4a85-ae20-736f5c955fc2 - 204 null null 2.6869ms
2025-11-11 08:33:53.642 +01:00 [INF] Request starting HTTP/1.1 GET http://localhost:5090/api/employee/user/8defb5b4-0933-4a85-ae20-736f5c955fc2 - application/json null
2025-11-11 08:33:53.649 +01:00 [INF] CORS policy execution successful.
2025-11-11 08:33:53.680 +01:00 [INF] Executing endpoint 'HomeCareApp.Controllers.EmployeeController.GetEmployeeByUserId (api)'
2025-11-11 08:33:53.684 +01:00 [INF] Route matched with {action = "GetEmployeeByUserId", controller = "Employee"}. Executing controller action with signature System.Threading.Tasks.Task`1[Microsoft.AspNetCore.Mvc.ActionResult`1[HomeCareApp.DTOs.EmployeeDto]] GetEmployeeByUserId(System.String) on controller HomeCareApp.Controllers.EmployeeController (api).
2025-11-11 08:33:53.738 +01:00 [INF] Executing OkObjectResult, writing value of type 'HomeCareApp.DTOs.EmployeeDto'.
2025-11-11 08:33:53.745 +01:00 [INF] Executed action HomeCareApp.Controllers.EmployeeController.GetEmployeeByUserId (api) in 60.7717ms
2025-11-11 08:33:53.745 +01:00 [INF] Executed endpoint 'HomeCareApp.Controllers.EmployeeController.GetEmployeeByUserId (api)'
2025-11-11 08:33:53.745 +01:00 [INF] Request finished HTTP/1.1 GET http://localhost:5090/api/employee/user/8defb5b4-0933-4a85-ae20-736f5c955fc2 - 200 666 application/json; charset=utf-8 102.9967ms
2025-11-11 08:33:53.766 +01:00 [INF] Request starting HTTP/1.1 GET http://localhost:5090/api/Appointment - null null
2025-11-11 08:33:53.768 +01:00 [INF] CORS policy execution successful.
2025-11-11 08:33:53.771 +01:00 [INF] Executing endpoint 'HomeCareApp.Controllers.AppointmentController.GetAppointments (api)'
2025-11-11 08:33:53.774 +01:00 [INF] Route matched with {action = "GetAppointments", controller = "Appointment"}. Executing controller action with signature System.Threading.Tasks.Task`1[Microsoft.AspNetCore.Mvc.IActionResult] GetAppointments() on controller HomeCareApp.Controllers.AppointmentController (api).
2025-11-11 08:33:53.808 +01:00 [INF] Executing OkObjectResult, writing value of type 'System.Linq.Enumerable+SelectListIterator`2[[HomeCareApp.Models.Appointment, api, Version=1.0.0.0, Culture=neutral, PublicKeyToken=null],[HomeCareApp.DTOs.AppointmentDto, api, Version=1.0.0.0, Culture=neutral, PublicKeyToken=null]]'.
2025-11-11 08:33:53.814 +01:00 [INF] Executed action HomeCareApp.Controllers.AppointmentController.GetAppointments (api) in 39.955ms
2025-11-11 08:33:53.814 +01:00 [INF] Executed endpoint 'HomeCareApp.Controllers.AppointmentController.GetAppointments (api)'
2025-11-11 08:33:53.815 +01:00 [INF] Request finished HTTP/1.1 GET http://localhost:5090/api/Appointment - 200 656 application/json; charset=utf-8 48.1806ms
2025-11-11 08:33:53.817 +01:00 [INF] Request starting HTTP/1.1 GET http://localhost:5090/api/Appointment - null null
2025-11-11 08:33:53.818 +01:00 [INF] CORS policy execution successful.
2025-11-11 08:33:53.818 +01:00 [INF] Executing endpoint 'HomeCareApp.Controllers.AppointmentController.GetAppointments (api)'
2025-11-11 08:33:53.818 +01:00 [INF] Route matched with {action = "GetAppointments", controller = "Appointment"}. Executing controller action with signature System.Threading.Tasks.Task`1[Microsoft.AspNetCore.Mvc.IActionResult] GetAppointments() on controller HomeCareApp.Controllers.AppointmentController (api).
2025-11-11 08:33:53.824 +01:00 [INF] Executing OkObjectResult, writing value of type 'System.Linq.Enumerable+SelectListIterator`2[[HomeCareApp.Models.Appointment, api, Version=1.0.0.0, Culture=neutral, PublicKeyToken=null],[HomeCareApp.DTOs.AppointmentDto, api, Version=1.0.0.0, Culture=neutral, PublicKeyToken=null]]'.
2025-11-11 08:33:53.825 +01:00 [INF] Executed action HomeCareApp.Controllers.AppointmentController.GetAppointments (api) in 6.0857ms
2025-11-11 08:33:53.825 +01:00 [INF] Executed endpoint 'HomeCareApp.Controllers.AppointmentController.GetAppointments (api)'
2025-11-11 08:33:53.825 +01:00 [INF] Request finished HTTP/1.1 GET http://localhost:5090/api/Appointment - 200 656 application/json; charset=utf-8 7.8376ms
2025-11-11 08:33:55.221 +01:00 [INF] Request starting HTTP/1.1 OPTIONS http://localhost:5090/api/medication - null null
2025-11-11 08:33:55.222 +01:00 [INF] CORS policy execution successful.
2025-11-11 08:33:55.222 +01:00 [INF] Request starting HTTP/1.1 OPTIONS http://localhost:5090/api/medication - null null
2025-11-11 08:33:55.222 +01:00 [INF] CORS policy execution successful.
2025-11-11 08:33:55.222 +01:00 [INF] Request finished HTTP/1.1 OPTIONS http://localhost:5090/api/medication - 204 null null 1.0346ms
2025-11-11 08:33:55.222 +01:00 [INF] Request finished HTTP/1.1 OPTIONS http://localhost:5090/api/medication - 204 null null 0.2401ms
2025-11-11 08:33:55.223 +01:00 [INF] Request starting HTTP/1.1 GET http://localhost:5090/api/medication - application/json null
2025-11-11 08:33:55.224 +01:00 [INF] CORS policy execution successful.
2025-11-11 08:33:55.228 +01:00 [INF] Authorization failed. These requirements were not met:
RolesAuthorizationRequirement:User.IsInRole must be true for one of the following roles: (Employee)
2025-11-11 08:33:55.229 +01:00 [INF] AuthenticationScheme: Bearer was forbidden.
2025-11-11 08:33:55.229 +01:00 [INF] Request finished HTTP/1.1 GET http://localhost:5090/api/medication - 403 0 null 6.1842ms
2025-11-11 08:33:55.231 +01:00 [INF] Request starting HTTP/1.1 GET http://localhost:5090/api/medication - application/json null
2025-11-11 08:33:55.232 +01:00 [INF] CORS policy execution successful.
2025-11-11 08:33:55.235 +01:00 [INF] Authorization failed. These requirements were not met:
RolesAuthorizationRequirement:User.IsInRole must be true for one of the following roles: (Employee)
2025-11-11 08:33:55.235 +01:00 [INF] AuthenticationScheme: Bearer was forbidden.
2025-11-11 08:33:55.236 +01:00 [INF] Request finished HTTP/1.1 GET http://localhost:5090/api/medication - 403 0 null 4.2413ms
2025-11-11 08:34:20.712 +01:00 [INF] Request starting HTTP/1.1 OPTIONS http://localhost:5090/api/medication - null null
2025-11-11 08:34:20.713 +01:00 [INF] CORS policy execution successful.
2025-11-11 08:34:20.713 +01:00 [INF] Request finished HTTP/1.1 OPTIONS http://localhost:5090/api/medication - 204 null null 0.8793ms
2025-11-11 08:34:20.714 +01:00 [INF] Request starting HTTP/1.1 POST http://localhost:5090/api/medication - application/json 117
2025-11-11 08:34:20.714 +01:00 [INF] CORS policy execution successful.
2025-11-11 08:34:20.715 +01:00 [INF] Authorization failed. These requirements were not met:
RolesAuthorizationRequirement:User.IsInRole must be true for one of the following roles: (Employee)
2025-11-11 08:34:20.715 +01:00 [INF] AuthenticationScheme: Bearer was forbidden.
2025-11-11 08:34:20.715 +01:00 [INF] Request finished HTTP/1.1 POST http://localhost:5090/api/medication - 403 0 null 1.1306ms
2025-11-11 08:34:24.131 +01:00 [INF] Request starting HTTP/1.1 GET http://localhost:5090/api/medication - application/json null
2025-11-11 08:34:24.131 +01:00 [INF] CORS policy execution successful.
2025-11-11 08:34:24.132 +01:00 [INF] Authorization failed. These requirements were not met:
RolesAuthorizationRequirement:User.IsInRole must be true for one of the following roles: (Employee)
2025-11-11 08:34:24.132 +01:00 [INF] AuthenticationScheme: Bearer was forbidden.
2025-11-11 08:34:24.132 +01:00 [INF] Request finished HTTP/1.1 GET http://localhost:5090/api/medication - 403 0 null 1.2892ms
2025-11-11 08:34:24.133 +01:00 [INF] Request starting HTTP/1.1 GET http://localhost:5090/api/medication - application/json null
2025-11-11 08:34:24.133 +01:00 [INF] CORS policy execution successful.
2025-11-11 08:34:24.134 +01:00 [INF] Authorization failed. These requirements were not met:
RolesAuthorizationRequirement:User.IsInRole must be true for one of the following roles: (Employee)
2025-11-11 08:34:24.134 +01:00 [INF] AuthenticationScheme: Bearer was forbidden.
2025-11-11 08:34:24.134 +01:00 [INF] Request finished HTTP/1.1 GET http://localhost:5090/api/medication - 403 0 null 1.0509ms
2025-11-11 08:38:10.914 +01:00 [INF] Request starting HTTP/1.1 OPTIONS http://localhost:5090/api/medication - null null
2025-11-11 08:38:10.914 +01:00 [INF] Request starting HTTP/1.1 OPTIONS http://localhost:5090/api/medication - null null
2025-11-11 08:38:10.915 +01:00 [INF] CORS policy execution successful.
2025-11-11 08:38:10.915 +01:00 [INF] CORS policy execution successful.
2025-11-11 08:38:10.915 +01:00 [INF] Request finished HTTP/1.1 OPTIONS http://localhost:5090/api/medication - 204 null null 0.8861ms
2025-11-11 08:38:10.915 +01:00 [INF] Request finished HTTP/1.1 OPTIONS http://localhost:5090/api/medication - 204 null null 0.8859ms
2025-11-11 08:38:10.917 +01:00 [INF] Request starting HTTP/1.1 GET http://localhost:5090/api/medication - application/json null
2025-11-11 08:38:10.917 +01:00 [INF] CORS policy execution successful.
2025-11-11 08:38:10.918 +01:00 [INF] Authorization failed. These requirements were not met:
RolesAuthorizationRequirement:User.IsInRole must be true for one of the following roles: (Employee)
2025-11-11 08:38:10.918 +01:00 [INF] AuthenticationScheme: Bearer was forbidden.
2025-11-11 08:38:10.918 +01:00 [INF] Request finished HTTP/1.1 GET http://localhost:5090/api/medication - 403 0 null 1.2049ms
2025-11-11 08:38:10.919 +01:00 [INF] Request starting HTTP/1.1 GET http://localhost:5090/api/medication - application/json null
2025-11-11 08:38:10.919 +01:00 [INF] CORS policy execution successful.
2025-11-11 08:38:10.920 +01:00 [INF] Authorization failed. These requirements were not met:
RolesAuthorizationRequirement:User.IsInRole must be true for one of the following roles: (Employee)
2025-11-11 08:38:10.920 +01:00 [INF] AuthenticationScheme: Bearer was forbidden.
2025-11-11 08:38:10.920 +01:00 [INF] Request finished HTTP/1.1 GET http://localhost:5090/api/medication - 403 0 null 0.7263ms
2025-11-11 08:43:54.107 +01:00 [INF] Request starting HTTP/1.1 GET http://localhost:5090/api/Appointment - null null
2025-11-11 08:43:54.108 +01:00 [INF] CORS policy execution successful.
2025-11-11 08:43:54.108 +01:00 [INF] Executing endpoint 'HomeCareApp.Controllers.AppointmentController.GetAppointments (api)'
2025-11-11 08:43:54.109 +01:00 [INF] Route matched with {action = "GetAppointments", controller = "Appointment"}. Executing controller action with signature System.Threading.Tasks.Task`1[Microsoft.AspNetCore.Mvc.IActionResult] GetAppointments() on controller HomeCareApp.Controllers.AppointmentController (api).
2025-11-11 08:43:54.120 +01:00 [INF] Executing OkObjectResult, writing value of type 'System.Linq.Enumerable+SelectListIterator`2[[HomeCareApp.Models.Appointment, api, Version=1.0.0.0, Culture=neutral, PublicKeyToken=null],[HomeCareApp.DTOs.AppointmentDto, api, Version=1.0.0.0, Culture=neutral, PublicKeyToken=null]]'.
2025-11-11 08:43:54.121 +01:00 [INF] Executed action HomeCareApp.Controllers.AppointmentController.GetAppointments (api) in 12.4031ms
2025-11-11 08:43:54.121 +01:00 [INF] Executed endpoint 'HomeCareApp.Controllers.AppointmentController.GetAppointments (api)'
2025-11-11 08:43:54.122 +01:00 [INF] Request finished HTTP/1.1 GET http://localhost:5090/api/Appointment - 200 656 application/json; charset=utf-8 14.1809ms
2025-11-11 08:43:54.123 +01:00 [INF] Request starting HTTP/1.1 GET http://localhost:5090/api/Appointment - null null
2025-11-11 08:43:54.123 +01:00 [INF] CORS policy execution successful.
2025-11-11 08:43:54.124 +01:00 [INF] Executing endpoint 'HomeCareApp.Controllers.AppointmentController.GetAppointments (api)'
2025-11-11 08:43:54.124 +01:00 [INF] Route matched with {action = "GetAppointments", controller = "Appointment"}. Executing controller action with signature System.Threading.Tasks.Task`1[Microsoft.AspNetCore.Mvc.IActionResult] GetAppointments() on controller HomeCareApp.Controllers.AppointmentController (api).
2025-11-11 08:43:54.127 +01:00 [INF] Executing OkObjectResult, writing value of type 'System.Linq.Enumerable+SelectListIterator`2[[HomeCareApp.Models.Appointment, api, Version=1.0.0.0, Culture=neutral, PublicKeyToken=null],[HomeCareApp.DTOs.AppointmentDto, api, Version=1.0.0.0, Culture=neutral, PublicKeyToken=null]]'.
2025-11-11 08:43:54.127 +01:00 [INF] Executed action HomeCareApp.Controllers.AppointmentController.GetAppointments (api) in 3.4877ms
2025-11-11 08:43:54.127 +01:00 [INF] Executed endpoint 'HomeCareApp.Controllers.AppointmentController.GetAppointments (api)'
2025-11-11 08:43:54.128 +01:00 [INF] Request finished HTTP/1.1 GET http://localhost:5090/api/Appointment - 200 656 application/json; charset=utf-8 4.575ms
2025-11-11 08:44:04.126 +01:00 [INF] Request starting HTTP/1.1 OPTIONS http://localhost:5090/api/medication - null null
2025-11-11 08:44:04.127 +01:00 [INF] CORS policy execution successful.
2025-11-11 08:44:04.127 +01:00 [INF] Request finished HTTP/1.1 OPTIONS http://localhost:5090/api/medication - 204 null null 0.7057ms
2025-11-11 08:44:04.127 +01:00 [INF] Request starting HTTP/1.1 OPTIONS http://localhost:5090/api/medication - null null
2025-11-11 08:44:04.127 +01:00 [INF] CORS policy execution successful.
2025-11-11 08:44:04.127 +01:00 [INF] Request finished HTTP/1.1 OPTIONS http://localhost:5090/api/medication - 204 null null 0.1524ms
2025-11-11 08:44:04.128 +01:00 [INF] Request starting HTTP/1.1 GET http://localhost:5090/api/medication - application/json null
2025-11-11 08:44:04.128 +01:00 [INF] CORS policy execution successful.
2025-11-11 08:44:04.129 +01:00 [INF] Authorization failed. These requirements were not met:
RolesAuthorizationRequirement:User.IsInRole must be true for one of the following roles: (Employee)
2025-11-11 08:44:04.129 +01:00 [INF] AuthenticationScheme: Bearer was forbidden.
2025-11-11 08:44:04.129 +01:00 [INF] Request finished HTTP/1.1 GET http://localhost:5090/api/medication - 403 0 null 0.8157ms
2025-11-11 08:44:04.130 +01:00 [INF] Request starting HTTP/1.1 GET http://localhost:5090/api/medication - application/json null
2025-11-11 08:44:04.130 +01:00 [INF] CORS policy execution successful.
2025-11-11 08:44:04.130 +01:00 [INF] Authorization failed. These requirements were not met:
RolesAuthorizationRequirement:User.IsInRole must be true for one of the following roles: (Employee)
2025-11-11 08:44:04.131 +01:00 [INF] AuthenticationScheme: Bearer was forbidden.
2025-11-11 08:44:04.131 +01:00 [INF] Request finished HTTP/1.1 GET http://localhost:5090/api/medication - 403 0 null 0.9373ms
2025-11-11 08:47:43.190 +01:00 [INF] Request starting HTTP/1.1 OPTIONS http://localhost:5090/api/Auth/login - null null
2025-11-11 08:47:43.191 +01:00 [INF] CORS policy execution successful.
2025-11-11 08:47:43.192 +01:00 [INF] Request finished HTTP/1.1 OPTIONS http://localhost:5090/api/Auth/login - 204 null null 1.4311ms
2025-11-11 08:47:43.193 +01:00 [INF] Request starting HTTP/1.1 POST http://localhost:5090/api/Auth/login - application/json 46
2025-11-11 08:47:43.193 +01:00 [INF] CORS policy execution successful.
2025-11-11 08:47:43.193 +01:00 [INF] Executing endpoint 'HomeCareApp.Controllers.AuthController.Login (api)'
2025-11-11 08:47:43.193 +01:00 [INF] Route matched with {action = "Login", controller = "Auth"}. Executing controller action with signature System.Threading.Tasks.Task`1[Microsoft.AspNetCore.Mvc.IActionResult] Login(HomeCareApp.DTOs.LoginDto) on controller HomeCareApp.Controllers.AuthController (api).
2025-11-11 08:47:43.252 +01:00 [INF] [AuthAPIController] user authorised for Nahid1
2025-11-11 08:47:43.254 +01:00 [INF] [AuthAPIController] JWT token created for Nahid1 with roles Employee
2025-11-11 08:47:43.255 +01:00 [INF] [AuthAPIController] JWT token claims: sub=8defb5b4-0933-4a85-ae20-736f5c955fc2, email=nahid@test.no, http://schemas.xmlsoap.org/ws/2005/05/identity/claims/nameidentifier=8defb5b4-0933-4a85-ae20-736f5c955fc2, http://schemas.xmlsoap.org/ws/2005/05/identity/claims/name=Nahid1, username=Nahid1, userid=8defb5b4-0933-4a85-ae20-736f5c955fc2, nameid=8defb5b4-0933-4a85-ae20-736f5c955fc2, jti=08006ca4-8970-4a25-a41d-b724eb43ff80, iat=1762847263, http://schemas.microsoft.com/ws/2008/06/identity/claims/role=Employee, role=Employee
2025-11-11 08:47:43.255 +01:00 [INF] Executing OkObjectResult, writing value of type '<>f__AnonymousType3`1[[System.String, System.Private.CoreLib, Version=8.0.0.0, Culture=neutral, PublicKeyToken=7cec85d7bea7798e]]'.
2025-11-11 08:47:43.255 +01:00 [INF] Executed action HomeCareApp.Controllers.AuthController.Login (api) in 62.2265ms
2025-11-11 08:47:43.255 +01:00 [INF] Executed endpoint 'HomeCareApp.Controllers.AuthController.Login (api)'
2025-11-11 08:47:43.256 +01:00 [INF] Request finished HTTP/1.1 POST http://localhost:5090/api/Auth/login - 200 865 application/json; charset=utf-8 62.9727ms
2025-11-11 08:47:43.259 +01:00 [INF] Request starting HTTP/1.1 OPTIONS http://localhost:5090/api/employee/user/8defb5b4-0933-4a85-ae20-736f5c955fc2 - null null
2025-11-11 08:47:43.260 +01:00 [INF] CORS policy execution successful.
2025-11-11 08:47:43.260 +01:00 [INF] Request finished HTTP/1.1 OPTIONS http://localhost:5090/api/employee/user/8defb5b4-0933-4a85-ae20-736f5c955fc2 - 204 null null 0.4794ms
2025-11-11 08:47:43.261 +01:00 [INF] Request starting HTTP/1.1 GET http://localhost:5090/api/employee/user/8defb5b4-0933-4a85-ae20-736f5c955fc2 - application/json null
2025-11-11 08:47:43.261 +01:00 [INF] CORS policy execution successful.
2025-11-11 08:47:43.262 +01:00 [INF] Executing endpoint 'HomeCareApp.Controllers.EmployeeController.GetEmployeeByUserId (api)'
2025-11-11 08:47:43.262 +01:00 [INF] Route matched with {action = "GetEmployeeByUserId", controller = "Employee"}. Executing controller action with signature System.Threading.Tasks.Task`1[Microsoft.AspNetCore.Mvc.ActionResult`1[HomeCareApp.DTOs.EmployeeDto]] GetEmployeeByUserId(System.String) on controller HomeCareApp.Controllers.EmployeeController (api).
2025-11-11 08:47:43.266 +01:00 [INF] Executing OkObjectResult, writing value of type 'HomeCareApp.DTOs.EmployeeDto'.
2025-11-11 08:47:43.267 +01:00 [INF] Executed action HomeCareApp.Controllers.EmployeeController.GetEmployeeByUserId (api) in 4.4564ms
2025-11-11 08:47:43.267 +01:00 [INF] Executed endpoint 'HomeCareApp.Controllers.EmployeeController.GetEmployeeByUserId (api)'
2025-11-11 08:47:43.267 +01:00 [INF] Request finished HTTP/1.1 GET http://localhost:5090/api/employee/user/8defb5b4-0933-4a85-ae20-736f5c955fc2 - 200 666 application/json; charset=utf-8 5.8982ms
2025-11-11 08:47:43.283 +01:00 [INF] Request starting HTTP/1.1 GET http://localhost:5090/api/Appointment - null null
2025-11-11 08:47:43.284 +01:00 [INF] CORS policy execution successful.
2025-11-11 08:47:43.284 +01:00 [INF] Executing endpoint 'HomeCareApp.Controllers.AppointmentController.GetAppointments (api)'
2025-11-11 08:47:43.284 +01:00 [INF] Route matched with {action = "GetAppointments", controller = "Appointment"}. Executing controller action with signature System.Threading.Tasks.Task`1[Microsoft.AspNetCore.Mvc.IActionResult] GetAppointments() on controller HomeCareApp.Controllers.AppointmentController (api).
2025-11-11 08:47:43.288 +01:00 [INF] Executing OkObjectResult, writing value of type 'System.Linq.Enumerable+SelectListIterator`2[[HomeCareApp.Models.Appointment, api, Version=1.0.0.0, Culture=neutral, PublicKeyToken=null],[HomeCareApp.DTOs.AppointmentDto, api, Version=1.0.0.0, Culture=neutral, PublicKeyToken=null]]'.
2025-11-11 08:47:43.289 +01:00 [INF] Executed action HomeCareApp.Controllers.AppointmentController.GetAppointments (api) in 4.3492ms
2025-11-11 08:47:43.289 +01:00 [INF] Executed endpoint 'HomeCareApp.Controllers.AppointmentController.GetAppointments (api)'
2025-11-11 08:47:43.289 +01:00 [INF] Request finished HTTP/1.1 GET http://localhost:5090/api/Appointment - 200 656 application/json; charset=utf-8 5.7744ms
2025-11-11 08:47:43.291 +01:00 [INF] Request starting HTTP/1.1 GET http://localhost:5090/api/Appointment - null null
2025-11-11 08:47:43.291 +01:00 [INF] CORS policy execution successful.
2025-11-11 08:47:43.291 +01:00 [INF] Executing endpoint 'HomeCareApp.Controllers.AppointmentController.GetAppointments (api)'
2025-11-11 08:47:43.291 +01:00 [INF] Route matched with {action = "GetAppointments", controller = "Appointment"}. Executing controller action with signature System.Threading.Tasks.Task`1[Microsoft.AspNetCore.Mvc.IActionResult] GetAppointments() on controller HomeCareApp.Controllers.AppointmentController (api).
2025-11-11 08:47:43.295 +01:00 [INF] Executing OkObjectResult, writing value of type 'System.Linq.Enumerable+SelectListIterator`2[[HomeCareApp.Models.Appointment, api, Version=1.0.0.0, Culture=neutral, PublicKeyToken=null],[HomeCareApp.DTOs.AppointmentDto, api, Version=1.0.0.0, Culture=neutral, PublicKeyToken=null]]'.
2025-11-11 08:47:43.296 +01:00 [INF] Executed action HomeCareApp.Controllers.AppointmentController.GetAppointments (api) in 4.3243ms
2025-11-11 08:47:43.296 +01:00 [INF] Executed endpoint 'HomeCareApp.Controllers.AppointmentController.GetAppointments (api)'
2025-11-11 08:47:43.296 +01:00 [INF] Request finished HTTP/1.1 GET http://localhost:5090/api/Appointment - 200 656 application/json; charset=utf-8 5.4032ms
2025-11-11 08:47:45.325 +01:00 [INF] Request starting HTTP/1.1 OPTIONS http://localhost:5090/api/medication - null null
2025-11-11 08:47:45.325 +01:00 [INF] CORS policy execution successful.
2025-11-11 08:47:45.325 +01:00 [INF] Request finished HTTP/1.1 OPTIONS http://localhost:5090/api/medication - 204 null null 0.6547ms
2025-11-11 08:47:45.326 +01:00 [INF] Request starting HTTP/1.1 OPTIONS http://localhost:5090/api/medication - null null
2025-11-11 08:47:45.326 +01:00 [INF] CORS policy execution successful.
2025-11-11 08:47:45.326 +01:00 [INF] Request finished HTTP/1.1 OPTIONS http://localhost:5090/api/medication - 204 null null 0.1324ms
2025-11-11 08:47:45.327 +01:00 [INF] Request starting HTTP/1.1 GET http://localhost:5090/api/medication - application/json null
2025-11-11 08:47:45.327 +01:00 [INF] CORS policy execution successful.
2025-11-11 08:47:45.328 +01:00 [INF] Authorization failed. These requirements were not met:
RolesAuthorizationRequirement:User.IsInRole must be true for one of the following roles: (Employee)
2025-11-11 08:47:45.328 +01:00 [INF] AuthenticationScheme: Bearer was forbidden.
2025-11-11 08:47:45.328 +01:00 [INF] Request finished HTTP/1.1 GET http://localhost:5090/api/medication - 403 0 null 1.215ms
2025-11-11 08:47:45.329 +01:00 [INF] Request starting HTTP/1.1 GET http://localhost:5090/api/medication - application/json null
2025-11-11 08:47:45.329 +01:00 [INF] CORS policy execution successful.
2025-11-11 08:47:45.330 +01:00 [INF] Authorization failed. These requirements were not met:
RolesAuthorizationRequirement:User.IsInRole must be true for one of the following roles: (Employee)
2025-11-11 08:47:45.330 +01:00 [INF] AuthenticationScheme: Bearer was forbidden.
2025-11-11 08:47:45.330 +01:00 [INF] Request finished HTTP/1.1 GET http://localhost:5090/api/medication - 403 0 null 0.9481ms
2025-11-11 09:08:18.389 +01:00 [INF] Application is shutting down...
