2025-11-04 09:47:52.440 +01:00 [INF] No migrations were applied. The database is already up to date.
2025-11-04 09:47:52.527 +01:00 [INF] No migrations were applied. The database is already up to date.
2025-11-04 09:47:53.271 +01:00 [INF] User profile is available. Using 'C:\Users\vilde\AppData\Local\ASP.NET\DataProtection-Keys' as key repository and Windows DPAPI to encrypt keys at rest.
2025-11-04 09:47:53.467 +01:00 [INF] Now listening on: https://localhost:7174
2025-11-04 09:47:53.470 +01:00 [INF] Now listening on: http://localhost:5090
2025-11-04 09:47:53.476 +01:00 [INF] Application started. Press Ctrl+C to shut down.
2025-11-04 09:47:53.479 +01:00 [INF] Hosting environment: Development
2025-11-04 09:47:53.482 +01:00 [INF] Content root path: C:\Users\vilde\OneDrive\Documents\Homecare React\React-Homecare\api
2025-11-04 09:47:53.693 +01:00 [INF] Request starting HTTP/1.1 GET http://localhost:5090/swagger - null null
2025-11-04 09:47:53.739 +01:00 [INF] Request finished HTTP/1.1 GET http://localhost:5090/swagger - 301 0 null 47.7884ms
2025-11-04 09:47:53.754 +01:00 [INF] Request starting HTTP/1.1 GET http://localhost:5090/swagger/index.html - null null
2025-11-04 09:47:53.822 +01:00 [INF] Request finished HTTP/1.1 GET http://localhost:5090/swagger/index.html - 200 null text/html;charset=utf-8 68.1679ms
2025-11-04 09:47:53.852 +01:00 [INF] Request starting HTTP/1.1 GET http://localhost:5090/swagger/swagger-ui.css - null null
2025-11-04 09:47:53.852 +01:00 [INF] Request starting HTTP/1.1 GET http://localhost:5090/swagger/swagger-ui-bundle.js - null null
2025-11-04 09:47:53.854 +01:00 [INF] Request starting HTTP/1.1 GET http://localhost:5090/swagger/swagger-ui-standalone-preset.js - null null
2025-11-04 09:47:53.912 +01:00 [INF] Sending file. Request path: '/swagger-ui-standalone-preset.js'. Physical path: 'N/A'
2025-11-04 09:47:53.912 +01:00 [INF] Sending file. Request path: '/swagger-ui.css'. Physical path: 'N/A'
2025-11-04 09:47:53.914 +01:00 [INF] Request finished HTTP/1.1 GET http://localhost:5090/swagger/swagger-ui.css - 200 143943 text/css 62.3153ms
2025-11-04 09:47:53.914 +01:00 [INF] Request finished HTTP/1.1 GET http://localhost:5090/swagger/swagger-ui-standalone-preset.js - 200 339486 text/javascript 60.0232ms
2025-11-04 09:47:53.921 +01:00 [INF] Sending file. Request path: '/swagger-ui-bundle.js'. Physical path: 'N/A'
2025-11-04 09:47:53.922 +01:00 [INF] Request finished HTTP/1.1 GET http://localhost:5090/swagger/swagger-ui-bundle.js - 200 1096145 text/javascript 69.1064ms
2025-11-04 09:47:54.112 +01:00 [INF] Request starting HTTP/1.1 GET http://localhost:5090/swagger/v1/swagger.json - null null
2025-11-04 09:47:54.128 +01:00 [INF] Request starting HTTP/1.1 GET http://localhost:5090/swagger/favicon-32x32.png - null null
2025-11-04 09:47:54.128 +01:00 [INF] Sending file. Request path: '/favicon-32x32.png'. Physical path: 'N/A'
2025-11-04 09:47:54.129 +01:00 [INF] Request finished HTTP/1.1 GET http://localhost:5090/swagger/favicon-32x32.png - 200 628 image/png 1.0386ms
2025-11-04 09:47:54.205 +01:00 [INF] Request finished HTTP/1.1 GET http://localhost:5090/swagger/v1/swagger.json - 200 null application/json;charset=utf-8 92.7166ms
2025-11-04 09:48:09.144 +01:00 [INF] Request starting HTTP/1.1 GET http://localhost:5090/api/Appointment - null null
2025-11-04 09:48:09.270 +01:00 [INF] Executing endpoint 'HomeCareApp.Controllers.AppointmentController.GetAppointments (api)'
2025-11-04 09:48:09.288 +01:00 [INF] Route matched with {action = "GetAppointments", controller = "Appointment"}. Executing controller action with signature System.Threading.Tasks.Task`1[Microsoft.AspNetCore.Mvc.IActionResult] GetAppointments() on controller HomeCareApp.Controllers.AppointmentController (api).
2025-11-04 09:48:09.409 +01:00 [INF] Executing OkObjectResult, writing value of type 'System.Linq.Enumerable+SelectListIterator`2[[HomeCareApp.Models.Appointment, api, Version=1.0.0.0, Culture=neutral, PublicKeyToken=null],[HomeCareApp.DTOs.AppointmentDto, api, Version=1.0.0.0, Culture=neutral, PublicKeyToken=null]]'.
2025-11-04 09:48:09.555 +01:00 [INF] Executed action HomeCareApp.Controllers.AppointmentController.GetAppointments (api) in 262.3696ms
2025-11-04 09:48:09.555 +01:00 [INF] Executed endpoint 'HomeCareApp.Controllers.AppointmentController.GetAppointments (api)'
2025-11-04 09:48:09.560 +01:00 [INF] Request finished HTTP/1.1 GET http://localhost:5090/api/Appointment - 200 656 application/json; charset=utf-8 415.8786ms
